#
# A fatal error has been detected by the Java Runtime Environment:
#
#  EXCEPTION_ACCESS_VIOLATION (0xc0000005) at pc=0x00007fff58f7fc3d, pid=19504, tid=4028
#
# JRE version: Java(TM) SE Runtime Environment 18.9 (11.0.12+8) (build 11.0.12+8-LTS-237)
# Java VM: Java HotSpot(TM) 64-Bit Server VM 18.9 (11.0.12+8-LTS-237, mixed mode, tiered, compressed oops, g1 gc, windows-amd64)
# Problematic frame:
# V  [jvm.dll+0x50fc3d]
#
# No core dump will be written. Minidumps are not enabled by default on client versions of Windows
#
# If you would like to submit a bug report, please visit:
#   https://bugreport.java.com/bugreport/crash.jsp
#

---------------  S U M M A R Y ------------

Command Line: -Dclassworlds.conf=C:\Program Files\NetBeans-12.5\netbeans\java\maven\bin\..\bin\m2.conf -Dmaven.home=C:\Program Files\NetBeans-12.5\netbeans\java\maven\bin\.. -Dlibrary.jansi.path=C:\Program Files\NetBeans-12.5\netbeans\java\maven\bin\..\lib\jansi-native -Dmaven.multiModuleProjectDirectory=C:\Users\Admin\Documents\NetBeansProjects\gui4 org.codehaus.plexus.classworlds.launcher.Launcher -Dexec.vmArgs= -Dexec.args=${exec.vmArgs} -classpath %classpath ${exec.mainClass} ${exec.appArgs} -Dexec.appArgs= -Dexec.mainClass=gui4.Ginterface -Dexec.executable=C:\Program Files\Java\jdk-11.0.12\bin\java.exe -DskipTests=true -Dmaven.ext.class.path=C:\Program Files\NetBeans-12.5\netbeans\java\maven-nblib\netbeans-eventspy.jar -Dfile.encoding=UTF-8 -X exec:java

Host: Intel(R) Core(TM) i5-5200U CPU @ 2.20GHz, 4 cores, 15G,  Windows 10 , 64 bit Build 19041 (10.0.19041.1466)
Time: Wed Feb  9 14:06:50 2022 Œrodkowoeuropejski czas stand. elapsed time: 84.867231 seconds (0d 0h 1m 24s)

---------------  T H R E A D  ---------------

Current thread (0x0000021ba8bfb000):  JavaThread "Thread-12" [_thread_in_vm, id=4028, stack(0x00000057cbc00000,0x00000057cbd00000)]

Stack: [0x00000057cbc00000,0x00000057cbd00000],  sp=0x00000057cbcfe870,  free space=1018k
Native frames: (J=compiled Java code, j=interpreted, Vv=VM code, C=native code)
V  [jvm.dll+0x50fc3d]
V  [jvm.dll+0x363de8]
V  [jvm.dll+0x3634e4]
C  0x0000021b8992d0d8

Java frames: (J=compiled Java code, j=interpreted, Vv=VM code)
j  org.slf4j.impl.MavenSimpleLogger.writeThrowable(Ljava/lang/Throwable;Ljava/io/PrintStream;)V+160
J 3741 c1 org.slf4j.impl.SimpleLogger.log(ILjava/lang/String;Ljava/lang/Throwable;)V (261 bytes) @ 0x0000021b8a7072cc [0x0000021b8a705d80+0x000000000000154c]
j  org.slf4j.impl.SimpleLogger.warn(Ljava/lang/String;Ljava/lang/Throwable;)V+5
j  org.apache.maven.cli.logging.Slf4jLogger.warn(Ljava/lang/String;Ljava/lang/Throwable;)V+6
j  org.apache.maven.monitor.logging.DefaultLog.warn(Ljava/lang/Throwable;)V+7
j  org.codehaus.mojo.exec.ExecJavaMojo$IsolatedThreadGroup.uncaughtException(Ljava/lang/Thread;Ljava/lang/Throwable;)V+44
j  java.lang.Thread.dispatchUncaughtException(Ljava/lang/Throwable;)V+6 java.base@11.0.12
v  ~StubRoutines::call_stub

siginfo: EXCEPTION_ACCESS_VIOLATION (0xc0000005), reading address 0x0000000700000008


Register to memory mapping:

RIP=0x00007fff58f7fc3d jvm.dll
RAX=0x00000057cbcfe8d0 is pointing into the stack for thread: 0x0000021ba8bfb000
RBX=0x0000021ba6b00d10 points into unknown readable memory: 0x0000000700000000 | 00 00 00 00 07 00 00 00
RCX=0x00000057cbcfe840 is pointing into the stack for thread: 0x0000021ba8bfb000
RDX=0x00000057cbcfe840 is pointing into the stack for thread: 0x0000021ba8bfb000
RSP=0x00000057cbcfe870 is pointing into the stack for thread: 0x0000021ba8bfb000
RBP=0x00000057cbcfe8c9 is pointing into the stack for thread: 0x0000021ba8bfb000
RSI=0x00000057cbcfe9b0 is pointing into the stack for thread: 0x0000021ba8bfb000
RDI=0x0000000700000000 is an unknown value
R8 =0x0000000000000024 is an unknown value
R9 =0x0000021ba54667a8 is pointing into metadata
R10=0x0000021ba5465a80 is pointing into metadata
R11=0x0 is NULL
R12=0x0000021ba6bad600 points into unknown readable memory: 0x00007fff00000101 | 01 01 00 00 ff 7f 00 00
R13=0x00000000000000b6 is an unknown value
R14=0x0000021ba8bfb000 is a thread
R15=0x0 is NULL


Registers:
RAX=0x00000057cbcfe8d0, RBX=0x0000021ba6b00d10, RCX=0x00000057cbcfe840, RDX=0x00000057cbcfe840
RSP=0x00000057cbcfe870, RBP=0x00000057cbcfe8c9, RSI=0x00000057cbcfe9b0, RDI=0x0000000700000000
R8 =0x0000000000000024, R9 =0x0000021ba54667a8, R10=0x0000021ba5465a80, R11=0x0000000000000000
R12=0x0000021ba6bad600, R13=0x00000000000000b6, R14=0x0000021ba8bfb000, R15=0x0000000000000000
RIP=0x00007fff58f7fc3d, EFLAGS=0x0000000000010202

Top of Stack: (sp=0x00000057cbcfe870)
0x00000057cbcfe870:   00000057cbcfe80a 0000021ba6b00d10
0x00000057cbcfe880:   00000057cbcfe8c9 00007fff5910801a
0x00000057cbcfe890:   00000057cbcfe8e0 00007fff590404bc
0x00000057cbcfe8a0:   0000021ba8bfb000 0000021ba5466a88
0x00000057cbcfe8b0:   00000057cbcfe970 00007fff58d36721
0x00000057cbcfe8c0:   00000057cbcfea00 0000021ba598e470
0x00000057cbcfe8d0:   0000021ba4cdc570 0000021ba5d06270
0x00000057cbcfe8e0:   000000080009d0c0 000000080009d0c0
0x00000057cbcfe8f0:   0000000000000000 0000000000000000
0x00000057cbcfe900:   00000001cbcf0a01 0000021b916443bc
0x00000057cbcfe910:   00000057cbcfea20 00007fff58dd3de8
0x00000057cbcfe920:   0000021ba6b00d10 0000021ba6bad6f0
0x00000057cbcfe930:   0000021ba5466488 0000021ba8bfb000
0x00000057cbcfe940:   0000021b000000b6 0000021ba8bfb000
0x00000057cbcfe950:   0000021ba5466550 0000021ba8bfb000
0x00000057cbcfe960:   0000021ba6badac8 0000021ba8bfb000 

Instructions: (pc=0x00007fff58f7fc3d)
0x00007fff58f7fc1d:   49 83 7e 08 00 0f 85 d9 01 00 00 48 85 db 75 04
0x00007fff58f7fc2d:   33 ff eb 25 80 3d 59 e2 51 00 00 48 8b 3b 74 15
0x00007fff58f7fc3d:   8b 7f 08 8b 0d 92 54 4d 00 48 d3 e7 48 03 3d 80
0x00007fff58f7fc4d:   54 4d 00 eb 04 48 8b 7f 08 4d 8b c6 48 8d 55 07 


Stack slot to memory mapping:
stack at sp + 0 slots: 0x00000057cbcfe80a is pointing into the stack for thread: 0x0000021ba8bfb000
stack at sp + 1 slots: 0x0000021ba6b00d10 points into unknown readable memory: 0x0000000700000000 | 00 00 00 00 07 00 00 00
stack at sp + 2 slots: 0x00000057cbcfe8c9 is pointing into the stack for thread: 0x0000021ba8bfb000
stack at sp + 3 slots: 0x00007fff5910801a jvm.dll
stack at sp + 4 slots: 0x00000057cbcfe8e0 is pointing into the stack for thread: 0x0000021ba8bfb000
stack at sp + 5 slots: 0x00007fff590404bc jvm.dll
stack at sp + 6 slots: 0x0000021ba8bfb000 is a thread
stack at sp + 7 slots: 0x0000021ba5466a88 is pointing into metadata


---------------  P R O C E S S  ---------------

Threads class SMR info:
_java_thread_list=0x0000021ba81e83c0, length=25, elements={
0x0000021b8142f800, 0x0000021ba5616800, 0x0000021ba5620000, 0x0000021ba5671000,
0x0000021ba5675000, 0x0000021ba5677800, 0x0000021ba5680800, 0x0000021ba5683800,
0x0000021ba5687800, 0x0000021ba580a000, 0x0000021ba6b16000, 0x0000021ba71b7000,
0x0000021ba8463800, 0x0000021ba83d6000, 0x0000021ba835e000, 0x0000021ba882e800,
0x0000021ba8a9d800, 0x0000021ba8417800, 0x0000021ba8c98800, 0x0000021ba8bfc800,
0x0000021ba8bfa000, 0x0000021ba8bf9800, 0x0000021ba8bf7800, 0x0000021ba8bfb000,
0x0000021ba8bfb800
}

Java Threads: ( => current thread )
  0x0000021b8142f800 JavaThread "main" [_thread_blocked, id=3020, stack(0x00000057c9800000,0x00000057c9900000)]
  0x0000021ba5616800 JavaThread "Reference Handler" daemon [_thread_blocked, id=16268, stack(0x00000057c9f00000,0x00000057ca000000)]
  0x0000021ba5620000 JavaThread "Finalizer" daemon [_thread_blocked, id=19972, stack(0x00000057ca000000,0x00000057ca100000)]
  0x0000021ba5671000 JavaThread "Signal Dispatcher" daemon [_thread_blocked, id=204, stack(0x00000057ca100000,0x00000057ca200000)]
  0x0000021ba5675000 JavaThread "Attach Listener" daemon [_thread_blocked, id=13676, stack(0x00000057ca200000,0x00000057ca300000)]
  0x0000021ba5677800 JavaThread "Service Thread" daemon [_thread_blocked, id=12112, stack(0x00000057ca300000,0x00000057ca400000)]
  0x0000021ba5680800 JavaThread "C2 CompilerThread0" daemon [_thread_blocked, id=3844, stack(0x00000057ca400000,0x00000057ca500000)]
  0x0000021ba5683800 JavaThread "C1 CompilerThread0" daemon [_thread_blocked, id=18748, stack(0x00000057ca500000,0x00000057ca600000)]
  0x0000021ba5687800 JavaThread "Sweeper thread" daemon [_thread_blocked, id=10136, stack(0x00000057ca600000,0x00000057ca700000)]
  0x0000021ba580a000 JavaThread "Common-Cleaner" daemon [_thread_blocked, id=5164, stack(0x00000057ca800000,0x00000057ca900000)]
  0x0000021ba6b16000 JavaThread "gui4.Ginterface.main()" [_thread_blocked, id=18012, stack(0x00000057cac00000,0x00000057cad00000)]
  0x0000021ba71b7000 JavaThread "JavaFX-Launcher" [_thread_blocked, id=13584, stack(0x00000057cad00000,0x00000057cae00000)]
  0x0000021ba8463800 JavaThread "QuantumRenderer-0" daemon [_thread_blocked, id=18236, stack(0x00000057caf00000,0x00000057cb000000)]
  0x0000021ba83d6000 JavaThread "InvokeLaterDispatcher" daemon [_thread_blocked, id=7808, stack(0x00000057cb000000,0x00000057cb100000)]
  0x0000021ba835e000 JavaThread "JavaFX Application Thread" [_thread_in_native, id=6868, stack(0x00000057cb100000,0x00000057cb200000)]
  0x0000021ba882e800 JavaThread "Thread-3" daemon [_thread_blocked, id=18264, stack(0x00000057cb500000,0x00000057cb600000)]
  0x0000021ba8a9d800 JavaThread "Java2D Disposer" daemon [_thread_blocked, id=17536, stack(0x00000057cb600000,0x00000057cb700000)]
  0x0000021ba8417800 JavaThread "AWT-Windows" daemon [_thread_in_native, id=20412, stack(0x00000057cb800000,0x00000057cb900000)]
  0x0000021ba8c98800 JavaThread "Prism Font Disposer" daemon [_thread_blocked, id=7132, stack(0x00000057cb900000,0x00000057cba00000)]
  0x0000021ba8bfc800 JavaThread "Cleaner-0" daemon [_thread_blocked, id=16272, stack(0x00000057cc000000,0x00000057cc100000)]
  0x0000021ba8bfa000 JavaThread "AWT-Shutdown" [_thread_blocked, id=17712, stack(0x00000057cba00000,0x00000057cbb00000)]
  0x0000021ba8bf9800 JavaThread "AWT-EventQueue-0" [_thread_blocked, id=11416, stack(0x00000057cbb00000,0x00000057cbc00000)]
  0x0000021ba8bf7800 JavaThread "TimerQueue" daemon [_thread_blocked, id=13320, stack(0x00000057cae00000,0x00000057caf00000)]
=>0x0000021ba8bfb000 JavaThread "Thread-12" [_thread_in_vm, id=4028, stack(0x00000057cbc00000,0x00000057cbd00000)]
  0x0000021ba8bfb800 JavaThread "Thread-13" [_thread_blocked, id=15120, stack(0x00000057cbd00000,0x00000057cbe00000)]

Other Threads:
  0x0000021ba55f2000 VMThread "VM Thread" [stack: 0x00000057c9e00000,0x00000057c9f00000] [id=13128]
  0x0000021ba5804800 WatcherThread [stack: 0x00000057ca700000,0x00000057ca800000] [id=7440]
  0x0000021b81447000 GCTaskThread "GC Thread#0" [stack: 0x00000057c9900000,0x00000057c9a00000] [id=12700]
  0x0000021ba664b800 GCTaskThread "GC Thread#1" [stack: 0x00000057ca900000,0x00000057caa00000] [id=17796]
  0x0000021ba6273000 GCTaskThread "GC Thread#2" [stack: 0x00000057caa00000,0x00000057cab00000] [id=2228]
  0x0000021ba6273800 GCTaskThread "GC Thread#3" [stack: 0x00000057cab00000,0x00000057cac00000] [id=3576]
  0x0000021b8149e000 ConcurrentGCThread "G1 Main Marker" [stack: 0x00000057c9a00000,0x00000057c9b00000] [id=1060]
  0x0000021b814a0000 ConcurrentGCThread "G1 Conc#0" [stack: 0x00000057c9b00000,0x00000057c9c00000] [id=16256]
  0x0000021b8150d800 ConcurrentGCThread "G1 Refine#0" [stack: 0x00000057c9c00000,0x00000057c9d00000] [id=10312]
  0x0000021ba4c4c000 ConcurrentGCThread "G1 Young RemSet Sampling" [stack: 0x00000057c9d00000,0x00000057c9e00000] [id=4972]

Threads with active compile tasks:

VM state:synchronizing (normal execution)

VM Mutex/Monitor currently owned by a thread:  ([mutex/lock_event])
[0x0000021b8142ca50] Threads_lock - owner thread: 0x0000021ba55f2000

Heap address: 0x0000000701400000, size: 4076 MB, Compressed Oops mode: Zero based, Oop shift amount: 3
Narrow klass base: 0x0000000800000000, Narrow klass shift: 0
Compressed class space size: 1073741824 Address: 0x0000000800000000

Heap:
 garbage-first heap   total 315392K, used 101281K [0x0000000701400000, 0x0000000800000000)
  region size 1024K, 54 young (55296K), 8 survivors (8192K)
 Metaspace       used 52981K, capacity 54612K, committed 54956K, reserved 1097728K
  class space    used 6360K, capacity 7045K, committed 7168K, reserved 1048576K
Heap Regions: E=young(eden), S=young(survivor), O=old, HS=humongous(starts), HC=humongous(continues), CS=collection set, F=free, A=archive, TAMS=top-at-mark-start (previous, next)
|   0|0x0000000701400000, 0x0000000701500000, 0x0000000701500000|100%| O|  |TAMS 0x0000000701500000, 0x0000000701400000| Untracked 
|   1|0x0000000701500000, 0x0000000701600000, 0x0000000701600000|100%| O|  |TAMS 0x0000000701600000, 0x0000000701500000| Untracked 
|   2|0x0000000701600000, 0x0000000701700000, 0x0000000701700000|100%| O|  |TAMS 0x00000007016fc200, 0x0000000701600000| Untracked 
|   3|0x0000000701700000, 0x0000000701800000, 0x0000000701800000|100%| O|  |TAMS 0x0000000701700000, 0x0000000701700000| Untracked 
|   4|0x0000000701800000, 0x0000000701900000, 0x0000000701900000|100%| O|  |TAMS 0x0000000701800000, 0x0000000701800000| Untracked 
|   5|0x0000000701900000, 0x0000000701a00000, 0x0000000701a00000|100%|HS|  |TAMS 0x0000000701900000, 0x0000000701900000| Complete 
|   6|0x0000000701a00000, 0x0000000701b00000, 0x0000000701b00000|100%|HC|  |TAMS 0x0000000701a00000, 0x0000000701a00000| Complete 
|   7|0x0000000701b00000, 0x0000000701c00000, 0x0000000701c00000|100%|HS|  |TAMS 0x0000000701b00000, 0x0000000701b00000| Complete 
|   8|0x0000000701c00000, 0x0000000701d00000, 0x0000000701d00000|100%|HC|  |TAMS 0x0000000701c00000, 0x0000000701c00000| Complete 
|   9|0x0000000701d00000, 0x0000000701e00000, 0x0000000701e00000|100%|HS|  |TAMS 0x0000000701d00000, 0x0000000701d00000| Complete 
|  10|0x0000000701e00000, 0x0000000701f00000, 0x0000000701f00000|100%|HC|  |TAMS 0x0000000701e00000, 0x0000000701e00000| Complete 
|  11|0x0000000701f00000, 0x0000000702000000, 0x0000000702000000|100%|HS|  |TAMS 0x0000000701f00000, 0x0000000701f00000| Complete 
|  12|0x0000000702000000, 0x0000000702100000, 0x0000000702100000|100%|HC|  |TAMS 0x0000000702000000, 0x0000000702000000| Complete 
|  13|0x0000000702100000, 0x0000000702200000, 0x0000000702200000|100%|HS|  |TAMS 0x0000000702100000, 0x0000000702100000| Complete 
|  14|0x0000000702200000, 0x0000000702300000, 0x0000000702300000|100%|HC|  |TAMS 0x0000000702200000, 0x0000000702200000| Complete 
|  15|0x0000000702300000, 0x0000000702400000, 0x0000000702400000|100%|HS|  |TAMS 0x0000000702300000, 0x0000000702300000| Complete 
|  16|0x0000000702400000, 0x0000000702500000, 0x0000000702500000|100%|HC|  |TAMS 0x0000000702400000, 0x0000000702400000| Complete 
|  17|0x0000000702500000, 0x0000000702600000, 0x0000000702600000|100%|HS|  |TAMS 0x0000000702500000, 0x0000000702500000| Complete 
|  18|0x0000000702600000, 0x0000000702700000, 0x0000000702700000|100%|HC|  |TAMS 0x0000000702600000, 0x0000000702600000| Complete 
|  19|0x0000000702700000, 0x0000000702800000, 0x0000000702800000|100%|HS|  |TAMS 0x0000000702700000, 0x0000000702700000| Complete 
|  20|0x0000000702800000, 0x0000000702900000, 0x0000000702900000|100%|HC|  |TAMS 0x0000000702800000, 0x0000000702800000| Complete 
|  21|0x0000000702900000, 0x0000000702a00000, 0x0000000702a00000|100%|HS|  |TAMS 0x0000000702900000, 0x0000000702900000| Complete 
|  22|0x0000000702a00000, 0x0000000702b00000, 0x0000000702b00000|100%|HC|  |TAMS 0x0000000702a00000, 0x0000000702a00000| Complete 
|  23|0x0000000702b00000, 0x0000000702c00000, 0x0000000702c00000|100%|HS|  |TAMS 0x0000000702b00000, 0x0000000702b00000| Complete 
|  24|0x0000000702c00000, 0x0000000702d00000, 0x0000000702d00000|100%|HC|  |TAMS 0x0000000702c00000, 0x0000000702c00000| Complete 
|  25|0x0000000702d00000, 0x0000000702e00000, 0x0000000702e00000|100%|HS|  |TAMS 0x0000000702d00000, 0x0000000702d00000| Complete 
|  26|0x0000000702e00000, 0x0000000702f00000, 0x0000000702f00000|100%|HC|  |TAMS 0x0000000702e00000, 0x0000000702e00000| Complete 
|  27|0x0000000702f00000, 0x0000000703000000, 0x0000000703000000|100%|HS|  |TAMS 0x0000000702f00000, 0x0000000702f00000| Complete 
|  28|0x0000000703000000, 0x0000000703100000, 0x0000000703100000|100%|HC|  |TAMS 0x0000000703000000, 0x0000000703000000| Complete 
|  29|0x0000000703100000, 0x0000000703200000, 0x0000000703200000|100%| O|  |TAMS 0x0000000703100000, 0x0000000703100000| Untracked 
|  30|0x0000000703200000, 0x0000000703300000, 0x0000000703300000|100%| O|  |TAMS 0x0000000703200000, 0x0000000703200000| Untracked 
|  31|0x0000000703300000, 0x0000000703400000, 0x0000000703400000|100%| O|  |TAMS 0x0000000703300000, 0x0000000703300000| Untracked 
|  32|0x0000000703400000, 0x0000000703500000, 0x0000000703500000|100%| O|  |TAMS 0x0000000703400000, 0x0000000703400000| Untracked 
|  33|0x0000000703500000, 0x0000000703600000, 0x0000000703600000|100%|HS|  |TAMS 0x0000000703500000, 0x0000000703500000| Complete 
|  34|0x0000000703600000, 0x0000000703700000, 0x0000000703700000|100%|HC|  |TAMS 0x0000000703600000, 0x0000000703600000| Complete 
|  35|0x0000000703700000, 0x0000000703800000, 0x0000000703800000|100%|HS|  |TAMS 0x0000000703700000, 0x0000000703700000| Complete 
|  36|0x0000000703800000, 0x0000000703900000, 0x0000000703900000|100%|HC|  |TAMS 0x0000000703800000, 0x0000000703800000| Complete 
|  37|0x0000000703900000, 0x0000000703a00000, 0x0000000703a00000|100%| O|  |TAMS 0x0000000703900000, 0x0000000703900000| Untracked 
|  38|0x0000000703a00000, 0x0000000703b00000, 0x0000000703b00000|100%| O|  |TAMS 0x0000000703a00000, 0x0000000703a00000| Untracked 
|  39|0x0000000703b00000, 0x0000000703c00000, 0x0000000703c00000|100%| O|  |TAMS 0x0000000703b00000, 0x0000000703b00000| Untracked 
|  40|0x0000000703c00000, 0x0000000703d00000, 0x0000000703d00000|100%| O|  |TAMS 0x0000000703c00000, 0x0000000703c00000| Untracked 
|  41|0x0000000703d00000, 0x0000000703e00000, 0x0000000703e00000|100%| O|  |TAMS 0x0000000703d00000, 0x0000000703d00000| Untracked 
|  42|0x0000000703e00000, 0x0000000703f00000, 0x0000000703f00000|100%| O|  |TAMS 0x0000000703e00000, 0x0000000703e00000| Untracked 
|  43|0x0000000703f00000, 0x0000000704000000, 0x0000000704000000|100%| O|  |TAMS 0x0000000703f00000, 0x0000000703f00000| Untracked 
|  44|0x0000000704000000, 0x0000000704100000, 0x0000000704100000|100%| O|  |TAMS 0x0000000704000000, 0x0000000704000000| Untracked 
|  45|0x0000000704100000, 0x00000007041e8600, 0x0000000704200000| 90%| O|  |TAMS 0x0000000704100000, 0x0000000704100000| Untracked 
|  46|0x0000000704200000, 0x0000000704200000, 0x0000000704300000|  0%| F|  |TAMS 0x0000000704200000, 0x0000000704200000| Untracked 
|  47|0x0000000704300000, 0x0000000704300000, 0x0000000704400000|  0%| F|  |TAMS 0x0000000704300000, 0x0000000704300000| Untracked 
|  48|0x0000000704400000, 0x0000000704400000, 0x0000000704500000|  0%| F|  |TAMS 0x0000000704400000, 0x0000000704400000| Untracked 
|  49|0x0000000704500000, 0x0000000704500000, 0x0000000704600000|  0%| F|  |TAMS 0x0000000704500000, 0x0000000704500000| Untracked 
|  50|0x0000000704600000, 0x0000000704600000, 0x0000000704700000|  0%| F|  |TAMS 0x0000000704600000, 0x0000000704600000| Untracked 
|  51|0x0000000704700000, 0x0000000704700000, 0x0000000704800000|  0%| F|  |TAMS 0x0000000704700000, 0x0000000704700000| Untracked 
|  52|0x0000000704800000, 0x0000000704800000, 0x0000000704900000|  0%| F|  |TAMS 0x0000000704800000, 0x0000000704800000| Untracked 
|  53|0x0000000704900000, 0x0000000704900000, 0x0000000704a00000|  0%| F|  |TAMS 0x0000000704900000, 0x0000000704900000| Untracked 
|  54|0x0000000704a00000, 0x0000000704a00000, 0x0000000704b00000|  0%| F|  |TAMS 0x0000000704a00000, 0x0000000704a00000| Untracked 
|  55|0x0000000704b00000, 0x0000000704b00000, 0x0000000704c00000|  0%| F|  |TAMS 0x0000000704b00000, 0x0000000704b00000| Untracked 
|  56|0x0000000704c00000, 0x0000000704c00000, 0x0000000704d00000|  0%| F|  |TAMS 0x0000000704c00000, 0x0000000704c00000| Untracked 
|  57|0x0000000704d00000, 0x0000000704d00000, 0x0000000704e00000|  0%| F|  |TAMS 0x0000000704d00000, 0x0000000704d00000| Untracked 
|  58|0x0000000704e00000, 0x0000000704e00000, 0x0000000704f00000|  0%| F|  |TAMS 0x0000000704e00000, 0x0000000704e00000| Untracked 
|  59|0x0000000704f00000, 0x0000000704f00000, 0x0000000705000000|  0%| F|  |TAMS 0x0000000704f00000, 0x0000000704f00000| Untracked 
|  60|0x0000000705000000, 0x0000000705000000, 0x0000000705100000|  0%| F|  |TAMS 0x0000000705000000, 0x0000000705000000| Untracked 
|  61|0x0000000705100000, 0x0000000705100000, 0x0000000705200000|  0%| F|  |TAMS 0x0000000705100000, 0x0000000705100000| Untracked 
|  62|0x0000000705200000, 0x0000000705200000, 0x0000000705300000|  0%| F|  |TAMS 0x0000000705200000, 0x0000000705200000| Untracked 
|  63|0x0000000705300000, 0x0000000705300000, 0x0000000705400000|  0%| F|  |TAMS 0x0000000705300000, 0x0000000705300000| Untracked 
|  64|0x0000000705400000, 0x0000000705400000, 0x0000000705500000|  0%| F|  |TAMS 0x0000000705400000, 0x0000000705400000| Untracked 
|  65|0x0000000705500000, 0x0000000705500000, 0x0000000705600000|  0%| F|  |TAMS 0x0000000705500000, 0x0000000705500000| Untracked 
|  66|0x0000000705600000, 0x0000000705600000, 0x0000000705700000|  0%| F|  |TAMS 0x0000000705600000, 0x0000000705600000| Untracked 
|  67|0x0000000705700000, 0x0000000705700000, 0x0000000705800000|  0%| F|  |TAMS 0x0000000705700000, 0x0000000705700000| Untracked 
|  68|0x0000000705800000, 0x0000000705800000, 0x0000000705900000|  0%| F|  |TAMS 0x0000000705800000, 0x0000000705800000| Untracked 
|  69|0x0000000705900000, 0x0000000705900000, 0x0000000705a00000|  0%| F|  |TAMS 0x0000000705900000, 0x0000000705900000| Untracked 
|  70|0x0000000705a00000, 0x0000000705a00000, 0x0000000705b00000|  0%| F|  |TAMS 0x0000000705a00000, 0x0000000705a00000| Untracked 
|  71|0x0000000705b00000, 0x0000000705b00000, 0x0000000705c00000|  0%| F|  |TAMS 0x0000000705b00000, 0x0000000705b00000| Untracked 
|  72|0x0000000705c00000, 0x0000000705c00000, 0x0000000705d00000|  0%| F|  |TAMS 0x0000000705c00000, 0x0000000705c00000| Untracked 
|  73|0x0000000705d00000, 0x0000000705d00000, 0x0000000705e00000|  0%| F|  |TAMS 0x0000000705d00000, 0x0000000705d00000| Untracked 
|  74|0x0000000705e00000, 0x0000000705e00000, 0x0000000705f00000|  0%| F|  |TAMS 0x0000000705e00000, 0x0000000705e00000| Untracked 
|  75|0x0000000705f00000, 0x0000000705f00000, 0x0000000706000000|  0%| F|  |TAMS 0x0000000705f00000, 0x0000000705f00000| Untracked 
|  76|0x0000000706000000, 0x0000000706000000, 0x0000000706100000|  0%| F|  |TAMS 0x0000000706000000, 0x0000000706000000| Untracked 
|  77|0x0000000706100000, 0x0000000706100000, 0x0000000706200000|  0%| F|  |TAMS 0x0000000706100000, 0x0000000706100000| Untracked 
|  78|0x0000000706200000, 0x0000000706200000, 0x0000000706300000|  0%| F|  |TAMS 0x0000000706200000, 0x0000000706200000| Untracked 
|  79|0x0000000706300000, 0x0000000706300000, 0x0000000706400000|  0%| F|  |TAMS 0x0000000706300000, 0x0000000706300000| Untracked 
|  80|0x0000000706400000, 0x0000000706400000, 0x0000000706500000|  0%| F|  |TAMS 0x0000000706400000, 0x0000000706400000| Untracked 
|  81|0x0000000706500000, 0x0000000706500000, 0x0000000706600000|  0%| F|  |TAMS 0x0000000706500000, 0x0000000706500000| Untracked 
|  82|0x0000000706600000, 0x0000000706600000, 0x0000000706700000|  0%| F|  |TAMS 0x0000000706600000, 0x0000000706600000| Untracked 
|  83|0x0000000706700000, 0x0000000706700000, 0x0000000706800000|  0%| F|  |TAMS 0x0000000706700000, 0x0000000706700000| Untracked 
|  84|0x0000000706800000, 0x0000000706800000, 0x0000000706900000|  0%| F|  |TAMS 0x0000000706800000, 0x0000000706800000| Untracked 
|  85|0x0000000706900000, 0x0000000706900000, 0x0000000706a00000|  0%| F|  |TAMS 0x0000000706900000, 0x0000000706900000| Untracked 
|  86|0x0000000706a00000, 0x0000000706a00000, 0x0000000706b00000|  0%| F|  |TAMS 0x0000000706a00000, 0x0000000706a00000| Untracked 
|  87|0x0000000706b00000, 0x0000000706b00000, 0x0000000706c00000|  0%| F|  |TAMS 0x0000000706b00000, 0x0000000706b00000| Untracked 
|  88|0x0000000706c00000, 0x0000000706c00000, 0x0000000706d00000|  0%| F|  |TAMS 0x0000000706c00000, 0x0000000706c00000| Untracked 
|  89|0x0000000706d00000, 0x0000000706d00000, 0x0000000706e00000|  0%| F|  |TAMS 0x0000000706d00000, 0x0000000706d00000| Untracked 
|  90|0x0000000706e00000, 0x0000000706e00000, 0x0000000706f00000|  0%| F|  |TAMS 0x0000000706e00000, 0x0000000706e00000| Untracked 
|  91|0x0000000706f00000, 0x0000000706f00000, 0x0000000707000000|  0%| F|  |TAMS 0x0000000706f00000, 0x0000000706f00000| Untracked 
|  92|0x0000000707000000, 0x0000000707000000, 0x0000000707100000|  0%| F|  |TAMS 0x0000000707000000, 0x0000000707000000| Untracked 
|  93|0x0000000707100000, 0x0000000707100000, 0x0000000707200000|  0%| F|  |TAMS 0x0000000707100000, 0x0000000707100000| Untracked 
|  94|0x0000000707200000, 0x0000000707200000, 0x0000000707300000|  0%| F|  |TAMS 0x0000000707200000, 0x0000000707200000| Untracked 
|  95|0x0000000707300000, 0x0000000707300000, 0x0000000707400000|  0%| F|  |TAMS 0x0000000707300000, 0x0000000707300000| Untracked 
|  96|0x0000000707400000, 0x0000000707400000, 0x0000000707500000|  0%| F|  |TAMS 0x0000000707400000, 0x0000000707400000| Untracked 
|  97|0x0000000707500000, 0x0000000707500000, 0x0000000707600000|  0%| F|  |TAMS 0x0000000707500000, 0x0000000707500000| Untracked 
|  98|0x0000000707600000, 0x0000000707600000, 0x0000000707700000|  0%| F|  |TAMS 0x0000000707600000, 0x0000000707600000| Untracked 
|  99|0x0000000707700000, 0x0000000707700000, 0x0000000707800000|  0%| F|  |TAMS 0x0000000707700000, 0x0000000707700000| Untracked 
| 100|0x0000000707800000, 0x0000000707800000, 0x0000000707900000|  0%| F|  |TAMS 0x0000000707800000, 0x0000000707800000| Untracked 
| 101|0x0000000707900000, 0x0000000707900000, 0x0000000707a00000|  0%| F|  |TAMS 0x0000000707900000, 0x0000000707900000| Untracked 
| 102|0x0000000707a00000, 0x0000000707a00000, 0x0000000707b00000|  0%| F|  |TAMS 0x0000000707a00000, 0x0000000707a00000| Untracked 
| 103|0x0000000707b00000, 0x0000000707b00000, 0x0000000707c00000|  0%| F|  |TAMS 0x0000000707b00000, 0x0000000707b00000| Untracked 
| 104|0x0000000707c00000, 0x0000000707c00000, 0x0000000707d00000|  0%| F|  |TAMS 0x0000000707c00000, 0x0000000707c00000| Untracked 
| 105|0x0000000707d00000, 0x0000000707d00000, 0x0000000707e00000|  0%| F|  |TAMS 0x0000000707d00000, 0x0000000707d00000| Untracked 
| 106|0x0000000707e00000, 0x0000000707e00000, 0x0000000707f00000|  0%| F|  |TAMS 0x0000000707e00000, 0x0000000707e00000| Untracked 
| 107|0x0000000707f00000, 0x0000000707f00000, 0x0000000708000000|  0%| F|  |TAMS 0x0000000707f00000, 0x0000000707f00000| Untracked 
| 108|0x0000000708000000, 0x0000000708000000, 0x0000000708100000|  0%| F|  |TAMS 0x0000000708000000, 0x0000000708000000| Untracked 
| 109|0x0000000708100000, 0x0000000708100000, 0x0000000708200000|  0%| F|  |TAMS 0x0000000708100000, 0x0000000708100000| Untracked 
| 110|0x0000000708200000, 0x0000000708200000, 0x0000000708300000|  0%| F|  |TAMS 0x0000000708200000, 0x0000000708200000| Untracked 
| 111|0x0000000708300000, 0x0000000708300000, 0x0000000708400000|  0%| F|  |TAMS 0x0000000708300000, 0x0000000708300000| Untracked 
| 112|0x0000000708400000, 0x0000000708400000, 0x0000000708500000|  0%| F|  |TAMS 0x0000000708400000, 0x0000000708400000| Untracked 
| 113|0x0000000708500000, 0x0000000708500000, 0x0000000708600000|  0%| F|  |TAMS 0x0000000708500000, 0x0000000708500000| Untracked 
| 114|0x0000000708600000, 0x0000000708600000, 0x0000000708700000|  0%| F|  |TAMS 0x0000000708600000, 0x0000000708600000| Untracked 
| 115|0x0000000708700000, 0x0000000708700000, 0x0000000708800000|  0%| F|  |TAMS 0x0000000708700000, 0x0000000708700000| Untracked 
| 116|0x0000000708800000, 0x0000000708800000, 0x0000000708900000|  0%| F|  |TAMS 0x0000000708800000, 0x0000000708800000| Untracked 
| 117|0x0000000708900000, 0x0000000708900000, 0x0000000708a00000|  0%| F|  |TAMS 0x0000000708900000, 0x0000000708900000| Untracked 
| 118|0x0000000708a00000, 0x0000000708a00000, 0x0000000708b00000|  0%| F|  |TAMS 0x0000000708a00000, 0x0000000708a00000| Untracked 
| 119|0x0000000708b00000, 0x0000000708b00000, 0x0000000708c00000|  0%| F|  |TAMS 0x0000000708b00000, 0x0000000708b00000| Untracked 
| 120|0x0000000708c00000, 0x0000000708c00000, 0x0000000708d00000|  0%| F|  |TAMS 0x0000000708c00000, 0x0000000708c00000| Untracked 
| 121|0x0000000708d00000, 0x0000000708d00000, 0x0000000708e00000|  0%| F|  |TAMS 0x0000000708d00000, 0x0000000708d00000| Untracked 
| 122|0x0000000708e00000, 0x0000000708e00000, 0x0000000708f00000|  0%| F|  |TAMS 0x0000000708e00000, 0x0000000708e00000| Untracked 
| 123|0x0000000708f00000, 0x0000000708f00000, 0x0000000709000000|  0%| F|  |TAMS 0x0000000708f00000, 0x0000000708f00000| Untracked 
| 124|0x0000000709000000, 0x0000000709000000, 0x0000000709100000|  0%| F|  |TAMS 0x0000000709000000, 0x0000000709000000| Untracked 
| 125|0x0000000709100000, 0x0000000709100000, 0x0000000709200000|  0%| F|  |TAMS 0x0000000709100000, 0x0000000709100000| Untracked 
| 126|0x0000000709200000, 0x0000000709200000, 0x0000000709300000|  0%| F|  |TAMS 0x0000000709200000, 0x0000000709200000| Untracked 
| 127|0x0000000709300000, 0x0000000709300000, 0x0000000709400000|  0%| F|  |TAMS 0x0000000709300000, 0x0000000709300000| Untracked 
| 128|0x0000000709400000, 0x0000000709400000, 0x0000000709500000|  0%| F|  |TAMS 0x0000000709400000, 0x0000000709400000| Untracked 
| 129|0x0000000709500000, 0x0000000709500000, 0x0000000709600000|  0%| F|  |TAMS 0x0000000709500000, 0x0000000709500000| Untracked 
| 130|0x0000000709600000, 0x0000000709600000, 0x0000000709700000|  0%| F|  |TAMS 0x0000000709600000, 0x0000000709600000| Untracked 
| 131|0x0000000709700000, 0x0000000709700000, 0x0000000709800000|  0%| F|  |TAMS 0x0000000709700000, 0x0000000709700000| Untracked 
| 132|0x0000000709800000, 0x0000000709800000, 0x0000000709900000|  0%| F|  |TAMS 0x0000000709800000, 0x0000000709800000| Untracked 
| 133|0x0000000709900000, 0x0000000709900000, 0x0000000709a00000|  0%| F|  |TAMS 0x0000000709900000, 0x0000000709900000| Untracked 
| 134|0x0000000709a00000, 0x0000000709b00000, 0x0000000709b00000|100%| S|CS|TAMS 0x0000000709a00000, 0x0000000709a00000| Complete 
| 135|0x0000000709b00000, 0x0000000709c00000, 0x0000000709c00000|100%| S|CS|TAMS 0x0000000709b00000, 0x0000000709b00000| Complete 
| 136|0x0000000709c00000, 0x0000000709d00000, 0x0000000709d00000|100%| S|CS|TAMS 0x0000000709c00000, 0x0000000709c00000| Complete 
| 137|0x0000000709d00000, 0x0000000709e00000, 0x0000000709e00000|100%| S|CS|TAMS 0x0000000709d00000, 0x0000000709d00000| Complete 
| 138|0x0000000709e00000, 0x0000000709f00000, 0x0000000709f00000|100%| S|CS|TAMS 0x0000000709e00000, 0x0000000709e00000| Complete 
| 139|0x0000000709f00000, 0x000000070a000000, 0x000000070a000000|100%| S|CS|TAMS 0x0000000709f00000, 0x0000000709f00000| Complete 
| 140|0x000000070a000000, 0x000000070a100000, 0x000000070a100000|100%| S|CS|TAMS 0x000000070a000000, 0x000000070a000000| Complete 
| 141|0x000000070a100000, 0x000000070a200000, 0x000000070a200000|100%| S|CS|TAMS 0x000000070a100000, 0x000000070a100000| Complete 
| 142|0x000000070a200000, 0x000000070a200000, 0x000000070a300000|  0%| F|  |TAMS 0x000000070a200000, 0x000000070a200000| Untracked 
| 143|0x000000070a300000, 0x000000070a300000, 0x000000070a400000|  0%| F|  |TAMS 0x000000070a300000, 0x000000070a300000| Untracked 
| 144|0x000000070a400000, 0x000000070a400000, 0x000000070a500000|  0%| F|  |TAMS 0x000000070a400000, 0x000000070a400000| Untracked 
| 145|0x000000070a500000, 0x000000070a500000, 0x000000070a600000|  0%| F|  |TAMS 0x000000070a500000, 0x000000070a500000| Untracked 
| 146|0x000000070a600000, 0x000000070a600000, 0x000000070a700000|  0%| F|  |TAMS 0x000000070a600000, 0x000000070a600000| Untracked 
| 147|0x000000070a700000, 0x000000070a700000, 0x000000070a800000|  0%| F|  |TAMS 0x000000070a700000, 0x000000070a700000| Untracked 
| 148|0x000000070a800000, 0x000000070a800000, 0x000000070a900000|  0%| F|  |TAMS 0x000000070a800000, 0x000000070a800000| Untracked 
| 149|0x000000070a900000, 0x000000070a900000, 0x000000070aa00000|  0%| F|  |TAMS 0x000000070a900000, 0x000000070a900000| Untracked 
| 150|0x000000070aa00000, 0x000000070aa00000, 0x000000070ab00000|  0%| F|  |TAMS 0x000000070aa00000, 0x000000070aa00000| Untracked 
| 151|0x000000070ab00000, 0x000000070ab00000, 0x000000070ac00000|  0%| F|  |TAMS 0x000000070ab00000, 0x000000070ab00000| Untracked 
| 152|0x000000070ac00000, 0x000000070ac00000, 0x000000070ad00000|  0%| F|  |TAMS 0x000000070ac00000, 0x000000070ac00000| Untracked 
| 153|0x000000070ad00000, 0x000000070ad00000, 0x000000070ae00000|  0%| F|  |TAMS 0x000000070ad00000, 0x000000070ad00000| Untracked 
| 154|0x000000070ae00000, 0x000000070ae00000, 0x000000070af00000|  0%| F|  |TAMS 0x000000070ae00000, 0x000000070ae00000| Untracked 
| 155|0x000000070af00000, 0x000000070af00000, 0x000000070b000000|  0%| F|  |TAMS 0x000000070af00000, 0x000000070af00000| Untracked 
| 156|0x000000070b000000, 0x000000070b000000, 0x000000070b100000|  0%| F|  |TAMS 0x000000070b000000, 0x000000070b000000| Untracked 
| 157|0x000000070b100000, 0x000000070b100000, 0x000000070b200000|  0%| F|  |TAMS 0x000000070b100000, 0x000000070b100000| Untracked 
| 158|0x000000070b200000, 0x000000070b200000, 0x000000070b300000|  0%| F|  |TAMS 0x000000070b200000, 0x000000070b200000| Untracked 
| 159|0x000000070b300000, 0x000000070b300000, 0x000000070b400000|  0%| F|  |TAMS 0x000000070b300000, 0x000000070b300000| Untracked 
| 160|0x000000070b400000, 0x000000070b400000, 0x000000070b500000|  0%| F|  |TAMS 0x000000070b400000, 0x000000070b400000| Untracked 
| 161|0x000000070b500000, 0x000000070b500000, 0x000000070b600000|  0%| F|  |TAMS 0x000000070b500000, 0x000000070b500000| Untracked 
| 162|0x000000070b600000, 0x000000070b600000, 0x000000070b700000|  0%| F|  |TAMS 0x000000070b600000, 0x000000070b600000| Untracked 
| 163|0x000000070b700000, 0x000000070b700000, 0x000000070b800000|  0%| F|  |TAMS 0x000000070b700000, 0x000000070b700000| Untracked 
| 164|0x000000070b800000, 0x000000070b800000, 0x000000070b900000|  0%| F|  |TAMS 0x000000070b800000, 0x000000070b800000| Untracked 
| 165|0x000000070b900000, 0x000000070b900000, 0x000000070ba00000|  0%| F|  |TAMS 0x000000070b900000, 0x000000070b900000| Untracked 
| 166|0x000000070ba00000, 0x000000070ba00000, 0x000000070bb00000|  0%| F|  |TAMS 0x000000070ba00000, 0x000000070ba00000| Untracked 
| 167|0x000000070bb00000, 0x000000070bb00000, 0x000000070bc00000|  0%| F|  |TAMS 0x000000070bb00000, 0x000000070bb00000| Untracked 
| 168|0x000000070bc00000, 0x000000070bc00000, 0x000000070bd00000|  0%| F|  |TAMS 0x000000070bc00000, 0x000000070bc00000| Untracked 
| 169|0x000000070bd00000, 0x000000070bd00000, 0x000000070be00000|  0%| F|  |TAMS 0x000000070bd00000, 0x000000070bd00000| Untracked 
| 170|0x000000070be00000, 0x000000070be00000, 0x000000070bf00000|  0%| F|  |TAMS 0x000000070be00000, 0x000000070be00000| Untracked 
| 171|0x000000070bf00000, 0x000000070bf00000, 0x000000070c000000|  0%| F|  |TAMS 0x000000070bf00000, 0x000000070bf00000| Untracked 
| 172|0x000000070c000000, 0x000000070c000000, 0x000000070c100000|  0%| F|  |TAMS 0x000000070c000000, 0x000000070c000000| Untracked 
| 173|0x000000070c100000, 0x000000070c100000, 0x000000070c200000|  0%| F|  |TAMS 0x000000070c100000, 0x000000070c100000| Untracked 
| 174|0x000000070c200000, 0x000000070c200000, 0x000000070c300000|  0%| F|  |TAMS 0x000000070c200000, 0x000000070c200000| Untracked 
| 175|0x000000070c300000, 0x000000070c300000, 0x000000070c400000|  0%| F|  |TAMS 0x000000070c300000, 0x000000070c300000| Untracked 
| 176|0x000000070c400000, 0x000000070c400000, 0x000000070c500000|  0%| F|  |TAMS 0x000000070c400000, 0x000000070c400000| Untracked 
| 177|0x000000070c500000, 0x000000070c500000, 0x000000070c600000|  0%| F|  |TAMS 0x000000070c500000, 0x000000070c500000| Untracked 
| 178|0x000000070c600000, 0x000000070c600000, 0x000000070c700000|  0%| F|  |TAMS 0x000000070c600000, 0x000000070c600000| Untracked 
| 179|0x000000070c700000, 0x000000070c700000, 0x000000070c800000|  0%| F|  |TAMS 0x000000070c700000, 0x000000070c700000| Untracked 
| 180|0x000000070c800000, 0x000000070c800000, 0x000000070c900000|  0%| F|  |TAMS 0x000000070c800000, 0x000000070c800000| Untracked 
| 181|0x000000070c900000, 0x000000070c900000, 0x000000070ca00000|  0%| F|  |TAMS 0x000000070c900000, 0x000000070c900000| Untracked 
| 182|0x000000070ca00000, 0x000000070ca00000, 0x000000070cb00000|  0%| F|  |TAMS 0x000000070ca00000, 0x000000070ca00000| Untracked 
| 183|0x000000070cb00000, 0x000000070cb00000, 0x000000070cc00000|  0%| F|  |TAMS 0x000000070cb00000, 0x000000070cb00000| Untracked 
| 184|0x000000070cc00000, 0x000000070cc00000, 0x000000070cd00000|  0%| F|  |TAMS 0x000000070cc00000, 0x000000070cc00000| Untracked 
| 185|0x000000070cd00000, 0x000000070cd00000, 0x000000070ce00000|  0%| F|  |TAMS 0x000000070cd00000, 0x000000070cd00000| Untracked 
| 186|0x000000070ce00000, 0x000000070ce00000, 0x000000070cf00000|  0%| F|  |TAMS 0x000000070ce00000, 0x000000070ce00000| Untracked 
| 187|0x000000070cf00000, 0x000000070cf00000, 0x000000070d000000|  0%| F|  |TAMS 0x000000070cf00000, 0x000000070cf00000| Untracked 
| 188|0x000000070d000000, 0x000000070d000000, 0x000000070d100000|  0%| F|  |TAMS 0x000000070d000000, 0x000000070d000000| Untracked 
| 189|0x000000070d100000, 0x000000070d100000, 0x000000070d200000|  0%| F|  |TAMS 0x000000070d100000, 0x000000070d100000| Untracked 
| 190|0x000000070d200000, 0x000000070d200000, 0x000000070d300000|  0%| F|  |TAMS 0x000000070d200000, 0x000000070d200000| Untracked 
| 191|0x000000070d300000, 0x000000070d300000, 0x000000070d400000|  0%| F|  |TAMS 0x000000070d300000, 0x000000070d300000| Untracked 
| 192|0x000000070d400000, 0x000000070d400000, 0x000000070d500000|  0%| F|  |TAMS 0x000000070d400000, 0x000000070d400000| Untracked 
| 193|0x000000070d500000, 0x000000070d500000, 0x000000070d600000|  0%| F|  |TAMS 0x000000070d500000, 0x000000070d500000| Untracked 
| 194|0x000000070d600000, 0x000000070d600000, 0x000000070d700000|  0%| F|  |TAMS 0x000000070d600000, 0x000000070d600000| Untracked 
| 195|0x000000070d700000, 0x000000070d700000, 0x000000070d800000|  0%| F|  |TAMS 0x000000070d700000, 0x000000070d700000| Untracked 
| 196|0x000000070d800000, 0x000000070d800000, 0x000000070d900000|  0%| F|  |TAMS 0x000000070d800000, 0x000000070d800000| Untracked 
| 197|0x000000070d900000, 0x000000070d900000, 0x000000070da00000|  0%| F|  |TAMS 0x000000070d900000, 0x000000070d900000| Untracked 
| 198|0x000000070da00000, 0x000000070da00000, 0x000000070db00000|  0%| F|  |TAMS 0x000000070da00000, 0x000000070da00000| Untracked 
| 199|0x000000070db00000, 0x000000070db00000, 0x000000070dc00000|  0%| F|  |TAMS 0x000000070db00000, 0x000000070db00000| Untracked 
| 200|0x000000070dc00000, 0x000000070dc00000, 0x000000070dd00000|  0%| F|  |TAMS 0x000000070dc00000, 0x000000070dc00000| Untracked 
| 201|0x000000070dd00000, 0x000000070dd00000, 0x000000070de00000|  0%| F|  |TAMS 0x000000070dd00000, 0x000000070dd00000| Untracked 
| 202|0x000000070de00000, 0x000000070de00000, 0x000000070df00000|  0%| F|  |TAMS 0x000000070de00000, 0x000000070de00000| Untracked 
| 203|0x000000070df00000, 0x000000070df00000, 0x000000070e000000|  0%| F|  |TAMS 0x000000070df00000, 0x000000070df00000| Untracked 
| 204|0x000000070e000000, 0x000000070e000000, 0x000000070e100000|  0%| F|  |TAMS 0x000000070e000000, 0x000000070e000000| Untracked 
| 205|0x000000070e100000, 0x000000070e100000, 0x000000070e200000|  0%| F|  |TAMS 0x000000070e100000, 0x000000070e100000| Untracked 
| 206|0x000000070e200000, 0x000000070e200000, 0x000000070e300000|  0%| F|  |TAMS 0x000000070e200000, 0x000000070e200000| Untracked 
| 207|0x000000070e300000, 0x000000070e300000, 0x000000070e400000|  0%| F|  |TAMS 0x000000070e300000, 0x000000070e300000| Untracked 
| 208|0x000000070e400000, 0x000000070e400000, 0x000000070e500000|  0%| F|  |TAMS 0x000000070e400000, 0x000000070e400000| Untracked 
| 209|0x000000070e500000, 0x000000070e500000, 0x000000070e600000|  0%| F|  |TAMS 0x000000070e500000, 0x000000070e500000| Untracked 
| 210|0x000000070e600000, 0x000000070e600000, 0x000000070e700000|  0%| F|  |TAMS 0x000000070e600000, 0x000000070e600000| Untracked 
| 211|0x000000070e700000, 0x000000070e700000, 0x000000070e800000|  0%| F|  |TAMS 0x000000070e700000, 0x000000070e700000| Untracked 
| 212|0x000000070e800000, 0x000000070e800000, 0x000000070e900000|  0%| F|  |TAMS 0x000000070e800000, 0x000000070e800000| Untracked 
| 213|0x000000070e900000, 0x000000070e900000, 0x000000070ea00000|  0%| F|  |TAMS 0x000000070e900000, 0x000000070e900000| Untracked 
| 214|0x000000070ea00000, 0x000000070ea00000, 0x000000070eb00000|  0%| F|  |TAMS 0x000000070ea00000, 0x000000070ea00000| Untracked 
| 215|0x000000070eb00000, 0x000000070eb00000, 0x000000070ec00000|  0%| F|  |TAMS 0x000000070eb00000, 0x000000070eb00000| Untracked 
| 216|0x000000070ec00000, 0x000000070ec00000, 0x000000070ed00000|  0%| F|  |TAMS 0x000000070ec00000, 0x000000070ec00000| Untracked 
| 217|0x000000070ed00000, 0x000000070ed00000, 0x000000070ee00000|  0%| F|  |TAMS 0x000000070ed00000, 0x000000070ed00000| Untracked 
| 218|0x000000070ee00000, 0x000000070ee00000, 0x000000070ef00000|  0%| F|  |TAMS 0x000000070ee00000, 0x000000070ee00000| Untracked 
| 219|0x000000070ef00000, 0x000000070ef00000, 0x000000070f000000|  0%| F|  |TAMS 0x000000070ef00000, 0x000000070ef00000| Untracked 
| 220|0x000000070f000000, 0x000000070f000000, 0x000000070f100000|  0%| F|  |TAMS 0x000000070f000000, 0x000000070f000000| Untracked 
| 221|0x000000070f100000, 0x000000070f100000, 0x000000070f200000|  0%| F|  |TAMS 0x000000070f100000, 0x000000070f100000| Untracked 
| 222|0x000000070f200000, 0x000000070f200000, 0x000000070f300000|  0%| F|  |TAMS 0x000000070f200000, 0x000000070f200000| Untracked 
| 223|0x000000070f300000, 0x000000070f300000, 0x000000070f400000|  0%| F|  |TAMS 0x000000070f300000, 0x000000070f300000| Untracked 
| 224|0x000000070f400000, 0x000000070f400000, 0x000000070f500000|  0%| F|  |TAMS 0x000000070f400000, 0x000000070f400000| Untracked 
| 225|0x000000070f500000, 0x000000070f500000, 0x000000070f600000|  0%| F|  |TAMS 0x000000070f500000, 0x000000070f500000| Untracked 
| 226|0x000000070f600000, 0x000000070f600000, 0x000000070f700000|  0%| F|  |TAMS 0x000000070f600000, 0x000000070f600000| Untracked 
| 227|0x000000070f700000, 0x000000070f700000, 0x000000070f800000|  0%| F|  |TAMS 0x000000070f700000, 0x000000070f700000| Untracked 
| 228|0x000000070f800000, 0x000000070f800000, 0x000000070f900000|  0%| F|  |TAMS 0x000000070f800000, 0x000000070f800000| Untracked 
| 229|0x000000070f900000, 0x000000070f900000, 0x000000070fa00000|  0%| F|  |TAMS 0x000000070f900000, 0x000000070f900000| Untracked 
| 230|0x000000070fa00000, 0x000000070fa00000, 0x000000070fb00000|  0%| F|  |TAMS 0x000000070fa00000, 0x000000070fa00000| Untracked 
| 231|0x000000070fb00000, 0x000000070fb00000, 0x000000070fc00000|  0%| F|  |TAMS 0x000000070fb00000, 0x000000070fb00000| Untracked 
| 232|0x000000070fc00000, 0x000000070fc00000, 0x000000070fd00000|  0%| F|  |TAMS 0x000000070fc00000, 0x000000070fc00000| Untracked 
| 233|0x000000070fd00000, 0x000000070fd00000, 0x000000070fe00000|  0%| F|  |TAMS 0x000000070fd00000, 0x000000070fd00000| Untracked 
| 234|0x000000070fe00000, 0x000000070fe00000, 0x000000070ff00000|  0%| F|  |TAMS 0x000000070fe00000, 0x000000070fe00000| Untracked 
| 235|0x000000070ff00000, 0x000000070ff00000, 0x0000000710000000|  0%| F|  |TAMS 0x000000070ff00000, 0x000000070ff00000| Untracked 
| 236|0x0000000710000000, 0x0000000710000000, 0x0000000710100000|  0%| F|  |TAMS 0x0000000710000000, 0x0000000710000000| Untracked 
| 237|0x0000000710100000, 0x0000000710100000, 0x0000000710200000|  0%| F|  |TAMS 0x0000000710100000, 0x0000000710100000| Untracked 
| 238|0x0000000710200000, 0x0000000710200000, 0x0000000710300000|  0%| F|  |TAMS 0x0000000710200000, 0x0000000710200000| Untracked 
| 239|0x0000000710300000, 0x0000000710300000, 0x0000000710400000|  0%| F|  |TAMS 0x0000000710300000, 0x0000000710300000| Untracked 
| 240|0x0000000710400000, 0x0000000710400000, 0x0000000710500000|  0%| F|  |TAMS 0x0000000710400000, 0x0000000710400000| Untracked 
| 241|0x0000000710500000, 0x0000000710500000, 0x0000000710600000|  0%| F|  |TAMS 0x0000000710500000, 0x0000000710500000| Untracked 
| 242|0x0000000710600000, 0x0000000710600000, 0x0000000710700000|  0%| F|  |TAMS 0x0000000710600000, 0x0000000710600000| Untracked 
| 243|0x0000000710700000, 0x0000000710700000, 0x0000000710800000|  0%| F|  |TAMS 0x0000000710700000, 0x0000000710700000| Untracked 
| 244|0x0000000710800000, 0x0000000710800000, 0x0000000710900000|  0%| F|  |TAMS 0x0000000710800000, 0x0000000710800000| Untracked 
| 245|0x0000000710900000, 0x0000000710900000, 0x0000000710a00000|  0%| F|  |TAMS 0x0000000710900000, 0x0000000710900000| Untracked 
| 246|0x0000000710a00000, 0x0000000710a00000, 0x0000000710b00000|  0%| F|  |TAMS 0x0000000710a00000, 0x0000000710a00000| Untracked 
| 247|0x0000000710b00000, 0x0000000710b00000, 0x0000000710c00000|  0%| F|  |TAMS 0x0000000710b00000, 0x0000000710b00000| Untracked 
| 248|0x0000000710c00000, 0x0000000710c00000, 0x0000000710d00000|  0%| F|  |TAMS 0x0000000710c00000, 0x0000000710c00000| Untracked 
| 249|0x0000000710d00000, 0x0000000710d00000, 0x0000000710e00000|  0%| F|  |TAMS 0x0000000710d00000, 0x0000000710d00000| Untracked 
| 250|0x0000000710e00000, 0x0000000710e00000, 0x0000000710f00000|  0%| F|  |TAMS 0x0000000710e00000, 0x0000000710e00000| Untracked 
| 251|0x0000000710f00000, 0x0000000710f00000, 0x0000000711000000|  0%| F|  |TAMS 0x0000000710f00000, 0x0000000710f00000| Untracked 
| 252|0x0000000711000000, 0x0000000711000000, 0x0000000711100000|  0%| F|  |TAMS 0x0000000711000000, 0x0000000711000000| Untracked 
| 253|0x0000000711100000, 0x0000000711100000, 0x0000000711200000|  0%| F|  |TAMS 0x0000000711100000, 0x0000000711100000| Untracked 
| 254|0x0000000711200000, 0x0000000711200000, 0x0000000711300000|  0%| F|  |TAMS 0x0000000711200000, 0x0000000711200000| Untracked 
| 255|0x0000000711300000, 0x0000000711300000, 0x0000000711400000|  0%| F|  |TAMS 0x0000000711300000, 0x0000000711300000| Untracked 
| 256|0x0000000711400000, 0x0000000711400000, 0x0000000711500000|  0%| F|  |TAMS 0x0000000711400000, 0x0000000711400000| Untracked 
| 257|0x0000000711500000, 0x0000000711500000, 0x0000000711600000|  0%| F|  |TAMS 0x0000000711500000, 0x0000000711500000| Untracked 
| 258|0x0000000711600000, 0x0000000711600000, 0x0000000711700000|  0%| F|  |TAMS 0x0000000711600000, 0x0000000711600000| Untracked 
| 259|0x0000000711700000, 0x0000000711700000, 0x0000000711800000|  0%| F|  |TAMS 0x0000000711700000, 0x0000000711700000| Untracked 
| 260|0x0000000711800000, 0x0000000711800000, 0x0000000711900000|  0%| F|  |TAMS 0x0000000711800000, 0x0000000711800000| Untracked 
| 261|0x0000000711900000, 0x0000000711900000, 0x0000000711a00000|  0%| F|  |TAMS 0x0000000711900000, 0x0000000711900000| Untracked 
| 262|0x0000000711a00000, 0x0000000711b00000, 0x0000000711b00000|100%| E|  |TAMS 0x0000000711a00000, 0x0000000711a00000| Complete 
| 263|0x0000000711b00000, 0x0000000711c00000, 0x0000000711c00000|100%| E|CS|TAMS 0x0000000711b00000, 0x0000000711b00000| Complete 
| 264|0x0000000711c00000, 0x0000000711d00000, 0x0000000711d00000|100%| E|CS|TAMS 0x0000000711c00000, 0x0000000711c00000| Complete 
| 265|0x0000000711d00000, 0x0000000711e00000, 0x0000000711e00000|100%| E|CS|TAMS 0x0000000711d00000, 0x0000000711d00000| Complete 
| 266|0x0000000711e00000, 0x0000000711f00000, 0x0000000711f00000|100%| E|CS|TAMS 0x0000000711e00000, 0x0000000711e00000| Complete 
| 267|0x0000000711f00000, 0x0000000712000000, 0x0000000712000000|100%| E|CS|TAMS 0x0000000711f00000, 0x0000000711f00000| Complete 
| 268|0x0000000712000000, 0x0000000712100000, 0x0000000712100000|100%| E|CS|TAMS 0x0000000712000000, 0x0000000712000000| Complete 
| 269|0x0000000712100000, 0x0000000712200000, 0x0000000712200000|100%| E|CS|TAMS 0x0000000712100000, 0x0000000712100000| Complete 
| 270|0x0000000712200000, 0x0000000712300000, 0x0000000712300000|100%| E|CS|TAMS 0x0000000712200000, 0x0000000712200000| Complete 
| 271|0x0000000712300000, 0x0000000712400000, 0x0000000712400000|100%| E|CS|TAMS 0x0000000712300000, 0x0000000712300000| Complete 
| 272|0x0000000712400000, 0x0000000712500000, 0x0000000712500000|100%| E|CS|TAMS 0x0000000712400000, 0x0000000712400000| Complete 
| 273|0x0000000712500000, 0x0000000712600000, 0x0000000712600000|100%| E|CS|TAMS 0x0000000712500000, 0x0000000712500000| Complete 
| 274|0x0000000712600000, 0x0000000712700000, 0x0000000712700000|100%| E|CS|TAMS 0x0000000712600000, 0x0000000712600000| Complete 
| 275|0x0000000712700000, 0x0000000712800000, 0x0000000712800000|100%| E|CS|TAMS 0x0000000712700000, 0x0000000712700000| Complete 
| 276|0x0000000712800000, 0x0000000712900000, 0x0000000712900000|100%| E|CS|TAMS 0x0000000712800000, 0x0000000712800000| Complete 
| 277|0x0000000712900000, 0x0000000712a00000, 0x0000000712a00000|100%| E|CS|TAMS 0x0000000712900000, 0x0000000712900000| Complete 
| 278|0x0000000712a00000, 0x0000000712b00000, 0x0000000712b00000|100%| E|CS|TAMS 0x0000000712a00000, 0x0000000712a00000| Complete 
| 279|0x0000000712b00000, 0x0000000712c00000, 0x0000000712c00000|100%| E|CS|TAMS 0x0000000712b00000, 0x0000000712b00000| Complete 
| 280|0x0000000712c00000, 0x0000000712d00000, 0x0000000712d00000|100%| E|CS|TAMS 0x0000000712c00000, 0x0000000712c00000| Complete 
| 281|0x0000000712d00000, 0x0000000712e00000, 0x0000000712e00000|100%| E|CS|TAMS 0x0000000712d00000, 0x0000000712d00000| Complete 
| 282|0x0000000712e00000, 0x0000000712f00000, 0x0000000712f00000|100%| E|CS|TAMS 0x0000000712e00000, 0x0000000712e00000| Complete 
| 283|0x0000000712f00000, 0x0000000713000000, 0x0000000713000000|100%| E|CS|TAMS 0x0000000712f00000, 0x0000000712f00000| Complete 
| 284|0x0000000713000000, 0x0000000713100000, 0x0000000713100000|100%| E|CS|TAMS 0x0000000713000000, 0x0000000713000000| Complete 
| 285|0x0000000713100000, 0x0000000713200000, 0x0000000713200000|100%| E|CS|TAMS 0x0000000713100000, 0x0000000713100000| Complete 
| 286|0x0000000713200000, 0x0000000713300000, 0x0000000713300000|100%| E|CS|TAMS 0x0000000713200000, 0x0000000713200000| Complete 
| 287|0x0000000713300000, 0x0000000713400000, 0x0000000713400000|100%| E|CS|TAMS 0x0000000713300000, 0x0000000713300000| Complete 
| 288|0x0000000713400000, 0x0000000713500000, 0x0000000713500000|100%| E|CS|TAMS 0x0000000713400000, 0x0000000713400000| Complete 
| 289|0x0000000713500000, 0x0000000713600000, 0x0000000713600000|100%| E|CS|TAMS 0x0000000713500000, 0x0000000713500000| Complete 
| 290|0x0000000713600000, 0x0000000713700000, 0x0000000713700000|100%| E|CS|TAMS 0x0000000713600000, 0x0000000713600000| Complete 
| 291|0x0000000713700000, 0x0000000713800000, 0x0000000713800000|100%| E|CS|TAMS 0x0000000713700000, 0x0000000713700000| Complete 
| 292|0x0000000713800000, 0x0000000713900000, 0x0000000713900000|100%| E|CS|TAMS 0x0000000713800000, 0x0000000713800000| Complete 
| 293|0x0000000713900000, 0x0000000713a00000, 0x0000000713a00000|100%| E|CS|TAMS 0x0000000713900000, 0x0000000713900000| Complete 
| 294|0x0000000713a00000, 0x0000000713b00000, 0x0000000713b00000|100%| E|CS|TAMS 0x0000000713a00000, 0x0000000713a00000| Complete 
| 295|0x0000000713b00000, 0x0000000713c00000, 0x0000000713c00000|100%| E|CS|TAMS 0x0000000713b00000, 0x0000000713b00000| Complete 
| 296|0x0000000713c00000, 0x0000000713d00000, 0x0000000713d00000|100%| E|CS|TAMS 0x0000000713c00000, 0x0000000713c00000| Complete 
| 297|0x0000000713d00000, 0x0000000713e00000, 0x0000000713e00000|100%| E|CS|TAMS 0x0000000713d00000, 0x0000000713d00000| Complete 
| 298|0x0000000713e00000, 0x0000000713f00000, 0x0000000713f00000|100%| E|CS|TAMS 0x0000000713e00000, 0x0000000713e00000| Complete 
| 299|0x0000000713f00000, 0x0000000714000000, 0x0000000714000000|100%| E|CS|TAMS 0x0000000713f00000, 0x0000000713f00000| Complete 
| 300|0x0000000714000000, 0x0000000714100000, 0x0000000714100000|100%| E|CS|TAMS 0x0000000714000000, 0x0000000714000000| Complete 
| 301|0x0000000714100000, 0x0000000714200000, 0x0000000714200000|100%| E|CS|TAMS 0x0000000714100000, 0x0000000714100000| Complete 
| 302|0x0000000714200000, 0x0000000714300000, 0x0000000714300000|100%| E|CS|TAMS 0x0000000714200000, 0x0000000714200000| Complete 
| 303|0x0000000714300000, 0x0000000714400000, 0x0000000714400000|100%| E|CS|TAMS 0x0000000714300000, 0x0000000714300000| Complete 
| 304|0x0000000714400000, 0x0000000714500000, 0x0000000714500000|100%| E|CS|TAMS 0x0000000714400000, 0x0000000714400000| Complete 
| 305|0x0000000714500000, 0x0000000714600000, 0x0000000714600000|100%| E|CS|TAMS 0x0000000714500000, 0x0000000714500000| Complete 
| 306|0x0000000714600000, 0x0000000714700000, 0x0000000714700000|100%| E|CS|TAMS 0x0000000714600000, 0x0000000714600000| Complete 
| 307|0x0000000714700000, 0x0000000714800000, 0x0000000714800000|100%| E|CS|TAMS 0x0000000714700000, 0x0000000714700000| Complete 

Card table byte_map: [0x0000021b99750000,0x0000021b99f50000] _byte_map_base: 0x0000021b95f46000

Marking Bits (Prev, Next): (CMBitMap*) 0x0000021bff30e308, (CMBitMap*) 0x0000021bff30e340
 Prev Bits: [0x0000021b9a750000, 0x0000021b9e700000)
 Next Bits: [0x0000021b9e700000, 0x0000021ba26b0000)

Polling page: 0x0000021b81510000

Metaspace:

Usage:
  Non-class:     46.45 MB capacity,    45.53 MB ( 98%) used,   771.69 KB (  2%) free+waste,   174.13 KB ( <1%) overhead. 
      Class:      6.88 MB capacity,     6.21 MB ( 90%) used,   599.74 KB (  9%) free+waste,    85.25 KB (  1%) overhead. 
       Both:     53.33 MB capacity,    51.74 MB ( 97%) used,     1.34 MB (  3%) free+waste,   259.38 KB ( <1%) overhead. 

Virtual space:
  Non-class space:       48.00 MB reserved,      46.67 MB ( 97%) committed 
      Class space:        1.00 GB reserved,       7.00 MB ( <1%) committed 
             Both:        1.05 GB reserved,      53.67 MB (  5%) committed 

Chunk freelists:
   Non-Class:  3.63 KB
       Class:  0 bytes
        Both:  3.63 KB

CodeHeap 'non-profiled nmethods': size=120064Kb used=5899Kb max_used=5899Kb free=114164Kb
 bounds [0x0000021b913d0000, 0x0000021b919a0000, 0x0000021b98910000]
CodeHeap 'profiled nmethods': size=120000Kb used=21280Kb max_used=21280Kb free=98719Kb
 bounds [0x0000021b89ea0000, 0x0000021b8b370000, 0x0000021b913d0000]
CodeHeap 'non-nmethods': size=5696Kb used=1528Kb max_used=1576Kb free=4167Kb
 bounds [0x0000021b89910000, 0x0000021b89b80000, 0x0000021b89ea0000]
 total_blobs=10527 nmethods=9492 adapters=945
 compilation: enabled
              stopped_count=0, restarted_count=0
 full_count=0

Compilation events (10 events):
Event: 84.050 Thread 0x0000021ba5683800 9554       3       javafx.scene.shape.Shape$1::doComputeGeomBounds (10 bytes)
Event: 84.051 Thread 0x0000021ba5683800 nmethod 9554 0x0000021b8b365390 code [0x0000021b8b365580, 0x0000021b8b365b28]
Event: 84.051 Thread 0x0000021ba5683800 9555       3       javafx.scene.shape.Shape::doComputeGeomBounds (11 bytes)
Event: 84.051 Thread 0x0000021ba5683800 nmethod 9555 0x0000021b8b365d10 code [0x0000021b8b365ee0, 0x0000021b8b366308]
Event: 84.053 Thread 0x0000021ba5683800 9556       3       javafx.scene.layout.Region::getSnapScaleX (8 bytes)
Event: 84.054 Thread 0x0000021ba5683800 nmethod 9556 0x0000021b8b366490 code [0x0000021b8b3666e0, 0x0000021b8b366fe8]
Event: 84.054 Thread 0x0000021ba5683800 9557       3       javafx.scene.layout.Region::getSnapScaleY (8 bytes)
Event: 84.055 Thread 0x0000021ba5683800 nmethod 9557 0x0000021b8b367290 code [0x0000021b8b3674e0, 0x0000021b8b367de8]
Event: 84.055 Thread 0x0000021ba5683800 9558       3       javafx.scene.layout.Region::snapPosition (14 bytes)
Event: 84.055 Thread 0x0000021ba5683800 nmethod 9558 0x0000021b8b368090 code [0x0000021b8b368240, 0x0000021b8b368408]

GC Heap History (10 events):
Event: 1.848 GC heap before
{Heap before GC invocations=2 (full 0):
 garbage-first heap   total 262144K, used 35348K [0x0000000701400000, 0x0000000800000000)
  region size 1024K, 32 young (32768K), 1 survivors (1024K)
 Metaspace       used 17202K, capacity 17440K, committed 17664K, reserved 1064960K
  class space    used 1859K, capacity 1973K, committed 2048K, reserved 1048576K
}
Event: 1.852 GC heap after
{Heap after GC invocations=3 (full 0):
 garbage-first heap   total 262144K, used 5165K [0x0000000701400000, 0x0000000800000000)
  region size 1024K, 3 young (3072K), 3 survivors (3072K)
 Metaspace       used 17202K, capacity 17440K, committed 17664K, reserved 1064960K
  class space    used 1859K, capacity 1973K, committed 2048K, reserved 1048576K
}
Event: 3.664 GC heap before
{Heap before GC invocations=3 (full 0):
 garbage-first heap   total 262144K, used 44077K [0x0000000701400000, 0x0000000800000000)
  region size 1024K, 42 young (43008K), 3 survivors (3072K)
 Metaspace       used 20637K, capacity 21028K, committed 21248K, reserved 1069056K
  class space    used 2191K, capacity 2285K, committed 2304K, reserved 1048576K
}
Event: 3.673 GC heap after
{Heap after GC invocations=4 (full 0):
 garbage-first heap   total 262144K, used 8514K [0x0000000701400000, 0x0000000800000000)
  region size 1024K, 6 young (6144K), 6 survivors (6144K)
 Metaspace       used 20637K, capacity 21028K, committed 21248K, reserved 1069056K
  class space    used 2191K, capacity 2285K, committed 2304K, reserved 1048576K
}
Event: 8.229 GC heap before
{Heap before GC invocations=5 (full 0):
 garbage-first heap   total 262144K, used 142658K [0x0000000701400000, 0x0000000800000000)
  region size 1024K, 138 young (141312K), 6 survivors (6144K)
 Metaspace       used 34627K, capacity 35522K, committed 35628K, reserved 1081344K
  class space    used 3855K, capacity 4218K, committed 4224K, reserved 1048576K
}
Event: 8.251 GC heap after
{Heap after GC invocations=6 (full 0):
 garbage-first heap   total 262144K, used 18634K [0x0000000701400000, 0x0000000800000000)
  region size 1024K, 16 young (16384K), 16 survivors (16384K)
 Metaspace       used 34627K, capacity 35522K, committed 35628K, reserved 1081344K
  class space    used 3855K, capacity 4218K, committed 4224K, reserved 1048576K
}
Event: 41.048 GC heap before
{Heap before GC invocations=7 (full 0):
 garbage-first heap   total 262144K, used 193738K [0x0000000701400000, 0x0000000800000000)
  region size 1024K, 153 young (156672K), 16 survivors (16384K)
 Metaspace       used 52316K, capacity 53950K, committed 54060K, reserved 1095680K
  class space    used 6355K, capacity 7038K, committed 7040K, reserved 1048576K
}
Event: 41.082 GC heap after
{Heap after GC invocations=8 (full 0):
 garbage-first heap   total 315392K, used 54801K [0x0000000701400000, 0x0000000800000000)
  region size 1024K, 18 young (18432K), 18 survivors (18432K)
 Metaspace       used 52316K, capacity 53950K, committed 54060K, reserved 1095680K
  class space    used 6355K, capacity 7038K, committed 7040K, reserved 1048576K
}
Event: 75.048 GC heap before
{Heap before GC invocations=8 (full 0):
 garbage-first heap   total 315392K, used 224785K [0x0000000701400000, 0x0000000800000000)
  region size 1024K, 184 young (188416K), 18 survivors (18432K)
 Metaspace       used 52931K, capacity 54612K, committed 54956K, reserved 1097728K
  class space    used 6359K, capacity 7045K, committed 7168K, reserved 1048576K
}
Event: 75.073 GC heap after
{Heap after GC invocations=9 (full 0):
 garbage-first heap   total 315392K, used 55201K [0x0000000701400000, 0x0000000800000000)
  region size 1024K, 8 young (8192K), 8 survivors (8192K)
 Metaspace       used 52931K, capacity 54612K, committed 54956K, reserved 1097728K
  class space    used 6359K, capacity 7045K, committed 7168K, reserved 1048576K
}

Deoptimization events (10 events):
Event: 39.071 Thread 0x0000021ba8463800 Uncommon trap: reason=profile_predicate action=maybe_recompile pc=0x0000021b9183fb64 method=com.sun.prism.impl.shape.DMarlinPrismUtils.feedConsumer(Lcom/sun/marlin/DRendererContext;Lcom/sun/javafx/geom/PathIterator;Lcom/sun/marlin/DPathConsumer2D;)V @ 34 
Event: 39.071 Thread 0x0000021ba8463800 Uncommon trap: reason=profile_predicate action=maybe_recompile pc=0x0000021b9183fb64 method=com.sun.prism.impl.shape.DMarlinPrismUtils.feedConsumer(Lcom/sun/marlin/DRendererContext;Lcom/sun/javafx/geom/PathIterator;Lcom/sun/marlin/DPathConsumer2D;)V @ 34 
Event: 39.071 Thread 0x0000021ba8463800 Uncommon trap: reason=profile_predicate action=maybe_recompile pc=0x0000021b9183fb64 method=com.sun.prism.impl.shape.DMarlinPrismUtils.feedConsumer(Lcom/sun/marlin/DRendererContext;Lcom/sun/javafx/geom/PathIterator;Lcom/sun/marlin/DPathConsumer2D;)V @ 34 
Event: 39.071 Thread 0x0000021ba8463800 Uncommon trap: reason=profile_predicate action=maybe_recompile pc=0x0000021b9183fb64 method=com.sun.prism.impl.shape.DMarlinPrismUtils.feedConsumer(Lcom/sun/marlin/DRendererContext;Lcom/sun/javafx/geom/PathIterator;Lcom/sun/marlin/DPathConsumer2D;)V @ 34 
Event: 41.084 Thread 0x0000021ba580a000 Uncommon trap: reason=class_check action=maybe_recompile pc=0x0000021b91774398 method=jdk.internal.ref.PhantomCleanable.clean()V @ 12 c2
Event: 41.085 Thread 0x0000021ba8bfb800 Uncommon trap: reason=unstable_if action=reinterpret pc=0x0000021b91786d38 method=com.sun.javafx.font.CompositeStrike.getMetrics()Lcom/sun/javafx/font/Metrics; @ 4 c2
Event: 46.069 Thread 0x0000021ba8463800 Uncommon trap: reason=class_check action=maybe_recompile pc=0x0000021b91897bb4 method=jdk.internal.misc.Unsafe.allocateUninitializedArray(Ljava/lang/Class;I)Ljava/lang/Object; @ 48 c2
Event: 46.069 Thread 0x0000021ba8463800 Uncommon trap: reason=class_check action=maybe_recompile pc=0x0000021b91897bb4 method=jdk.internal.misc.Unsafe.allocateUninitializedArray(Ljava/lang/Class;I)Ljava/lang/Object; @ 48 c2
Event: 46.069 Thread 0x0000021ba8463800 Uncommon trap: reason=class_check action=maybe_recompile pc=0x0000021b91897bb4 method=jdk.internal.misc.Unsafe.allocateUninitializedArray(Ljava/lang/Class;I)Ljava/lang/Object; @ 48 c2
Event: 46.069 Thread 0x0000021ba8463800 Uncommon trap: reason=class_check action=maybe_recompile pc=0x0000021b91897bb4 method=jdk.internal.misc.Unsafe.allocateUninitializedArray(Ljava/lang/Class;I)Ljava/lang/Object; @ 48 c2

Classes redefined (0 events):
No events

Internal exceptions (10 events):
Event: 28.145 Thread 0x0000021ba8bf9800 Exception <a 'java/io/FileNotFoundException'{0x000000070d3b1028}> (0x000000070d3b1028) thrown at [./open/src/hotspot/share/prims/jni.cpp, line 611]
Event: 28.149 Thread 0x0000021ba8bf9800 Exception <a 'java/io/FileNotFoundException'{0x000000070d214848}> (0x000000070d214848) thrown at [./open/src/hotspot/share/prims/jni.cpp, line 611]
Event: 28.150 Thread 0x0000021ba8bf9800 Exception <a 'java/io/FileNotFoundException'{0x000000070d2248e8}> (0x000000070d2248e8) thrown at [./open/src/hotspot/share/prims/jni.cpp, line 611]
Event: 28.153 Thread 0x0000021ba8bf9800 Exception <a 'java/io/FileNotFoundException'{0x000000070d239660}> (0x000000070d239660) thrown at [./open/src/hotspot/share/prims/jni.cpp, line 611]
Event: 28.181 Thread 0x0000021ba8bf9800 Exception <a 'java/lang/ClassNotFoundException'{0x000000070d2b0578}: sun/util/logging/resources/spi/loggingProvider> (0x000000070d2b0578) thrown at [./open/src/hotspot/share/classfile/systemDictionary.cpp, line 228]
Event: 59.151 Thread 0x0000021ba835e000 Exception <a 'java/lang/NoSuchMethodError'{0x00000007146d97c8}: java.lang.invoke.DirectMethodHandle$Holder.invokeSpecial(Ljava/lang/Object;Ljava/lang/Object;IIIIILjava/lang/Object;)Ljava/lang/Object;> (0x00000007146d97c8) thrown at [./open/src/hotspot/sha
Event: 59.152 Thread 0x0000021ba835e000 Exception <a 'java/lang/NoSuchMethodError'{0x00000007146e0478}: java.lang.invoke.DirectMethodHandle$Holder.invokeStatic(Ljava/lang/Object;Ljava/lang/Object;IIIIILjava/lang/Object;)Ljava/lang/Object;> (0x00000007146e0478) thrown at [./open/src/hotspot/shar
Event: 59.153 Thread 0x0000021ba835e000 Exception <a 'java/lang/NoSuchMethodError'{0x00000007146e9b38}: java.lang.invoke.DirectMethodHandle$Holder.invokeSpecial(Ljava/lang/Object;Ljava/lang/Object;Ljava/lang/Object;IIIII)Ljava/lang/Object;> (0x00000007146e9b38) thrown at [./open/src/hotspot/sha
Event: 84.836 Thread 0x0000021ba8bfb000 Exception <a 'java/io/IOException'{0x0000000711adacf8}: Result too large in nativeavailable> (0x0000000711adacf8) thrown at [./open/src/hotspot/share/prims/jni.cpp, line 632]
Event: 84.847 Thread 0x0000021ba8bfb800 Exception <a 'java/io/IOException'{0x0000000711a1f600}: Result too large in nativeavailable> (0x0000000711a1f600) thrown at [./open/src/hotspot/share/prims/jni.cpp, line 632]

Events (10 events):
Event: 70.054 Thread 0x0000021ba7557000 Thread added: 0x0000021ba7557000
Event: 70.326 Thread 0x0000021ba7557000 Thread exited: 0x0000021ba7557000
Event: 75.048 Executing VM operation: G1CollectForAllocation
Event: 75.048 Executing VM operation: G1CollectForAllocation done
Event: 75.048 Executing VM operation: G1CollectForAllocation
Event: 75.073 Executing VM operation: G1CollectForAllocation done
Event: 76.051 Thread 0x0000021ba5c70800 Thread added: 0x0000021ba5c70800
Event: 77.043 Thread 0x0000021ba5c70800 Thread exited: 0x0000021ba5c70800
Event: 84.847 loading class org/zu/ardulink/event/DisconnectionEvent
Event: 84.847 loading class org/zu/ardulink/event/DisconnectionEvent done


Dynamic libraries:
0x00007ff7d40c0000 - 0x00007ff7d40cf000 	C:\Program Files\Java\jdk-11.0.12\bin\java.exe
0x00007fffc4030000 - 0x00007fffc4225000 	C:\WINDOWS\SYSTEM32\ntdll.dll
0x00007fffc35a0000 - 0x00007fffc365e000 	C:\WINDOWS\System32\KERNEL32.DLL
0x00007fffc1740000 - 0x00007fffc1a08000 	C:\WINDOWS\System32\KERNELBASE.dll
0x00007fffc1f40000 - 0x00007fffc2040000 	C:\WINDOWS\System32\ucrtbase.dll
0x00007fffa7af0000 - 0x00007fffa7b05000 	C:\Program Files\Java\jdk-11.0.12\bin\VCRUNTIME140.dll
0x00007fffa2880000 - 0x00007fffa2898000 	C:\Program Files\Java\jdk-11.0.12\bin\jli.dll
0x00007fffc3750000 - 0x00007fffc37fe000 	C:\WINDOWS\System32\ADVAPI32.dll
0x00007fffc24f0000 - 0x00007fffc258e000 	C:\WINDOWS\System32\msvcrt.dll
0x00007fffc2950000 - 0x00007fffc29ec000 	C:\WINDOWS\System32\sechost.dll
0x00007fffc3870000 - 0x00007fffc3995000 	C:\WINDOWS\System32\RPCRT4.dll
0x00007fffc2a80000 - 0x00007fffc2c21000 	C:\WINDOWS\System32\USER32.dll
0x00007fffc1a70000 - 0x00007fffc1a92000 	C:\WINDOWS\System32\win32u.dll
0x00007fffc0ae0000 - 0x00007fffc0d7a000 	C:\WINDOWS\WinSxS\amd64_microsoft.windows.common-controls_6595b64144ccf1df_6.0.19041.1110_none_60b5254171f9507e\COMCTL32.dll
0x00007fffc3390000 - 0x00007fffc33bb000 	C:\WINDOWS\System32\GDI32.dll
0x00007fffc1c30000 - 0x00007fffc1d3d000 	C:\WINDOWS\System32\gdi32full.dll
0x00007fffc1ea0000 - 0x00007fffc1f3d000 	C:\WINDOWS\System32\msvcp_win.dll
0x00007fffb5400000 - 0x00007fffb540a000 	C:\WINDOWS\SYSTEM32\VERSION.dll
0x00007fffc29f0000 - 0x00007fffc2a20000 	C:\WINDOWS\System32\IMM32.DLL
0x00007fff92e80000 - 0x00007fff92f1b000 	C:\Program Files\Java\jdk-11.0.12\bin\msvcp140.dll
0x00007fff58a70000 - 0x00007fff5956f000 	C:\Program Files\Java\jdk-11.0.12\bin\server\jvm.dll
0x00007fffc3fe0000 - 0x00007fffc3fe8000 	C:\WINDOWS\System32\PSAPI.DLL
0x00007fff9e620000 - 0x00007fff9e647000 	C:\WINDOWS\SYSTEM32\WINMM.dll
0x00007fffa3d00000 - 0x00007fffa3d09000 	C:\WINDOWS\SYSTEM32\WSOCK32.dll
0x00007fffc3800000 - 0x00007fffc386b000 	C:\WINDOWS\System32\WS2_32.dll
0x00007fffbf970000 - 0x00007fffbf982000 	C:\WINDOWS\SYSTEM32\kernel.appcore.dll
0x00007fffa1f20000 - 0x00007fffa1f30000 	C:\Program Files\Java\jdk-11.0.12\bin\verify.dll
0x00007fffc0ec0000 - 0x00007fffc10a4000 	C:\WINDOWS\SYSTEM32\DBGHELP.DLL
0x00007fffc0e90000 - 0x00007fffc0ebc000 	C:\WINDOWS\SYSTEM32\dbgcore.DLL
0x00007fffc1ba0000 - 0x00007fffc1c22000 	C:\WINDOWS\System32\bcryptPrimitives.dll
0x00007fff93750000 - 0x00007fff93778000 	C:\Program Files\Java\jdk-11.0.12\bin\java.dll
0x00007fffa1f10000 - 0x00007fffa1f1a000 	C:\Program Files\Java\jdk-11.0.12\bin\jimage.dll
0x00007fff9e6e0000 - 0x00007fff9e6f6000 	C:\Program Files\Java\jdk-11.0.12\bin\zip.dll
0x00007fffc2c40000 - 0x00007fffc3384000 	C:\WINDOWS\System32\SHELL32.dll
0x00007fffbea50000 - 0x00007fffbf1e5000 	C:\WINDOWS\SYSTEM32\windows.storage.dll
0x00007fffc3b50000 - 0x00007fffc3ea5000 	C:\WINDOWS\System32\combase.dll
0x00007fffc0a40000 - 0x00007fffc0a6e000 	C:\WINDOWS\SYSTEM32\Wldp.dll
0x00007fffc33c0000 - 0x00007fffc346d000 	C:\WINDOWS\System32\SHCORE.dll
0x00007fffc2720000 - 0x00007fffc2775000 	C:\WINDOWS\System32\shlwapi.dll
0x00007fffc1680000 - 0x00007fffc169f000 	C:\WINDOWS\SYSTEM32\profapi.dll
0x00007fff95690000 - 0x00007fff956a9000 	C:\Program Files\Java\jdk-11.0.12\bin\net.dll
0x00007fffb5e10000 - 0x00007fffb5f1c000 	C:\WINDOWS\SYSTEM32\WINHTTP.dll
0x00007fffc0910000 - 0x00007fffc097a000 	C:\WINDOWS\system32\mswsock.dll
0x00007fff93bf0000 - 0x00007fff93c02000 	C:\Program Files\Java\jdk-11.0.12\bin\nio.dll
0x00007fffa1f00000 - 0x00007fffa1f0a000 	C:\Program Files\NetBeans-12.5\netbeans\java\maven\lib\jansi-native\windows64\jansi.dll
0x0000021ba91e0000 - 0x0000021ba91e3000 	C:\Users\Admin\.openjfx\cache\15\api-ms-win-core-console-l1-1-0.dll
0x0000021ba91f0000 - 0x0000021ba91f3000 	C:\Users\Admin\.openjfx\cache\15\api-ms-win-core-console-l1-2-0.dll
0x0000021ba9200000 - 0x0000021ba9203000 	C:\Users\Admin\.openjfx\cache\15\api-ms-win-core-datetime-l1-1-0.dll
0x0000021ba9210000 - 0x0000021ba9213000 	C:\Users\Admin\.openjfx\cache\15\api-ms-win-core-debug-l1-1-0.dll
0x0000021ba9220000 - 0x0000021ba9223000 	C:\Users\Admin\.openjfx\cache\15\api-ms-win-core-errorhandling-l1-1-0.dll
0x0000021ba9230000 - 0x0000021ba9234000 	C:\Users\Admin\.openjfx\cache\15\api-ms-win-core-file-l1-1-0.dll
0x0000021ba9240000 - 0x0000021ba9243000 	C:\Users\Admin\.openjfx\cache\15\api-ms-win-core-file-l1-2-0.dll
0x0000021ba9250000 - 0x0000021ba9253000 	C:\Users\Admin\.openjfx\cache\15\api-ms-win-core-file-l2-1-0.dll
0x0000021ba9260000 - 0x0000021ba9263000 	C:\Users\Admin\.openjfx\cache\15\api-ms-win-core-handle-l1-1-0.dll
0x0000021ba9270000 - 0x0000021ba9273000 	C:\Users\Admin\.openjfx\cache\15\api-ms-win-core-heap-l1-1-0.dll
0x0000021ba9280000 - 0x0000021ba9283000 	C:\Users\Admin\.openjfx\cache\15\api-ms-win-core-interlocked-l1-1-0.dll
0x0000021ba9290000 - 0x0000021ba9293000 	C:\Users\Admin\.openjfx\cache\15\api-ms-win-core-libraryloader-l1-1-0.dll
0x0000021ba92a0000 - 0x0000021ba92a3000 	C:\Users\Admin\.openjfx\cache\15\api-ms-win-core-localization-l1-2-0.dll
0x0000021ba92b0000 - 0x0000021ba92b3000 	C:\Users\Admin\.openjfx\cache\15\api-ms-win-core-memory-l1-1-0.dll
0x0000021ba92c0000 - 0x0000021ba92c3000 	C:\Users\Admin\.openjfx\cache\15\api-ms-win-core-namedpipe-l1-1-0.dll
0x0000021ba92d0000 - 0x0000021ba92d3000 	C:\Users\Admin\.openjfx\cache\15\api-ms-win-core-processenvironment-l1-1-0.dll
0x0000021ba92e0000 - 0x0000021ba92e3000 	C:\Users\Admin\.openjfx\cache\15\api-ms-win-core-processthreads-l1-1-0.dll
0x0000021ba92f0000 - 0x0000021ba92f3000 	C:\Users\Admin\.openjfx\cache\15\api-ms-win-core-processthreads-l1-1-1.dll
0x0000021ba9300000 - 0x0000021ba9303000 	C:\Users\Admin\.openjfx\cache\15\api-ms-win-core-profile-l1-1-0.dll
0x0000021ba9310000 - 0x0000021ba9313000 	C:\Users\Admin\.openjfx\cache\15\api-ms-win-core-rtlsupport-l1-1-0.dll
0x0000021ba9320000 - 0x0000021ba9323000 	C:\Users\Admin\.openjfx\cache\15\api-ms-win-core-string-l1-1-0.dll
0x0000021ba9330000 - 0x0000021ba9333000 	C:\Users\Admin\.openjfx\cache\15\api-ms-win-core-synch-l1-1-0.dll
0x0000021ba9340000 - 0x0000021ba9343000 	C:\Users\Admin\.openjfx\cache\15\api-ms-win-core-synch-l1-2-0.dll
0x0000021ba9350000 - 0x0000021ba9353000 	C:\Users\Admin\.openjfx\cache\15\api-ms-win-core-sysinfo-l1-1-0.dll
0x0000021ba9360000 - 0x0000021ba9363000 	C:\Users\Admin\.openjfx\cache\15\api-ms-win-core-timezone-l1-1-0.dll
0x0000021ba9370000 - 0x0000021ba9373000 	C:\Users\Admin\.openjfx\cache\15\api-ms-win-core-util-l1-1-0.dll
0x0000021ba9380000 - 0x0000021ba9383000 	C:\Users\Admin\.openjfx\cache\15\api-ms-win-crt-conio-l1-1-0.dll
0x0000021ba9390000 - 0x0000021ba9394000 	C:\Users\Admin\.openjfx\cache\15\api-ms-win-crt-convert-l1-1-0.dll
0x0000021ba93a0000 - 0x0000021ba93a3000 	C:\Users\Admin\.openjfx\cache\15\api-ms-win-crt-environment-l1-1-0.dll
0x0000021ba93b0000 - 0x0000021ba93b3000 	C:\Users\Admin\.openjfx\cache\15\api-ms-win-crt-filesystem-l1-1-0.dll
0x0000021ba93c0000 - 0x0000021ba93c3000 	C:\Users\Admin\.openjfx\cache\15\api-ms-win-crt-heap-l1-1-0.dll
0x0000021ba93d0000 - 0x0000021ba93d3000 	C:\Users\Admin\.openjfx\cache\15\api-ms-win-crt-locale-l1-1-0.dll
0x0000021ba93e0000 - 0x0000021ba93e5000 	C:\Users\Admin\.openjfx\cache\15\api-ms-win-crt-math-l1-1-0.dll
0x0000021ba93f0000 - 0x0000021ba93f5000 	C:\Users\Admin\.openjfx\cache\15\api-ms-win-crt-multibyte-l1-1-0.dll
0x0000021ba9400000 - 0x0000021ba9410000 	C:\Users\Admin\.openjfx\cache\15\api-ms-win-crt-private-l1-1-0.dll
0x0000021ba9410000 - 0x0000021ba9413000 	C:\Users\Admin\.openjfx\cache\15\api-ms-win-crt-process-l1-1-0.dll
0x0000021ba9420000 - 0x0000021ba9424000 	C:\Users\Admin\.openjfx\cache\15\api-ms-win-crt-runtime-l1-1-0.dll
0x0000021ba9430000 - 0x0000021ba9434000 	C:\Users\Admin\.openjfx\cache\15\api-ms-win-crt-stdio-l1-1-0.dll
0x0000021ba9440000 - 0x0000021ba9444000 	C:\Users\Admin\.openjfx\cache\15\api-ms-win-crt-string-l1-1-0.dll
0x0000021ba9450000 - 0x0000021ba9453000 	C:\Users\Admin\.openjfx\cache\15\api-ms-win-crt-time-l1-1-0.dll
0x0000021ba9460000 - 0x0000021ba9463000 	C:\Users\Admin\.openjfx\cache\15\api-ms-win-crt-utility-l1-1-0.dll
0x00007fff8afa0000 - 0x00007fff8b09c000 	C:\Users\Admin\.openjfx\cache\15\ucrtbase.dll
0x00007fff93920000 - 0x00007fff93935000 	C:\Users\Admin\.openjfx\cache\15\vcruntime140.dll
0x00007fffad630000 - 0x00007fffad63c000 	C:\Windows\System32\vcruntime140_1.dll
0x00007fff8b640000 - 0x00007fff8b6db000 	C:\Users\Admin\.openjfx\cache\15\msvcp140.dll
0x00007fff932a0000 - 0x00007fff932c3000 	C:\Users\Admin\.openjfx\cache\15\prism_d3d.dll
0x00007fff72bb0000 - 0x00007fff72d80000 	C:\WINDOWS\system32\d3d9.dll
0x00007fffbe590000 - 0x00007fffbe5bf000 	C:\WINDOWS\SYSTEM32\dwmapi.dll
0x00007fffbe370000 - 0x00007fffbe40e000 	C:\WINDOWS\system32\uxtheme.dll
0x00007fff70670000 - 0x00007fff72bae000 	C:\WINDOWS\SYSTEM32\igdumdim64.dll
0x00007fffc2590000 - 0x00007fffc265d000 	C:\WINDOWS\System32\OLEAUT32.dll
0x00007fffc3470000 - 0x00007fffc359a000 	C:\WINDOWS\System32\ole32.dll
0x00007fffc2070000 - 0x00007fffc24e2000 	C:\WINDOWS\System32\SETUPAPI.dll
0x00007fffc1aa0000 - 0x00007fffc1aee000 	C:\WINDOWS\System32\cfgmgr32.dll
0x00007fffc2040000 - 0x00007fffc2067000 	C:\WINDOWS\System32\bcrypt.dll
0x00007fff92dd0000 - 0x00007fff92e15000 	C:\Users\Admin\.openjfx\cache\15\glass.dll
0x00007fffc3670000 - 0x00007fffc374a000 	C:\WINDOWS\System32\COMDLG32.dll
0x00007fffc2830000 - 0x00007fffc2945000 	C:\WINDOWS\System32\MSCTF.dll
0x00007fffb0980000 - 0x00007fffb13c0000 	C:\WINDOWS\SYSTEM32\igdusc64.dll
0x00007fffb9a60000 - 0x00007fffb9a9b000 	C:\WINDOWS\SYSTEM32\dxcore.dll
0x00007fff69280000 - 0x00007fff6941a000 	C:\Program Files\Java\jdk-11.0.12\bin\awt.dll
0x00007fffbe2a0000 - 0x00007fffbe330000 	C:\WINDOWS\SYSTEM32\apphelp.dll
0x00007fff93280000 - 0x00007fff93294000 	C:\Users\Admin\.openjfx\cache\15\javafx_font.dll
0x00007fffb06f0000 - 0x00007fffb0973000 	C:\WINDOWS\SYSTEM32\dwrite.dll
0x00007fffc2780000 - 0x00007fffc2829000 	C:\WINDOWS\System32\clbcatq.dll
0x00007fffb6910000 - 0x00007fffb6ac4000 	C:\WINDOWS\SYSTEM32\WindowsCodecs.dll
0x00007fff96a70000 - 0x00007fff96aae000 	C:\WINDOWS\system32\dataexchange.dll
0x00007fffbcde0000 - 0x00007fffbd044000 	C:\WINDOWS\system32\d3d11.dll
0x00007fffbd740000 - 0x00007fffbd925000 	C:\WINDOWS\system32\dcomp.dll
0x00007fffbf9e0000 - 0x00007fffbfad4000 	C:\WINDOWS\system32\dxgi.dll
0x00007fffb6e10000 - 0x00007fffb7011000 	C:\WINDOWS\system32\twinapi.appcore.dll
0x00007fff92d90000 - 0x00007fff92dc4000 	C:\Program Files\Common Files\Microsoft Shared\Ink\rtscom.dll
0x00007fffb6810000 - 0x00007fffb6909000 	C:\WINDOWS\SYSTEM32\textinputframework.dll
0x00007fffbe010000 - 0x00007fffbe102000 	C:\WINDOWS\System32\CoreMessaging.dll
0x00007fffbd930000 - 0x00007fffbdc8e000 	C:\WINDOWS\System32\CoreUIComponents.dll
0x00007fffc12d0000 - 0x00007fffc1303000 	C:\WINDOWS\SYSTEM32\ntmarta.dll
0x00007fffbc7d0000 - 0x00007fffbc924000 	C:\WINDOWS\SYSTEM32\wintypes.dll
0x00007fff8aa10000 - 0x00007fff8aa96000 	C:\Program Files\Java\jdk-11.0.12\bin\freetype.dll
0x00007fff8a960000 - 0x00007fff8aa02000 	C:\Program Files\Java\jdk-11.0.12\bin\fontmanager.dll
0x00007fffbd0a0000 - 0x00007fffbd660000 	C:\WINDOWS\SYSTEM32\d2d1.dll
0x00007fffb3840000 - 0x00007fffb3f36000 	C:\WINDOWS\SYSTEM32\D3D10Warp.dll
0x00007fff95b90000 - 0x00007fff95cb5000 	C:\WINDOWS\system32\opengl32.dll
0x00007fff95e50000 - 0x00007fff95e7c000 	C:\WINDOWS\SYSTEM32\GLU32.dll

dbghelp: loaded successfully - version: 4.0.5 - missing functions: none
symbol engine: initialized successfully - sym options: 0x614 - pdb path: .;C:\Program Files\Java\jdk-11.0.12\bin;C:\WINDOWS\SYSTEM32;C:\WINDOWS\WinSxS\amd64_microsoft.windows.common-controls_6595b64144ccf1df_6.0.19041.1110_none_60b5254171f9507e;C:\Program Files\Java\jdk-11.0.12\bin\server;C:\Program Files\NetBeans-12.5\netbeans\java\maven\lib\jansi-native\windows64;C:\Users\Admin\.openjfx\cache\15;C:\Program Files\Common Files\Microsoft Shared\Ink

VM Arguments:
jvm_args: -Dclassworlds.conf=C:\Program Files\NetBeans-12.5\netbeans\java\maven\bin\..\bin\m2.conf -Dmaven.home=C:\Program Files\NetBeans-12.5\netbeans\java\maven\bin\.. -Dlibrary.jansi.path=C:\Program Files\NetBeans-12.5\netbeans\java\maven\bin\..\lib\jansi-native -Dmaven.multiModuleProjectDirectory=C:\Users\Admin\Documents\NetBeansProjects\gui4 
java_command: org.codehaus.plexus.classworlds.launcher.Launcher -Dexec.vmArgs= -Dexec.args=${exec.vmArgs} -classpath %classpath ${exec.mainClass} ${exec.appArgs} -Dexec.appArgs= -Dexec.mainClass=gui4.Ginterface -Dexec.executable=C:\Program Files\Java\jdk-11.0.12\bin\java.exe -DskipTests=true -Dmaven.ext.class.path=C:\Program Files\NetBeans-12.5\netbeans\java\maven-nblib\netbeans-eventspy.jar -Dfile.encoding=UTF-8 -X exec:java
java_class_path (initial): C:\Program Files\NetBeans-12.5\netbeans\java\maven\bin\..\boot\plexus-classworlds-2.6.0.jar
Launcher Type: SUN_STANDARD

[Global flags]
     intx CICompilerCount                          = 3                                         {product} {ergonomic}
     uint ConcGCThreads                            = 1                                         {product} {ergonomic}
     uint G1ConcRefinementThreads                  = 4                                         {product} {ergonomic}
   size_t G1HeapRegionSize                         = 1048576                                   {product} {ergonomic}
    uintx GCDrainStackTargetSize                   = 64                                        {product} {ergonomic}
   size_t InitialHeapSize                          = 268435456                                 {product} {ergonomic}
   size_t MarkStackSize                            = 4194304                                   {product} {ergonomic}
   size_t MaxHeapSize                              = 4273995776                                {product} {ergonomic}
   size_t MaxNewSize                               = 2563768320                                {product} {ergonomic}
   size_t MinHeapDeltaBytes                        = 1048576                                   {product} {ergonomic}
    uintx NonNMethodCodeHeapSize                   = 5830732                                {pd product} {ergonomic}
    uintx NonProfiledCodeHeapSize                  = 122913754                              {pd product} {ergonomic}
    uintx ProfiledCodeHeapSize                     = 122913754                              {pd product} {ergonomic}
    uintx ReservedCodeCacheSize                    = 251658240                              {pd product} {ergonomic}
     bool SegmentedCodeCache                       = true                                      {product} {ergonomic}
     bool UseCompressedClassPointers               = true                                 {lp64_product} {ergonomic}
     bool UseCompressedOops                        = true                                 {lp64_product} {ergonomic}
     bool UseG1GC                                  = true                                      {product} {ergonomic}
     bool UseLargePagesIndividualAllocation        = false                                  {pd product} {ergonomic}

Logging:
Log output configuration:
 #0: stdout all=warning uptime,level,tags
 #1: stderr all=off uptime,level,tags

Environment Variables:
JAVA_HOME=C:\Program Files\Java\jdk-11.0.12
PATH=C:\Program Files (x86)\BellSoft\LibericaJRE-11\bin\;C:\Program Files\Common Files\Oracle\Java\javapath;C:\Program Files (x86)\Common Files\Oracle\Java\javapath;C:\WINDOWS\system32;C:\WINDOWS;C:\WINDOWS\System32\Wbem;C:\WINDOWS\System32\WindowsPowerShell\v1.0\;C:\WINDOWS\System32\OpenSSH\;C:\Program Files (x86)\IVI Foundation\VISA\WinNT\Bin\;C:\Program Files\IVI Foundation\VISA\Win64\Bin\;C:\Program Files (x86)\IVI Foundation\VISA\WinNT\Bin;C:\Program Files (x86)\IVI Foundation\IVI\bin;C:\Program Files\IVI Foundation\IVI\bin;C:\Program Files\dotnet\;C:\Program Files (x86)\dotnet\;C:\Program Files\MATLAB\R2021b\bin;C:\Users\Admin\AppData\Local\Microsoft\WindowsApps;C:\Users\Admin\.dotnet\tools;C:\mvn\apache-maven-3.8.3\bin;
USERNAME=Admin
OS=Windows_NT
PROCESSOR_IDENTIFIER=Intel64 Family 6 Model 61 Stepping 4, GenuineIntel



---------------  S Y S T E M  ---------------

OS: Windows 10 , 64 bit Build 19041 (10.0.19041.1466)

CPU:total 4 (initial active 4) (2 cores per cpu, 2 threads per core) family 6 model 61 stepping 4 microcode 0x2d, cmov, cx8, fxsr, mmx, sse, sse2, sse3, ssse3, sse4.1, sse4.2, popcnt, avx, avx2, aes, clmul, erms, 3dnowpref, lzcnt, ht, tsc, tscinvbit, bmi1, bmi2, adx, fma

Memory: 4k page, system-wide physical 16302M (5900M free)
TotalPageFile size 18734M (AvailPageFile size 6259M)
current process WorkingSet (physical memory assigned to process): 498M, peak: 511M
current process commit charge ("private bytes"): 595M, peak: 615M

vm_info: Java HotSpot(TM) 64-Bit Server VM (11.0.12+8-LTS-237) for windows-amd64 JRE (11.0.12+8-LTS-237), built on Jun  8 2021 11:25:59 by "mach5one" with MS VC++ 15.9 (VS2017)

END.
