#
# A fatal error has been detected by the Java Runtime Environment:
#
#  EXCEPTION_ACCESS_VIOLATION (0xc0000005) at pc=0x0000000180005b00, pid=15612, tid=12924
#
# JRE version: Java(TM) SE Runtime Environment 18.9 (11.0.12+8) (build 11.0.12+8-LTS-237)
# Java VM: Java HotSpot(TM) 64-Bit Server VM 18.9 (11.0.12+8-LTS-237, mixed mode, tiered, compressed oops, g1 gc, windows-amd64)
# Problematic frame:
# C  [rxtxSerial.dll+0x5b00]
#
# No core dump will be written. Minidumps are not enabled by default on client versions of Windows
#
# If you would like to submit a bug report, please visit:
#   https://bugreport.java.com/bugreport/crash.jsp
# The crash happened outside the Java Virtual Machine in native code.
# See problematic frame for where to report the bug.
#

---------------  S U M M A R Y ------------

Command Line: --module-path=C:\Program Files\Java\openjfx-17.0.1_windows-x64_bin-sdk\javafx-sdk-17.0.1\lib --add-modules=javafx.controls,javafx.fxml gui4.Ginterface

Host: Intel(R) Core(TM) i5-5200U CPU @ 2.20GHz, 4 cores, 15G,  Windows 10 , 64 bit Build 19041 (10.0.19041.1348)
Time: Mon Dec 13 05:20:12 2021 Œrodkowoeuropejski czas stand. elapsed time: 34.921184 seconds (0d 0h 0m 34s)

---------------  T H R E A D  ---------------

Current thread (0x000002b42b39f000):  JavaThread "Thread-12" [_thread_in_native, id=12924, stack(0x000000d1cbf00000,0x000000d1cc000000)]

Stack: [0x000000d1cbf00000,0x000000d1cc000000],  sp=0x000000d1cbffec60,  free space=1019k
Native frames: (J=compiled Java code, j=interpreted, Vv=VM code, C=native code)
C  [rxtxSerial.dll+0x5b00]

Java frames: (J=compiled Java code, j=interpreted, Vv=VM code)
j  gnu.io.RXTXPort.readArray([BII)I+0
j  gnu.io.RXTXPort$SerialInputStream.read([BII)I+212
j  gnu.io.RXTXPort$SerialInputStream.read([B)I+60
j  org.zu.ardulink.connection.serial.AbstractSerialConnection$SerialReader.run()V+16
j  java.lang.Thread.run()V+11 java.base@11.0.12
v  ~StubRoutines::call_stub

siginfo: EXCEPTION_ACCESS_VIOLATION (0xc0000005), reading address 0xffffffffcbefeff8


Register to memory mapping:

RIP=0x0000000180005b00 rxtxSerial.dll
RAX=0x0000000000000001 is an unknown value
RBX=0x0 is NULL
RCX=0x000000018001d4d5 rxtxSerial.dll
RDX=0xfffffffffffff665 is an unknown value
RSP=0x000000d1cbffec60 is pointing into the stack for thread: 0x000002b42b39f000
RBP=0x00000000ffffffff is an unknown value
RSI=0x0 is NULL
RDI=0x000002b42b39f348 points into unknown readable memory: 0x00007ffa38c8ad00 | 00 ad c8 38 fa 7f 00 00
R8 =0x0000000000000002 is an unknown value
R9 =0xfffffffffffff63c is an unknown value
R10=0x0000000000000230 is an unknown value
R11=0x8101010101010100 is an unknown value
R12=0xffffffffcbefeff0 is an unknown value
R13=0x0000000000000001 is an unknown value
R14=0x000000d1cbffee50 is pointing into the stack for thread: 0x000002b42b39f000
R15=0x0 is NULL


Registers:
RAX=0x0000000000000001, RBX=0x0000000000000000, RCX=0x000000018001d4d5, RDX=0xfffffffffffff665
RSP=0x000000d1cbffec60, RBP=0x00000000ffffffff, RSI=0x0000000000000000, RDI=0x000002b42b39f348
R8 =0x0000000000000002, R9 =0xfffffffffffff63c, R10=0x0000000000000230, R11=0x8101010101010100
R12=0xffffffffcbefeff0, R13=0x0000000000000001, R14=0x000000d1cbffee50, R15=0x0000000000000000
RIP=0x0000000180005b00, EFLAGS=0x0000000000010202

Top of Stack: (sp=0x000000d1cbffec60)
0x000000d1cbffec60:   0000000000000000 0000000000000000
0x000000d1cbffec70:   0000000000000000 000002b42b39f348
0x000000d1cbffec80:   0000000000000000 000000d1cbffee50
0x000000d1cbffec90:   000002b434625588 0000000000000001
0x000000d1cbffeca0:   000002b42b39f348 0000000000000001
0x000000d1cbffecb0:   ffffffffffffffff 0000000180006211
0x000000d1cbffecc0:   000002b42561c000 ffffffffffffffff
0x000000d1cbffecd0:   0000000000000001 000002b42561c000
0x000000d1cbffece0:   000002b400000001 000000d1ffffffff
0x000000d1cbffecf0:   000000d1cbffee58 000002b42b39f000
0x000000d1cbffed00:   000000d1cbfff3b0 00007ffa38622fd3
0x000000d1cbffed10:   000000d1cbffed30 000002b42b39f000
0x000000d1cbffed20:   000000d1cbfff570 000000d1cbfff570
0x000000d1cbffed30:   000002b434625590 0000ee0b9c96712e
0x000000d1cbffed40:   000002b408409b40 000002b434625588
0x000000d1cbffed50:   000002b42b39f000 000000d1cbffee58 

Instructions: (pc=0x0000000180005b00)
0x0000000180005ae0:   15 23 7a 01 00 48 8d 48 60 e8 3a 5d 00 00 4c 8b
0x0000000180005af0:   e5 8b ac 24 88 00 00 00 44 8b ac 24 80 00 00 00
0x0000000180005b00:   45 8b 74 24 08 41 89 5c 24 08 41 8b fd 85 ed 78
0x0000000180005b10:   09 ff 15 e9 14 01 00 44 8b f8 45 85 ed 7e 4a 90 


Stack slot to memory mapping:
stack at sp + 0 slots: 0x0 is NULL
stack at sp + 1 slots: 0x0 is NULL
stack at sp + 2 slots: 0x0 is NULL
stack at sp + 3 slots: 0x000002b42b39f348 points into unknown readable memory: 0x00007ffa38c8ad00 | 00 ad c8 38 fa 7f 00 00
stack at sp + 4 slots: 0x0 is NULL
stack at sp + 5 slots: 0x000000d1cbffee50 is pointing into the stack for thread: 0x000002b42b39f000
stack at sp + 6 slots: 0x000002b434625588 is pointing into metadata
stack at sp + 7 slots: 0x0000000000000001 is an unknown value


---------------  P R O C E S S  ---------------

Threads class SMR info:
_java_thread_list=0x000002b425602a60, length=25, elements={
0x000002b47da3b800, 0x000002b423834000, 0x000002b42385f800, 0x000002b424138800,
0x000002b42413c800, 0x000002b42413f000, 0x000002b424144000, 0x000002b42414d000,
0x000002b424151000, 0x000002b4237ec800, 0x000002b424a0e000, 0x000002b424f8f800,
0x000002b42436b800, 0x000002b425531000, 0x000002b425c84000, 0x000002b425a29000,
0x000002b42b399800, 0x000002b42b3a0000, 0x000002b42b39e000, 0x000002b42b39a000,
0x000002b42b39b800, 0x000002b42b39b000, 0x000002b42b39c800, 0x000002b42b39f000,
0x000002b42b800800
}

Java Threads: ( => current thread )
  0x000002b47da3b800 JavaThread "main" [_thread_blocked, id=7840, stack(0x000000d1c9e00000,0x000000d1c9f00000)]
  0x000002b423834000 JavaThread "Reference Handler" daemon [_thread_blocked, id=4380, stack(0x000000d1ca500000,0x000000d1ca600000)]
  0x000002b42385f800 JavaThread "Finalizer" daemon [_thread_blocked, id=13004, stack(0x000000d1ca600000,0x000000d1ca700000)]
  0x000002b424138800 JavaThread "Signal Dispatcher" daemon [_thread_blocked, id=3820, stack(0x000000d1ca700000,0x000000d1ca800000)]
  0x000002b42413c800 JavaThread "Attach Listener" daemon [_thread_blocked, id=16672, stack(0x000000d1ca800000,0x000000d1ca900000)]
  0x000002b42413f000 JavaThread "Service Thread" daemon [_thread_blocked, id=14824, stack(0x000000d1ca900000,0x000000d1caa00000)]
  0x000002b424144000 JavaThread "C2 CompilerThread0" daemon [_thread_blocked, id=11104, stack(0x000000d1caa00000,0x000000d1cab00000)]
  0x000002b42414d000 JavaThread "C1 CompilerThread0" daemon [_thread_blocked, id=18688, stack(0x000000d1cab00000,0x000000d1cac00000)]
  0x000002b424151000 JavaThread "Sweeper thread" daemon [_thread_blocked, id=14060, stack(0x000000d1cac00000,0x000000d1cad00000)]
  0x000002b4237ec800 JavaThread "Common-Cleaner" daemon [_thread_blocked, id=16744, stack(0x000000d1cad00000,0x000000d1cae00000)]
  0x000002b424a0e000 JavaThread "QuantumRenderer-0" daemon [_thread_blocked, id=13988, stack(0x000000d1cb000000,0x000000d1cb100000)]
  0x000002b424f8f800 JavaThread "InvokeLaterDispatcher" daemon [_thread_blocked, id=16208, stack(0x000000d1cb100000,0x000000d1cb200000)]
  0x000002b42436b800 JavaThread "JavaFX Application Thread" [_thread_in_native, id=16788, stack(0x000000d1cb500000,0x000000d1cb600000)]
  0x000002b425531000 JavaThread "Thread-1" daemon [_thread_in_native, id=6512, stack(0x000000d1cb900000,0x000000d1cba00000)]
  0x000002b425c84000 JavaThread "JavaFX-Launcher" [_thread_blocked, id=5820, stack(0x000000d1cba00000,0x000000d1cbb00000)]
  0x000002b425a29000 JavaThread "Prism Font Disposer" daemon [_thread_blocked, id=10168, stack(0x000000d1cbb00000,0x000000d1cbc00000)]
  0x000002b42b399800 JavaThread "Java2D Disposer" daemon [_thread_blocked, id=11380, stack(0x000000d1cc000000,0x000000d1cc100000)]
  0x000002b42b3a0000 JavaThread "AWT-Windows" daemon [_thread_in_native, id=17320, stack(0x000000d1cc200000,0x000000d1cc300000)]
  0x000002b42b39e000 JavaThread "Cleaner-0" daemon [_thread_blocked, id=4452, stack(0x000000d1cc100000,0x000000d1cc200000)]
  0x000002b42b39a000 JavaThread "AWT-Shutdown" [_thread_blocked, id=18644, stack(0x000000d1cbc00000,0x000000d1cbd00000)]
  0x000002b42b39b800 JavaThread "AWT-EventQueue-0" [_thread_blocked, id=18720, stack(0x000000d1cbd00000,0x000000d1cbe00000)]
  0x000002b42b39b000 JavaThread "TimerQueue" daemon [_thread_blocked, id=16252, stack(0x000000d1cae00000,0x000000d1caf00000)]
  0x000002b42b39c800 JavaThread "Thread-11" [_thread_in_native, id=13448, stack(0x000000d1cbe00000,0x000000d1cbf00000)]
=>0x000002b42b39f000 JavaThread "Thread-12" [_thread_in_native, id=12924, stack(0x000000d1cbf00000,0x000000d1cc000000)]
  0x000002b42b800800 JavaThread "C2 CompilerThread1" daemon [_thread_in_native, id=19428, stack(0x000000d1cc900000,0x000000d1cca00000)]

Other Threads:
  0x000002b423831800 VMThread "VM Thread" [stack: 0x000000d1ca400000,0x000000d1ca500000] [id=18908]
  0x000002b424bcc800 WatcherThread [stack: 0x000000d1caf00000,0x000000d1cb000000] [id=2032]
  0x000002b47da51800 GCTaskThread "GC Thread#0" [stack: 0x000000d1c9f00000,0x000000d1ca000000] [id=17228]
  0x000002b4255ad000 GCTaskThread "GC Thread#1" [stack: 0x000000d1cb200000,0x000000d1cb300000] [id=7532]
  0x000002b42526e800 GCTaskThread "GC Thread#2" [stack: 0x000000d1cb300000,0x000000d1cb400000] [id=13364]
  0x000002b424b7a800 GCTaskThread "GC Thread#3" [stack: 0x000000d1cb400000,0x000000d1cb500000] [id=16348]
  0x000002b47daac800 ConcurrentGCThread "G1 Main Marker" [stack: 0x000000d1ca000000,0x000000d1ca100000] [id=19388]
  0x000002b47daaf000 ConcurrentGCThread "G1 Conc#0" [stack: 0x000000d1ca100000,0x000000d1ca200000] [id=18684]
  0x000002b47db1d800 ConcurrentGCThread "G1 Refine#0" [stack: 0x000000d1ca200000,0x000000d1ca300000] [id=8936]
  0x000002b47db1e800 ConcurrentGCThread "G1 Young RemSet Sampling" [stack: 0x000000d1ca300000,0x000000d1ca400000] [id=10460]

Threads with active compile tasks:
C2 CompilerThread1  35511 4750  s!   4       com.sun.scenario.effect.impl.ImagePool::checkOut (447 bytes)

VM state:not at safepoint (normal execution)

VM Mutex/Monitor currently owned by a thread: None

Heap address: 0x0000000701400000, size: 4076 MB, Compressed Oops mode: Zero based, Oop shift amount: 3
Narrow klass base: 0x0000000800000000, Narrow klass shift: 0
Compressed class space size: 1073741824 Address: 0x0000000800000000

Heap:
 garbage-first heap   total 262144K, used 57484K [0x0000000701400000, 0x0000000800000000)
  region size 1024K, 21 young (21504K), 5 survivors (5120K)
 Metaspace       used 38946K, capacity 40315K, committed 40368K, reserved 1083392K
  class space    used 4982K, capacity 5580K, committed 5632K, reserved 1048576K
Heap Regions: E=young(eden), S=young(survivor), O=old, HS=humongous(starts), HC=humongous(continues), CS=collection set, F=free, A=archive, TAMS=top-at-mark-start (previous, next)
|   0|0x0000000701400000, 0x0000000701500000, 0x0000000701500000|100%|HS|  |TAMS 0x0000000701500000, 0x0000000701400000| Complete 
|   1|0x0000000701500000, 0x0000000701600000, 0x0000000701600000|100%|HC|  |TAMS 0x0000000701600000, 0x0000000701500000| Complete 
|   2|0x0000000701600000, 0x0000000701700000, 0x0000000701700000|100%|HS|  |TAMS 0x0000000701700000, 0x0000000701600000| Complete 
|   3|0x0000000701700000, 0x0000000701800000, 0x0000000701800000|100%|HC|  |TAMS 0x0000000701800000, 0x0000000701700000| Complete 
|   4|0x0000000701800000, 0x0000000701900000, 0x0000000701900000|100%|HS|  |TAMS 0x0000000701900000, 0x0000000701800000| Complete 
|   5|0x0000000701900000, 0x0000000701a00000, 0x0000000701a00000|100%|HC|  |TAMS 0x0000000701a00000, 0x0000000701900000| Complete 
|   6|0x0000000701a00000, 0x0000000701b00000, 0x0000000701b00000|100%|HS|  |TAMS 0x0000000701b00000, 0x0000000701a00000| Complete 
|   7|0x0000000701b00000, 0x0000000701c00000, 0x0000000701c00000|100%|HC|  |TAMS 0x0000000701c00000, 0x0000000701b00000| Complete 
|   8|0x0000000701c00000, 0x0000000701d00000, 0x0000000701d00000|100%|HS|  |TAMS 0x0000000701d00000, 0x0000000701c00000| Complete 
|   9|0x0000000701d00000, 0x0000000701e00000, 0x0000000701e00000|100%|HC|  |TAMS 0x0000000701e00000, 0x0000000701d00000| Complete 
|  10|0x0000000701e00000, 0x0000000701f00000, 0x0000000701f00000|100%|HS|  |TAMS 0x0000000701f00000, 0x0000000701e00000| Complete 
|  11|0x0000000701f00000, 0x0000000702000000, 0x0000000702000000|100%|HC|  |TAMS 0x0000000702000000, 0x0000000701f00000| Complete 
|  12|0x0000000702000000, 0x0000000702100000, 0x0000000702100000|100%|HS|  |TAMS 0x0000000702100000, 0x0000000702000000| Complete 
|  13|0x0000000702100000, 0x0000000702200000, 0x0000000702200000|100%|HC|  |TAMS 0x0000000702200000, 0x0000000702100000| Complete 
|  14|0x0000000702200000, 0x0000000702300000, 0x0000000702300000|100%|HS|  |TAMS 0x0000000702300000, 0x0000000702200000| Complete 
|  15|0x0000000702300000, 0x0000000702400000, 0x0000000702400000|100%|HC|  |TAMS 0x0000000702400000, 0x0000000702300000| Complete 
|  16|0x0000000702400000, 0x0000000702500000, 0x0000000702500000|100%|HS|  |TAMS 0x0000000702500000, 0x0000000702400000| Complete 
|  17|0x0000000702500000, 0x0000000702600000, 0x0000000702600000|100%|HC|  |TAMS 0x0000000702600000, 0x0000000702500000| Complete 
|  18|0x0000000702600000, 0x0000000702700000, 0x0000000702700000|100%|HS|  |TAMS 0x0000000702700000, 0x0000000702600000| Complete 
|  19|0x0000000702700000, 0x0000000702800000, 0x0000000702800000|100%|HC|  |TAMS 0x0000000702800000, 0x0000000702700000| Complete 
|  20|0x0000000702800000, 0x0000000702900000, 0x0000000702900000|100%|HS|  |TAMS 0x0000000702900000, 0x0000000702800000| Complete 
|  21|0x0000000702900000, 0x0000000702a00000, 0x0000000702a00000|100%|HC|  |TAMS 0x0000000702a00000, 0x0000000702900000| Complete 
|  22|0x0000000702a00000, 0x0000000702b00000, 0x0000000702b00000|100%| O|  |TAMS 0x0000000702b00000, 0x0000000702a00000| Untracked 
|  23|0x0000000702b00000, 0x0000000702c00000, 0x0000000702c00000|100%| O|  |TAMS 0x0000000702c00000, 0x0000000702b00000| Untracked 
|  24|0x0000000702c00000, 0x0000000702d00000, 0x0000000702d00000|100%| O|  |TAMS 0x0000000702d00000, 0x0000000702c00000| Untracked 
|  25|0x0000000702d00000, 0x0000000702e00000, 0x0000000702e00000|100%| O|  |TAMS 0x0000000702e00000, 0x0000000702d00000| Untracked 
|  26|0x0000000702e00000, 0x0000000702f00000, 0x0000000702f00000|100%| O|  |TAMS 0x0000000702f00000, 0x0000000702e00000| Untracked 
|  27|0x0000000702f00000, 0x0000000703000000, 0x0000000703000000|100%| O|  |TAMS 0x0000000703000000, 0x0000000702f00000| Untracked 
|  28|0x0000000703000000, 0x0000000703100000, 0x0000000703100000|100%| O|  |TAMS 0x0000000703100000, 0x0000000703000000| Untracked 
|  29|0x0000000703100000, 0x000000070317f600, 0x0000000703200000| 49%| O|  |TAMS 0x000000070317f600, 0x0000000703100000| Untracked 
|  30|0x0000000703200000, 0x0000000703300000, 0x0000000703300000|100%|HS|  |TAMS 0x0000000703200000, 0x0000000703200000| Complete 
|  31|0x0000000703300000, 0x0000000703400000, 0x0000000703400000|100%|HC|  |TAMS 0x0000000703300000, 0x0000000703300000| Complete 
|  32|0x0000000703400000, 0x0000000703500000, 0x0000000703500000|100%|HS|  |TAMS 0x0000000703400000, 0x0000000703400000| Complete 
|  33|0x0000000703500000, 0x0000000703600000, 0x0000000703600000|100%|HC|  |TAMS 0x0000000703500000, 0x0000000703500000| Complete 
|  34|0x0000000703600000, 0x0000000703700000, 0x0000000703700000|100%|HS|  |TAMS 0x0000000703600000, 0x0000000703600000| Complete 
|  35|0x0000000703700000, 0x0000000703800000, 0x0000000703800000|100%|HC|  |TAMS 0x0000000703700000, 0x0000000703700000| Complete 
|  36|0x0000000703800000, 0x0000000703900000, 0x0000000703900000|100%|HS|  |TAMS 0x0000000703800000, 0x0000000703800000| Complete 
|  37|0x0000000703900000, 0x0000000703a00000, 0x0000000703a00000|100%|HC|  |TAMS 0x0000000703900000, 0x0000000703900000| Complete 
|  38|0x0000000703a00000, 0x0000000703a00000, 0x0000000703b00000|  0%| F|  |TAMS 0x0000000703a00000, 0x0000000703a00000| Untracked 
|  39|0x0000000703b00000, 0x0000000703b00000, 0x0000000703c00000|  0%| F|  |TAMS 0x0000000703b00000, 0x0000000703b00000| Untracked 
|  40|0x0000000703c00000, 0x0000000703c00000, 0x0000000703d00000|  0%| F|  |TAMS 0x0000000703c00000, 0x0000000703c00000| Untracked 
|  41|0x0000000703d00000, 0x0000000703d00000, 0x0000000703e00000|  0%| F|  |TAMS 0x0000000703d00000, 0x0000000703d00000| Untracked 
|  42|0x0000000703e00000, 0x0000000703e00000, 0x0000000703f00000|  0%| F|  |TAMS 0x0000000703e00000, 0x0000000703e00000| Untracked 
|  43|0x0000000703f00000, 0x0000000703f00000, 0x0000000704000000|  0%| F|  |TAMS 0x0000000703f00000, 0x0000000703f00000| Untracked 
|  44|0x0000000704000000, 0x0000000704000000, 0x0000000704100000|  0%| F|  |TAMS 0x0000000704000000, 0x0000000704000000| Untracked 
|  45|0x0000000704100000, 0x0000000704100000, 0x0000000704200000|  0%| F|  |TAMS 0x0000000704100000, 0x0000000704100000| Untracked 
|  46|0x0000000704200000, 0x0000000704200000, 0x0000000704300000|  0%| F|  |TAMS 0x0000000704200000, 0x0000000704200000| Untracked 
|  47|0x0000000704300000, 0x0000000704300000, 0x0000000704400000|  0%| F|  |TAMS 0x0000000704300000, 0x0000000704300000| Untracked 
|  48|0x0000000704400000, 0x0000000704400000, 0x0000000704500000|  0%| F|  |TAMS 0x0000000704400000, 0x0000000704400000| Untracked 
|  49|0x0000000704500000, 0x0000000704500000, 0x0000000704600000|  0%| F|  |TAMS 0x0000000704500000, 0x0000000704500000| Untracked 
|  50|0x0000000704600000, 0x0000000704600000, 0x0000000704700000|  0%| F|  |TAMS 0x0000000704600000, 0x0000000704600000| Untracked 
|  51|0x0000000704700000, 0x0000000704700000, 0x0000000704800000|  0%| F|  |TAMS 0x0000000704700000, 0x0000000704700000| Untracked 
|  52|0x0000000704800000, 0x0000000704800000, 0x0000000704900000|  0%| F|  |TAMS 0x0000000704800000, 0x0000000704800000| Untracked 
|  53|0x0000000704900000, 0x0000000704900000, 0x0000000704a00000|  0%| F|  |TAMS 0x0000000704900000, 0x0000000704900000| Untracked 
|  54|0x0000000704a00000, 0x0000000704a00000, 0x0000000704b00000|  0%| F|  |TAMS 0x0000000704a00000, 0x0000000704a00000| Untracked 
|  55|0x0000000704b00000, 0x0000000704b00000, 0x0000000704c00000|  0%| F|  |TAMS 0x0000000704b00000, 0x0000000704b00000| Untracked 
|  56|0x0000000704c00000, 0x0000000704c00000, 0x0000000704d00000|  0%| F|  |TAMS 0x0000000704c00000, 0x0000000704c00000| Untracked 
|  57|0x0000000704d00000, 0x0000000704d00000, 0x0000000704e00000|  0%| F|  |TAMS 0x0000000704d00000, 0x0000000704d00000| Untracked 
|  58|0x0000000704e00000, 0x0000000704e00000, 0x0000000704f00000|  0%| F|  |TAMS 0x0000000704e00000, 0x0000000704e00000| Untracked 
|  59|0x0000000704f00000, 0x0000000704f00000, 0x0000000705000000|  0%| F|  |TAMS 0x0000000704f00000, 0x0000000704f00000| Untracked 
|  60|0x0000000705000000, 0x0000000705000000, 0x0000000705100000|  0%| F|  |TAMS 0x0000000705000000, 0x0000000705000000| Untracked 
|  61|0x0000000705100000, 0x0000000705100000, 0x0000000705200000|  0%| F|  |TAMS 0x0000000705100000, 0x0000000705100000| Untracked 
|  62|0x0000000705200000, 0x0000000705200000, 0x0000000705300000|  0%| F|  |TAMS 0x0000000705200000, 0x0000000705200000| Untracked 
|  63|0x0000000705300000, 0x0000000705300000, 0x0000000705400000|  0%| F|  |TAMS 0x0000000705300000, 0x0000000705300000| Untracked 
|  64|0x0000000705400000, 0x0000000705400000, 0x0000000705500000|  0%| F|  |TAMS 0x0000000705400000, 0x0000000705400000| Untracked 
|  65|0x0000000705500000, 0x0000000705500000, 0x0000000705600000|  0%| F|  |TAMS 0x0000000705500000, 0x0000000705500000| Untracked 
|  66|0x0000000705600000, 0x0000000705600000, 0x0000000705700000|  0%| F|  |TAMS 0x0000000705600000, 0x0000000705600000| Untracked 
|  67|0x0000000705700000, 0x0000000705700000, 0x0000000705800000|  0%| F|  |TAMS 0x0000000705700000, 0x0000000705700000| Untracked 
|  68|0x0000000705800000, 0x0000000705800000, 0x0000000705900000|  0%| F|  |TAMS 0x0000000705800000, 0x0000000705800000| Untracked 
|  69|0x0000000705900000, 0x0000000705900000, 0x0000000705a00000|  0%| F|  |TAMS 0x0000000705900000, 0x0000000705900000| Untracked 
|  70|0x0000000705a00000, 0x0000000705a00000, 0x0000000705b00000|  0%| F|  |TAMS 0x0000000705a00000, 0x0000000705a00000| Untracked 
|  71|0x0000000705b00000, 0x0000000705b00000, 0x0000000705c00000|  0%| F|  |TAMS 0x0000000705b00000, 0x0000000705b00000| Untracked 
|  72|0x0000000705c00000, 0x0000000705c00000, 0x0000000705d00000|  0%| F|  |TAMS 0x0000000705c00000, 0x0000000705c00000| Untracked 
|  73|0x0000000705d00000, 0x0000000705d00000, 0x0000000705e00000|  0%| F|  |TAMS 0x0000000705d00000, 0x0000000705d00000| Untracked 
|  74|0x0000000705e00000, 0x0000000705e00000, 0x0000000705f00000|  0%| F|  |TAMS 0x0000000705e00000, 0x0000000705e00000| Untracked 
|  75|0x0000000705f00000, 0x0000000705f00000, 0x0000000706000000|  0%| F|  |TAMS 0x0000000705f00000, 0x0000000705f00000| Untracked 
|  76|0x0000000706000000, 0x0000000706000000, 0x0000000706100000|  0%| F|  |TAMS 0x0000000706000000, 0x0000000706000000| Untracked 
|  77|0x0000000706100000, 0x0000000706100000, 0x0000000706200000|  0%| F|  |TAMS 0x0000000706100000, 0x0000000706100000| Untracked 
|  78|0x0000000706200000, 0x0000000706200000, 0x0000000706300000|  0%| F|  |TAMS 0x0000000706200000, 0x0000000706200000| Untracked 
|  79|0x0000000706300000, 0x0000000706300000, 0x0000000706400000|  0%| F|  |TAMS 0x0000000706300000, 0x0000000706300000| Untracked 
|  80|0x0000000706400000, 0x0000000706400000, 0x0000000706500000|  0%| F|  |TAMS 0x0000000706400000, 0x0000000706400000| Untracked 
|  81|0x0000000706500000, 0x0000000706500000, 0x0000000706600000|  0%| F|  |TAMS 0x0000000706500000, 0x0000000706500000| Untracked 
|  82|0x0000000706600000, 0x0000000706600000, 0x0000000706700000|  0%| F|  |TAMS 0x0000000706600000, 0x0000000706600000| Untracked 
|  83|0x0000000706700000, 0x0000000706700000, 0x0000000706800000|  0%| F|  |TAMS 0x0000000706700000, 0x0000000706700000| Untracked 
|  84|0x0000000706800000, 0x0000000706800000, 0x0000000706900000|  0%| F|  |TAMS 0x0000000706800000, 0x0000000706800000| Untracked 
|  85|0x0000000706900000, 0x0000000706900000, 0x0000000706a00000|  0%| F|  |TAMS 0x0000000706900000, 0x0000000706900000| Untracked 
|  86|0x0000000706a00000, 0x0000000706a00000, 0x0000000706b00000|  0%| F|  |TAMS 0x0000000706a00000, 0x0000000706a00000| Untracked 
|  87|0x0000000706b00000, 0x0000000706b00000, 0x0000000706c00000|  0%| F|  |TAMS 0x0000000706b00000, 0x0000000706b00000| Untracked 
|  88|0x0000000706c00000, 0x0000000706c00000, 0x0000000706d00000|  0%| F|  |TAMS 0x0000000706c00000, 0x0000000706c00000| Untracked 
|  89|0x0000000706d00000, 0x0000000706d00000, 0x0000000706e00000|  0%| F|  |TAMS 0x0000000706d00000, 0x0000000706d00000| Untracked 
|  90|0x0000000706e00000, 0x0000000706e00000, 0x0000000706f00000|  0%| F|  |TAMS 0x0000000706e00000, 0x0000000706e00000| Untracked 
|  91|0x0000000706f00000, 0x0000000706f00000, 0x0000000707000000|  0%| F|  |TAMS 0x0000000706f00000, 0x0000000706f00000| Untracked 
|  92|0x0000000707000000, 0x0000000707000000, 0x0000000707100000|  0%| F|  |TAMS 0x0000000707000000, 0x0000000707000000| Untracked 
|  93|0x0000000707100000, 0x0000000707100000, 0x0000000707200000|  0%| F|  |TAMS 0x0000000707100000, 0x0000000707100000| Untracked 
|  94|0x0000000707200000, 0x0000000707200000, 0x0000000707300000|  0%| F|  |TAMS 0x0000000707200000, 0x0000000707200000| Untracked 
|  95|0x0000000707300000, 0x0000000707300000, 0x0000000707400000|  0%| F|  |TAMS 0x0000000707300000, 0x0000000707300000| Untracked 
|  96|0x0000000707400000, 0x0000000707400000, 0x0000000707500000|  0%| F|  |TAMS 0x0000000707400000, 0x0000000707400000| Untracked 
|  97|0x0000000707500000, 0x0000000707500000, 0x0000000707600000|  0%| F|  |TAMS 0x0000000707500000, 0x0000000707500000| Untracked 
|  98|0x0000000707600000, 0x0000000707600000, 0x0000000707700000|  0%| F|  |TAMS 0x0000000707600000, 0x0000000707600000| Untracked 
|  99|0x0000000707700000, 0x0000000707700000, 0x0000000707800000|  0%| F|  |TAMS 0x0000000707700000, 0x0000000707700000| Untracked 
| 100|0x0000000707800000, 0x0000000707800000, 0x0000000707900000|  0%| F|  |TAMS 0x0000000707800000, 0x0000000707800000| Untracked 
| 101|0x0000000707900000, 0x0000000707900000, 0x0000000707a00000|  0%| F|  |TAMS 0x0000000707900000, 0x0000000707900000| Untracked 
| 102|0x0000000707a00000, 0x0000000707a00000, 0x0000000707b00000|  0%| F|  |TAMS 0x0000000707a00000, 0x0000000707a00000| Untracked 
| 103|0x0000000707b00000, 0x0000000707b00000, 0x0000000707c00000|  0%| F|  |TAMS 0x0000000707b00000, 0x0000000707b00000| Untracked 
| 104|0x0000000707c00000, 0x0000000707c00000, 0x0000000707d00000|  0%| F|  |TAMS 0x0000000707c00000, 0x0000000707c00000| Untracked 
| 105|0x0000000707d00000, 0x0000000707d00000, 0x0000000707e00000|  0%| F|  |TAMS 0x0000000707d00000, 0x0000000707d00000| Untracked 
| 106|0x0000000707e00000, 0x0000000707e00000, 0x0000000707f00000|  0%| F|  |TAMS 0x0000000707e00000, 0x0000000707e00000| Untracked 
| 107|0x0000000707f00000, 0x0000000707f00000, 0x0000000708000000|  0%| F|  |TAMS 0x0000000707f00000, 0x0000000707f00000| Untracked 
| 108|0x0000000708000000, 0x0000000708000000, 0x0000000708100000|  0%| F|  |TAMS 0x0000000708000000, 0x0000000708000000| Untracked 
| 109|0x0000000708100000, 0x0000000708100000, 0x0000000708200000|  0%| F|  |TAMS 0x0000000708100000, 0x0000000708100000| Untracked 
| 110|0x0000000708200000, 0x0000000708200000, 0x0000000708300000|  0%| F|  |TAMS 0x0000000708200000, 0x0000000708200000| Untracked 
| 111|0x0000000708300000, 0x0000000708300000, 0x0000000708400000|  0%| F|  |TAMS 0x0000000708300000, 0x0000000708300000| Untracked 
| 112|0x0000000708400000, 0x0000000708400000, 0x0000000708500000|  0%| F|  |TAMS 0x0000000708400000, 0x0000000708400000| Untracked 
| 113|0x0000000708500000, 0x0000000708500000, 0x0000000708600000|  0%| F|  |TAMS 0x0000000708500000, 0x0000000708500000| Untracked 
| 114|0x0000000708600000, 0x0000000708600000, 0x0000000708700000|  0%| F|  |TAMS 0x0000000708600000, 0x0000000708600000| Untracked 
| 115|0x0000000708700000, 0x0000000708700000, 0x0000000708800000|  0%| F|  |TAMS 0x0000000708700000, 0x0000000708700000| Untracked 
| 116|0x0000000708800000, 0x0000000708800000, 0x0000000708900000|  0%| F|  |TAMS 0x0000000708800000, 0x0000000708800000| Untracked 
| 117|0x0000000708900000, 0x0000000708900000, 0x0000000708a00000|  0%| F|  |TAMS 0x0000000708900000, 0x0000000708900000| Untracked 
| 118|0x0000000708a00000, 0x0000000708a00000, 0x0000000708b00000|  0%| F|  |TAMS 0x0000000708a00000, 0x0000000708a00000| Untracked 
| 119|0x0000000708b00000, 0x0000000708b00000, 0x0000000708c00000|  0%| F|  |TAMS 0x0000000708b00000, 0x0000000708b00000| Untracked 
| 120|0x0000000708c00000, 0x0000000708c00000, 0x0000000708d00000|  0%| F|  |TAMS 0x0000000708c00000, 0x0000000708c00000| Untracked 
| 121|0x0000000708d00000, 0x0000000708d00000, 0x0000000708e00000|  0%| F|  |TAMS 0x0000000708d00000, 0x0000000708d00000| Untracked 
| 122|0x0000000708e00000, 0x0000000708e00000, 0x0000000708f00000|  0%| F|  |TAMS 0x0000000708e00000, 0x0000000708e00000| Untracked 
| 123|0x0000000708f00000, 0x0000000708f00000, 0x0000000709000000|  0%| F|  |TAMS 0x0000000708f00000, 0x0000000708f00000| Untracked 
| 124|0x0000000709000000, 0x0000000709000000, 0x0000000709100000|  0%| F|  |TAMS 0x0000000709000000, 0x0000000709000000| Untracked 
| 125|0x0000000709100000, 0x0000000709100000, 0x0000000709200000|  0%| F|  |TAMS 0x0000000709100000, 0x0000000709100000| Untracked 
| 126|0x0000000709200000, 0x0000000709200000, 0x0000000709300000|  0%| F|  |TAMS 0x0000000709200000, 0x0000000709200000| Untracked 
| 127|0x0000000709300000, 0x0000000709300000, 0x0000000709400000|  0%| F|  |TAMS 0x0000000709300000, 0x0000000709300000| Untracked 
| 128|0x0000000709400000, 0x0000000709400000, 0x0000000709500000|  0%| F|  |TAMS 0x0000000709400000, 0x0000000709400000| Untracked 
| 129|0x0000000709500000, 0x0000000709500000, 0x0000000709600000|  0%| F|  |TAMS 0x0000000709500000, 0x0000000709500000| Untracked 
| 130|0x0000000709600000, 0x0000000709600000, 0x0000000709700000|  0%| F|  |TAMS 0x0000000709600000, 0x0000000709600000| Untracked 
| 131|0x0000000709700000, 0x0000000709700000, 0x0000000709800000|  0%| F|  |TAMS 0x0000000709700000, 0x0000000709700000| Untracked 
| 132|0x0000000709800000, 0x0000000709800000, 0x0000000709900000|  0%| F|  |TAMS 0x0000000709800000, 0x0000000709800000| Untracked 
| 133|0x0000000709900000, 0x0000000709900000, 0x0000000709a00000|  0%| F|  |TAMS 0x0000000709900000, 0x0000000709900000| Untracked 
| 134|0x0000000709a00000, 0x0000000709a00000, 0x0000000709b00000|  0%| F|  |TAMS 0x0000000709a00000, 0x0000000709a00000| Untracked 
| 135|0x0000000709b00000, 0x0000000709b00000, 0x0000000709c00000|  0%| F|  |TAMS 0x0000000709b00000, 0x0000000709b00000| Untracked 
| 136|0x0000000709c00000, 0x0000000709c00000, 0x0000000709d00000|  0%| F|  |TAMS 0x0000000709c00000, 0x0000000709c00000| Untracked 
| 137|0x0000000709d00000, 0x0000000709d00000, 0x0000000709e00000|  0%| F|  |TAMS 0x0000000709d00000, 0x0000000709d00000| Untracked 
| 138|0x0000000709e00000, 0x0000000709e00000, 0x0000000709f00000|  0%| F|  |TAMS 0x0000000709e00000, 0x0000000709e00000| Untracked 
| 139|0x0000000709f00000, 0x0000000709f00000, 0x000000070a000000|  0%| F|  |TAMS 0x0000000709f00000, 0x0000000709f00000| Untracked 
| 140|0x000000070a000000, 0x000000070a000000, 0x000000070a100000|  0%| F|  |TAMS 0x000000070a000000, 0x000000070a000000| Untracked 
| 141|0x000000070a100000, 0x000000070a100000, 0x000000070a200000|  0%| F|  |TAMS 0x000000070a100000, 0x000000070a100000| Untracked 
| 142|0x000000070a200000, 0x000000070a200000, 0x000000070a300000|  0%| F|  |TAMS 0x000000070a200000, 0x000000070a200000| Untracked 
| 143|0x000000070a300000, 0x000000070a300000, 0x000000070a400000|  0%| F|  |TAMS 0x000000070a300000, 0x000000070a300000| Untracked 
| 144|0x000000070a400000, 0x000000070a400000, 0x000000070a500000|  0%| F|  |TAMS 0x000000070a400000, 0x000000070a400000| Untracked 
| 145|0x000000070a500000, 0x000000070a500000, 0x000000070a600000|  0%| F|  |TAMS 0x000000070a500000, 0x000000070a500000| Untracked 
| 146|0x000000070a600000, 0x000000070a600000, 0x000000070a700000|  0%| F|  |TAMS 0x000000070a600000, 0x000000070a600000| Untracked 
| 147|0x000000070a700000, 0x000000070a700000, 0x000000070a800000|  0%| F|  |TAMS 0x000000070a700000, 0x000000070a700000| Untracked 
| 148|0x000000070a800000, 0x000000070a800000, 0x000000070a900000|  0%| F|  |TAMS 0x000000070a800000, 0x000000070a800000| Untracked 
| 149|0x000000070a900000, 0x000000070a900000, 0x000000070aa00000|  0%| F|  |TAMS 0x000000070a900000, 0x000000070a900000| Untracked 
| 150|0x000000070aa00000, 0x000000070aa00000, 0x000000070ab00000|  0%| F|  |TAMS 0x000000070aa00000, 0x000000070aa00000| Untracked 
| 151|0x000000070ab00000, 0x000000070ab00000, 0x000000070ac00000|  0%| F|  |TAMS 0x000000070ab00000, 0x000000070ab00000| Untracked 
| 152|0x000000070ac00000, 0x000000070ac00000, 0x000000070ad00000|  0%| F|  |TAMS 0x000000070ac00000, 0x000000070ac00000| Untracked 
| 153|0x000000070ad00000, 0x000000070ad00000, 0x000000070ae00000|  0%| F|  |TAMS 0x000000070ad00000, 0x000000070ad00000| Untracked 
| 154|0x000000070ae00000, 0x000000070ae00000, 0x000000070af00000|  0%| F|  |TAMS 0x000000070ae00000, 0x000000070ae00000| Untracked 
| 155|0x000000070af00000, 0x000000070af00000, 0x000000070b000000|  0%| F|  |TAMS 0x000000070af00000, 0x000000070af00000| Untracked 
| 156|0x000000070b000000, 0x000000070b000000, 0x000000070b100000|  0%| F|  |TAMS 0x000000070b000000, 0x000000070b000000| Untracked 
| 157|0x000000070b100000, 0x000000070b100000, 0x000000070b200000|  0%| F|  |TAMS 0x000000070b100000, 0x000000070b100000| Untracked 
| 158|0x000000070b200000, 0x000000070b200000, 0x000000070b300000|  0%| F|  |TAMS 0x000000070b200000, 0x000000070b200000| Untracked 
| 159|0x000000070b300000, 0x000000070b300000, 0x000000070b400000|  0%| F|  |TAMS 0x000000070b300000, 0x000000070b300000| Untracked 
| 160|0x000000070b400000, 0x000000070b400000, 0x000000070b500000|  0%| F|  |TAMS 0x000000070b400000, 0x000000070b400000| Untracked 
| 161|0x000000070b500000, 0x000000070b500000, 0x000000070b600000|  0%| F|  |TAMS 0x000000070b500000, 0x000000070b500000| Untracked 
| 162|0x000000070b600000, 0x000000070b600000, 0x000000070b700000|  0%| F|  |TAMS 0x000000070b600000, 0x000000070b600000| Untracked 
| 163|0x000000070b700000, 0x000000070b700000, 0x000000070b800000|  0%| F|  |TAMS 0x000000070b700000, 0x000000070b700000| Untracked 
| 164|0x000000070b800000, 0x000000070b800000, 0x000000070b900000|  0%| F|  |TAMS 0x000000070b800000, 0x000000070b800000| Untracked 
| 165|0x000000070b900000, 0x000000070b900000, 0x000000070ba00000|  0%| F|  |TAMS 0x000000070b900000, 0x000000070b900000| Untracked 
| 166|0x000000070ba00000, 0x000000070ba00000, 0x000000070bb00000|  0%| F|  |TAMS 0x000000070ba00000, 0x000000070ba00000| Untracked 
| 167|0x000000070bb00000, 0x000000070bb00000, 0x000000070bc00000|  0%| F|  |TAMS 0x000000070bb00000, 0x000000070bb00000| Untracked 
| 168|0x000000070bc00000, 0x000000070bc00000, 0x000000070bd00000|  0%| F|  |TAMS 0x000000070bc00000, 0x000000070bc00000| Untracked 
| 169|0x000000070bd00000, 0x000000070bd00000, 0x000000070be00000|  0%| F|  |TAMS 0x000000070bd00000, 0x000000070bd00000| Untracked 
| 170|0x000000070be00000, 0x000000070be00000, 0x000000070bf00000|  0%| F|  |TAMS 0x000000070be00000, 0x000000070be00000| Untracked 
| 171|0x000000070bf00000, 0x000000070bf00000, 0x000000070c000000|  0%| F|  |TAMS 0x000000070bf00000, 0x000000070bf00000| Untracked 
| 172|0x000000070c000000, 0x000000070c000000, 0x000000070c100000|  0%| F|  |TAMS 0x000000070c000000, 0x000000070c000000| Untracked 
| 173|0x000000070c100000, 0x000000070c100000, 0x000000070c200000|  0%| F|  |TAMS 0x000000070c100000, 0x000000070c100000| Untracked 
| 174|0x000000070c200000, 0x000000070c200000, 0x000000070c300000|  0%| F|  |TAMS 0x000000070c200000, 0x000000070c200000| Untracked 
| 175|0x000000070c300000, 0x000000070c300000, 0x000000070c400000|  0%| F|  |TAMS 0x000000070c300000, 0x000000070c300000| Untracked 
| 176|0x000000070c400000, 0x000000070c400000, 0x000000070c500000|  0%| F|  |TAMS 0x000000070c400000, 0x000000070c400000| Untracked 
| 177|0x000000070c500000, 0x000000070c500000, 0x000000070c600000|  0%| F|  |TAMS 0x000000070c500000, 0x000000070c500000| Untracked 
| 178|0x000000070c600000, 0x000000070c600000, 0x000000070c700000|  0%| F|  |TAMS 0x000000070c600000, 0x000000070c600000| Untracked 
| 179|0x000000070c700000, 0x000000070c700000, 0x000000070c800000|  0%| F|  |TAMS 0x000000070c700000, 0x000000070c700000| Untracked 
| 180|0x000000070c800000, 0x000000070c800000, 0x000000070c900000|  0%| F|  |TAMS 0x000000070c800000, 0x000000070c800000| Untracked 
| 181|0x000000070c900000, 0x000000070c900000, 0x000000070ca00000|  0%| F|  |TAMS 0x000000070c900000, 0x000000070c900000| Untracked 
| 182|0x000000070ca00000, 0x000000070ca00000, 0x000000070cb00000|  0%| F|  |TAMS 0x000000070ca00000, 0x000000070ca00000| Untracked 
| 183|0x000000070cb00000, 0x000000070cb00000, 0x000000070cc00000|  0%| F|  |TAMS 0x000000070cb00000, 0x000000070cb00000| Untracked 
| 184|0x000000070cc00000, 0x000000070cc00000, 0x000000070cd00000|  0%| F|  |TAMS 0x000000070cc00000, 0x000000070cc00000| Untracked 
| 185|0x000000070cd00000, 0x000000070cd00000, 0x000000070ce00000|  0%| F|  |TAMS 0x000000070cd00000, 0x000000070cd00000| Untracked 
| 186|0x000000070ce00000, 0x000000070ce00000, 0x000000070cf00000|  0%| F|  |TAMS 0x000000070ce00000, 0x000000070ce00000| Untracked 
| 187|0x000000070cf00000, 0x000000070cf00000, 0x000000070d000000|  0%| F|  |TAMS 0x000000070cf00000, 0x000000070cf00000| Untracked 
| 188|0x000000070d000000, 0x000000070d000000, 0x000000070d100000|  0%| F|  |TAMS 0x000000070d000000, 0x000000070d000000| Untracked 
| 189|0x000000070d100000, 0x000000070d100000, 0x000000070d200000|  0%| F|  |TAMS 0x000000070d100000, 0x000000070d100000| Untracked 
| 190|0x000000070d200000, 0x000000070d200000, 0x000000070d300000|  0%| F|  |TAMS 0x000000070d200000, 0x000000070d200000| Untracked 
| 191|0x000000070d300000, 0x000000070d300000, 0x000000070d400000|  0%| F|  |TAMS 0x000000070d300000, 0x000000070d300000| Untracked 
| 192|0x000000070d400000, 0x000000070d400000, 0x000000070d500000|  0%| F|  |TAMS 0x000000070d400000, 0x000000070d400000| Untracked 
| 193|0x000000070d500000, 0x000000070d500000, 0x000000070d600000|  0%| F|  |TAMS 0x000000070d500000, 0x000000070d500000| Untracked 
| 194|0x000000070d600000, 0x000000070d600000, 0x000000070d700000|  0%| F|  |TAMS 0x000000070d600000, 0x000000070d600000| Untracked 
| 195|0x000000070d700000, 0x000000070d700000, 0x000000070d800000|  0%| F|  |TAMS 0x000000070d700000, 0x000000070d700000| Untracked 
| 196|0x000000070d800000, 0x000000070d800000, 0x000000070d900000|  0%| F|  |TAMS 0x000000070d800000, 0x000000070d800000| Untracked 
| 197|0x000000070d900000, 0x000000070d900000, 0x000000070da00000|  0%| F|  |TAMS 0x000000070d900000, 0x000000070d900000| Untracked 
| 198|0x000000070da00000, 0x000000070da00000, 0x000000070db00000|  0%| F|  |TAMS 0x000000070da00000, 0x000000070da00000| Untracked 
| 199|0x000000070db00000, 0x000000070db00000, 0x000000070dc00000|  0%| F|  |TAMS 0x000000070db00000, 0x000000070db00000| Untracked 
| 200|0x000000070dc00000, 0x000000070dc00000, 0x000000070dd00000|  0%| F|  |TAMS 0x000000070dc00000, 0x000000070dc00000| Untracked 
| 201|0x000000070dd00000, 0x000000070dd00000, 0x000000070de00000|  0%| F|  |TAMS 0x000000070dd00000, 0x000000070dd00000| Untracked 
| 202|0x000000070de00000, 0x000000070de00000, 0x000000070df00000|  0%| F|  |TAMS 0x000000070de00000, 0x000000070de00000| Untracked 
| 203|0x000000070df00000, 0x000000070df00000, 0x000000070e000000|  0%| F|  |TAMS 0x000000070df00000, 0x000000070df00000| Untracked 
| 204|0x000000070e000000, 0x000000070e000000, 0x000000070e100000|  0%| F|  |TAMS 0x000000070e000000, 0x000000070e000000| Untracked 
| 205|0x000000070e100000, 0x000000070e1a3d58, 0x000000070e200000| 63%| S|CS|TAMS 0x000000070e100000, 0x000000070e100000| Complete 
| 206|0x000000070e200000, 0x000000070e300000, 0x000000070e300000|100%| S|CS|TAMS 0x000000070e200000, 0x000000070e200000| Complete 
| 207|0x000000070e300000, 0x000000070e400000, 0x000000070e400000|100%| S|CS|TAMS 0x000000070e300000, 0x000000070e300000| Complete 
| 208|0x000000070e400000, 0x000000070e500000, 0x000000070e500000|100%| S|CS|TAMS 0x000000070e400000, 0x000000070e400000| Complete 
| 209|0x000000070e500000, 0x000000070e500000, 0x000000070e600000|  0%| F|  |TAMS 0x000000070e500000, 0x000000070e500000| Untracked 
| 210|0x000000070e600000, 0x000000070e600000, 0x000000070e700000|  0%| F|  |TAMS 0x000000070e600000, 0x000000070e600000| Untracked 
| 211|0x000000070e700000, 0x000000070e700000, 0x000000070e800000|  0%| F|  |TAMS 0x000000070e700000, 0x000000070e700000| Untracked 
| 212|0x000000070e800000, 0x000000070e800000, 0x000000070e900000|  0%| F|  |TAMS 0x000000070e800000, 0x000000070e800000| Untracked 
| 213|0x000000070e900000, 0x000000070e900000, 0x000000070ea00000|  0%| F|  |TAMS 0x000000070e900000, 0x000000070e900000| Untracked 
| 214|0x000000070ea00000, 0x000000070ea00000, 0x000000070eb00000|  0%| F|  |TAMS 0x000000070ea00000, 0x000000070ea00000| Untracked 
| 215|0x000000070eb00000, 0x000000070eb00000, 0x000000070ec00000|  0%| F|  |TAMS 0x000000070eb00000, 0x000000070eb00000| Untracked 
| 216|0x000000070ec00000, 0x000000070ec00000, 0x000000070ed00000|  0%| F|  |TAMS 0x000000070ec00000, 0x000000070ec00000| Untracked 
| 217|0x000000070ed00000, 0x000000070ee00000, 0x000000070ee00000|100%| S|CS|TAMS 0x000000070ed00000, 0x000000070ed00000| Complete 
| 218|0x000000070ee00000, 0x000000070ee00000, 0x000000070ef00000|  0%| F|  |TAMS 0x000000070ee00000, 0x000000070ee00000| Untracked 
| 219|0x000000070ef00000, 0x000000070ef00000, 0x000000070f000000|  0%| F|  |TAMS 0x000000070ef00000, 0x000000070ef00000| Untracked 
| 220|0x000000070f000000, 0x000000070f000000, 0x000000070f100000|  0%| F|  |TAMS 0x000000070f000000, 0x000000070f000000| Untracked 
| 221|0x000000070f100000, 0x000000070f100000, 0x000000070f200000|  0%| F|  |TAMS 0x000000070f100000, 0x000000070f100000| Untracked 
| 222|0x000000070f200000, 0x000000070f200000, 0x000000070f300000|  0%| F|  |TAMS 0x000000070f200000, 0x000000070f200000| Untracked 
| 223|0x000000070f300000, 0x000000070f300000, 0x000000070f400000|  0%| F|  |TAMS 0x000000070f300000, 0x000000070f300000| Untracked 
| 224|0x000000070f400000, 0x000000070f400000, 0x000000070f500000|  0%| F|  |TAMS 0x000000070f400000, 0x000000070f400000| Untracked 
| 225|0x000000070f500000, 0x000000070f500000, 0x000000070f600000|  0%| F|  |TAMS 0x000000070f500000, 0x000000070f500000| Untracked 
| 226|0x000000070f600000, 0x000000070f600000, 0x000000070f700000|  0%| F|  |TAMS 0x000000070f600000, 0x000000070f600000| Untracked 
| 227|0x000000070f700000, 0x000000070f700000, 0x000000070f800000|  0%| F|  |TAMS 0x000000070f700000, 0x000000070f700000| Untracked 
| 228|0x000000070f800000, 0x000000070f800000, 0x000000070f900000|  0%| F|  |TAMS 0x000000070f800000, 0x000000070f800000| Untracked 
| 229|0x000000070f900000, 0x000000070f900000, 0x000000070fa00000|  0%| F|  |TAMS 0x000000070f900000, 0x000000070f900000| Untracked 
| 230|0x000000070fa00000, 0x000000070fa00000, 0x000000070fb00000|  0%| F|  |TAMS 0x000000070fa00000, 0x000000070fa00000| Untracked 
| 231|0x000000070fb00000, 0x000000070fb00000, 0x000000070fc00000|  0%| F|  |TAMS 0x000000070fb00000, 0x000000070fb00000| Untracked 
| 232|0x000000070fc00000, 0x000000070fc00000, 0x000000070fd00000|  0%| F|  |TAMS 0x000000070fc00000, 0x000000070fc00000| Untracked 
| 233|0x000000070fd00000, 0x000000070fd00000, 0x000000070fe00000|  0%| F|  |TAMS 0x000000070fd00000, 0x000000070fd00000| Untracked 
| 234|0x000000070fe00000, 0x000000070fe00000, 0x000000070ff00000|  0%| F|  |TAMS 0x000000070fe00000, 0x000000070fe00000| Untracked 
| 235|0x000000070ff00000, 0x000000070ff00000, 0x0000000710000000|  0%| F|  |TAMS 0x000000070ff00000, 0x000000070ff00000| Untracked 
| 236|0x0000000710000000, 0x0000000710000000, 0x0000000710100000|  0%| F|  |TAMS 0x0000000710000000, 0x0000000710000000| Untracked 
| 237|0x0000000710100000, 0x0000000710100000, 0x0000000710200000|  0%| F|  |TAMS 0x0000000710100000, 0x0000000710100000| Untracked 
| 238|0x0000000710200000, 0x0000000710200000, 0x0000000710300000|  0%| F|  |TAMS 0x0000000710200000, 0x0000000710200000| Untracked 
| 239|0x0000000710300000, 0x0000000710300000, 0x0000000710400000|  0%| F|  |TAMS 0x0000000710300000, 0x0000000710300000| Untracked 
| 240|0x0000000710400000, 0x00000007104ab798, 0x0000000710500000| 66%| E|  |TAMS 0x0000000710400000, 0x0000000710400000| Complete 
| 241|0x0000000710500000, 0x0000000710600000, 0x0000000710600000|100%| E|CS|TAMS 0x0000000710500000, 0x0000000710500000| Complete 
| 242|0x0000000710600000, 0x0000000710700000, 0x0000000710700000|100%| E|CS|TAMS 0x0000000710600000, 0x0000000710600000| Complete 
| 243|0x0000000710700000, 0x0000000710800000, 0x0000000710800000|100%| E|CS|TAMS 0x0000000710700000, 0x0000000710700000| Complete 
| 244|0x0000000710800000, 0x0000000710900000, 0x0000000710900000|100%| E|CS|TAMS 0x0000000710800000, 0x0000000710800000| Complete 
| 245|0x0000000710900000, 0x0000000710a00000, 0x0000000710a00000|100%| E|CS|TAMS 0x0000000710900000, 0x0000000710900000| Complete 
| 246|0x0000000710a00000, 0x0000000710b00000, 0x0000000710b00000|100%| E|CS|TAMS 0x0000000710a00000, 0x0000000710a00000| Complete 
| 247|0x0000000710b00000, 0x0000000710c00000, 0x0000000710c00000|100%| E|CS|TAMS 0x0000000710b00000, 0x0000000710b00000| Complete 
| 248|0x0000000710c00000, 0x0000000710d00000, 0x0000000710d00000|100%| E|CS|TAMS 0x0000000710c00000, 0x0000000710c00000| Complete 
| 249|0x0000000710d00000, 0x0000000710e00000, 0x0000000710e00000|100%| E|CS|TAMS 0x0000000710d00000, 0x0000000710d00000| Complete 
| 250|0x0000000710e00000, 0x0000000710f00000, 0x0000000710f00000|100%| E|CS|TAMS 0x0000000710e00000, 0x0000000710e00000| Complete 
| 251|0x0000000710f00000, 0x0000000711000000, 0x0000000711000000|100%| E|CS|TAMS 0x0000000710f00000, 0x0000000710f00000| Complete 
| 252|0x0000000711000000, 0x0000000711100000, 0x0000000711100000|100%| E|CS|TAMS 0x0000000711000000, 0x0000000711000000| Complete 
| 253|0x0000000711100000, 0x0000000711200000, 0x0000000711200000|100%| E|  |TAMS 0x0000000711100000, 0x0000000711100000| Complete 
| 254|0x0000000711200000, 0x0000000711300000, 0x0000000711300000|100%| E|CS|TAMS 0x0000000711200000, 0x0000000711200000| Complete 
| 255|0x0000000711300000, 0x0000000711400000, 0x0000000711400000|100%| E|CS|TAMS 0x0000000711300000, 0x0000000711300000| Complete 

Card table byte_map: [0x000002b418240000,0x000002b418a40000] _byte_map_base: 0x000002b414a36000

Marking Bits (Prev, Next): (CMBitMap*) 0x000002b47da9be08, (CMBitMap*) 0x000002b47da9be40
 Prev Bits: [0x000002b419240000, 0x000002b41d1f0000)
 Next Bits: [0x000002b41d1f0000, 0x000002b4211a0000)

Polling page: 0x000002b400000000

Metaspace:

Usage:
  Non-class:     33.92 MB capacity,    33.17 MB ( 98%) used,   605.46 KB (  2%) free+waste,   165.06 KB ( <1%) overhead. 
      Class:      5.45 MB capacity,     4.87 MB ( 89%) used,   513.65 KB (  9%) free+waste,    83.94 KB (  2%) overhead. 
       Both:     39.37 MB capacity,    38.03 MB ( 97%) used,     1.09 MB (  3%) free+waste,   249.00 KB ( <1%) overhead. 

Virtual space:
  Non-class space:       34.00 MB reserved,      33.92 MB (>99%) committed 
      Class space:        1.00 GB reserved,       5.50 MB ( <1%) committed 
             Both:        1.03 GB reserved,      39.42 MB (  4%) committed 

Chunk freelists:
   Non-Class:  128 bytes
       Class:  2.50 KB
        Both:  2.63 KB

CodeHeap 'non-profiled nmethods': size=120064Kb used=2025Kb max_used=2025Kb free=118038Kb
 bounds [0x000002b40fec0000, 0x000002b410130000, 0x000002b417400000]
CodeHeap 'profiled nmethods': size=120000Kb used=9980Kb max_used=9980Kb free=110020Kb
 bounds [0x000002b408990000, 0x000002b409350000, 0x000002b40fec0000]
CodeHeap 'non-nmethods': size=5696Kb used=1506Kb max_used=1530Kb free=4190Kb
 bounds [0x000002b408400000, 0x000002b408670000, 0x000002b408990000]
 total_blobs=5745 nmethods=4740 adapters=916
 compilation: enabled
              stopped_count=0, restarted_count=0
 full_count=0

Compilation events (10 events):
Event: 34.665 Thread 0x000002b42414d000 4382       3       sun.awt.SunHints$Value::hashCode (5 bytes)
Event: 34.665 Thread 0x000002b42414d000 nmethod 4382 0x000002b409250110 code [0x000002b4092502c0, 0x000002b4092503e8]
Event: 34.666 Thread 0x000002b424144000 4383       4       sun.util.locale.BaseLocale$Key::hashCode (178 bytes)
Event: 34.667 Thread 0x000002b42414d000 4384   !   3       sun.java2d.SunGraphics2D::validateCompClip (186 bytes)
Event: 34.668 Thread 0x000002b42414d000 nmethod 4384 0x000002b409250490 code [0x000002b409250760, 0x000002b409251838]
Event: 34.668 Thread 0x000002b42414d000 4385       3       sun.java2d.SunGraphics2D::translate (68 bytes)
Event: 34.668 Thread 0x000002b42414d000 nmethod 4385 0x000002b409251d90 code [0x000002b409251f60, 0x000002b4092521d8]
Event: 34.668 Thread 0x000002b42414d000 4386       1       javax.swing.AbstractButton::getModel (5 bytes)
Event: 34.668 Thread 0x000002b42414d000 nmethod 4386 0x000002b410090410 code [0x000002b4100905a0, 0x000002b410090658]
Event: 34.673 Thread 0x000002b424144000 nmethod 4383 0x000002b410090710 code [0x000002b4100908e0, 0x000002b410090e30]

GC Heap History (6 events):
Event: 0.722 GC heap before
{Heap before GC invocations=0 (full 0):
 garbage-first heap   total 262144K, used 14336K [0x0000000701400000, 0x0000000800000000)
  region size 1024K, 14 young (14336K), 0 survivors (0K)
 Metaspace       used 9104K, capacity 9380K, committed 9600K, reserved 1058816K
  class space    used 905K, capacity 1032K, committed 1152K, reserved 1048576K
}
Event: 0.728 GC heap after
{Heap after GC invocations=1 (full 0):
 garbage-first heap   total 262144K, used 2045K [0x0000000701400000, 0x0000000800000000)
  region size 1024K, 2 young (2048K), 2 survivors (2048K)
 Metaspace       used 9104K, capacity 9380K, committed 9600K, reserved 1058816K
  class space    used 905K, capacity 1032K, committed 1152K, reserved 1048576K
}
Event: 2.065 GC heap before
{Heap before GC invocations=1 (full 0):
 garbage-first heap   total 262144K, used 49149K [0x0000000701400000, 0x0000000800000000)
  region size 1024K, 39 young (39936K), 2 survivors (2048K)
 Metaspace       used 20885K, capacity 21476K, committed 21552K, reserved 1069056K
  class space    used 2442K, capacity 2688K, committed 2688K, reserved 1048576K
}
Event: 2.077 GC heap after
{Heap after GC invocations=2 (full 0):
 garbage-first heap   total 262144K, used 16309K [0x0000000701400000, 0x0000000800000000)
  region size 1024K, 8 young (8192K), 8 survivors (8192K)
 Metaspace       used 20885K, capacity 21476K, committed 21552K, reserved 1069056K
  class space    used 2442K, capacity 2688K, committed 2688K, reserved 1048576K
}
Event: 3.881 GC heap before
{Heap before GC invocations=3 (full 0):
 garbage-first heap   total 262144K, used 68533K [0x0000000701400000, 0x0000000800000000)
  region size 1024K, 46 young (47104K), 8 survivors (8192K)
 Metaspace       used 31723K, capacity 32989K, committed 33072K, reserved 1077248K
  class space    used 4126K, capacity 4700K, committed 4736K, reserved 1048576K
}
Event: 3.905 GC heap after
{Heap after GC invocations=4 (full 0):
 garbage-first heap   total 262144K, used 34956K [0x0000000701400000, 0x0000000800000000)
  region size 1024K, 5 young (5120K), 5 survivors (5120K)
 Metaspace       used 31723K, capacity 32989K, committed 33072K, reserved 1077248K
  class space    used 4126K, capacity 4700K, committed 4736K, reserved 1048576K
}

Deoptimization events (10 events):
Event: 3.800 Thread 0x000002b42436b800 Uncommon trap: reason=unstable_if action=reinterpret pc=0x000002b40ff17268 method=jdk.internal.org.objectweb.asm.Frame.push(Ljdk/internal/org/objectweb/asm/ClassWriter;Ljava/lang/String;)V @ 18 c2
Event: 3.803 Thread 0x000002b42436b800 Uncommon trap: reason=unstable_if action=reinterpret pc=0x000002b40ff64838 method=java.lang.invoke.InvokerBytecodeGenerator.loadInsnOpcode(Ljava/lang/invoke/LambdaForm$BasicType;)I @ 8 c2
Event: 3.814 Thread 0x000002b424a0e000 Uncommon trap: reason=bimorphic_or_optimized_type_check action=maybe_recompile pc=0x000002b40fff4f44 method=java.io.BufferedInputStream.read1([BII)I @ 39 c2
Event: 3.814 Thread 0x000002b424a0e000 Uncommon trap: reason=unstable_if action=reinterpret pc=0x000002b40fff4144 method=java.io.BufferedInputStream.read1([BII)I @ 60 c2
Event: 3.925 Thread 0x000002b424a0e000 Uncommon trap: reason=bimorphic_or_optimized_type_check action=maybe_recompile pc=0x000002b40ffec3a8 method=java.io.BufferedInputStream.read1([BII)I @ 39 c2
Event: 3.925 Thread 0x000002b424a0e000 Uncommon trap: reason=unstable_if action=reinterpret pc=0x000002b40ffec0e0 method=java.io.BufferedInputStream.read1([BII)I @ 60 c2
Event: 4.282 Thread 0x000002b424a0e000 Uncommon trap: reason=unstable_if action=reinterpret pc=0x000002b41001a1fc method=com.sun.marlin.MaskMarlinAlphaConsumer.setAndClearRelativeAlphas([I[IIII)V @ 414 c2
Event: 4.403 Thread 0x000002b424a0e000 Uncommon trap: reason=unstable_if action=reinterpret pc=0x000002b41002e1e8 method=com.sun.marlin.Renderer._endRendering(IILcom/sun/marlin/MarlinAlphaConsumer;)V @ 1926 c2
Event: 5.390 Thread 0x000002b424a0e000 Uncommon trap: reason=unstable_if action=reinterpret pc=0x000002b410026d2c method=java.lang.Math.round(F)I @ 36 c2
Event: 5.968 Thread 0x000002b42436b800 Uncommon trap: reason=unstable_if action=reinterpret pc=0x000002b40ffcf1e0 method=java.lang.String.valueOf(Ljava/lang/Object;)Ljava/lang/String; @ 1 c2

Classes redefined (0 events):
No events

Internal exceptions (10 events):
Event: 3.805 Thread 0x000002b42436b800 Exception <a 'java/lang/NoSuchMethodError'{0x000000070ef1a338}: java.lang.invoke.Invokers$Holder.linkToTargetMethod(Ljava/lang/Object;JLjava/lang/Object;)Ljava/lang/Object;> (0x000000070ef1a338) thrown at [./open/src/hotspot/share/interpreter/linkResolver
Event: 3.820 Thread 0x000002b424a0e000 Exception <a 'java/lang/NoSuchMethodError'{0x000000070ef4a368}: java.lang.invoke.DirectMethodHandle$Holder.invokeStaticInit(Ljava/lang/Object;I)Ljava/lang/Object;> (0x000000070ef4a368) thrown at [./open/src/hotspot/share/interpreter/linkResolver.cpp, line
Event: 5.963 Thread 0x000002b42436b800 Exception <a 'java/lang/ClassNotFoundException'{0x0000000710e2ac60}: com/sun/swing/internal/plaf/metal/resources/spi/metalProvider> (0x0000000710e2ac60) thrown at [./open/src/hotspot/share/classfile/systemDictionary.cpp, line 228]
Event: 5.965 Thread 0x000002b42436b800 Exception <a 'java/lang/ClassNotFoundException'{0x0000000710e2e6c0}: com/sun/swing/internal/plaf/basic/resources/spi/basicProvider> (0x0000000710e2e6c0) thrown at [./open/src/hotspot/share/classfile/systemDictionary.cpp, line 228]
Event: 21.943 Thread 0x000002b42b39b800 Exception <a 'java/io/FileNotFoundException'{0x0000000710c60990}> (0x0000000710c60990) thrown at [./open/src/hotspot/share/prims/jni.cpp, line 611]
Event: 22.967 Thread 0x000002b42b3a0000 Exception <a 'java/lang/NoSuchMethodError'{0x0000000710ec9b10}: java.lang.invoke.DirectMethodHandle$Holder.invokeVirtual(Ljava/lang/Object;Ljava/lang/Object;)V> (0x0000000710ec9b10) thrown at [./open/src/hotspot/share/interpreter/linkResolver.cpp, line 77
Event: 27.132 Thread 0x000002b42b39b800 Exception <a 'java/io/FileNotFoundException'{0x0000000710c84cb8}> (0x0000000710c84cb8) thrown at [./open/src/hotspot/share/prims/jni.cpp, line 611]
Event: 27.132 Thread 0x000002b42b39b800 Exception <a 'java/io/FileNotFoundException'{0x0000000710c93818}> (0x0000000710c93818) thrown at [./open/src/hotspot/share/prims/jni.cpp, line 611]
Event: 32.260 Thread 0x000002b42b39b800 Exception <a 'java/io/FileNotFoundException'{0x0000000710ca57c8}> (0x0000000710ca57c8) thrown at [./open/src/hotspot/share/prims/jni.cpp, line 611]
Event: 32.282 Thread 0x000002b42b39b800 Exception <a 'java/lang/ClassNotFoundException'{0x0000000710b1d218}: sun/util/logging/resources/spi/loggingProvider> (0x0000000710b1d218) thrown at [./open/src/hotspot/share/classfile/systemDictionary.cpp, line 228]

Events (10 events):
Event: 34.775 loading class gnu/io/RXTXPort$MonitorThread
Event: 34.775 loading class gnu/io/RXTXPort$MonitorThread done
Event: 34.777 Thread 0x000002b42b39c800 Thread added: 0x000002b42b39c800
Event: 34.784 loading class org/zu/ardulink/connection/serial/AbstractSerialConnection$SerialReader
Event: 34.784 loading class org/zu/ardulink/connection/serial/AbstractSerialConnection$SerialReader done
Event: 34.784 Thread 0x000002b42b39f000 Thread added: 0x000002b42b39f000
Event: 34.785 Executing VM operation: RevokeBias
Event: 34.785 Executing VM operation: RevokeBias done
Event: 34.785 Executing VM operation: RevokeBias
Event: 34.785 Executing VM operation: RevokeBias done


Dynamic libraries:
0x00007ff7ed050000 - 0x00007ff7ed05f000 	C:\Program Files\Java\jdk-11.0.12\bin\java.exe
0x00007ffabed50000 - 0x00007ffabef45000 	C:\WINDOWS\SYSTEM32\ntdll.dll
0x00007ffabdd40000 - 0x00007ffabddfe000 	C:\WINDOWS\System32\KERNEL32.DLL
0x00007ffabca80000 - 0x00007ffabcd48000 	C:\WINDOWS\System32\KERNELBASE.dll
0x00007ffabc650000 - 0x00007ffabc750000 	C:\WINDOWS\System32\ucrtbase.dll
0x00007ffa9e0b0000 - 0x00007ffa9e0c8000 	C:\Program Files\Java\jdk-11.0.12\bin\jli.dll
0x00007ffa9e090000 - 0x00007ffa9e0a5000 	C:\Program Files\Java\jdk-11.0.12\bin\VCRUNTIME140.dll
0x00007ffabde10000 - 0x00007ffabdebc000 	C:\WINDOWS\System32\ADVAPI32.dll
0x00007ffabd110000 - 0x00007ffabd1ae000 	C:\WINDOWS\System32\msvcrt.dll
0x00007ffabd3d0000 - 0x00007ffabd46b000 	C:\WINDOWS\System32\sechost.dll
0x00007ffabd2a0000 - 0x00007ffabd3ca000 	C:\WINDOWS\System32\RPCRT4.dll
0x00007ffabdb30000 - 0x00007ffabdcd1000 	C:\WINDOWS\System32\USER32.dll
0x00007ffabb810000 - 0x00007ffabbaaa000 	C:\WINDOWS\WinSxS\amd64_microsoft.windows.common-controls_6595b64144ccf1df_6.0.19041.1110_none_60b5254171f9507e\COMCTL32.dll
0x00007ffabc570000 - 0x00007ffabc592000 	C:\WINDOWS\System32\win32u.dll
0x00007ffabd4d0000 - 0x00007ffabd4fb000 	C:\WINDOWS\System32\GDI32.dll
0x00007ffabc8b0000 - 0x00007ffabc9bb000 	C:\WINDOWS\System32\gdi32full.dll
0x00007ffabc470000 - 0x00007ffabc50d000 	C:\WINDOWS\System32\msvcp_win.dll
0x00007ffab04d0000 - 0x00007ffab04da000 	C:\WINDOWS\SYSTEM32\VERSION.dll
0x00007ffabda50000 - 0x00007ffabda80000 	C:\WINDOWS\System32\IMM32.DLL
0x00007ffa8cf80000 - 0x00007ffa8d01b000 	C:\Program Files\Java\jdk-11.0.12\bin\msvcp140.dll
0x00007ffa382c0000 - 0x00007ffa38dbf000 	C:\Program Files\Java\jdk-11.0.12\bin\server\jvm.dll
0x00007ffabd620000 - 0x00007ffabd628000 	C:\WINDOWS\System32\PSAPI.DLL
0x00007ffa90820000 - 0x00007ffa90829000 	C:\WINDOWS\SYSTEM32\WSOCK32.dll
0x00007ffa9d000000 - 0x00007ffa9d027000 	C:\WINDOWS\SYSTEM32\WINMM.dll
0x00007ffabd5b0000 - 0x00007ffabd61b000 	C:\WINDOWS\System32\WS2_32.dll
0x00007ffaba6a0000 - 0x00007ffaba6b2000 	C:\WINDOWS\SYSTEM32\kernel.appcore.dll
0x00007ffaa0c90000 - 0x00007ffaa0ca0000 	C:\Program Files\Java\jdk-11.0.12\bin\verify.dll
0x00007ffabbd90000 - 0x00007ffabbf74000 	C:\WINDOWS\SYSTEM32\DBGHELP.DLL
0x00007ffabbbc0000 - 0x00007ffabbbec000 	C:\WINDOWS\SYSTEM32\dbgcore.DLL
0x00007ffabc9f0000 - 0x00007ffabca73000 	C:\WINDOWS\System32\bcryptPrimitives.dll
0x00007ffa8cf50000 - 0x00007ffa8cf78000 	C:\Program Files\Java\jdk-11.0.12\bin\java.dll
0x00007ffa9fc80000 - 0x00007ffa9fc8a000 	C:\Program Files\Java\jdk-11.0.12\bin\jimage.dll
0x00007ffa9e070000 - 0x00007ffa9e086000 	C:\Program Files\Java\jdk-11.0.12\bin\zip.dll
0x00007ffabdec0000 - 0x00007ffabe5ff000 	C:\WINDOWS\System32\SHELL32.dll
0x00007ffab9790000 - 0x00007ffab9f20000 	C:\WINDOWS\SYSTEM32\windows.storage.dll
0x00007ffabcdb0000 - 0x00007ffabd105000 	C:\WINDOWS\System32\combase.dll
0x00007ffabb770000 - 0x00007ffabb79e000 	C:\WINDOWS\SYSTEM32\Wldp.dll
0x00007ffabda80000 - 0x00007ffabdb2d000 	C:\WINDOWS\System32\SHCORE.dll
0x00007ffabd470000 - 0x00007ffabd4c5000 	C:\WINDOWS\System32\shlwapi.dll
0x00007ffabc3b0000 - 0x00007ffabc3cf000 	C:\WINDOWS\SYSTEM32\profapi.dll
0x00007ffa90940000 - 0x00007ffa90959000 	C:\Program Files\Java\jdk-11.0.12\bin\net.dll
0x00007ffab5320000 - 0x00007ffab542c000 	C:\WINDOWS\SYSTEM32\WINHTTP.dll
0x00007ffabb640000 - 0x00007ffabb6aa000 	C:\WINDOWS\system32\mswsock.dll
0x00007ffa8cf30000 - 0x00007ffa8cf42000 	C:\Program Files\Java\jdk-11.0.12\bin\nio.dll
0x000002b425d60000 - 0x000002b425d63000 	C:\Program Files\Java\openjfx-17.0.1_windows-x64_bin-sdk\javafx-sdk-17.0.1\bin\api-ms-win-core-console-l1-1-0.dll
0x000002b425d70000 - 0x000002b425d73000 	C:\Program Files\Java\openjfx-17.0.1_windows-x64_bin-sdk\javafx-sdk-17.0.1\bin\api-ms-win-core-console-l1-2-0.dll
0x000002b425d80000 - 0x000002b425d83000 	C:\Program Files\Java\openjfx-17.0.1_windows-x64_bin-sdk\javafx-sdk-17.0.1\bin\api-ms-win-core-datetime-l1-1-0.dll
0x000002b425d90000 - 0x000002b425d93000 	C:\Program Files\Java\openjfx-17.0.1_windows-x64_bin-sdk\javafx-sdk-17.0.1\bin\api-ms-win-core-debug-l1-1-0.dll
0x000002b425da0000 - 0x000002b425da3000 	C:\Program Files\Java\openjfx-17.0.1_windows-x64_bin-sdk\javafx-sdk-17.0.1\bin\api-ms-win-core-errorhandling-l1-1-0.dll
0x000002b425db0000 - 0x000002b425db4000 	C:\Program Files\Java\openjfx-17.0.1_windows-x64_bin-sdk\javafx-sdk-17.0.1\bin\api-ms-win-core-file-l1-1-0.dll
0x000002b425dc0000 - 0x000002b425dc3000 	C:\Program Files\Java\openjfx-17.0.1_windows-x64_bin-sdk\javafx-sdk-17.0.1\bin\api-ms-win-core-file-l1-2-0.dll
0x000002b425dd0000 - 0x000002b425dd3000 	C:\Program Files\Java\openjfx-17.0.1_windows-x64_bin-sdk\javafx-sdk-17.0.1\bin\api-ms-win-core-file-l2-1-0.dll
0x000002b425de0000 - 0x000002b425de3000 	C:\Program Files\Java\openjfx-17.0.1_windows-x64_bin-sdk\javafx-sdk-17.0.1\bin\api-ms-win-core-handle-l1-1-0.dll
0x000002b425df0000 - 0x000002b425df3000 	C:\Program Files\Java\openjfx-17.0.1_windows-x64_bin-sdk\javafx-sdk-17.0.1\bin\api-ms-win-core-heap-l1-1-0.dll
0x000002b425e00000 - 0x000002b425e03000 	C:\Program Files\Java\openjfx-17.0.1_windows-x64_bin-sdk\javafx-sdk-17.0.1\bin\api-ms-win-core-interlocked-l1-1-0.dll
0x000002b425fe0000 - 0x000002b425fe3000 	C:\Program Files\Java\openjfx-17.0.1_windows-x64_bin-sdk\javafx-sdk-17.0.1\bin\api-ms-win-core-libraryloader-l1-1-0.dll
0x000002b4261b0000 - 0x000002b4261b3000 	C:\Program Files\Java\openjfx-17.0.1_windows-x64_bin-sdk\javafx-sdk-17.0.1\bin\api-ms-win-core-localization-l1-2-0.dll
0x000002b4261c0000 - 0x000002b4261c3000 	C:\Program Files\Java\openjfx-17.0.1_windows-x64_bin-sdk\javafx-sdk-17.0.1\bin\api-ms-win-core-memory-l1-1-0.dll
0x000002b4261d0000 - 0x000002b4261d3000 	C:\Program Files\Java\openjfx-17.0.1_windows-x64_bin-sdk\javafx-sdk-17.0.1\bin\api-ms-win-core-namedpipe-l1-1-0.dll
0x000002b4261e0000 - 0x000002b4261e3000 	C:\Program Files\Java\openjfx-17.0.1_windows-x64_bin-sdk\javafx-sdk-17.0.1\bin\api-ms-win-core-processenvironment-l1-1-0.dll
0x000002b4261f0000 - 0x000002b4261f3000 	C:\Program Files\Java\openjfx-17.0.1_windows-x64_bin-sdk\javafx-sdk-17.0.1\bin\api-ms-win-core-processthreads-l1-1-0.dll
0x000002b426200000 - 0x000002b426203000 	C:\Program Files\Java\openjfx-17.0.1_windows-x64_bin-sdk\javafx-sdk-17.0.1\bin\api-ms-win-core-processthreads-l1-1-1.dll
0x000002b426210000 - 0x000002b426213000 	C:\Program Files\Java\openjfx-17.0.1_windows-x64_bin-sdk\javafx-sdk-17.0.1\bin\api-ms-win-core-profile-l1-1-0.dll
0x000002b425e10000 - 0x000002b425e13000 	C:\Program Files\Java\openjfx-17.0.1_windows-x64_bin-sdk\javafx-sdk-17.0.1\bin\api-ms-win-core-rtlsupport-l1-1-0.dll
0x000002b425e20000 - 0x000002b425e23000 	C:\Program Files\Java\openjfx-17.0.1_windows-x64_bin-sdk\javafx-sdk-17.0.1\bin\api-ms-win-core-string-l1-1-0.dll
0x000002b425e30000 - 0x000002b425e33000 	C:\Program Files\Java\openjfx-17.0.1_windows-x64_bin-sdk\javafx-sdk-17.0.1\bin\api-ms-win-core-synch-l1-1-0.dll
0x000002b425e40000 - 0x000002b425e43000 	C:\Program Files\Java\openjfx-17.0.1_windows-x64_bin-sdk\javafx-sdk-17.0.1\bin\api-ms-win-core-synch-l1-2-0.dll
0x000002b425e50000 - 0x000002b425e53000 	C:\Program Files\Java\openjfx-17.0.1_windows-x64_bin-sdk\javafx-sdk-17.0.1\bin\api-ms-win-core-sysinfo-l1-1-0.dll
0x000002b425e60000 - 0x000002b425e63000 	C:\Program Files\Java\openjfx-17.0.1_windows-x64_bin-sdk\javafx-sdk-17.0.1\bin\api-ms-win-core-timezone-l1-1-0.dll
0x000002b425e70000 - 0x000002b425e73000 	C:\Program Files\Java\openjfx-17.0.1_windows-x64_bin-sdk\javafx-sdk-17.0.1\bin\api-ms-win-core-util-l1-1-0.dll
0x000002b425e80000 - 0x000002b425e83000 	C:\Program Files\Java\openjfx-17.0.1_windows-x64_bin-sdk\javafx-sdk-17.0.1\bin\api-ms-win-crt-conio-l1-1-0.dll
0x000002b425e90000 - 0x000002b425e94000 	C:\Program Files\Java\openjfx-17.0.1_windows-x64_bin-sdk\javafx-sdk-17.0.1\bin\api-ms-win-crt-convert-l1-1-0.dll
0x000002b425ea0000 - 0x000002b425ea3000 	C:\Program Files\Java\openjfx-17.0.1_windows-x64_bin-sdk\javafx-sdk-17.0.1\bin\api-ms-win-crt-environment-l1-1-0.dll
0x000002b425eb0000 - 0x000002b425eb3000 	C:\Program Files\Java\openjfx-17.0.1_windows-x64_bin-sdk\javafx-sdk-17.0.1\bin\api-ms-win-crt-filesystem-l1-1-0.dll
0x000002b425ec0000 - 0x000002b425ec3000 	C:\Program Files\Java\openjfx-17.0.1_windows-x64_bin-sdk\javafx-sdk-17.0.1\bin\api-ms-win-crt-heap-l1-1-0.dll
0x000002b425ed0000 - 0x000002b425ed3000 	C:\Program Files\Java\openjfx-17.0.1_windows-x64_bin-sdk\javafx-sdk-17.0.1\bin\api-ms-win-crt-locale-l1-1-0.dll
0x000002b425ee0000 - 0x000002b425ee5000 	C:\Program Files\Java\openjfx-17.0.1_windows-x64_bin-sdk\javafx-sdk-17.0.1\bin\api-ms-win-crt-math-l1-1-0.dll
0x000002b425ef0000 - 0x000002b425ef5000 	C:\Program Files\Java\openjfx-17.0.1_windows-x64_bin-sdk\javafx-sdk-17.0.1\bin\api-ms-win-crt-multibyte-l1-1-0.dll
0x000002b425f00000 - 0x000002b425f10000 	C:\Program Files\Java\openjfx-17.0.1_windows-x64_bin-sdk\javafx-sdk-17.0.1\bin\api-ms-win-crt-private-l1-1-0.dll
0x000002b425f10000 - 0x000002b425f13000 	C:\Program Files\Java\openjfx-17.0.1_windows-x64_bin-sdk\javafx-sdk-17.0.1\bin\api-ms-win-crt-process-l1-1-0.dll
0x000002b425f20000 - 0x000002b425f24000 	C:\Program Files\Java\openjfx-17.0.1_windows-x64_bin-sdk\javafx-sdk-17.0.1\bin\api-ms-win-crt-runtime-l1-1-0.dll
0x000002b425f30000 - 0x000002b425f34000 	C:\Program Files\Java\openjfx-17.0.1_windows-x64_bin-sdk\javafx-sdk-17.0.1\bin\api-ms-win-crt-stdio-l1-1-0.dll
0x000002b425f40000 - 0x000002b425f44000 	C:\Program Files\Java\openjfx-17.0.1_windows-x64_bin-sdk\javafx-sdk-17.0.1\bin\api-ms-win-crt-string-l1-1-0.dll
0x000002b425f50000 - 0x000002b425f53000 	C:\Program Files\Java\openjfx-17.0.1_windows-x64_bin-sdk\javafx-sdk-17.0.1\bin\api-ms-win-crt-time-l1-1-0.dll
0x000002b425f60000 - 0x000002b425f63000 	C:\Program Files\Java\openjfx-17.0.1_windows-x64_bin-sdk\javafx-sdk-17.0.1\bin\api-ms-win-crt-utility-l1-1-0.dll
0x00007ffa6e3c0000 - 0x00007ffa6e4bc000 	C:\Program Files\Java\openjfx-17.0.1_windows-x64_bin-sdk\javafx-sdk-17.0.1\bin\ucrtbase.dll
0x00007ffa8cf10000 - 0x00007ffa8cf2a000 	C:\Program Files\Java\openjfx-17.0.1_windows-x64_bin-sdk\javafx-sdk-17.0.1\bin\vcruntime140.dll
0x00007ffa96200000 - 0x00007ffa9620c000 	C:\Program Files\Java\openjfx-17.0.1_windows-x64_bin-sdk\javafx-sdk-17.0.1\bin\vcruntime140_1.dll
0x00007ffa6e330000 - 0x00007ffa6e3bd000 	C:\Program Files\Java\openjfx-17.0.1_windows-x64_bin-sdk\javafx-sdk-17.0.1\bin\msvcp140.dll
0x00007ffa8cee0000 - 0x00007ffa8cf0a000 	C:\Program Files\Java\openjfx-17.0.1_windows-x64_bin-sdk\javafx-sdk-17.0.1\bin\prism_d3d.dll
0x00007ffa68b10000 - 0x00007ffa68cde000 	C:\WINDOWS\system32\d3d9.dll
0x00007ffab93d0000 - 0x00007ffab93ff000 	C:\WINDOWS\SYSTEM32\dwmapi.dll
0x00007ffab91b0000 - 0x00007ffab924e000 	C:\WINDOWS\system32\uxtheme.dll
0x00007ffa64670000 - 0x00007ffa66bae000 	C:\WINDOWS\SYSTEM32\igdumdim64.dll
0x00007ffabd850000 - 0x00007ffabd91d000 	C:\WINDOWS\System32\OLEAUT32.dll
0x00007ffabd920000 - 0x00007ffabda4a000 	C:\WINDOWS\System32\ole32.dll
0x00007ffabe600000 - 0x00007ffabea72000 	C:\WINDOWS\System32\SETUPAPI.dll
0x00007ffabcd50000 - 0x00007ffabcd9e000 	C:\WINDOWS\System32\cfgmgr32.dll
0x00007ffabc9c0000 - 0x00007ffabc9e7000 	C:\WINDOWS\System32\bcrypt.dll
0x00007ffa756f0000 - 0x00007ffa75732000 	C:\Program Files\Java\openjfx-17.0.1_windows-x64_bin-sdk\javafx-sdk-17.0.1\bin\glass.dll
0x00007ffabd630000 - 0x00007ffabd70a000 	C:\WINDOWS\System32\COMDLG32.dll
0x00007ffabd710000 - 0x00007ffabd825000 	C:\WINDOWS\System32\MSCTF.dll
0x00007ffaabae0000 - 0x00007ffaac520000 	C:\WINDOWS\SYSTEM32\igdusc64.dll
0x00007ffab4fe0000 - 0x00007ffab501b000 	C:\WINDOWS\SYSTEM32\dxcore.dll
0x00007ffa89b40000 - 0x00007ffa89b54000 	C:\Program Files\Java\openjfx-17.0.1_windows-x64_bin-sdk\javafx-sdk-17.0.1\bin\javafx_font.dll
0x00007ffaab090000 - 0x00007ffaab313000 	C:\WINDOWS\SYSTEM32\dwrite.dll
0x00007ffa39d00000 - 0x00007ffa39e9a000 	C:\Program Files\Java\jdk-11.0.12\bin\awt.dll
0x00007ffab8fb0000 - 0x00007ffab9040000 	C:\WINDOWS\SYSTEM32\apphelp.dll
0x00007ffabd500000 - 0x00007ffabd5a9000 	C:\WINDOWS\System32\clbcatq.dll
0x00007ffab2470000 - 0x00007ffab2624000 	C:\WINDOWS\SYSTEM32\WindowsCodecs.dll
0x00007ffab6590000 - 0x00007ffab65ce000 	C:\WINDOWS\system32\dataexchange.dll
0x00007ffab83c0000 - 0x00007ffab85a5000 	C:\WINDOWS\system32\dcomp.dll
0x00007ffab75d0000 - 0x00007ffab7834000 	C:\WINDOWS\system32\d3d11.dll
0x00007ffaba710000 - 0x00007ffaba804000 	C:\WINDOWS\system32\dxgi.dll
0x00007ffab3350000 - 0x00007ffab3551000 	C:\WINDOWS\system32\twinapi.appcore.dll
0x00007ffa8d020000 - 0x00007ffa8d054000 	C:\Program Files\Common Files\Microsoft Shared\Ink\rtscom.dll
0x00007ffab0130000 - 0x00007ffab0229000 	C:\WINDOWS\SYSTEM32\textinputframework.dll
0x00007ffab8cd0000 - 0x00007ffab8dc2000 	C:\WINDOWS\System32\CoreMessaging.dll
0x00007ffab8940000 - 0x00007ffab8c9e000 	C:\WINDOWS\System32\CoreUIComponents.dll
0x00007ffabc0e0000 - 0x00007ffabc113000 	C:\WINDOWS\SYSTEM32\ntmarta.dll
0x00007ffab8260000 - 0x00007ffab83b4000 	C:\WINDOWS\SYSTEM32\wintypes.dll
0x00007ffa64070000 - 0x00007ffa640f6000 	C:\Program Files\Java\jdk-11.0.12\bin\freetype.dll
0x00007ffa63d50000 - 0x00007ffa63df2000 	C:\Program Files\Java\jdk-11.0.12\bin\fontmanager.dll
0x00007ffab7ca0000 - 0x00007ffab8260000 	C:\WINDOWS\SYSTEM32\d2d1.dll
0x00007ffaaf7f0000 - 0x00007ffaafee6000 	C:\WINDOWS\SYSTEM32\D3D10Warp.dll
0x00007ffa91a80000 - 0x00007ffa91ba5000 	C:\WINDOWS\system32\opengl32.dll
0x00007ffab44e0000 - 0x00007ffab450c000 	C:\WINDOWS\SYSTEM32\GLU32.dll
0x0000000180000000 - 0x0000000180025000 	C:\Program Files\Java\jdk-11.0.12\bin\rxtxSerial.dll

dbghelp: loaded successfully - version: 4.0.5 - missing functions: none
symbol engine: initialized successfully - sym options: 0x614 - pdb path: .;C:\Program Files\Java\jdk-11.0.12\bin;C:\WINDOWS\SYSTEM32;C:\WINDOWS\WinSxS\amd64_microsoft.windows.common-controls_6595b64144ccf1df_6.0.19041.1110_none_60b5254171f9507e;C:\Program Files\Java\jdk-11.0.12\bin\server;C:\Program Files\Java\openjfx-17.0.1_windows-x64_bin-sdk\javafx-sdk-17.0.1\bin;C:\Program Files\Common Files\Microsoft Shared\Ink

VM Arguments:
jvm_args: --module-path=C:\Program Files\Java\openjfx-17.0.1_windows-x64_bin-sdk\javafx-sdk-17.0.1\lib --add-modules=javafx.controls,javafx.fxml 
java_command: gui4.Ginterface
java_class_path (initial): C:\Users\Admin\Documents\NetBeansProjects\gui4\target\classes;C:\Users\Admin\.m2\repository\org\openjfx\javafx-controls\11\javafx-controls-11.jar;C:\Users\Admin\.m2\repository\org\openjfx\javafx-controls\11\javafx-controls-11-win.jar;C:\Users\Admin\.m2\repository\org\openjfx\javafx-fxml\11\javafx-fxml-11.jar;C:\Users\Admin\.m2\repository\org\openjfx\javafx-fxml\11\javafx-fxml-11-win.jar;C:\Users\Admin\.m2\repository\org\zu\ardulink\ardulink\1\ardulink-1.jar;C:\Users\Admin\.m2\repository\org\apache\commons\commons-math3\3.6.1\commons-math3-3.6.1.jar;C:\Users\Admin\.m2\repository\org\jfree\jfreechart\1.5.3\jfreechart-1.5.3.jar;C:\Users\Admin\.m2\repository\org\jfree\org.jfree.chart.fx\2.0.1\org.jfree.chart.fx-2.0.1.jar;C:\Users\Admin\.m2\repository\org\jfree\org.jfree.fxgraphics2d\2.1\org.jfree.fxgraphics2d-2.1.jar;C:\Users\Admin\.m2\repository\org\openjfx\javafx-swing\15\javafx-swing-15.jar;C:\Users\Admin\.m2\repository\org\openjfx\javafx-swing\15\javafx-swing-15-win.jar;C:\Users\Admin\.m2\repository\org\openjfx\javafx-graphics\15\javafx-graphics-15.jar;C:\Users\Admin\.m2\repository\org\openjfx\javafx-graphics\15\javafx-graphics-15-win.jar;C:\Users\Admin\.m2\repository\org\openjfx\javafx-base\15\javafx-base-15.jar;C:\Users\Admin\.m2\repository\org\openjfx\javafx-base\15\javafx-base-15-win.jar;C:\Users\Admin\.m2\repository\org\ardulink\ardulink-core-serial-rxtx\2.1.1\ardulink-core-serial-rxtx-2.1.1.jar;C:\Users\Admin\.m2\repository\org\ardulink\ardulink-core-base\2.1.1\ardulink-core-base-2.1.1.jar;C:\Users\Admin\.m2\repository\org\ardulink\ardulink-core-util\2.1.1\ardulink-core-util-2.1.1.jar;C:\Users\Admin\.m2\repository\org\ardulink\ardulink-core-beans\2.1.1\ardulink-core-beans-2.1.1.jar;C:\Users\Admin\.m2\repository\javax\validation\validation-api\1.0.0.GA\validation-api-1.0.0.GA.jar;C:\Users\Admin\.m2\repository\org\rxtx\rxtx\2.2pre2\rxtx-2.2pre2.jar;C:\Users\Admin\.m2\repository\org\slf4j\slf4j-api\1.7.12\slf4j-api-1.7.12.jar;C:\Users
Launcher Type: SUN_STANDARD

[Global flags]
     intx CICompilerCount                          = 3                                         {product} {ergonomic}
     uint ConcGCThreads                            = 1                                         {product} {ergonomic}
     uint G1ConcRefinementThreads                  = 4                                         {product} {ergonomic}
   size_t G1HeapRegionSize                         = 1048576                                   {product} {ergonomic}
    uintx GCDrainStackTargetSize                   = 64                                        {product} {ergonomic}
   size_t InitialHeapSize                          = 268435456                                 {product} {ergonomic}
   size_t MarkStackSize                            = 4194304                                   {product} {ergonomic}
   size_t MaxHeapSize                              = 4273995776                                {product} {ergonomic}
   size_t MaxNewSize                               = 2563768320                                {product} {ergonomic}
   size_t MinHeapDeltaBytes                        = 1048576                                   {product} {ergonomic}
    uintx NonNMethodCodeHeapSize                   = 5830732                                {pd product} {ergonomic}
    uintx NonProfiledCodeHeapSize                  = 122913754                              {pd product} {ergonomic}
    uintx ProfiledCodeHeapSize                     = 122913754                              {pd product} {ergonomic}
    uintx ReservedCodeCacheSize                    = 251658240                              {pd product} {ergonomic}
     bool SegmentedCodeCache                       = true                                      {product} {ergonomic}
     bool UseCompressedClassPointers               = true                                 {lp64_product} {ergonomic}
     bool UseCompressedOops                        = true                                 {lp64_product} {ergonomic}
     bool UseG1GC                                  = true                                      {product} {ergonomic}
     bool UseLargePagesIndividualAllocation        = false                                  {pd product} {ergonomic}

Logging:
Log output configuration:
 #0: stdout all=warning uptime,level,tags
 #1: stderr all=off uptime,level,tags

Environment Variables:
JAVA_HOME=C:\Program Files\Java\jdk-11.0.12
PATH=C:\Program Files\Common Files\Oracle\Java\javapath;C:\Program Files (x86)\Common Files\Oracle\Java\javapath;C:\WINDOWS\system32;C:\WINDOWS;C:\WINDOWS\System32\Wbem;C:\WINDOWS\System32\WindowsPowerShell\v1.0\;C:\WINDOWS\System32\OpenSSH\;C:\Program Files (x86)\IVI Foundation\VISA\WinNT\Bin\;C:\Program Files\IVI Foundation\VISA\Win64\Bin\;C:\Program Files (x86)\IVI Foundation\VISA\WinNT\Bin;C:\Program Files (x86)\IVI Foundation\IVI\bin;C:\Program Files\IVI Foundation\IVI\bin;C:\Program Files\dotnet\;C:\Program Files (x86)\dotnet\;C:\Program Files\MATLAB\R2021b\bin;C:\Users\Admin\AppData\Local\Microsoft\WindowsApps;C:\Users\Admin\.dotnet\tools;C:\mvn\apache-maven-3.8.3\bin;
USERNAME=Admin
OS=Windows_NT
PROCESSOR_IDENTIFIER=Intel64 Family 6 Model 61 Stepping 4, GenuineIntel



---------------  S Y S T E M  ---------------

OS: Windows 10 , 64 bit Build 19041 (10.0.19041.1348)

CPU:total 4 (initial active 4) (2 cores per cpu, 2 threads per core) family 6 model 61 stepping 4 microcode 0x2d, cmov, cx8, fxsr, mmx, sse, sse2, sse3, ssse3, sse4.1, sse4.2, popcnt, avx, avx2, aes, clmul, erms, 3dnowpref, lzcnt, ht, tsc, tscinvbit, bmi1, bmi2, adx, fma

Memory: 4k page, system-wide physical 16302M (5164M free)
TotalPageFile size 20816M (AvailPageFile size 3081M)
current process WorkingSet (physical memory assigned to process): 283M, peak: 291M
current process commit charge ("private bytes"): 514M, peak: 519M

vm_info: Java HotSpot(TM) 64-Bit Server VM (11.0.12+8-LTS-237) for windows-amd64 JRE (11.0.12+8-LTS-237), built on Jun  8 2021 11:25:59 by "mach5one" with MS VC++ 15.9 (VS2017)

END.
