#
# A fatal error has been detected by the Java Runtime Environment:
#
#  EXCEPTION_ACCESS_VIOLATION (0xc0000005) at pc=0x0000000180005b00, pid=13096, tid=17748
#
# JRE version: Java(TM) SE Runtime Environment 18.9 (11.0.12+8) (build 11.0.12+8-LTS-237)
# Java VM: Java HotSpot(TM) 64-Bit Server VM 18.9 (11.0.12+8-LTS-237, mixed mode, tiered, compressed oops, g1 gc, windows-amd64)
# Problematic frame:
# C  [rxtxSerial.dll+0x5b00]
#
# No core dump will be written. Minidumps are not enabled by default on client versions of Windows
#
# If you would like to submit a bug report, please visit:
#   https://bugreport.java.com/bugreport/crash.jsp
# The crash happened outside the Java Virtual Machine in native code.
# See problematic frame for where to report the bug.
#

---------------  S U M M A R Y ------------

Command Line: --module-path=C:\Program Files\Java\openjfx-17.0.1_windows-x64_bin-sdk\javafx-sdk-17.0.1\lib --add-modules=javafx.controls,javafx.fxml gui4.Ginterface

Host: Intel(R) Core(TM) i5-5200U CPU @ 2.20GHz, 4 cores, 15G,  Windows 10 , 64 bit Build 19041 (10.0.19041.1348)
Time: Mon Dec 13 05:24:26 2021 Œrodkowoeuropejski czas stand. elapsed time: 40.835179 seconds (0d 0h 0m 40s)

---------------  T H R E A D  ---------------

Current thread (0x000002685c6ca000):  JavaThread "Thread-13" [_thread_in_native, id=17748, stack(0x0000007740200000,0x0000007740300000)]

Stack: [0x0000007740200000,0x0000007740300000],  sp=0x00000077402feec0,  free space=1019k
Native frames: (J=compiled Java code, j=interpreted, Vv=VM code, C=native code)
C  [rxtxSerial.dll+0x5b00]

Java frames: (J=compiled Java code, j=interpreted, Vv=VM code)
j  gnu.io.RXTXPort.readArray([BII)I+0
j  gnu.io.RXTXPort$SerialInputStream.read([BII)I+187
j  gnu.io.RXTXPort$SerialInputStream.read([B)I+38
j  org.zu.ardulink.connection.serial.AbstractSerialConnection$SerialReader.run()V+16
j  java.lang.Thread.run()V+11 java.base@11.0.12
v  ~StubRoutines::call_stub

siginfo: EXCEPTION_ACCESS_VIOLATION (0xc0000005), reading address 0x00000000401fea58


Register to memory mapping:

RIP=0x0000000180005b00 rxtxSerial.dll
RAX=0x0000000000000001 is an unknown value
RBX=0x0 is NULL
RCX=0x000000018001d4d5 rxtxSerial.dll
RDX=0xfffffffffffff665 is an unknown value
RSP=0x00000077402feec0 is pointing into the stack for thread: 0x000002685c6ca000
RBP=0x00000000ffffffff is an unknown value
RSI=0x0 is NULL
RDI=0x000002685c6ca348 points into unknown readable memory: 0x00007ffa38c8ad00 | 00 ad c8 38 fa 7f 00 00
R8 =0x0000000000000002 is an unknown value
R9 =0xfffffffffffff63c is an unknown value
R10=0x000000000000023a is an unknown value
R11=0x8101010101010100 is an unknown value
R12=0x00000000401fea50 is an unknown value
R13=0x0000000000000001 is an unknown value
R14=0x00000077402ff0b0 is pointing into the stack for thread: 0x000002685c6ca000
R15=0x0 is NULL


Registers:
RAX=0x0000000000000001, RBX=0x0000000000000000, RCX=0x000000018001d4d5, RDX=0xfffffffffffff665
RSP=0x00000077402feec0, RBP=0x00000000ffffffff, RSI=0x0000000000000000, RDI=0x000002685c6ca348
R8 =0x0000000000000002, R9 =0xfffffffffffff63c, R10=0x000000000000023a, R11=0x8101010101010100
R12=0x00000000401fea50, R13=0x0000000000000001, R14=0x00000077402ff0b0, R15=0x0000000000000000
RIP=0x0000000180005b00, EFLAGS=0x0000000000010202

Top of Stack: (sp=0x00000077402feec0)
0x00000077402feec0:   0000000000000000 0000000000000000
0x00000077402feed0:   0000000000000000 000002685c6ca348
0x00000077402feee0:   0000000000000000 00000077402ff0b0
0x00000077402feef0:   0000026867f5f2f0 0000000000000001
0x00000077402fef00:   000002685c6ca348 0000000000000001
0x00000077402fef10:   ffffffffffffffff 0000000180006211
0x00000077402fef20:   000002685c6ee350 ffffffffffffffff
0x00000077402fef30:   0000000000000001 000002685c6ee350
0x00000077402fef40:   0000026800000001 00000077ffffffff
0x00000077402fef50:   00000077402ff0b8 000002685c6ca000
0x00000077402fef60:   00000077402ff5b0 00007ffa38622fd3
0x00000077402fef70:   00000077402fef90 000002685c6ca000
0x00000077402fef80:   00000077402ff770 00000077402ff770
0x00000077402fef90:   0000026867f5f2f8 0000eead77c0435f
0x00000077402fefa0:   0000026840089b40 0000026867f5f2f0
0x00000077402fefb0:   000002685c6ca000 00000077402ff0b8 

Instructions: (pc=0x0000000180005b00)
0x0000000180005ae0:   15 23 7a 01 00 48 8d 48 60 e8 3a 5d 00 00 4c 8b
0x0000000180005af0:   e5 8b ac 24 88 00 00 00 44 8b ac 24 80 00 00 00
0x0000000180005b00:   45 8b 74 24 08 41 89 5c 24 08 41 8b fd 85 ed 78
0x0000000180005b10:   09 ff 15 e9 14 01 00 44 8b f8 45 85 ed 7e 4a 90 


Stack slot to memory mapping:
stack at sp + 0 slots: 0x0 is NULL
stack at sp + 1 slots: 0x0 is NULL
stack at sp + 2 slots: 0x0 is NULL
stack at sp + 3 slots: 0x000002685c6ca348 points into unknown readable memory: 0x00007ffa38c8ad00 | 00 ad c8 38 fa 7f 00 00
stack at sp + 4 slots: 0x0 is NULL
stack at sp + 5 slots: 0x00000077402ff0b0 is pointing into the stack for thread: 0x000002685c6ca000
stack at sp + 6 slots: 0x0000026867f5f2f0 is pointing into metadata
stack at sp + 7 slots: 0x0000000000000001 is an unknown value


---------------  P R O C E S S  ---------------

Threads class SMR info:
_java_thread_list=0x00000268628e4160, length=25, elements={
0x0000026837bba000, 0x000002685acd8000, 0x000002685ad01000, 0x000002685b5d7800,
0x000002685b5db000, 0x000002685b5dd000, 0x000002685b5e3800, 0x000002685b5f1000,
0x000002685b5fa000, 0x000002685ac90800, 0x000002685c0db800, 0x000002685bea9000,
0x000002685b81a800, 0x000002685d0fc000, 0x000002685c39e000, 0x00000268627b9800,
0x000002685c6cc800, 0x000002685c6c8800, 0x000002685c6cb800, 0x000002685c6cd800,
0x000002685c6c7800, 0x000002685c6cb000, 0x000002685c6c9800, 0x000002685c6ca000,
0x000002685ce57800
}

Java Threads: ( => current thread )
  0x0000026837bba000 JavaThread "main" [_thread_blocked, id=18356, stack(0x000000773e000000,0x000000773e100000)]
  0x000002685acd8000 JavaThread "Reference Handler" daemon [_thread_blocked, id=11012, stack(0x000000773e700000,0x000000773e800000)]
  0x000002685ad01000 JavaThread "Finalizer" daemon [_thread_blocked, id=18388, stack(0x000000773e800000,0x000000773e900000)]
  0x000002685b5d7800 JavaThread "Signal Dispatcher" daemon [_thread_blocked, id=18384, stack(0x000000773e900000,0x000000773ea00000)]
  0x000002685b5db000 JavaThread "Attach Listener" daemon [_thread_blocked, id=18380, stack(0x000000773ea00000,0x000000773eb00000)]
  0x000002685b5dd000 JavaThread "Service Thread" daemon [_thread_blocked, id=18372, stack(0x000000773eb00000,0x000000773ec00000)]
  0x000002685b5e3800 JavaThread "C2 CompilerThread0" daemon [_thread_blocked, id=13668, stack(0x000000773ec00000,0x000000773ed00000)]
  0x000002685b5f1000 JavaThread "C1 CompilerThread0" daemon [_thread_blocked, id=18480, stack(0x000000773ed00000,0x000000773ee00000)]
  0x000002685b5fa000 JavaThread "Sweeper thread" daemon [_thread_blocked, id=18392, stack(0x000000773ee00000,0x000000773ef00000)]
  0x000002685ac90800 JavaThread "Common-Cleaner" daemon [_thread_blocked, id=9156, stack(0x000000773ef00000,0x000000773f000000)]
  0x000002685c0db800 JavaThread "QuantumRenderer-0" daemon [_thread_blocked, id=18428, stack(0x000000773f200000,0x000000773f300000)]
  0x000002685bea9000 JavaThread "InvokeLaterDispatcher" daemon [_thread_blocked, id=1920, stack(0x000000773f300000,0x000000773f400000)]
  0x000002685b81a800 JavaThread "JavaFX Application Thread" [_thread_in_native, id=11320, stack(0x000000773f700000,0x000000773f800000)]
  0x000002685d0fc000 JavaThread "Thread-1" daemon [_thread_in_native, id=17140, stack(0x000000773fb00000,0x000000773fc00000)]
  0x000002685c39e000 JavaThread "JavaFX-Launcher" [_thread_blocked, id=18472, stack(0x000000773fc00000,0x000000773fd00000)]
  0x00000268627b9800 JavaThread "Prism Font Disposer" daemon [_thread_blocked, id=18396, stack(0x000000773fe00000,0x000000773ff00000)]
  0x000002685c6cc800 JavaThread "Java2D Disposer" daemon [_thread_blocked, id=17300, stack(0x0000007740300000,0x0000007740400000)]
  0x000002685c6c8800 JavaThread "AWT-Windows" daemon [_thread_in_native, id=18116, stack(0x0000007740500000,0x0000007740600000)]
  0x000002685c6cb800 JavaThread "Cleaner-0" daemon [_thread_blocked, id=18176, stack(0x0000007740400000,0x0000007740500000)]
  0x000002685c6cd800 JavaThread "AWT-Shutdown" [_thread_blocked, id=1120, stack(0x000000773f000000,0x000000773f100000)]
  0x000002685c6c7800 JavaThread "AWT-EventQueue-0" [_thread_blocked, id=17568, stack(0x000000773ff00000,0x0000007740000000)]
  0x000002685c6cb000 JavaThread "TimerQueue" daemon [_thread_blocked, id=17680, stack(0x0000007740000000,0x0000007740100000)]
  0x000002685c6c9800 JavaThread "Thread-12" [_thread_in_native, id=17744, stack(0x0000007740100000,0x0000007740200000)]
=>0x000002685c6ca000 JavaThread "Thread-13" [_thread_in_native, id=17748, stack(0x0000007740200000,0x0000007740300000)]
  0x000002685ce57800 JavaThread "C2 CompilerThread1" daemon [_thread_blocked, id=13580, stack(0x0000007740a00000,0x0000007740b00000)]

Other Threads:
  0x000002685acd3000 VMThread "VM Thread" [stack: 0x000000773e600000,0x000000773e700000] [id=18364]
  0x000002685bf0c000 WatcherThread [stack: 0x000000773f100000,0x000000773f200000] [id=18460]
  0x0000026837bd0000 GCTaskThread "GC Thread#0" [stack: 0x000000773e100000,0x000000773e200000] [id=12948]
  0x000002685cf1b800 GCTaskThread "GC Thread#1" [stack: 0x000000773f400000,0x000000773f500000] [id=18532]
  0x000002685c072800 GCTaskThread "GC Thread#2" [stack: 0x000000773f500000,0x000000773f600000] [id=18528]
  0x000002685b888000 GCTaskThread "GC Thread#3" [stack: 0x000000773f600000,0x000000773f700000] [id=10980]
  0x0000026837c2b000 ConcurrentGCThread "G1 Main Marker" [stack: 0x000000773e200000,0x000000773e300000] [id=18360]
  0x0000026837c2d800 ConcurrentGCThread "G1 Conc#0" [stack: 0x000000773e300000,0x000000773e400000] [id=18352]
  0x0000026837c9e000 ConcurrentGCThread "G1 Refine#0" [stack: 0x000000773e400000,0x000000773e500000] [id=18368]
  0x000002685abae000 ConcurrentGCThread "G1 Young RemSet Sampling" [stack: 0x000000773e500000,0x000000773e600000] [id=18376]

Threads with active compile tasks:

VM state:not at safepoint (normal execution)

VM Mutex/Monitor currently owned by a thread: None

Heap address: 0x0000000701400000, size: 4076 MB, Compressed Oops mode: Zero based, Oop shift amount: 3
Narrow klass base: 0x0000000800000000, Narrow klass shift: 0
Compressed class space size: 1073741824 Address: 0x0000000800000000

Heap:
 garbage-first heap   total 262144K, used 52224K [0x0000000701400000, 0x0000000800000000)
  region size 1024K, 12 young (12288K), 1 survivors (1024K)
 Metaspace       used 38884K, capacity 40314K, committed 40368K, reserved 1083392K
  class space    used 4983K, capacity 5578K, committed 5632K, reserved 1048576K
Heap Regions: E=young(eden), S=young(survivor), O=old, HS=humongous(starts), HC=humongous(continues), CS=collection set, F=free, A=archive, TAMS=top-at-mark-start (previous, next)
|   0|0x0000000701400000, 0x0000000701500000, 0x0000000701500000|100%| O|  |TAMS 0x0000000701500000, 0x0000000701400000| Untracked 
|   1|0x0000000701500000, 0x0000000701600000, 0x0000000701600000|100%|HS|  |TAMS 0x0000000701600000, 0x0000000701500000| Complete 
|   2|0x0000000701600000, 0x0000000701700000, 0x0000000701700000|100%|HC|  |TAMS 0x0000000701700000, 0x0000000701600000| Complete 
|   3|0x0000000701700000, 0x0000000701800000, 0x0000000701800000|100%|HS|  |TAMS 0x0000000701800000, 0x0000000701700000| Complete 
|   4|0x0000000701800000, 0x0000000701900000, 0x0000000701900000|100%|HC|  |TAMS 0x0000000701900000, 0x0000000701800000| Complete 
|   5|0x0000000701900000, 0x0000000701a00000, 0x0000000701a00000|100%|HS|  |TAMS 0x0000000701a00000, 0x0000000701900000| Complete 
|   6|0x0000000701a00000, 0x0000000701b00000, 0x0000000701b00000|100%|HC|  |TAMS 0x0000000701b00000, 0x0000000701a00000| Complete 
|   7|0x0000000701b00000, 0x0000000701c00000, 0x0000000701c00000|100%|HS|  |TAMS 0x0000000701c00000, 0x0000000701b00000| Complete 
|   8|0x0000000701c00000, 0x0000000701d00000, 0x0000000701d00000|100%|HC|  |TAMS 0x0000000701d00000, 0x0000000701c00000| Complete 
|   9|0x0000000701d00000, 0x0000000701e00000, 0x0000000701e00000|100%|HS|  |TAMS 0x0000000701e00000, 0x0000000701d00000| Complete 
|  10|0x0000000701e00000, 0x0000000701f00000, 0x0000000701f00000|100%|HC|  |TAMS 0x0000000701f00000, 0x0000000701e00000| Complete 
|  11|0x0000000701f00000, 0x0000000702000000, 0x0000000702000000|100%|HS|  |TAMS 0x0000000702000000, 0x0000000701f00000| Complete 
|  12|0x0000000702000000, 0x0000000702100000, 0x0000000702100000|100%|HC|  |TAMS 0x0000000702100000, 0x0000000702000000| Complete 
|  13|0x0000000702100000, 0x0000000702200000, 0x0000000702200000|100%|HS|  |TAMS 0x0000000702200000, 0x0000000702100000| Complete 
|  14|0x0000000702200000, 0x0000000702300000, 0x0000000702300000|100%|HC|  |TAMS 0x0000000702300000, 0x0000000702200000| Complete 
|  15|0x0000000702300000, 0x0000000702400000, 0x0000000702400000|100%|HS|  |TAMS 0x0000000702400000, 0x0000000702300000| Complete 
|  16|0x0000000702400000, 0x0000000702500000, 0x0000000702500000|100%|HC|  |TAMS 0x0000000702500000, 0x0000000702400000| Complete 
|  17|0x0000000702500000, 0x0000000702500000, 0x0000000702600000|  0%| F|  |TAMS 0x0000000702500000, 0x0000000702500000| Untracked 
|  18|0x0000000702600000, 0x0000000702600000, 0x0000000702700000|  0%| F|  |TAMS 0x0000000702600000, 0x0000000702600000| Untracked 
|  19|0x0000000702700000, 0x0000000702800000, 0x0000000702800000|100%| O|  |TAMS 0x0000000702800000, 0x0000000702700000| Untracked 
|  20|0x0000000702800000, 0x0000000702900000, 0x0000000702900000|100%| O|  |TAMS 0x0000000702900000, 0x0000000702800000| Untracked 
|  21|0x0000000702900000, 0x0000000702a00000, 0x0000000702a00000|100%| O|  |TAMS 0x0000000702a00000, 0x0000000702900000| Untracked 
|  22|0x0000000702a00000, 0x0000000702b00000, 0x0000000702b00000|100%| O|  |TAMS 0x0000000702b00000, 0x0000000702a00000| Untracked 
|  23|0x0000000702b00000, 0x0000000702c00000, 0x0000000702c00000|100%| O|  |TAMS 0x0000000702c00000, 0x0000000702b00000| Untracked 
|  24|0x0000000702c00000, 0x0000000702d00000, 0x0000000702d00000|100%| O|  |TAMS 0x0000000702d00000, 0x0000000702c00000| Untracked 
|  25|0x0000000702d00000, 0x0000000702e00000, 0x0000000702e00000|100%| O|  |TAMS 0x0000000702e00000, 0x0000000702d00000| Untracked 
|  26|0x0000000702e00000, 0x0000000702f00000, 0x0000000702f00000|100%|HS|  |TAMS 0x0000000702f00000, 0x0000000702e00000| Complete 
|  27|0x0000000702f00000, 0x0000000703000000, 0x0000000703000000|100%|HC|  |TAMS 0x0000000703000000, 0x0000000702f00000| Complete 
|  28|0x0000000703000000, 0x0000000703100000, 0x0000000703100000|100%|HS|  |TAMS 0x0000000703100000, 0x0000000703000000| Complete 
|  29|0x0000000703100000, 0x0000000703200000, 0x0000000703200000|100%|HC|  |TAMS 0x0000000703200000, 0x0000000703100000| Complete 
|  30|0x0000000703200000, 0x0000000703300000, 0x0000000703300000|100%|HS|  |TAMS 0x0000000703300000, 0x0000000703200000| Complete 
|  31|0x0000000703300000, 0x0000000703400000, 0x0000000703400000|100%|HC|  |TAMS 0x0000000703400000, 0x0000000703300000| Complete 
|  32|0x0000000703400000, 0x0000000703500000, 0x0000000703500000|100%|HS|  |TAMS 0x0000000703500000, 0x0000000703400000| Complete 
|  33|0x0000000703500000, 0x0000000703600000, 0x0000000703600000|100%|HC|  |TAMS 0x0000000703600000, 0x0000000703500000| Complete 
|  34|0x0000000703600000, 0x0000000703700000, 0x0000000703700000|100%|HS|  |TAMS 0x0000000703700000, 0x0000000703600000| Complete 
|  35|0x0000000703700000, 0x0000000703800000, 0x0000000703800000|100%|HC|  |TAMS 0x0000000703800000, 0x0000000703700000| Complete 
|  36|0x0000000703800000, 0x0000000703900000, 0x0000000703900000|100%|HS|  |TAMS 0x0000000703900000, 0x0000000703800000| Complete 
|  37|0x0000000703900000, 0x0000000703a00000, 0x0000000703a00000|100%|HC|  |TAMS 0x0000000703a00000, 0x0000000703900000| Complete 
|  38|0x0000000703a00000, 0x0000000703b00000, 0x0000000703b00000|100%| O|  |TAMS 0x0000000703b00000, 0x0000000703a00000| Untracked 
|  39|0x0000000703b00000, 0x0000000703c00000, 0x0000000703c00000|100%| O|  |TAMS 0x0000000703c00000, 0x0000000703b00000| Untracked 
|  40|0x0000000703c00000, 0x0000000703d00000, 0x0000000703d00000|100%| O|  |TAMS 0x0000000703d00000, 0x0000000703c00000| Untracked 
|  41|0x0000000703d00000, 0x0000000703e00000, 0x0000000703e00000|100%| O|  |TAMS 0x0000000703e00000, 0x0000000703d00000| Untracked 
|  42|0x0000000703e00000, 0x0000000703e00000, 0x0000000703f00000|  0%| F|  |TAMS 0x0000000703e00000, 0x0000000703e00000| Untracked 
|  43|0x0000000703f00000, 0x0000000703f00000, 0x0000000704000000|  0%| F|  |TAMS 0x0000000703f00000, 0x0000000703f00000| Untracked 
|  44|0x0000000704000000, 0x0000000704000000, 0x0000000704100000|  0%| F|  |TAMS 0x0000000704000000, 0x0000000704000000| Untracked 
|  45|0x0000000704100000, 0x0000000704100000, 0x0000000704200000|  0%| F|  |TAMS 0x0000000704100000, 0x0000000704100000| Untracked 
|  46|0x0000000704200000, 0x0000000704200000, 0x0000000704300000|  0%| F|  |TAMS 0x0000000704200000, 0x0000000704200000| Untracked 
|  47|0x0000000704300000, 0x0000000704300000, 0x0000000704400000|  0%| F|  |TAMS 0x0000000704300000, 0x0000000704300000| Untracked 
|  48|0x0000000704400000, 0x0000000704400000, 0x0000000704500000|  0%| F|  |TAMS 0x0000000704400000, 0x0000000704400000| Untracked 
|  49|0x0000000704500000, 0x0000000704500000, 0x0000000704600000|  0%| F|  |TAMS 0x0000000704500000, 0x0000000704500000| Untracked 
|  50|0x0000000704600000, 0x0000000704600000, 0x0000000704700000|  0%| F|  |TAMS 0x0000000704600000, 0x0000000704600000| Untracked 
|  51|0x0000000704700000, 0x0000000704700000, 0x0000000704800000|  0%| F|  |TAMS 0x0000000704700000, 0x0000000704700000| Untracked 
|  52|0x0000000704800000, 0x0000000704800000, 0x0000000704900000|  0%| F|  |TAMS 0x0000000704800000, 0x0000000704800000| Untracked 
|  53|0x0000000704900000, 0x0000000704900000, 0x0000000704a00000|  0%| F|  |TAMS 0x0000000704900000, 0x0000000704900000| Untracked 
|  54|0x0000000704a00000, 0x0000000704a00000, 0x0000000704b00000|  0%| F|  |TAMS 0x0000000704a00000, 0x0000000704a00000| Untracked 
|  55|0x0000000704b00000, 0x0000000704b00000, 0x0000000704c00000|  0%| F|  |TAMS 0x0000000704b00000, 0x0000000704b00000| Untracked 
|  56|0x0000000704c00000, 0x0000000704c00000, 0x0000000704d00000|  0%| F|  |TAMS 0x0000000704c00000, 0x0000000704c00000| Untracked 
|  57|0x0000000704d00000, 0x0000000704d00000, 0x0000000704e00000|  0%| F|  |TAMS 0x0000000704d00000, 0x0000000704d00000| Untracked 
|  58|0x0000000704e00000, 0x0000000704e00000, 0x0000000704f00000|  0%| F|  |TAMS 0x0000000704e00000, 0x0000000704e00000| Untracked 
|  59|0x0000000704f00000, 0x0000000704f00000, 0x0000000705000000|  0%| F|  |TAMS 0x0000000704f00000, 0x0000000704f00000| Untracked 
|  60|0x0000000705000000, 0x0000000705000000, 0x0000000705100000|  0%| F|  |TAMS 0x0000000705000000, 0x0000000705000000| Untracked 
|  61|0x0000000705100000, 0x0000000705100000, 0x0000000705200000|  0%| F|  |TAMS 0x0000000705100000, 0x0000000705100000| Untracked 
|  62|0x0000000705200000, 0x0000000705200000, 0x0000000705300000|  0%| F|  |TAMS 0x0000000705200000, 0x0000000705200000| Untracked 
|  63|0x0000000705300000, 0x0000000705300000, 0x0000000705400000|  0%| F|  |TAMS 0x0000000705300000, 0x0000000705300000| Untracked 
|  64|0x0000000705400000, 0x0000000705400000, 0x0000000705500000|  0%| F|  |TAMS 0x0000000705400000, 0x0000000705400000| Untracked 
|  65|0x0000000705500000, 0x0000000705500000, 0x0000000705600000|  0%| F|  |TAMS 0x0000000705500000, 0x0000000705500000| Untracked 
|  66|0x0000000705600000, 0x0000000705600000, 0x0000000705700000|  0%| F|  |TAMS 0x0000000705600000, 0x0000000705600000| Untracked 
|  67|0x0000000705700000, 0x0000000705700000, 0x0000000705800000|  0%| F|  |TAMS 0x0000000705700000, 0x0000000705700000| Untracked 
|  68|0x0000000705800000, 0x0000000705800000, 0x0000000705900000|  0%| F|  |TAMS 0x0000000705800000, 0x0000000705800000| Untracked 
|  69|0x0000000705900000, 0x0000000705900000, 0x0000000705a00000|  0%| F|  |TAMS 0x0000000705900000, 0x0000000705900000| Untracked 
|  70|0x0000000705a00000, 0x0000000705a00000, 0x0000000705b00000|  0%| F|  |TAMS 0x0000000705a00000, 0x0000000705a00000| Untracked 
|  71|0x0000000705b00000, 0x0000000705b00000, 0x0000000705c00000|  0%| F|  |TAMS 0x0000000705b00000, 0x0000000705b00000| Untracked 
|  72|0x0000000705c00000, 0x0000000705c00000, 0x0000000705d00000|  0%| F|  |TAMS 0x0000000705c00000, 0x0000000705c00000| Untracked 
|  73|0x0000000705d00000, 0x0000000705d00000, 0x0000000705e00000|  0%| F|  |TAMS 0x0000000705d00000, 0x0000000705d00000| Untracked 
|  74|0x0000000705e00000, 0x0000000705e00000, 0x0000000705f00000|  0%| F|  |TAMS 0x0000000705e00000, 0x0000000705e00000| Untracked 
|  75|0x0000000705f00000, 0x0000000705f00000, 0x0000000706000000|  0%| F|  |TAMS 0x0000000705f00000, 0x0000000705f00000| Untracked 
|  76|0x0000000706000000, 0x0000000706000000, 0x0000000706100000|  0%| F|  |TAMS 0x0000000706000000, 0x0000000706000000| Untracked 
|  77|0x0000000706100000, 0x0000000706100000, 0x0000000706200000|  0%| F|  |TAMS 0x0000000706100000, 0x0000000706100000| Untracked 
|  78|0x0000000706200000, 0x0000000706200000, 0x0000000706300000|  0%| F|  |TAMS 0x0000000706200000, 0x0000000706200000| Untracked 
|  79|0x0000000706300000, 0x0000000706300000, 0x0000000706400000|  0%| F|  |TAMS 0x0000000706300000, 0x0000000706300000| Untracked 
|  80|0x0000000706400000, 0x0000000706400000, 0x0000000706500000|  0%| F|  |TAMS 0x0000000706400000, 0x0000000706400000| Untracked 
|  81|0x0000000706500000, 0x0000000706500000, 0x0000000706600000|  0%| F|  |TAMS 0x0000000706500000, 0x0000000706500000| Untracked 
|  82|0x0000000706600000, 0x0000000706600000, 0x0000000706700000|  0%| F|  |TAMS 0x0000000706600000, 0x0000000706600000| Untracked 
|  83|0x0000000706700000, 0x0000000706700000, 0x0000000706800000|  0%| F|  |TAMS 0x0000000706700000, 0x0000000706700000| Untracked 
|  84|0x0000000706800000, 0x0000000706800000, 0x0000000706900000|  0%| F|  |TAMS 0x0000000706800000, 0x0000000706800000| Untracked 
|  85|0x0000000706900000, 0x0000000706900000, 0x0000000706a00000|  0%| F|  |TAMS 0x0000000706900000, 0x0000000706900000| Untracked 
|  86|0x0000000706a00000, 0x0000000706a00000, 0x0000000706b00000|  0%| F|  |TAMS 0x0000000706a00000, 0x0000000706a00000| Untracked 
|  87|0x0000000706b00000, 0x0000000706b00000, 0x0000000706c00000|  0%| F|  |TAMS 0x0000000706b00000, 0x0000000706b00000| Untracked 
|  88|0x0000000706c00000, 0x0000000706c00000, 0x0000000706d00000|  0%| F|  |TAMS 0x0000000706c00000, 0x0000000706c00000| Untracked 
|  89|0x0000000706d00000, 0x0000000706d00000, 0x0000000706e00000|  0%| F|  |TAMS 0x0000000706d00000, 0x0000000706d00000| Untracked 
|  90|0x0000000706e00000, 0x0000000706e00000, 0x0000000706f00000|  0%| F|  |TAMS 0x0000000706e00000, 0x0000000706e00000| Untracked 
|  91|0x0000000706f00000, 0x0000000706f00000, 0x0000000707000000|  0%| F|  |TAMS 0x0000000706f00000, 0x0000000706f00000| Untracked 
|  92|0x0000000707000000, 0x0000000707000000, 0x0000000707100000|  0%| F|  |TAMS 0x0000000707000000, 0x0000000707000000| Untracked 
|  93|0x0000000707100000, 0x0000000707100000, 0x0000000707200000|  0%| F|  |TAMS 0x0000000707100000, 0x0000000707100000| Untracked 
|  94|0x0000000707200000, 0x0000000707200000, 0x0000000707300000|  0%| F|  |TAMS 0x0000000707200000, 0x0000000707200000| Untracked 
|  95|0x0000000707300000, 0x0000000707300000, 0x0000000707400000|  0%| F|  |TAMS 0x0000000707300000, 0x0000000707300000| Untracked 
|  96|0x0000000707400000, 0x0000000707400000, 0x0000000707500000|  0%| F|  |TAMS 0x0000000707400000, 0x0000000707400000| Untracked 
|  97|0x0000000707500000, 0x0000000707500000, 0x0000000707600000|  0%| F|  |TAMS 0x0000000707500000, 0x0000000707500000| Untracked 
|  98|0x0000000707600000, 0x0000000707600000, 0x0000000707700000|  0%| F|  |TAMS 0x0000000707600000, 0x0000000707600000| Untracked 
|  99|0x0000000707700000, 0x0000000707700000, 0x0000000707800000|  0%| F|  |TAMS 0x0000000707700000, 0x0000000707700000| Untracked 
| 100|0x0000000707800000, 0x0000000707800000, 0x0000000707900000|  0%| F|  |TAMS 0x0000000707800000, 0x0000000707800000| Untracked 
| 101|0x0000000707900000, 0x0000000707900000, 0x0000000707a00000|  0%| F|  |TAMS 0x0000000707900000, 0x0000000707900000| Untracked 
| 102|0x0000000707a00000, 0x0000000707a00000, 0x0000000707b00000|  0%| F|  |TAMS 0x0000000707a00000, 0x0000000707a00000| Untracked 
| 103|0x0000000707b00000, 0x0000000707b00000, 0x0000000707c00000|  0%| F|  |TAMS 0x0000000707b00000, 0x0000000707b00000| Untracked 
| 104|0x0000000707c00000, 0x0000000707c00000, 0x0000000707d00000|  0%| F|  |TAMS 0x0000000707c00000, 0x0000000707c00000| Untracked 
| 105|0x0000000707d00000, 0x0000000707d00000, 0x0000000707e00000|  0%| F|  |TAMS 0x0000000707d00000, 0x0000000707d00000| Untracked 
| 106|0x0000000707e00000, 0x0000000707e00000, 0x0000000707f00000|  0%| F|  |TAMS 0x0000000707e00000, 0x0000000707e00000| Untracked 
| 107|0x0000000707f00000, 0x0000000707f00000, 0x0000000708000000|  0%| F|  |TAMS 0x0000000707f00000, 0x0000000707f00000| Untracked 
| 108|0x0000000708000000, 0x0000000708000000, 0x0000000708100000|  0%| F|  |TAMS 0x0000000708000000, 0x0000000708000000| Untracked 
| 109|0x0000000708100000, 0x0000000708100000, 0x0000000708200000|  0%| F|  |TAMS 0x0000000708100000, 0x0000000708100000| Untracked 
| 110|0x0000000708200000, 0x0000000708200000, 0x0000000708300000|  0%| F|  |TAMS 0x0000000708200000, 0x0000000708200000| Untracked 
| 111|0x0000000708300000, 0x0000000708300000, 0x0000000708400000|  0%| F|  |TAMS 0x0000000708300000, 0x0000000708300000| Untracked 
| 112|0x0000000708400000, 0x0000000708400000, 0x0000000708500000|  0%| F|  |TAMS 0x0000000708400000, 0x0000000708400000| Untracked 
| 113|0x0000000708500000, 0x0000000708500000, 0x0000000708600000|  0%| F|  |TAMS 0x0000000708500000, 0x0000000708500000| Untracked 
| 114|0x0000000708600000, 0x0000000708600000, 0x0000000708700000|  0%| F|  |TAMS 0x0000000708600000, 0x0000000708600000| Untracked 
| 115|0x0000000708700000, 0x0000000708700000, 0x0000000708800000|  0%| F|  |TAMS 0x0000000708700000, 0x0000000708700000| Untracked 
| 116|0x0000000708800000, 0x0000000708800000, 0x0000000708900000|  0%| F|  |TAMS 0x0000000708800000, 0x0000000708800000| Untracked 
| 117|0x0000000708900000, 0x0000000708900000, 0x0000000708a00000|  0%| F|  |TAMS 0x0000000708900000, 0x0000000708900000| Untracked 
| 118|0x0000000708a00000, 0x0000000708a00000, 0x0000000708b00000|  0%| F|  |TAMS 0x0000000708a00000, 0x0000000708a00000| Untracked 
| 119|0x0000000708b00000, 0x0000000708b00000, 0x0000000708c00000|  0%| F|  |TAMS 0x0000000708b00000, 0x0000000708b00000| Untracked 
| 120|0x0000000708c00000, 0x0000000708c00000, 0x0000000708d00000|  0%| F|  |TAMS 0x0000000708c00000, 0x0000000708c00000| Untracked 
| 121|0x0000000708d00000, 0x0000000708d00000, 0x0000000708e00000|  0%| F|  |TAMS 0x0000000708d00000, 0x0000000708d00000| Untracked 
| 122|0x0000000708e00000, 0x0000000708e00000, 0x0000000708f00000|  0%| F|  |TAMS 0x0000000708e00000, 0x0000000708e00000| Untracked 
| 123|0x0000000708f00000, 0x0000000708f00000, 0x0000000709000000|  0%| F|  |TAMS 0x0000000708f00000, 0x0000000708f00000| Untracked 
| 124|0x0000000709000000, 0x0000000709000000, 0x0000000709100000|  0%| F|  |TAMS 0x0000000709000000, 0x0000000709000000| Untracked 
| 125|0x0000000709100000, 0x0000000709100000, 0x0000000709200000|  0%| F|  |TAMS 0x0000000709100000, 0x0000000709100000| Untracked 
| 126|0x0000000709200000, 0x0000000709200000, 0x0000000709300000|  0%| F|  |TAMS 0x0000000709200000, 0x0000000709200000| Untracked 
| 127|0x0000000709300000, 0x0000000709300000, 0x0000000709400000|  0%| F|  |TAMS 0x0000000709300000, 0x0000000709300000| Untracked 
| 128|0x0000000709400000, 0x0000000709400000, 0x0000000709500000|  0%| F|  |TAMS 0x0000000709400000, 0x0000000709400000| Untracked 
| 129|0x0000000709500000, 0x0000000709500000, 0x0000000709600000|  0%| F|  |TAMS 0x0000000709500000, 0x0000000709500000| Untracked 
| 130|0x0000000709600000, 0x0000000709600000, 0x0000000709700000|  0%| F|  |TAMS 0x0000000709600000, 0x0000000709600000| Untracked 
| 131|0x0000000709700000, 0x0000000709700000, 0x0000000709800000|  0%| F|  |TAMS 0x0000000709700000, 0x0000000709700000| Untracked 
| 132|0x0000000709800000, 0x0000000709800000, 0x0000000709900000|  0%| F|  |TAMS 0x0000000709800000, 0x0000000709800000| Untracked 
| 133|0x0000000709900000, 0x0000000709900000, 0x0000000709a00000|  0%| F|  |TAMS 0x0000000709900000, 0x0000000709900000| Untracked 
| 134|0x0000000709a00000, 0x0000000709a00000, 0x0000000709b00000|  0%| F|  |TAMS 0x0000000709a00000, 0x0000000709a00000| Untracked 
| 135|0x0000000709b00000, 0x0000000709b00000, 0x0000000709c00000|  0%| F|  |TAMS 0x0000000709b00000, 0x0000000709b00000| Untracked 
| 136|0x0000000709c00000, 0x0000000709c00000, 0x0000000709d00000|  0%| F|  |TAMS 0x0000000709c00000, 0x0000000709c00000| Untracked 
| 137|0x0000000709d00000, 0x0000000709d00000, 0x0000000709e00000|  0%| F|  |TAMS 0x0000000709d00000, 0x0000000709d00000| Untracked 
| 138|0x0000000709e00000, 0x0000000709e00000, 0x0000000709f00000|  0%| F|  |TAMS 0x0000000709e00000, 0x0000000709e00000| Untracked 
| 139|0x0000000709f00000, 0x0000000709f00000, 0x000000070a000000|  0%| F|  |TAMS 0x0000000709f00000, 0x0000000709f00000| Untracked 
| 140|0x000000070a000000, 0x000000070a000000, 0x000000070a100000|  0%| F|  |TAMS 0x000000070a000000, 0x000000070a000000| Untracked 
| 141|0x000000070a100000, 0x000000070a100000, 0x000000070a200000|  0%| F|  |TAMS 0x000000070a100000, 0x000000070a100000| Untracked 
| 142|0x000000070a200000, 0x000000070a200000, 0x000000070a300000|  0%| F|  |TAMS 0x000000070a200000, 0x000000070a200000| Untracked 
| 143|0x000000070a300000, 0x000000070a300000, 0x000000070a400000|  0%| F|  |TAMS 0x000000070a300000, 0x000000070a300000| Untracked 
| 144|0x000000070a400000, 0x000000070a400000, 0x000000070a500000|  0%| F|  |TAMS 0x000000070a400000, 0x000000070a400000| Untracked 
| 145|0x000000070a500000, 0x000000070a500000, 0x000000070a600000|  0%| F|  |TAMS 0x000000070a500000, 0x000000070a500000| Untracked 
| 146|0x000000070a600000, 0x000000070a600000, 0x000000070a700000|  0%| F|  |TAMS 0x000000070a600000, 0x000000070a600000| Untracked 
| 147|0x000000070a700000, 0x000000070a700000, 0x000000070a800000|  0%| F|  |TAMS 0x000000070a700000, 0x000000070a700000| Untracked 
| 148|0x000000070a800000, 0x000000070a800000, 0x000000070a900000|  0%| F|  |TAMS 0x000000070a800000, 0x000000070a800000| Untracked 
| 149|0x000000070a900000, 0x000000070a900000, 0x000000070aa00000|  0%| F|  |TAMS 0x000000070a900000, 0x000000070a900000| Untracked 
| 150|0x000000070aa00000, 0x000000070aa00000, 0x000000070ab00000|  0%| F|  |TAMS 0x000000070aa00000, 0x000000070aa00000| Untracked 
| 151|0x000000070ab00000, 0x000000070ab00000, 0x000000070ac00000|  0%| F|  |TAMS 0x000000070ab00000, 0x000000070ab00000| Untracked 
| 152|0x000000070ac00000, 0x000000070ac00000, 0x000000070ad00000|  0%| F|  |TAMS 0x000000070ac00000, 0x000000070ac00000| Untracked 
| 153|0x000000070ad00000, 0x000000070ad00000, 0x000000070ae00000|  0%| F|  |TAMS 0x000000070ad00000, 0x000000070ad00000| Untracked 
| 154|0x000000070ae00000, 0x000000070ae00000, 0x000000070af00000|  0%| F|  |TAMS 0x000000070ae00000, 0x000000070ae00000| Untracked 
| 155|0x000000070af00000, 0x000000070af00000, 0x000000070b000000|  0%| F|  |TAMS 0x000000070af00000, 0x000000070af00000| Untracked 
| 156|0x000000070b000000, 0x000000070b000000, 0x000000070b100000|  0%| F|  |TAMS 0x000000070b000000, 0x000000070b000000| Untracked 
| 157|0x000000070b100000, 0x000000070b100000, 0x000000070b200000|  0%| F|  |TAMS 0x000000070b100000, 0x000000070b100000| Untracked 
| 158|0x000000070b200000, 0x000000070b200000, 0x000000070b300000|  0%| F|  |TAMS 0x000000070b200000, 0x000000070b200000| Untracked 
| 159|0x000000070b300000, 0x000000070b300000, 0x000000070b400000|  0%| F|  |TAMS 0x000000070b300000, 0x000000070b300000| Untracked 
| 160|0x000000070b400000, 0x000000070b400000, 0x000000070b500000|  0%| F|  |TAMS 0x000000070b400000, 0x000000070b400000| Untracked 
| 161|0x000000070b500000, 0x000000070b500000, 0x000000070b600000|  0%| F|  |TAMS 0x000000070b500000, 0x000000070b500000| Untracked 
| 162|0x000000070b600000, 0x000000070b600000, 0x000000070b700000|  0%| F|  |TAMS 0x000000070b600000, 0x000000070b600000| Untracked 
| 163|0x000000070b700000, 0x000000070b700000, 0x000000070b800000|  0%| F|  |TAMS 0x000000070b700000, 0x000000070b700000| Untracked 
| 164|0x000000070b800000, 0x000000070b800000, 0x000000070b900000|  0%| F|  |TAMS 0x000000070b800000, 0x000000070b800000| Untracked 
| 165|0x000000070b900000, 0x000000070b900000, 0x000000070ba00000|  0%| F|  |TAMS 0x000000070b900000, 0x000000070b900000| Untracked 
| 166|0x000000070ba00000, 0x000000070ba00000, 0x000000070bb00000|  0%| F|  |TAMS 0x000000070ba00000, 0x000000070ba00000| Untracked 
| 167|0x000000070bb00000, 0x000000070bb00000, 0x000000070bc00000|  0%| F|  |TAMS 0x000000070bb00000, 0x000000070bb00000| Untracked 
| 168|0x000000070bc00000, 0x000000070bc00000, 0x000000070bd00000|  0%| F|  |TAMS 0x000000070bc00000, 0x000000070bc00000| Untracked 
| 169|0x000000070bd00000, 0x000000070bd00000, 0x000000070be00000|  0%| F|  |TAMS 0x000000070bd00000, 0x000000070bd00000| Untracked 
| 170|0x000000070be00000, 0x000000070be00000, 0x000000070bf00000|  0%| F|  |TAMS 0x000000070be00000, 0x000000070be00000| Untracked 
| 171|0x000000070bf00000, 0x000000070bf00000, 0x000000070c000000|  0%| F|  |TAMS 0x000000070bf00000, 0x000000070bf00000| Untracked 
| 172|0x000000070c000000, 0x000000070c000000, 0x000000070c100000|  0%| F|  |TAMS 0x000000070c000000, 0x000000070c000000| Untracked 
| 173|0x000000070c100000, 0x000000070c100000, 0x000000070c200000|  0%| F|  |TAMS 0x000000070c100000, 0x000000070c100000| Untracked 
| 174|0x000000070c200000, 0x000000070c200000, 0x000000070c300000|  0%| F|  |TAMS 0x000000070c200000, 0x000000070c200000| Untracked 
| 175|0x000000070c300000, 0x000000070c300000, 0x000000070c400000|  0%| F|  |TAMS 0x000000070c300000, 0x000000070c300000| Untracked 
| 176|0x000000070c400000, 0x000000070c400000, 0x000000070c500000|  0%| F|  |TAMS 0x000000070c400000, 0x000000070c400000| Untracked 
| 177|0x000000070c500000, 0x000000070c500000, 0x000000070c600000|  0%| F|  |TAMS 0x000000070c500000, 0x000000070c500000| Untracked 
| 178|0x000000070c600000, 0x000000070c600000, 0x000000070c700000|  0%| F|  |TAMS 0x000000070c600000, 0x000000070c600000| Untracked 
| 179|0x000000070c700000, 0x000000070c700000, 0x000000070c800000|  0%| F|  |TAMS 0x000000070c700000, 0x000000070c700000| Untracked 
| 180|0x000000070c800000, 0x000000070c800000, 0x000000070c900000|  0%| F|  |TAMS 0x000000070c800000, 0x000000070c800000| Untracked 
| 181|0x000000070c900000, 0x000000070c900000, 0x000000070ca00000|  0%| F|  |TAMS 0x000000070c900000, 0x000000070c900000| Untracked 
| 182|0x000000070ca00000, 0x000000070ca00000, 0x000000070cb00000|  0%| F|  |TAMS 0x000000070ca00000, 0x000000070ca00000| Untracked 
| 183|0x000000070cb00000, 0x000000070cb00000, 0x000000070cc00000|  0%| F|  |TAMS 0x000000070cb00000, 0x000000070cb00000| Untracked 
| 184|0x000000070cc00000, 0x000000070cc00000, 0x000000070cd00000|  0%| F|  |TAMS 0x000000070cc00000, 0x000000070cc00000| Untracked 
| 185|0x000000070cd00000, 0x000000070cd00000, 0x000000070ce00000|  0%| F|  |TAMS 0x000000070cd00000, 0x000000070cd00000| Untracked 
| 186|0x000000070ce00000, 0x000000070ce00000, 0x000000070cf00000|  0%| F|  |TAMS 0x000000070ce00000, 0x000000070ce00000| Untracked 
| 187|0x000000070cf00000, 0x000000070cf00000, 0x000000070d000000|  0%| F|  |TAMS 0x000000070cf00000, 0x000000070cf00000| Untracked 
| 188|0x000000070d000000, 0x000000070d000000, 0x000000070d100000|  0%| F|  |TAMS 0x000000070d000000, 0x000000070d000000| Untracked 
| 189|0x000000070d100000, 0x000000070d100000, 0x000000070d200000|  0%| F|  |TAMS 0x000000070d100000, 0x000000070d100000| Untracked 
| 190|0x000000070d200000, 0x000000070d200000, 0x000000070d300000|  0%| F|  |TAMS 0x000000070d200000, 0x000000070d200000| Untracked 
| 191|0x000000070d300000, 0x000000070d300000, 0x000000070d400000|  0%| F|  |TAMS 0x000000070d300000, 0x000000070d300000| Untracked 
| 192|0x000000070d400000, 0x000000070d400000, 0x000000070d500000|  0%| F|  |TAMS 0x000000070d400000, 0x000000070d400000| Untracked 
| 193|0x000000070d500000, 0x000000070d500000, 0x000000070d600000|  0%| F|  |TAMS 0x000000070d500000, 0x000000070d500000| Untracked 
| 194|0x000000070d600000, 0x000000070d600000, 0x000000070d700000|  0%| F|  |TAMS 0x000000070d600000, 0x000000070d600000| Untracked 
| 195|0x000000070d700000, 0x000000070d700000, 0x000000070d800000|  0%| F|  |TAMS 0x000000070d700000, 0x000000070d700000| Untracked 
| 196|0x000000070d800000, 0x000000070d800000, 0x000000070d900000|  0%| F|  |TAMS 0x000000070d800000, 0x000000070d800000| Untracked 
| 197|0x000000070d900000, 0x000000070d900000, 0x000000070da00000|  0%| F|  |TAMS 0x000000070d900000, 0x000000070d900000| Untracked 
| 198|0x000000070da00000, 0x000000070da00000, 0x000000070db00000|  0%| F|  |TAMS 0x000000070da00000, 0x000000070da00000| Untracked 
| 199|0x000000070db00000, 0x000000070db00000, 0x000000070dc00000|  0%| F|  |TAMS 0x000000070db00000, 0x000000070db00000| Untracked 
| 200|0x000000070dc00000, 0x000000070dc00000, 0x000000070dd00000|  0%| F|  |TAMS 0x000000070dc00000, 0x000000070dc00000| Untracked 
| 201|0x000000070dd00000, 0x000000070dd00000, 0x000000070de00000|  0%| F|  |TAMS 0x000000070dd00000, 0x000000070dd00000| Untracked 
| 202|0x000000070de00000, 0x000000070de00000, 0x000000070df00000|  0%| F|  |TAMS 0x000000070de00000, 0x000000070de00000| Untracked 
| 203|0x000000070df00000, 0x000000070df00000, 0x000000070e000000|  0%| F|  |TAMS 0x000000070df00000, 0x000000070df00000| Untracked 
| 204|0x000000070e000000, 0x000000070e000000, 0x000000070e100000|  0%| F|  |TAMS 0x000000070e000000, 0x000000070e000000| Untracked 
| 205|0x000000070e100000, 0x000000070e100000, 0x000000070e200000|  0%| F|  |TAMS 0x000000070e100000, 0x000000070e100000| Untracked 
| 206|0x000000070e200000, 0x000000070e200000, 0x000000070e300000|  0%| F|  |TAMS 0x000000070e200000, 0x000000070e200000| Untracked 
| 207|0x000000070e300000, 0x000000070e300000, 0x000000070e400000|  0%| F|  |TAMS 0x000000070e300000, 0x000000070e300000| Untracked 
| 208|0x000000070e400000, 0x000000070e400000, 0x000000070e500000|  0%| F|  |TAMS 0x000000070e400000, 0x000000070e400000| Untracked 
| 209|0x000000070e500000, 0x000000070e500000, 0x000000070e600000|  0%| F|  |TAMS 0x000000070e500000, 0x000000070e500000| Untracked 
| 210|0x000000070e600000, 0x000000070e600000, 0x000000070e700000|  0%| F|  |TAMS 0x000000070e600000, 0x000000070e600000| Untracked 
| 211|0x000000070e700000, 0x000000070e700000, 0x000000070e800000|  0%| F|  |TAMS 0x000000070e700000, 0x000000070e700000| Untracked 
| 212|0x000000070e800000, 0x000000070e800000, 0x000000070e900000|  0%| F|  |TAMS 0x000000070e800000, 0x000000070e800000| Untracked 
| 213|0x000000070e900000, 0x000000070e900000, 0x000000070ea00000|  0%| F|  |TAMS 0x000000070e900000, 0x000000070e900000| Untracked 
| 214|0x000000070ea00000, 0x000000070ea00000, 0x000000070eb00000|  0%| F|  |TAMS 0x000000070ea00000, 0x000000070ea00000| Untracked 
| 215|0x000000070eb00000, 0x000000070eb00000, 0x000000070ec00000|  0%| F|  |TAMS 0x000000070eb00000, 0x000000070eb00000| Untracked 
| 216|0x000000070ec00000, 0x000000070ec00000, 0x000000070ed00000|  0%| F|  |TAMS 0x000000070ec00000, 0x000000070ec00000| Untracked 
| 217|0x000000070ed00000, 0x000000070ed00000, 0x000000070ee00000|  0%| F|  |TAMS 0x000000070ed00000, 0x000000070ed00000| Untracked 
| 218|0x000000070ee00000, 0x000000070ee00000, 0x000000070ef00000|  0%| F|  |TAMS 0x000000070ee00000, 0x000000070ee00000| Untracked 
| 219|0x000000070ef00000, 0x000000070ef00000, 0x000000070f000000|  0%| F|  |TAMS 0x000000070ef00000, 0x000000070ef00000| Untracked 
| 220|0x000000070f000000, 0x000000070f000000, 0x000000070f100000|  0%| F|  |TAMS 0x000000070f000000, 0x000000070f000000| Untracked 
| 221|0x000000070f100000, 0x000000070f100000, 0x000000070f200000|  0%| F|  |TAMS 0x000000070f100000, 0x000000070f100000| Untracked 
| 222|0x000000070f200000, 0x000000070f200000, 0x000000070f300000|  0%| F|  |TAMS 0x000000070f200000, 0x000000070f200000| Untracked 
| 223|0x000000070f300000, 0x000000070f300000, 0x000000070f400000|  0%| F|  |TAMS 0x000000070f300000, 0x000000070f300000| Untracked 
| 224|0x000000070f400000, 0x000000070f400000, 0x000000070f500000|  0%| F|  |TAMS 0x000000070f400000, 0x000000070f400000| Untracked 
| 225|0x000000070f500000, 0x000000070f500000, 0x000000070f600000|  0%| F|  |TAMS 0x000000070f500000, 0x000000070f500000| Untracked 
| 226|0x000000070f600000, 0x000000070f600000, 0x000000070f700000|  0%| F|  |TAMS 0x000000070f600000, 0x000000070f600000| Untracked 
| 227|0x000000070f700000, 0x000000070f700000, 0x000000070f800000|  0%| F|  |TAMS 0x000000070f700000, 0x000000070f700000| Untracked 
| 228|0x000000070f800000, 0x000000070f800000, 0x000000070f900000|  0%| F|  |TAMS 0x000000070f800000, 0x000000070f800000| Untracked 
| 229|0x000000070f900000, 0x000000070f900000, 0x000000070fa00000|  0%| F|  |TAMS 0x000000070f900000, 0x000000070f900000| Untracked 
| 230|0x000000070fa00000, 0x000000070fa00000, 0x000000070fb00000|  0%| F|  |TAMS 0x000000070fa00000, 0x000000070fa00000| Untracked 
| 231|0x000000070fb00000, 0x000000070fb00000, 0x000000070fc00000|  0%| F|  |TAMS 0x000000070fb00000, 0x000000070fb00000| Untracked 
| 232|0x000000070fc00000, 0x000000070fc00000, 0x000000070fd00000|  0%| F|  |TAMS 0x000000070fc00000, 0x000000070fc00000| Untracked 
| 233|0x000000070fd00000, 0x000000070fd00000, 0x000000070fe00000|  0%| F|  |TAMS 0x000000070fd00000, 0x000000070fd00000| Untracked 
| 234|0x000000070fe00000, 0x000000070fe00000, 0x000000070ff00000|  0%| F|  |TAMS 0x000000070fe00000, 0x000000070fe00000| Untracked 
| 235|0x000000070ff00000, 0x000000070ff00000, 0x0000000710000000|  0%| F|  |TAMS 0x000000070ff00000, 0x000000070ff00000| Untracked 
| 236|0x0000000710000000, 0x0000000710000000, 0x0000000710100000|  0%| F|  |TAMS 0x0000000710000000, 0x0000000710000000| Untracked 
| 237|0x0000000710100000, 0x0000000710100000, 0x0000000710200000|  0%| F|  |TAMS 0x0000000710100000, 0x0000000710100000| Untracked 
| 238|0x0000000710200000, 0x0000000710200000, 0x0000000710300000|  0%| F|  |TAMS 0x0000000710200000, 0x0000000710200000| Untracked 
| 239|0x0000000710300000, 0x0000000710300000, 0x0000000710400000|  0%| F|  |TAMS 0x0000000710300000, 0x0000000710300000| Untracked 
| 240|0x0000000710400000, 0x0000000710400000, 0x0000000710500000|  0%| F|  |TAMS 0x0000000710400000, 0x0000000710400000| Untracked 
| 241|0x0000000710500000, 0x0000000710500000, 0x0000000710600000|  0%| F|  |TAMS 0x0000000710500000, 0x0000000710500000| Untracked 
| 242|0x0000000710600000, 0x0000000710600000, 0x0000000710700000|  0%| F|  |TAMS 0x0000000710600000, 0x0000000710600000| Untracked 
| 243|0x0000000710700000, 0x0000000710700000, 0x0000000710800000|  0%| F|  |TAMS 0x0000000710700000, 0x0000000710700000| Untracked 
| 244|0x0000000710800000, 0x0000000710900000, 0x0000000710900000|100%| E|  |TAMS 0x0000000710800000, 0x0000000710800000| Complete 
| 245|0x0000000710900000, 0x0000000710a00000, 0x0000000710a00000|100%| E|CS|TAMS 0x0000000710900000, 0x0000000710900000| Complete 
| 246|0x0000000710a00000, 0x0000000710b00000, 0x0000000710b00000|100%| E|CS|TAMS 0x0000000710a00000, 0x0000000710a00000| Complete 
| 247|0x0000000710b00000, 0x0000000710c00000, 0x0000000710c00000|100%| E|CS|TAMS 0x0000000710b00000, 0x0000000710b00000| Complete 
| 248|0x0000000710c00000, 0x0000000710d00000, 0x0000000710d00000|100%| E|CS|TAMS 0x0000000710c00000, 0x0000000710c00000| Complete 
| 249|0x0000000710d00000, 0x0000000710e00000, 0x0000000710e00000|100%| S|CS|TAMS 0x0000000710d00000, 0x0000000710d00000| Complete 
| 250|0x0000000710e00000, 0x0000000710f00000, 0x0000000710f00000|100%| E|CS|TAMS 0x0000000710e00000, 0x0000000710e00000| Complete 
| 251|0x0000000710f00000, 0x0000000711000000, 0x0000000711000000|100%| E|CS|TAMS 0x0000000710f00000, 0x0000000710f00000| Complete 
| 252|0x0000000711000000, 0x0000000711100000, 0x0000000711100000|100%| E|CS|TAMS 0x0000000711000000, 0x0000000711000000| Complete 
| 253|0x0000000711100000, 0x0000000711200000, 0x0000000711200000|100%| E|CS|TAMS 0x0000000711100000, 0x0000000711100000| Complete 
| 254|0x0000000711200000, 0x0000000711300000, 0x0000000711300000|100%| E|CS|TAMS 0x0000000711200000, 0x0000000711200000| Complete 
| 255|0x0000000711300000, 0x0000000711400000, 0x0000000711400000|100%| E|CS|TAMS 0x0000000711300000, 0x0000000711300000| Complete 

Card table byte_map: [0x000002684f880000,0x0000026850080000] _byte_map_base: 0x000002684c076000

Marking Bits (Prev, Next): (CMBitMap*) 0x0000026837c1a708, (CMBitMap*) 0x0000026837c1a740
 Prev Bits: [0x0000026850880000, 0x0000026854830000)
 Next Bits: [0x0000026854830000, 0x00000268587e0000)

Polling page: 0x00000268373a0000

Metaspace:

Usage:
  Non-class:     33.92 MB capacity,    33.11 MB ( 98%) used,   670.31 KB (  2%) free+waste,   165.13 KB ( <1%) overhead. 
      Class:      5.45 MB capacity,     4.87 MB ( 89%) used,   510.60 KB (  9%) free+waste,    83.81 KB (  2%) overhead. 
       Both:     39.37 MB capacity,    37.97 MB ( 96%) used,     1.15 MB (  3%) free+waste,   248.94 KB ( <1%) overhead. 

Virtual space:
  Non-class space:       34.00 MB reserved,      33.92 MB (>99%) committed 
      Class space:        1.00 GB reserved,       5.50 MB ( <1%) committed 
             Both:        1.03 GB reserved,      39.42 MB (  4%) committed 

Chunk freelists:
   Non-Class:  0 bytes
       Class:  2.75 KB
        Both:  2.75 KB

CodeHeap 'non-profiled nmethods': size=120064Kb used=1956Kb max_used=1956Kb free=118107Kb
 bounds [0x0000026847b40000, 0x0000026847db0000, 0x000002684f080000]
CodeHeap 'profiled nmethods': size=120000Kb used=9902Kb max_used=9902Kb free=110097Kb
 bounds [0x0000026840610000, 0x0000026840fc0000, 0x0000026847b40000]
CodeHeap 'non-nmethods': size=5696Kb used=1510Kb max_used=1538Kb free=4185Kb
 bounds [0x0000026840080000, 0x00000268402f0000, 0x0000026840610000]
 total_blobs=5765 nmethods=4757 adapters=916
 compilation: enabled
              stopped_count=0, restarted_count=0
 full_count=0

Compilation events (10 events):
Event: 40.573 Thread 0x000002685b5f1000 4383       3       java.awt.geom.AffineTransform::transform (663 bytes)
Event: 40.574 Thread 0x000002685b5f1000 nmethod 4383 0x0000026840ecb210 code [0x0000026840ecb4c0, 0x0000026840ecc768]
Event: 40.624 Thread 0x000002685b5f1000 4384       3       java.awt.Component::isShowing (38 bytes)
Event: 40.624 Thread 0x000002685b5f1000 nmethod 4384 0x0000026840ecd110 code [0x0000026840ecd2c0, 0x0000026840ecd5a8]
Event: 40.656 Thread 0x000002685b5f1000 4385       3       java.awt.Window::getOwner_NoClientCode (8 bytes)
Event: 40.656 Thread 0x000002685b5f1000 nmethod 4385 0x0000026840ecd690 code [0x0000026840ecd840, 0x0000026840ecda38]
Event: 40.677 Thread 0x000002685b5e3800 4386       4       sun.util.locale.BaseLocale$Key::hashCode (178 bytes)
Event: 40.681 Thread 0x000002685b5f1000 4387       3       java.awt.Component::getAccessControlContext (22 bytes)
Event: 40.681 Thread 0x000002685b5f1000 nmethod 4387 0x0000026840ecdb10 code [0x0000026840ecdcc0, 0x0000026840ecdee8]
Event: 40.690 Thread 0x000002685b5e3800 nmethod 4386 0x0000026847d00b90 code [0x0000026847d00d60, 0x0000026847d012b0]

GC Heap History (8 events):
Event: 0.854 GC heap before
{Heap before GC invocations=0 (full 0):
 garbage-first heap   total 262144K, used 14336K [0x0000000701400000, 0x0000000800000000)
  region size 1024K, 14 young (14336K), 0 survivors (0K)
 Metaspace       used 9110K, capacity 9383K, committed 9600K, reserved 1058816K
  class space    used 906K, capacity 1032K, committed 1152K, reserved 1048576K
}
Event: 0.876 GC heap after
{Heap after GC invocations=1 (full 0):
 garbage-first heap   total 262144K, used 2058K [0x0000000701400000, 0x0000000800000000)
  region size 1024K, 2 young (2048K), 2 survivors (2048K)
 Metaspace       used 9110K, capacity 9383K, committed 9600K, reserved 1058816K
  class space    used 906K, capacity 1032K, committed 1152K, reserved 1048576K
}
Event: 2.487 GC heap before
{Heap before GC invocations=1 (full 0):
 garbage-first heap   total 262144K, used 47114K [0x0000000701400000, 0x0000000800000000)
  region size 1024K, 39 young (39936K), 2 survivors (2048K)
 Metaspace       used 20642K, capacity 21198K, committed 21296K, reserved 1069056K
  class space    used 2415K, capacity 2657K, committed 2688K, reserved 1048576K
}
Event: 2.500 GC heap after
{Heap after GC invocations=2 (full 0):
 garbage-first heap   total 262144K, used 13916K [0x0000000701400000, 0x0000000800000000)
  region size 1024K, 8 young (8192K), 8 survivors (8192K)
 Metaspace       used 20642K, capacity 21198K, committed 21296K, reserved 1069056K
  class space    used 2415K, capacity 2657K, committed 2688K, reserved 1048576K
}
Event: 4.311 GC heap before
{Heap before GC invocations=3 (full 0):
 garbage-first heap   total 262144K, used 66140K [0x0000000701400000, 0x0000000800000000)
  region size 1024K, 47 young (48128K), 8 survivors (8192K)
 Metaspace       used 31965K, capacity 33238K, committed 33328K, reserved 1077248K
  class space    used 4153K, capacity 4717K, committed 4736K, reserved 1048576K
}
Event: 4.342 GC heap after
{Heap after GC invocations=4 (full 0):
 garbage-first heap   total 262144K, used 31110K [0x0000000701400000, 0x0000000800000000)
  region size 1024K, 5 young (5120K), 5 survivors (5120K)
 Metaspace       used 31965K, capacity 33238K, committed 33328K, reserved 1077248K
  class space    used 4153K, capacity 4717K, committed 4736K, reserved 1048576K
}
Event: 9.780 GC heap before
{Heap before GC invocations=4 (full 0):
 garbage-first heap   total 262144K, used 48518K [0x0000000701400000, 0x0000000800000000)
  region size 1024K, 11 young (11264K), 5 survivors (5120K)
 Metaspace       used 34420K, capacity 35736K, committed 35920K, reserved 1081344K
  class space    used 4438K, capacity 5012K, committed 5120K, reserved 1048576K
}
Event: 9.789 GC heap after
{Heap after GC invocations=5 (full 0):
 garbage-first heap   total 262144K, used 41984K [0x0000000701400000, 0x0000000800000000)
  region size 1024K, 1 young (1024K), 1 survivors (1024K)
 Metaspace       used 34420K, capacity 35736K, committed 35920K, reserved 1081344K
  class space    used 4438K, capacity 5012K, committed 5120K, reserved 1048576K
}

Deoptimization events (10 events):
Event: 4.843 Thread 0x000002685b81a800 Uncommon trap: reason=unstable_if action=reinterpret pc=0x0000026847c51b88 method=java.util.RegularEnumSet.isEmpty()Z @ 6 c2
Event: 9.312 Thread 0x000002685c0db800 Uncommon trap: reason=unstable_if action=reinterpret pc=0x0000026847c97eac method=java.lang.Math.round(F)I @ 36 c2
Event: 9.449 Thread 0x000002685b81a800 Uncommon trap: reason=bimorphic_or_optimized_type_check action=maybe_recompile pc=0x0000026847cd77a8 method=java.util.Collections$UnmodifiableList.get(I)Ljava/lang/Object; @ 5 c2
Event: 9.449 Thread 0x000002685b81a800 Uncommon trap: reason=bimorphic_or_optimized_type_check action=maybe_recompile pc=0x0000026847cd77a8 method=java.util.Collections$UnmodifiableList.get(I)Ljava/lang/Object; @ 5 c2
Event: 9.622 Thread 0x000002685b81a800 Uncommon trap: reason=bimorphic_or_optimized_type_check action=maybe_recompile pc=0x0000026847cd77a8 method=java.util.Collections$UnmodifiableList.get(I)Ljava/lang/Object; @ 5 c2
Event: 9.622 Thread 0x000002685b81a800 Uncommon trap: reason=bimorphic_or_optimized_type_check action=maybe_recompile pc=0x0000026847cd77a8 method=java.util.Collections$UnmodifiableList.get(I)Ljava/lang/Object; @ 5 c2
Event: 9.849 Thread 0x000002685b81a800 Uncommon trap: reason=unstable_if action=reinterpret pc=0x0000026847ce19e0 method=java.util.WeakHashMap.eq(Ljava/lang/Object;Ljava/lang/Object;)Z @ 10 c2
Event: 9.894 Thread 0x000002685c6c8800 Uncommon trap: reason=class_check action=maybe_recompile pc=0x0000026847ba4664 method=java.util.HashMap.putVal(ILjava/lang/Object;Ljava/lang/Object;ZZ)Ljava/lang/Object; @ 203 c2
Event: 9.894 Thread 0x000002685c6c8800 Uncommon trap: reason=bimorphic_or_optimized_type_check action=maybe_recompile pc=0x0000026847ba495c method=java.util.HashMap.putVal(ILjava/lang/Object;Ljava/lang/Object;ZZ)Ljava/lang/Object; @ 91 c2
Event: 9.894 Thread 0x000002685c6c8800 Uncommon trap: reason=class_check action=maybe_recompile pc=0x0000026847ba4664 method=java.util.HashMap.putVal(ILjava/lang/Object;Ljava/lang/Object;ZZ)Ljava/lang/Object; @ 203 c2

Classes redefined (0 events):
No events

Internal exceptions (10 events):
Event: 4.140 Thread 0x000002685b81a800 Exception <a 'java/lang/NoSuchMethodError'{0x000000070f0a3490}: java.lang.invoke.DirectMethodHandle$Holder.invokeStatic(Ljava/lang/Object;Ljava/lang/Object;J)Ljava/lang/Object;> (0x000000070f0a3490) thrown at [./open/src/hotspot/share/interpreter/linkReso
Event: 4.140 Thread 0x000002685b81a800 Exception <a 'java/lang/NoSuchMethodError'{0x000000070f0a9878}: java.lang.invoke.Invokers$Holder.linkToTargetMethod(Ljava/lang/Object;JLjava/lang/Object;)Ljava/lang/Object;> (0x000000070f0a9878) thrown at [./open/src/hotspot/share/interpreter/linkResolver
Event: 4.160 Thread 0x000002685c0db800 Exception <a 'java/lang/NoSuchMethodError'{0x000000070f0e2dc0}: java.lang.invoke.DirectMethodHandle$Holder.invokeStaticInit(Ljava/lang/Object;I)Ljava/lang/Object;> (0x000000070f0e2dc0) thrown at [./open/src/hotspot/share/interpreter/linkResolver.cpp, line
Event: 9.732 Thread 0x000002685b81a800 Exception <a 'java/lang/ClassNotFoundException'{0x0000000710f97160}: com/sun/swing/internal/plaf/metal/resources/spi/metalProvider> (0x0000000710f97160) thrown at [./open/src/hotspot/share/classfile/systemDictionary.cpp, line 228]
Event: 9.733 Thread 0x000002685b81a800 Exception <a 'java/lang/ClassNotFoundException'{0x0000000710f9abc0}: com/sun/swing/internal/plaf/basic/resources/spi/basicProvider> (0x0000000710f9abc0) thrown at [./open/src/hotspot/share/classfile/systemDictionary.cpp, line 228]
Event: 26.269 Thread 0x000002685c6c7800 Exception <a 'java/io/FileNotFoundException'{0x0000000711170728}> (0x0000000711170728) thrown at [./open/src/hotspot/share/prims/jni.cpp, line 611]
Event: 31.457 Thread 0x000002685c6c7800 Exception <a 'java/io/FileNotFoundException'{0x0000000711185990}> (0x0000000711185990) thrown at [./open/src/hotspot/share/prims/jni.cpp, line 611]
Event: 31.458 Thread 0x000002685c6c7800 Exception <a 'java/io/FileNotFoundException'{0x0000000711195cb0}> (0x0000000711195cb0) thrown at [./open/src/hotspot/share/prims/jni.cpp, line 611]
Event: 36.584 Thread 0x000002685c6c7800 Exception <a 'java/io/FileNotFoundException'{0x00000007111aaa58}> (0x00000007111aaa58) thrown at [./open/src/hotspot/share/prims/jni.cpp, line 611]
Event: 36.603 Thread 0x000002685c6c7800 Exception <a 'java/lang/ClassNotFoundException'{0x0000000711022fa8}: sun/util/logging/resources/spi/loggingProvider> (0x0000000711022fa8) thrown at [./open/src/hotspot/share/classfile/systemDictionary.cpp, line 228]

Events (10 events):
Event: 40.687 loading class gnu/io/UnSupportedLoggerException done
Event: 40.694 loading class gnu/io/RXTXPort$MonitorThread
Event: 40.694 loading class gnu/io/RXTXPort$MonitorThread done
Event: 40.696 Thread 0x000002685c6c9800 Thread added: 0x000002685c6c9800
Event: 40.703 loading class org/zu/ardulink/connection/serial/AbstractSerialConnection$SerialReader
Event: 40.703 loading class org/zu/ardulink/connection/serial/AbstractSerialConnection$SerialReader done
Event: 40.704 Thread 0x000002685c6ca000 Thread added: 0x000002685c6ca000
Event: 40.704 Executing VM operation: RevokeBias
Event: 40.705 Executing VM operation: RevokeBias done
Event: 40.705 Executing VM operation: RevokeBias


Dynamic libraries:
0x00007ff7ed050000 - 0x00007ff7ed05f000 	C:\Program Files\Java\jdk-11.0.12\bin\java.exe
0x00007ffabed50000 - 0x00007ffabef45000 	C:\WINDOWS\SYSTEM32\ntdll.dll
0x00007ffabdd40000 - 0x00007ffabddfe000 	C:\WINDOWS\System32\KERNEL32.DLL
0x00007ffabca80000 - 0x00007ffabcd48000 	C:\WINDOWS\System32\KERNELBASE.dll
0x00007ffabc650000 - 0x00007ffabc750000 	C:\WINDOWS\System32\ucrtbase.dll
0x00007ffa9e090000 - 0x00007ffa9e0a5000 	C:\Program Files\Java\jdk-11.0.12\bin\VCRUNTIME140.dll
0x00007ffa9e0b0000 - 0x00007ffa9e0c8000 	C:\Program Files\Java\jdk-11.0.12\bin\jli.dll
0x00007ffabde10000 - 0x00007ffabdebc000 	C:\WINDOWS\System32\ADVAPI32.dll
0x00007ffabd110000 - 0x00007ffabd1ae000 	C:\WINDOWS\System32\msvcrt.dll
0x00007ffabd3d0000 - 0x00007ffabd46b000 	C:\WINDOWS\System32\sechost.dll
0x00007ffabd2a0000 - 0x00007ffabd3ca000 	C:\WINDOWS\System32\RPCRT4.dll
0x00007ffabdb30000 - 0x00007ffabdcd1000 	C:\WINDOWS\System32\USER32.dll
0x00007ffabb810000 - 0x00007ffabbaaa000 	C:\WINDOWS\WinSxS\amd64_microsoft.windows.common-controls_6595b64144ccf1df_6.0.19041.1110_none_60b5254171f9507e\COMCTL32.dll
0x00007ffabc570000 - 0x00007ffabc592000 	C:\WINDOWS\System32\win32u.dll
0x00007ffabd4d0000 - 0x00007ffabd4fb000 	C:\WINDOWS\System32\GDI32.dll
0x00007ffabc8b0000 - 0x00007ffabc9bb000 	C:\WINDOWS\System32\gdi32full.dll
0x00007ffabc470000 - 0x00007ffabc50d000 	C:\WINDOWS\System32\msvcp_win.dll
0x00007ffab04d0000 - 0x00007ffab04da000 	C:\WINDOWS\SYSTEM32\VERSION.dll
0x00007ffabda50000 - 0x00007ffabda80000 	C:\WINDOWS\System32\IMM32.DLL
0x00007ffa8cf80000 - 0x00007ffa8d01b000 	C:\Program Files\Java\jdk-11.0.12\bin\msvcp140.dll
0x00007ffa382c0000 - 0x00007ffa38dbf000 	C:\Program Files\Java\jdk-11.0.12\bin\server\jvm.dll
0x00007ffabd620000 - 0x00007ffabd628000 	C:\WINDOWS\System32\PSAPI.DLL
0x00007ffa9d000000 - 0x00007ffa9d027000 	C:\WINDOWS\SYSTEM32\WINMM.dll
0x00007ffa90820000 - 0x00007ffa90829000 	C:\WINDOWS\SYSTEM32\WSOCK32.dll
0x00007ffabd5b0000 - 0x00007ffabd61b000 	C:\WINDOWS\System32\WS2_32.dll
0x00007ffaba6a0000 - 0x00007ffaba6b2000 	C:\WINDOWS\SYSTEM32\kernel.appcore.dll
0x00007ffaa0c90000 - 0x00007ffaa0ca0000 	C:\Program Files\Java\jdk-11.0.12\bin\verify.dll
0x00007ffabbd90000 - 0x00007ffabbf74000 	C:\WINDOWS\SYSTEM32\DBGHELP.DLL
0x00007ffabbbc0000 - 0x00007ffabbbec000 	C:\WINDOWS\SYSTEM32\dbgcore.DLL
0x00007ffabc9f0000 - 0x00007ffabca73000 	C:\WINDOWS\System32\bcryptPrimitives.dll
0x00007ffa8cf50000 - 0x00007ffa8cf78000 	C:\Program Files\Java\jdk-11.0.12\bin\java.dll
0x00007ffa9fc80000 - 0x00007ffa9fc8a000 	C:\Program Files\Java\jdk-11.0.12\bin\jimage.dll
0x00007ffa9e070000 - 0x00007ffa9e086000 	C:\Program Files\Java\jdk-11.0.12\bin\zip.dll
0x00007ffabdec0000 - 0x00007ffabe5ff000 	C:\WINDOWS\System32\SHELL32.dll
0x00007ffab9790000 - 0x00007ffab9f20000 	C:\WINDOWS\SYSTEM32\windows.storage.dll
0x00007ffabcdb0000 - 0x00007ffabd105000 	C:\WINDOWS\System32\combase.dll
0x00007ffabb770000 - 0x00007ffabb79e000 	C:\WINDOWS\SYSTEM32\Wldp.dll
0x00007ffabda80000 - 0x00007ffabdb2d000 	C:\WINDOWS\System32\SHCORE.dll
0x00007ffabd470000 - 0x00007ffabd4c5000 	C:\WINDOWS\System32\shlwapi.dll
0x00007ffabc3b0000 - 0x00007ffabc3cf000 	C:\WINDOWS\SYSTEM32\profapi.dll
0x00007ffa90940000 - 0x00007ffa90959000 	C:\Program Files\Java\jdk-11.0.12\bin\net.dll
0x00007ffab5320000 - 0x00007ffab542c000 	C:\WINDOWS\SYSTEM32\WINHTTP.dll
0x00007ffabb640000 - 0x00007ffabb6aa000 	C:\WINDOWS\system32\mswsock.dll
0x00007ffa8cf30000 - 0x00007ffa8cf42000 	C:\Program Files\Java\jdk-11.0.12\bin\nio.dll
0x000002685d1f0000 - 0x000002685d1f3000 	C:\Program Files\Java\openjfx-17.0.1_windows-x64_bin-sdk\javafx-sdk-17.0.1\bin\api-ms-win-core-console-l1-1-0.dll
0x000002685d200000 - 0x000002685d203000 	C:\Program Files\Java\openjfx-17.0.1_windows-x64_bin-sdk\javafx-sdk-17.0.1\bin\api-ms-win-core-console-l1-2-0.dll
0x000002685d5a0000 - 0x000002685d5a3000 	C:\Program Files\Java\openjfx-17.0.1_windows-x64_bin-sdk\javafx-sdk-17.0.1\bin\api-ms-win-core-datetime-l1-1-0.dll
0x000002685d5b0000 - 0x000002685d5b3000 	C:\Program Files\Java\openjfx-17.0.1_windows-x64_bin-sdk\javafx-sdk-17.0.1\bin\api-ms-win-core-debug-l1-1-0.dll
0x000002685d5c0000 - 0x000002685d5c3000 	C:\Program Files\Java\openjfx-17.0.1_windows-x64_bin-sdk\javafx-sdk-17.0.1\bin\api-ms-win-core-errorhandling-l1-1-0.dll
0x000002685d5d0000 - 0x000002685d5d4000 	C:\Program Files\Java\openjfx-17.0.1_windows-x64_bin-sdk\javafx-sdk-17.0.1\bin\api-ms-win-core-file-l1-1-0.dll
0x000002685d5e0000 - 0x000002685d5e3000 	C:\Program Files\Java\openjfx-17.0.1_windows-x64_bin-sdk\javafx-sdk-17.0.1\bin\api-ms-win-core-file-l1-2-0.dll
0x000002685d5f0000 - 0x000002685d5f3000 	C:\Program Files\Java\openjfx-17.0.1_windows-x64_bin-sdk\javafx-sdk-17.0.1\bin\api-ms-win-core-file-l2-1-0.dll
0x000002685d210000 - 0x000002685d213000 	C:\Program Files\Java\openjfx-17.0.1_windows-x64_bin-sdk\javafx-sdk-17.0.1\bin\api-ms-win-core-handle-l1-1-0.dll
0x000002685d220000 - 0x000002685d223000 	C:\Program Files\Java\openjfx-17.0.1_windows-x64_bin-sdk\javafx-sdk-17.0.1\bin\api-ms-win-core-heap-l1-1-0.dll
0x000002685d230000 - 0x000002685d233000 	C:\Program Files\Java\openjfx-17.0.1_windows-x64_bin-sdk\javafx-sdk-17.0.1\bin\api-ms-win-core-interlocked-l1-1-0.dll
0x000002685d240000 - 0x000002685d243000 	C:\Program Files\Java\openjfx-17.0.1_windows-x64_bin-sdk\javafx-sdk-17.0.1\bin\api-ms-win-core-libraryloader-l1-1-0.dll
0x000002685d250000 - 0x000002685d253000 	C:\Program Files\Java\openjfx-17.0.1_windows-x64_bin-sdk\javafx-sdk-17.0.1\bin\api-ms-win-core-localization-l1-2-0.dll
0x000002685d260000 - 0x000002685d263000 	C:\Program Files\Java\openjfx-17.0.1_windows-x64_bin-sdk\javafx-sdk-17.0.1\bin\api-ms-win-core-memory-l1-1-0.dll
0x000002685d270000 - 0x000002685d273000 	C:\Program Files\Java\openjfx-17.0.1_windows-x64_bin-sdk\javafx-sdk-17.0.1\bin\api-ms-win-core-namedpipe-l1-1-0.dll
0x000002685d280000 - 0x000002685d283000 	C:\Program Files\Java\openjfx-17.0.1_windows-x64_bin-sdk\javafx-sdk-17.0.1\bin\api-ms-win-core-processenvironment-l1-1-0.dll
0x000002685d290000 - 0x000002685d293000 	C:\Program Files\Java\openjfx-17.0.1_windows-x64_bin-sdk\javafx-sdk-17.0.1\bin\api-ms-win-core-processthreads-l1-1-0.dll
0x000002685d2a0000 - 0x000002685d2a3000 	C:\Program Files\Java\openjfx-17.0.1_windows-x64_bin-sdk\javafx-sdk-17.0.1\bin\api-ms-win-core-processthreads-l1-1-1.dll
0x000002685d2b0000 - 0x000002685d2b3000 	C:\Program Files\Java\openjfx-17.0.1_windows-x64_bin-sdk\javafx-sdk-17.0.1\bin\api-ms-win-core-profile-l1-1-0.dll
0x000002685d2c0000 - 0x000002685d2c3000 	C:\Program Files\Java\openjfx-17.0.1_windows-x64_bin-sdk\javafx-sdk-17.0.1\bin\api-ms-win-core-rtlsupport-l1-1-0.dll
0x000002685d2d0000 - 0x000002685d2d3000 	C:\Program Files\Java\openjfx-17.0.1_windows-x64_bin-sdk\javafx-sdk-17.0.1\bin\api-ms-win-core-string-l1-1-0.dll
0x000002685d2e0000 - 0x000002685d2e3000 	C:\Program Files\Java\openjfx-17.0.1_windows-x64_bin-sdk\javafx-sdk-17.0.1\bin\api-ms-win-core-synch-l1-1-0.dll
0x000002685d2f0000 - 0x000002685d2f3000 	C:\Program Files\Java\openjfx-17.0.1_windows-x64_bin-sdk\javafx-sdk-17.0.1\bin\api-ms-win-core-synch-l1-2-0.dll
0x000002685d300000 - 0x000002685d303000 	C:\Program Files\Java\openjfx-17.0.1_windows-x64_bin-sdk\javafx-sdk-17.0.1\bin\api-ms-win-core-sysinfo-l1-1-0.dll
0x000002685d310000 - 0x000002685d313000 	C:\Program Files\Java\openjfx-17.0.1_windows-x64_bin-sdk\javafx-sdk-17.0.1\bin\api-ms-win-core-timezone-l1-1-0.dll
0x000002685d320000 - 0x000002685d323000 	C:\Program Files\Java\openjfx-17.0.1_windows-x64_bin-sdk\javafx-sdk-17.0.1\bin\api-ms-win-core-util-l1-1-0.dll
0x000002685d330000 - 0x000002685d333000 	C:\Program Files\Java\openjfx-17.0.1_windows-x64_bin-sdk\javafx-sdk-17.0.1\bin\api-ms-win-crt-conio-l1-1-0.dll
0x000002685d340000 - 0x000002685d344000 	C:\Program Files\Java\openjfx-17.0.1_windows-x64_bin-sdk\javafx-sdk-17.0.1\bin\api-ms-win-crt-convert-l1-1-0.dll
0x000002685d350000 - 0x000002685d353000 	C:\Program Files\Java\openjfx-17.0.1_windows-x64_bin-sdk\javafx-sdk-17.0.1\bin\api-ms-win-crt-environment-l1-1-0.dll
0x000002685d360000 - 0x000002685d363000 	C:\Program Files\Java\openjfx-17.0.1_windows-x64_bin-sdk\javafx-sdk-17.0.1\bin\api-ms-win-crt-filesystem-l1-1-0.dll
0x000002685d370000 - 0x000002685d373000 	C:\Program Files\Java\openjfx-17.0.1_windows-x64_bin-sdk\javafx-sdk-17.0.1\bin\api-ms-win-crt-heap-l1-1-0.dll
0x000002685d380000 - 0x000002685d383000 	C:\Program Files\Java\openjfx-17.0.1_windows-x64_bin-sdk\javafx-sdk-17.0.1\bin\api-ms-win-crt-locale-l1-1-0.dll
0x000002685d390000 - 0x000002685d395000 	C:\Program Files\Java\openjfx-17.0.1_windows-x64_bin-sdk\javafx-sdk-17.0.1\bin\api-ms-win-crt-math-l1-1-0.dll
0x000002685d3a0000 - 0x000002685d3a5000 	C:\Program Files\Java\openjfx-17.0.1_windows-x64_bin-sdk\javafx-sdk-17.0.1\bin\api-ms-win-crt-multibyte-l1-1-0.dll
0x000002685d3b0000 - 0x000002685d3c0000 	C:\Program Files\Java\openjfx-17.0.1_windows-x64_bin-sdk\javafx-sdk-17.0.1\bin\api-ms-win-crt-private-l1-1-0.dll
0x000002685d3c0000 - 0x000002685d3c3000 	C:\Program Files\Java\openjfx-17.0.1_windows-x64_bin-sdk\javafx-sdk-17.0.1\bin\api-ms-win-crt-process-l1-1-0.dll
0x000002685d3d0000 - 0x000002685d3d4000 	C:\Program Files\Java\openjfx-17.0.1_windows-x64_bin-sdk\javafx-sdk-17.0.1\bin\api-ms-win-crt-runtime-l1-1-0.dll
0x000002685d3e0000 - 0x000002685d3e4000 	C:\Program Files\Java\openjfx-17.0.1_windows-x64_bin-sdk\javafx-sdk-17.0.1\bin\api-ms-win-crt-stdio-l1-1-0.dll
0x000002685d3f0000 - 0x000002685d3f4000 	C:\Program Files\Java\openjfx-17.0.1_windows-x64_bin-sdk\javafx-sdk-17.0.1\bin\api-ms-win-crt-string-l1-1-0.dll
0x000002685d400000 - 0x000002685d403000 	C:\Program Files\Java\openjfx-17.0.1_windows-x64_bin-sdk\javafx-sdk-17.0.1\bin\api-ms-win-crt-time-l1-1-0.dll
0x000002685d410000 - 0x000002685d413000 	C:\Program Files\Java\openjfx-17.0.1_windows-x64_bin-sdk\javafx-sdk-17.0.1\bin\api-ms-win-crt-utility-l1-1-0.dll
0x00007ffa6e3c0000 - 0x00007ffa6e4bc000 	C:\Program Files\Java\openjfx-17.0.1_windows-x64_bin-sdk\javafx-sdk-17.0.1\bin\ucrtbase.dll
0x00007ffa8cf10000 - 0x00007ffa8cf2a000 	C:\Program Files\Java\openjfx-17.0.1_windows-x64_bin-sdk\javafx-sdk-17.0.1\bin\vcruntime140.dll
0x00007ffa96200000 - 0x00007ffa9620c000 	C:\Program Files\Java\openjfx-17.0.1_windows-x64_bin-sdk\javafx-sdk-17.0.1\bin\vcruntime140_1.dll
0x00007ffa6e330000 - 0x00007ffa6e3bd000 	C:\Program Files\Java\openjfx-17.0.1_windows-x64_bin-sdk\javafx-sdk-17.0.1\bin\msvcp140.dll
0x00007ffa8cee0000 - 0x00007ffa8cf0a000 	C:\Program Files\Java\openjfx-17.0.1_windows-x64_bin-sdk\javafx-sdk-17.0.1\bin\prism_d3d.dll
0x00007ffa68b10000 - 0x00007ffa68cde000 	C:\WINDOWS\system32\d3d9.dll
0x00007ffab93d0000 - 0x00007ffab93ff000 	C:\WINDOWS\SYSTEM32\dwmapi.dll
0x00007ffab91b0000 - 0x00007ffab924e000 	C:\WINDOWS\system32\uxtheme.dll
0x00007ffa64670000 - 0x00007ffa66bae000 	C:\WINDOWS\SYSTEM32\igdumdim64.dll
0x00007ffabd850000 - 0x00007ffabd91d000 	C:\WINDOWS\System32\OLEAUT32.dll
0x00007ffabd920000 - 0x00007ffabda4a000 	C:\WINDOWS\System32\ole32.dll
0x00007ffabe600000 - 0x00007ffabea72000 	C:\WINDOWS\System32\SETUPAPI.dll
0x00007ffabcd50000 - 0x00007ffabcd9e000 	C:\WINDOWS\System32\cfgmgr32.dll
0x00007ffabc9c0000 - 0x00007ffabc9e7000 	C:\WINDOWS\System32\bcrypt.dll
0x00007ffa756f0000 - 0x00007ffa75732000 	C:\Program Files\Java\openjfx-17.0.1_windows-x64_bin-sdk\javafx-sdk-17.0.1\bin\glass.dll
0x00007ffabd630000 - 0x00007ffabd70a000 	C:\WINDOWS\System32\COMDLG32.dll
0x00007ffabd710000 - 0x00007ffabd825000 	C:\WINDOWS\System32\MSCTF.dll
0x00007ffaabae0000 - 0x00007ffaac520000 	C:\WINDOWS\SYSTEM32\igdusc64.dll
0x00007ffab4fe0000 - 0x00007ffab501b000 	C:\WINDOWS\SYSTEM32\dxcore.dll
0x00007ffa89b40000 - 0x00007ffa89b54000 	C:\Program Files\Java\openjfx-17.0.1_windows-x64_bin-sdk\javafx-sdk-17.0.1\bin\javafx_font.dll
0x00007ffaab090000 - 0x00007ffaab313000 	C:\WINDOWS\SYSTEM32\dwrite.dll
0x00007ffa39d00000 - 0x00007ffa39e9a000 	C:\Program Files\Java\jdk-11.0.12\bin\awt.dll
0x00007ffab8fb0000 - 0x00007ffab9040000 	C:\WINDOWS\SYSTEM32\apphelp.dll
0x00007ffabd500000 - 0x00007ffabd5a9000 	C:\WINDOWS\System32\clbcatq.dll
0x00007ffab2470000 - 0x00007ffab2624000 	C:\WINDOWS\SYSTEM32\WindowsCodecs.dll
0x00007ffab6590000 - 0x00007ffab65ce000 	C:\WINDOWS\system32\dataexchange.dll
0x00007ffab75d0000 - 0x00007ffab7834000 	C:\WINDOWS\system32\d3d11.dll
0x00007ffab83c0000 - 0x00007ffab85a5000 	C:\WINDOWS\system32\dcomp.dll
0x00007ffaba710000 - 0x00007ffaba804000 	C:\WINDOWS\system32\dxgi.dll
0x00007ffab3350000 - 0x00007ffab3551000 	C:\WINDOWS\system32\twinapi.appcore.dll
0x00007ffa8d020000 - 0x00007ffa8d054000 	C:\Program Files\Common Files\Microsoft Shared\Ink\rtscom.dll
0x00007ffab0130000 - 0x00007ffab0229000 	C:\WINDOWS\SYSTEM32\textinputframework.dll
0x00007ffab8940000 - 0x00007ffab8c9e000 	C:\WINDOWS\System32\CoreUIComponents.dll
0x00007ffab8cd0000 - 0x00007ffab8dc2000 	C:\WINDOWS\System32\CoreMessaging.dll
0x00007ffab8260000 - 0x00007ffab83b4000 	C:\WINDOWS\SYSTEM32\wintypes.dll
0x00007ffabc0e0000 - 0x00007ffabc113000 	C:\WINDOWS\SYSTEM32\ntmarta.dll
0x00007ffa64070000 - 0x00007ffa640f6000 	C:\Program Files\Java\jdk-11.0.12\bin\freetype.dll
0x00007ffa63d50000 - 0x00007ffa63df2000 	C:\Program Files\Java\jdk-11.0.12\bin\fontmanager.dll
0x00007ffab7ca0000 - 0x00007ffab8260000 	C:\WINDOWS\SYSTEM32\d2d1.dll
0x00007ffaaf7f0000 - 0x00007ffaafee6000 	C:\WINDOWS\SYSTEM32\D3D10Warp.dll
0x00007ffa91a80000 - 0x00007ffa91ba5000 	C:\WINDOWS\system32\opengl32.dll
0x00007ffab44e0000 - 0x00007ffab450c000 	C:\WINDOWS\SYSTEM32\GLU32.dll
0x0000000180000000 - 0x0000000180025000 	C:\Program Files\Java\jdk-11.0.12\bin\rxtxSerial.dll

dbghelp: loaded successfully - version: 4.0.5 - missing functions: none
symbol engine: initialized successfully - sym options: 0x614 - pdb path: .;C:\Program Files\Java\jdk-11.0.12\bin;C:\WINDOWS\SYSTEM32;C:\WINDOWS\WinSxS\amd64_microsoft.windows.common-controls_6595b64144ccf1df_6.0.19041.1110_none_60b5254171f9507e;C:\Program Files\Java\jdk-11.0.12\bin\server;C:\Program Files\Java\openjfx-17.0.1_windows-x64_bin-sdk\javafx-sdk-17.0.1\bin;C:\Program Files\Common Files\Microsoft Shared\Ink

VM Arguments:
jvm_args: --module-path=C:\Program Files\Java\openjfx-17.0.1_windows-x64_bin-sdk\javafx-sdk-17.0.1\lib --add-modules=javafx.controls,javafx.fxml 
java_command: gui4.Ginterface
java_class_path (initial): C:\Users\Admin\Documents\NetBeansProjects\gui4\target\classes;C:\Users\Admin\.m2\repository\org\openjfx\javafx-controls\11\javafx-controls-11.jar;C:\Users\Admin\.m2\repository\org\openjfx\javafx-controls\11\javafx-controls-11-win.jar;C:\Users\Admin\.m2\repository\org\openjfx\javafx-fxml\11\javafx-fxml-11.jar;C:\Users\Admin\.m2\repository\org\openjfx\javafx-fxml\11\javafx-fxml-11-win.jar;C:\Users\Admin\.m2\repository\org\zu\ardulink\ardulink\1\ardulink-1.jar;C:\Users\Admin\.m2\repository\org\apache\commons\commons-math3\3.6.1\commons-math3-3.6.1.jar;C:\Users\Admin\.m2\repository\org\jfree\jfreechart\1.5.3\jfreechart-1.5.3.jar;C:\Users\Admin\.m2\repository\org\jfree\org.jfree.chart.fx\2.0.1\org.jfree.chart.fx-2.0.1.jar;C:\Users\Admin\.m2\repository\org\jfree\org.jfree.fxgraphics2d\2.1\org.jfree.fxgraphics2d-2.1.jar;C:\Users\Admin\.m2\repository\org\openjfx\javafx-swing\15\javafx-swing-15.jar;C:\Users\Admin\.m2\repository\org\openjfx\javafx-swing\15\javafx-swing-15-win.jar;C:\Users\Admin\.m2\repository\org\openjfx\javafx-graphics\15\javafx-graphics-15.jar;C:\Users\Admin\.m2\repository\org\openjfx\javafx-graphics\15\javafx-graphics-15-win.jar;C:\Users\Admin\.m2\repository\org\openjfx\javafx-base\15\javafx-base-15.jar;C:\Users\Admin\.m2\repository\org\openjfx\javafx-base\15\javafx-base-15-win.jar;C:\Users\Admin\.m2\repository\org\rxtx\rxtx\2.1.7\rxtx-2.1.7.jar
Launcher Type: SUN_STANDARD

[Global flags]
     intx CICompilerCount                          = 3                                         {product} {ergonomic}
     uint ConcGCThreads                            = 1                                         {product} {ergonomic}
     uint G1ConcRefinementThreads                  = 4                                         {product} {ergonomic}
   size_t G1HeapRegionSize                         = 1048576                                   {product} {ergonomic}
    uintx GCDrainStackTargetSize                   = 64                                        {product} {ergonomic}
   size_t InitialHeapSize                          = 268435456                                 {product} {ergonomic}
   size_t MarkStackSize                            = 4194304                                   {product} {ergonomic}
   size_t MaxHeapSize                              = 4273995776                                {product} {ergonomic}
   size_t MaxNewSize                               = 2563768320                                {product} {ergonomic}
   size_t MinHeapDeltaBytes                        = 1048576                                   {product} {ergonomic}
    uintx NonNMethodCodeHeapSize                   = 5830732                                {pd product} {ergonomic}
    uintx NonProfiledCodeHeapSize                  = 122913754                              {pd product} {ergonomic}
    uintx ProfiledCodeHeapSize                     = 122913754                              {pd product} {ergonomic}
    uintx ReservedCodeCacheSize                    = 251658240                              {pd product} {ergonomic}
     bool SegmentedCodeCache                       = true                                      {product} {ergonomic}
     bool UseCompressedClassPointers               = true                                 {lp64_product} {ergonomic}
     bool UseCompressedOops                        = true                                 {lp64_product} {ergonomic}
     bool UseG1GC                                  = true                                      {product} {ergonomic}
     bool UseLargePagesIndividualAllocation        = false                                  {pd product} {ergonomic}

Logging:
Log output configuration:
 #0: stdout all=warning uptime,level,tags
 #1: stderr all=off uptime,level,tags

Environment Variables:
JAVA_HOME=C:\Program Files\Java\jdk-11.0.12
PATH=C:\Program Files\Common Files\Oracle\Java\javapath;C:\Program Files (x86)\Common Files\Oracle\Java\javapath;C:\WINDOWS\system32;C:\WINDOWS;C:\WINDOWS\System32\Wbem;C:\WINDOWS\System32\WindowsPowerShell\v1.0\;C:\WINDOWS\System32\OpenSSH\;C:\Program Files (x86)\IVI Foundation\VISA\WinNT\Bin\;C:\Program Files\IVI Foundation\VISA\Win64\Bin\;C:\Program Files (x86)\IVI Foundation\VISA\WinNT\Bin;C:\Program Files (x86)\IVI Foundation\IVI\bin;C:\Program Files\IVI Foundation\IVI\bin;C:\Program Files\dotnet\;C:\Program Files (x86)\dotnet\;C:\Program Files\MATLAB\R2021b\bin;C:\Users\Admin\AppData\Local\Microsoft\WindowsApps;C:\Users\Admin\.dotnet\tools;C:\mvn\apache-maven-3.8.3\bin;
USERNAME=Admin
OS=Windows_NT
PROCESSOR_IDENTIFIER=Intel64 Family 6 Model 61 Stepping 4, GenuineIntel



---------------  S Y S T E M  ---------------

OS: Windows 10 , 64 bit Build 19041 (10.0.19041.1348)

CPU:total 4 (initial active 4) (2 cores per cpu, 2 threads per core) family 6 model 61 stepping 4 microcode 0x2d, cmov, cx8, fxsr, mmx, sse, sse2, sse3, ssse3, sse4.1, sse4.2, popcnt, avx, avx2, aes, clmul, erms, 3dnowpref, lzcnt, ht, tsc, tscinvbit, bmi1, bmi2, adx, fma

Memory: 4k page, system-wide physical 16302M (5176M free)
TotalPageFile size 20816M (AvailPageFile size 3079M)
current process WorkingSet (physical memory assigned to process): 283M, peak: 293M
current process commit charge ("private bytes"): 510M, peak: 517M

vm_info: Java HotSpot(TM) 64-Bit Server VM (11.0.12+8-LTS-237) for windows-amd64 JRE (11.0.12+8-LTS-237), built on Jun  8 2021 11:25:59 by "mach5one" with MS VC++ 15.9 (VS2017)

END.
