#
# A fatal error has been detected by the Java Runtime Environment:
#
#  EXCEPTION_ACCESS_VIOLATION (0xc0000005) at pc=0x000000006ab574c9, pid=6456, tid=6432
#
# JRE version: Java(TM) SE Runtime Environment 18.9 (11.0.12+8) (build 11.0.12+8-LTS-237)
# Java VM: Java HotSpot(TM) 64-Bit Server VM 18.9 (11.0.12+8-LTS-237, mixed mode, tiered, compressed oops, g1 gc, windows-amd64)
# Problematic frame:
# C  0x000000006ab574c9
#
# No core dump will be written. Minidumps are not enabled by default on client versions of Windows
#
# If you would like to submit a bug report, please visit:
#   https://bugreport.java.com/bugreport/crash.jsp
# The crash happened outside the Java Virtual Machine in native code.
# See problematic frame for where to report the bug.
#

---------------  S U M M A R Y ------------

Command Line: -Dclassworlds.conf=C:\Program Files\NetBeans-12.5\netbeans\java\maven\bin\..\bin\m2.conf -Dmaven.home=C:\Program Files\NetBeans-12.5\netbeans\java\maven\bin\.. -Dlibrary.jansi.path=C:\Program Files\NetBeans-12.5\netbeans\java\maven\bin\..\lib\jansi-native -Dmaven.multiModuleProjectDirectory=C:\Users\Admin\Documents\NetBeansProjects\gui4 org.codehaus.plexus.classworlds.launcher.Launcher -Dexec.vmArgs= -Dexec.args=${exec.vmArgs} -classpath %classpath ${exec.mainClass} ${exec.appArgs} -Dexec.appArgs= -Dexec.mainClass=gui4.Ginterface -Dexec.executable=C:\Program Files\Java\jdk-11.0.12\bin\java.exe -DskipTests=true -Dmaven.ext.class.path=C:\Program Files\NetBeans-12.5\netbeans\java\maven-nblib\netbeans-eventspy.jar -Dfile.encoding=UTF-8 -X exec:java

Host: Intel(R) Core(TM) i5-5200U CPU @ 2.20GHz, 4 cores, 15G,  Windows 10 , 64 bit Build 19041 (10.0.19041.1466)
Time: Wed Feb  9 14:49:35 2022 Œrodkowoeuropejski czas stand. elapsed time: 2393.573961 seconds (0d 0h 39m 53s)

---------------  T H R E A D  ---------------

Current thread (0x0000026689994800):  JavaThread "Thread-13" [_thread_in_native, id=6432, stack(0x000000c1f9800000,0x000000c1f9900000)]

Stack: [0x000000c1f9800000,0x000000c1f9900000],  sp=0x000000c1f98ff170,  free space=1020k
Native frames: (J=compiled Java code, j=interpreted, Vv=VM code, C=native code)
C  0x000000006ab574c9

Java frames: (J=compiled Java code, j=interpreted, Vv=VM code)
J 8325  gnu.io.RXTXPort.readArray([BII)I (0 bytes) @ 0x00000266f23e8f24 [0x00000266f23e8ec0+0x0000000000000064]
J 9673 c2 gnu.io.RXTXPort$SerialInputStream.read([B)I (77 bytes) @ 0x00000266f25d4680 [0x00000266f25d4540+0x0000000000000140]
J 10680% c1 org.zu.ardulink.connection.serial.AbstractSerialConnection$SerialReader.run()V (252 bytes) @ 0x00000266eaa5b504 [0x00000266eaa5b280+0x0000000000000284]
j  java.lang.Thread.run()V+11 java.base@11.0.12
v  ~StubRoutines::call_stub

siginfo: EXCEPTION_ACCESS_VIOLATION (0xc0000005), writing address 0x000000c1f97fee28


Register to memory mapping:

RIP=0x000000006ab574c9 points into unknown readable memory: 41 89 47 08 89 d8 48
RAX=0x0 is NULL
RBX=0x0 is NULL
RCX=0x0 is NULL
RDX=0x0 is NULL
RSP=0x000000c1f98ff170 is pointing into the stack for thread: 0x0000026689994800
RBP=0x0000000000000001 is an unknown value
RSI=0x0 is NULL
RDI=0x0000000000000001 is an unknown value
R8 =0x000000c1f98ff0c8 is pointing into the stack for thread: 0x0000026689994800
R9 =0x0000000000000001 is an unknown value
R10=0x0 is NULL
R11=0x0000000000000246 is an unknown value
R12=0x0000000000000001 is an unknown value
R13=0x0000026686d4c490 points into unknown readable memory: 0x4f54494e4f4d5741 | 41 57 4d 4f 4e 49 54 4f
R14=0xffffffffffffffff is an unknown value
R15=0x000000c1f97fee20 is an unknown value


Registers:
RAX=0x0000000000000000, RBX=0x0000000000000000, RCX=0x0000000000000000, RDX=0x0000000000000000
RSP=0x000000c1f98ff170, RBP=0x0000000000000001, RSI=0x0000000000000000, RDI=0x0000000000000001
R8 =0x000000c1f98ff0c8, R9 =0x0000000000000001, R10=0x0000000000000000, R11=0x0000000000000246
R12=0x0000000000000001, R13=0x0000026686d4c490, R14=0xffffffffffffffff, R15=0x000000c1f97fee20
RIP=0x000000006ab574c9, EFLAGS=0x0000000000010246

Top of Stack: (sp=0x000000c1f98ff170)
0x000000c1f98ff170:   000000006ab60020 0000026600000000
0x000000c1f98ff180:   0000000000000000 0000000000000000
0x000000c1f98ff190:   0000000000000000 0000000000000000
0x000000c1f98ff1a0:   0000000000000000 0000026689994b48
0x000000c1f98ff1b0:   0000000000000001 0000000000000000
0x000000c1f98ff1c0:   0000000000000001 0000026686d4c490
0x000000c1f98ff1d0:   000000c1f98ff2d0 ffffffffffffffff
0x000000c1f98ff1e0:   0000026689994800 000000006ab584a2
0x000000c1f98ff1f0:   0000026689994b48 000000c1f98ff2a8
0x000000c1f98ff200:   0000000000000001 0000000000000000
0x000000c1f98ff210:   000000c100000001 00000007ffffffff
0x000000c1f98ff220:   0000000703e6ec90 0000000009afb0a8
0x000000c1f98ff230:   000000c1f98ff4d0 00000266ebfc06b4
0x000000c1f98ff240:   ffffffffffffffff 000002668a8de3f0
0x000000c1f98ff250:   0000000703e6ee60 000002669892d6d0
0x000000c1f98ff260:   000000070476a730 00000008006d8040 

Instructions: (pc=0x000000006ab574c9)
0x000000006ab574a9:   75 d8 b9 e8 03 00 00 e8 0b 19 00 00 eb d0 66 0f
0x000000006ab574b9:   1f 84 00 00 00 00 00 4c 8b 7c 24 28 8b 44 24 24
0x000000006ab574c9:   41 89 47 08 89 d8 48 83 c4 38 5b 5e 5f 5d 41 5c
0x000000006ab574d9:   41 5d 41 5e 41 5f c3 4c 8b 35 8d ee 00 00 41 ff 


Stack slot to memory mapping:
stack at sp + 0 slots: 0x000000006ab60020 points into unknown readable memory: 0x0000000064660049 | 49 00 66 64 00 00 00 00
stack at sp + 1 slots: 0x0000026600000000 is an unknown value
stack at sp + 2 slots: 0x0 is NULL
stack at sp + 3 slots: 0x0 is NULL
stack at sp + 4 slots: 0x0 is NULL
stack at sp + 5 slots: 0x0 is NULL
stack at sp + 6 slots: 0x0 is NULL
stack at sp + 7 slots: 0x0000026689994b48 points into unknown readable memory: 0x00007fff5943ad00 | 00 ad 43 59 ff 7f 00 00


---------------  P R O C E S S  ---------------

Threads class SMR info:
_java_thread_list=0x000002668627a450, length=24, elements={
0x00000266e1fcb000, 0x00000266ff9c6800, 0x00000266ff9f0800, 0x00000266ffa41800,
0x00000266ffa44800, 0x00000266ffa4b000, 0x00000266ffa5a000, 0x00000266ffa5b000,
0x00000266ffa5d000, 0x00000266ffa4c000, 0x00000266ffa4a800, 0x00000266ffa4d000,
0x00000266ffa4e800, 0x00000266ffa4f800, 0x00000266ffa50000, 0x00000266ffa4d800,
0x00000266ffa51000, 0x000002668998d800, 0x0000026689993000, 0x000002668998e000,
0x0000026689994000, 0x000002668998f800, 0x0000026689991800, 0x0000026689994800
}

Java Threads: ( => current thread )
  0x00000266e1fcb000 JavaThread "main" [_thread_blocked, id=14664, stack(0x000000c1f7300000,0x000000c1f7400000)]
  0x00000266ff9c6800 JavaThread "Reference Handler" daemon [_thread_blocked, id=8392, stack(0x000000c1f7a00000,0x000000c1f7b00000)]
  0x00000266ff9f0800 JavaThread "Finalizer" daemon [_thread_blocked, id=13200, stack(0x000000c1f7b00000,0x000000c1f7c00000)]
  0x00000266ffa41800 JavaThread "Signal Dispatcher" daemon [_thread_blocked, id=7624, stack(0x000000c1f7c00000,0x000000c1f7d00000)]
  0x00000266ffa44800 JavaThread "Attach Listener" daemon [_thread_blocked, id=10632, stack(0x000000c1f7d00000,0x000000c1f7e00000)]
  0x00000266ffa4b000 JavaThread "Service Thread" daemon [_thread_blocked, id=14128, stack(0x000000c1f7e00000,0x000000c1f7f00000)]
  0x00000266ffa5a000 JavaThread "C2 CompilerThread0" daemon [_thread_blocked, id=12864, stack(0x000000c1f7f00000,0x000000c1f8000000)]
  0x00000266ffa5b000 JavaThread "C1 CompilerThread0" daemon [_thread_blocked, id=19752, stack(0x000000c1f8000000,0x000000c1f8100000)]
  0x00000266ffa5d000 JavaThread "Sweeper thread" daemon [_thread_blocked, id=14696, stack(0x000000c1f8100000,0x000000c1f8200000)]
  0x00000266ffa4c000 JavaThread "Common-Cleaner" daemon [_thread_blocked, id=17388, stack(0x000000c1f8300000,0x000000c1f8400000)]
  0x00000266ffa4a800 JavaThread "gui4.Ginterface.main()" [_thread_blocked, id=10472, stack(0x000000c1f8700000,0x000000c1f8800000)]
  0x00000266ffa4d000 JavaThread "JavaFX-Launcher" [_thread_blocked, id=14392, stack(0x000000c1f8800000,0x000000c1f8900000)]
  0x00000266ffa4e800 JavaThread "QuantumRenderer-0" daemon [_thread_blocked, id=7204, stack(0x000000c1f8a00000,0x000000c1f8b00000)]
  0x00000266ffa4f800 JavaThread "InvokeLaterDispatcher" daemon [_thread_blocked, id=5336, stack(0x000000c1f8b00000,0x000000c1f8c00000)]
  0x00000266ffa50000 JavaThread "JavaFX Application Thread" [_thread_in_native, id=13372, stack(0x000000c1f8c00000,0x000000c1f8d00000)]
  0x00000266ffa4d800 JavaThread "Thread-3" daemon [_thread_in_native, id=20016, stack(0x000000c1f9000000,0x000000c1f9100000)]
  0x00000266ffa51000 JavaThread "Java2D Disposer" daemon [_thread_blocked, id=18408, stack(0x000000c1f9100000,0x000000c1f9200000)]
  0x000002668998d800 JavaThread "AWT-Windows" daemon [_thread_in_native, id=17940, stack(0x000000c1f9300000,0x000000c1f9400000)]
  0x0000026689993000 JavaThread "Prism Font Disposer" daemon [_thread_blocked, id=15576, stack(0x000000c1f9400000,0x000000c1f9500000)]
  0x000002668998e000 JavaThread "Cleaner-0" daemon [_thread_blocked, id=1824, stack(0x000000c1f9b00000,0x000000c1f9c00000)]
  0x0000026689994000 JavaThread "AWT-Shutdown" [_thread_blocked, id=18096, stack(0x000000c1f9500000,0x000000c1f9600000)]
  0x000002668998f800 JavaThread "AWT-EventQueue-0" [_thread_blocked, id=20212, stack(0x000000c1f9600000,0x000000c1f9700000)]
  0x0000026689991800 JavaThread "TimerQueue" daemon [_thread_blocked, id=1436, stack(0x000000c1f8900000,0x000000c1f8a00000)]
=>0x0000026689994800 JavaThread "Thread-13" [_thread_in_native, id=6432, stack(0x000000c1f9800000,0x000000c1f9900000)]

Other Threads:
  0x00000266ff9c2000 VMThread "VM Thread" [stack: 0x000000c1f7900000,0x000000c1f7a00000] [id=19664]
  0x00000266ffbde000 WatcherThread [stack: 0x000000c1f8200000,0x000000c1f8300000] [id=16192]
  0x00000266e1fe2000 GCTaskThread "GC Thread#0" [stack: 0x000000c1f7400000,0x000000c1f7500000] [id=19820]
  0x00000266869ce800 GCTaskThread "GC Thread#1" [stack: 0x000000c1f8400000,0x000000c1f8500000] [id=19004]
  0x000002668675e000 GCTaskThread "GC Thread#2" [stack: 0x000000c1f8500000,0x000000c1f8600000] [id=19492]
  0x00000266869f0000 GCTaskThread "GC Thread#3" [stack: 0x000000c1f8600000,0x000000c1f8700000] [id=19700]
  0x00000266e203e000 ConcurrentGCThread "G1 Main Marker" [stack: 0x000000c1f7500000,0x000000c1f7600000] [id=12380]
  0x00000266e2040800 ConcurrentGCThread "G1 Conc#0" [stack: 0x000000c1f7600000,0x000000c1f7700000] [id=11468]
  0x00000266e20ae000 ConcurrentGCThread "G1 Refine#0" [stack: 0x000000c1f7700000,0x000000c1f7800000] [id=9468]
  0x00000266ff01d000 ConcurrentGCThread "G1 Young RemSet Sampling" [stack: 0x000000c1f7800000,0x000000c1f7900000] [id=18608]

Threads with active compile tasks:

VM state:not at safepoint (normal execution)

VM Mutex/Monitor currently owned by a thread: None

Heap address: 0x0000000701400000, size: 4076 MB, Compressed Oops mode: Zero based, Oop shift amount: 3
Narrow klass base: 0x0000000800000000, Narrow klass shift: 0
Compressed class space size: 1073741824 Address: 0x0000000800000000

Heap:
 garbage-first heap   total 315392K, used 237154K [0x0000000701400000, 0x0000000800000000)
  region size 1024K, 177 young (181248K), 2 survivors (2048K)
 Metaspace       used 53538K, capacity 55217K, committed 55468K, reserved 1097728K
  class space    used 6381K, capacity 7055K, committed 7168K, reserved 1048576K
Heap Regions: E=young(eden), S=young(survivor), O=old, HS=humongous(starts), HC=humongous(continues), CS=collection set, F=free, A=archive, TAMS=top-at-mark-start (previous, next)
|   0|0x0000000701400000, 0x0000000701500000, 0x0000000701500000|100%| O|  |TAMS 0x0000000701500000, 0x0000000701400000| Untracked 
|   1|0x0000000701500000, 0x0000000701600000, 0x0000000701600000|100%| O|  |TAMS 0x0000000701600000, 0x0000000701500000| Untracked 
|   2|0x0000000701600000, 0x0000000701700000, 0x0000000701700000|100%| O|  |TAMS 0x0000000701700000, 0x0000000701600000| Untracked 
|   3|0x0000000701700000, 0x0000000701800000, 0x0000000701800000|100%| O|  |TAMS 0x0000000701800000, 0x0000000701700000| Untracked 
|   4|0x0000000701800000, 0x0000000701900000, 0x0000000701900000|100%| O|  |TAMS 0x000000070186fe00, 0x0000000701800000| Untracked 
|   5|0x0000000701900000, 0x0000000701a00000, 0x0000000701a00000|100%|HS|  |TAMS 0x0000000701900000, 0x0000000701900000| Complete 
|   6|0x0000000701a00000, 0x0000000701b00000, 0x0000000701b00000|100%|HC|  |TAMS 0x0000000701a00000, 0x0000000701a00000| Complete 
|   7|0x0000000701b00000, 0x0000000701c00000, 0x0000000701c00000|100%| O|  |TAMS 0x0000000701b00000, 0x0000000701b00000| Untracked 
|   8|0x0000000701c00000, 0x0000000701d00000, 0x0000000701d00000|100%| O|  |TAMS 0x0000000701c00000, 0x0000000701c00000| Untracked 
|   9|0x0000000701d00000, 0x0000000701e00000, 0x0000000701e00000|100%|HS|  |TAMS 0x0000000701d00000, 0x0000000701d00000| Complete 
|  10|0x0000000701e00000, 0x0000000701f00000, 0x0000000701f00000|100%|HC|  |TAMS 0x0000000701e00000, 0x0000000701e00000| Complete 
|  11|0x0000000701f00000, 0x0000000702000000, 0x0000000702000000|100%|HS|  |TAMS 0x0000000701f00000, 0x0000000701f00000| Complete 
|  12|0x0000000702000000, 0x0000000702100000, 0x0000000702100000|100%|HC|  |TAMS 0x0000000702000000, 0x0000000702000000| Complete 
|  13|0x0000000702100000, 0x0000000702200000, 0x0000000702200000|100%|HS|  |TAMS 0x0000000702100000, 0x0000000702100000| Complete 
|  14|0x0000000702200000, 0x0000000702300000, 0x0000000702300000|100%|HC|  |TAMS 0x0000000702200000, 0x0000000702200000| Complete 
|  15|0x0000000702300000, 0x0000000702400000, 0x0000000702400000|100%|HS|  |TAMS 0x0000000702300000, 0x0000000702300000| Complete 
|  16|0x0000000702400000, 0x0000000702500000, 0x0000000702500000|100%|HC|  |TAMS 0x0000000702400000, 0x0000000702400000| Complete 
|  17|0x0000000702500000, 0x0000000702600000, 0x0000000702600000|100%|HS|  |TAMS 0x0000000702500000, 0x0000000702500000| Complete 
|  18|0x0000000702600000, 0x0000000702700000, 0x0000000702700000|100%|HC|  |TAMS 0x0000000702600000, 0x0000000702600000| Complete 
|  19|0x0000000702700000, 0x0000000702800000, 0x0000000702800000|100%|HS|  |TAMS 0x0000000702700000, 0x0000000702700000| Complete 
|  20|0x0000000702800000, 0x0000000702900000, 0x0000000702900000|100%|HC|  |TAMS 0x0000000702800000, 0x0000000702800000| Complete 
|  21|0x0000000702900000, 0x0000000702a00000, 0x0000000702a00000|100%|HS|  |TAMS 0x0000000702900000, 0x0000000702900000| Complete 
|  22|0x0000000702a00000, 0x0000000702b00000, 0x0000000702b00000|100%|HC|  |TAMS 0x0000000702a00000, 0x0000000702a00000| Complete 
|  23|0x0000000702b00000, 0x0000000702c00000, 0x0000000702c00000|100%|HS|  |TAMS 0x0000000702b00000, 0x0000000702b00000| Complete 
|  24|0x0000000702c00000, 0x0000000702d00000, 0x0000000702d00000|100%|HC|  |TAMS 0x0000000702c00000, 0x0000000702c00000| Complete 
|  25|0x0000000702d00000, 0x0000000702e00000, 0x0000000702e00000|100%|HS|  |TAMS 0x0000000702d00000, 0x0000000702d00000| Complete 
|  26|0x0000000702e00000, 0x0000000702f00000, 0x0000000702f00000|100%|HC|  |TAMS 0x0000000702e00000, 0x0000000702e00000| Complete 
|  27|0x0000000702f00000, 0x0000000703000000, 0x0000000703000000|100%|HS|  |TAMS 0x0000000702f00000, 0x0000000702f00000| Complete 
|  28|0x0000000703000000, 0x0000000703100000, 0x0000000703100000|100%|HC|  |TAMS 0x0000000703000000, 0x0000000703000000| Complete 
|  29|0x0000000703100000, 0x0000000703200000, 0x0000000703200000|100%|HS|  |TAMS 0x0000000703100000, 0x0000000703100000| Complete 
|  30|0x0000000703200000, 0x0000000703300000, 0x0000000703300000|100%|HC|  |TAMS 0x0000000703200000, 0x0000000703200000| Complete 
|  31|0x0000000703300000, 0x0000000703400000, 0x0000000703400000|100%| O|  |TAMS 0x0000000703300000, 0x0000000703300000| Untracked 
|  32|0x0000000703400000, 0x0000000703500000, 0x0000000703500000|100%| O|  |TAMS 0x0000000703400000, 0x0000000703400000| Untracked 
|  33|0x0000000703500000, 0x0000000703600000, 0x0000000703600000|100%| O|  |TAMS 0x0000000703500000, 0x0000000703500000| Untracked 
|  34|0x0000000703600000, 0x0000000703700000, 0x0000000703700000|100%| O|  |TAMS 0x0000000703600000, 0x0000000703600000| Untracked 
|  35|0x0000000703700000, 0x0000000703800000, 0x0000000703800000|100%|HS|  |TAMS 0x0000000703700000, 0x0000000703700000| Complete 
|  36|0x0000000703800000, 0x0000000703900000, 0x0000000703900000|100%|HC|  |TAMS 0x0000000703800000, 0x0000000703800000| Complete 
|  37|0x0000000703900000, 0x0000000703a00000, 0x0000000703a00000|100%|HS|  |TAMS 0x0000000703900000, 0x0000000703900000| Complete 
|  38|0x0000000703a00000, 0x0000000703b00000, 0x0000000703b00000|100%|HC|  |TAMS 0x0000000703a00000, 0x0000000703a00000| Complete 
|  39|0x0000000703b00000, 0x0000000703c00000, 0x0000000703c00000|100%| O|  |TAMS 0x0000000703b00000, 0x0000000703b00000| Untracked 
|  40|0x0000000703c00000, 0x0000000703d00000, 0x0000000703d00000|100%| O|  |TAMS 0x0000000703c00000, 0x0000000703c00000| Untracked 
|  41|0x0000000703d00000, 0x0000000703e00000, 0x0000000703e00000|100%| O|  |TAMS 0x0000000703d00000, 0x0000000703d00000| Untracked 
|  42|0x0000000703e00000, 0x0000000703f00000, 0x0000000703f00000|100%| O|  |TAMS 0x0000000703e00000, 0x0000000703e00000| Untracked 
|  43|0x0000000703f00000, 0x0000000704000000, 0x0000000704000000|100%| O|  |TAMS 0x0000000703f00000, 0x0000000703f00000| Untracked 
|  44|0x0000000704000000, 0x0000000704100000, 0x0000000704100000|100%| O|  |TAMS 0x0000000704000000, 0x0000000704000000| Untracked 
|  45|0x0000000704100000, 0x0000000704200000, 0x0000000704200000|100%| O|  |TAMS 0x0000000704100000, 0x0000000704100000| Untracked 
|  46|0x0000000704200000, 0x0000000704300000, 0x0000000704300000|100%| O|  |TAMS 0x0000000704200000, 0x0000000704200000| Untracked 
|  47|0x0000000704300000, 0x0000000704400000, 0x0000000704400000|100%| O|  |TAMS 0x0000000704300000, 0x0000000704300000| Untracked 
|  48|0x0000000704400000, 0x0000000704500000, 0x0000000704500000|100%| O|  |TAMS 0x0000000704400000, 0x0000000704400000| Untracked 
|  49|0x0000000704500000, 0x0000000704600000, 0x0000000704600000|100%| O|  |TAMS 0x0000000704500000, 0x0000000704500000| Untracked 
|  50|0x0000000704600000, 0x0000000704700000, 0x0000000704700000|100%| O|  |TAMS 0x0000000704600000, 0x0000000704600000| Untracked 
|  51|0x0000000704700000, 0x0000000704800000, 0x0000000704800000|100%| O|  |TAMS 0x0000000704700000, 0x0000000704700000| Untracked 
|  52|0x0000000704800000, 0x0000000704900000, 0x0000000704900000|100%| O|  |TAMS 0x0000000704800000, 0x0000000704800000| Untracked 
|  53|0x0000000704900000, 0x0000000704a00000, 0x0000000704a00000|100%| O|  |TAMS 0x0000000704900000, 0x0000000704900000| Untracked 
|  54|0x0000000704a00000, 0x0000000704b00000, 0x0000000704b00000|100%| O|  |TAMS 0x0000000704a00000, 0x0000000704a00000| Untracked 
|  55|0x0000000704b00000, 0x0000000704c00000, 0x0000000704c00000|100%| O|  |TAMS 0x0000000704b00000, 0x0000000704b00000| Untracked 
|  56|0x0000000704c00000, 0x0000000704c39400, 0x0000000704d00000| 22%| O|  |TAMS 0x0000000704c00000, 0x0000000704c00000| Untracked 
|  57|0x0000000704d00000, 0x0000000704d00000, 0x0000000704e00000|  0%| F|  |TAMS 0x0000000704d00000, 0x0000000704d00000| Untracked 
|  58|0x0000000704e00000, 0x0000000704e00000, 0x0000000704f00000|  0%| F|  |TAMS 0x0000000704e00000, 0x0000000704e00000| Untracked 
|  59|0x0000000704f00000, 0x0000000704f00000, 0x0000000705000000|  0%| F|  |TAMS 0x0000000704f00000, 0x0000000704f00000| Untracked 
|  60|0x0000000705000000, 0x0000000705000000, 0x0000000705100000|  0%| F|  |TAMS 0x0000000705000000, 0x0000000705000000| Untracked 
|  61|0x0000000705100000, 0x0000000705100000, 0x0000000705200000|  0%| F|  |TAMS 0x0000000705100000, 0x0000000705100000| Untracked 
|  62|0x0000000705200000, 0x0000000705200000, 0x0000000705300000|  0%| F|  |TAMS 0x0000000705200000, 0x0000000705200000| Untracked 
|  63|0x0000000705300000, 0x0000000705300000, 0x0000000705400000|  0%| F|  |TAMS 0x0000000705300000, 0x0000000705300000| Untracked 
|  64|0x0000000705400000, 0x0000000705400000, 0x0000000705500000|  0%| F|  |TAMS 0x0000000705400000, 0x0000000705400000| Untracked 
|  65|0x0000000705500000, 0x0000000705500000, 0x0000000705600000|  0%| F|  |TAMS 0x0000000705500000, 0x0000000705500000| Untracked 
|  66|0x0000000705600000, 0x0000000705600000, 0x0000000705700000|  0%| F|  |TAMS 0x0000000705600000, 0x0000000705600000| Untracked 
|  67|0x0000000705700000, 0x0000000705700000, 0x0000000705800000|  0%| F|  |TAMS 0x0000000705700000, 0x0000000705700000| Untracked 
|  68|0x0000000705800000, 0x0000000705800000, 0x0000000705900000|  0%| F|  |TAMS 0x0000000705800000, 0x0000000705800000| Untracked 
|  69|0x0000000705900000, 0x0000000705900000, 0x0000000705a00000|  0%| F|  |TAMS 0x0000000705900000, 0x0000000705900000| Untracked 
|  70|0x0000000705a00000, 0x0000000705a00000, 0x0000000705b00000|  0%| F|  |TAMS 0x0000000705a00000, 0x0000000705a00000| Untracked 
|  71|0x0000000705b00000, 0x0000000705b00000, 0x0000000705c00000|  0%| F|  |TAMS 0x0000000705b00000, 0x0000000705b00000| Untracked 
|  72|0x0000000705c00000, 0x0000000705c00000, 0x0000000705d00000|  0%| F|  |TAMS 0x0000000705c00000, 0x0000000705c00000| Untracked 
|  73|0x0000000705d00000, 0x0000000705d00000, 0x0000000705e00000|  0%| F|  |TAMS 0x0000000705d00000, 0x0000000705d00000| Untracked 
|  74|0x0000000705e00000, 0x0000000705e00000, 0x0000000705f00000|  0%| F|  |TAMS 0x0000000705e00000, 0x0000000705e00000| Untracked 
|  75|0x0000000705f00000, 0x0000000705f00000, 0x0000000706000000|  0%| F|  |TAMS 0x0000000705f00000, 0x0000000705f00000| Untracked 
|  76|0x0000000706000000, 0x0000000706000000, 0x0000000706100000|  0%| F|  |TAMS 0x0000000706000000, 0x0000000706000000| Untracked 
|  77|0x0000000706100000, 0x0000000706100000, 0x0000000706200000|  0%| F|  |TAMS 0x0000000706100000, 0x0000000706100000| Untracked 
|  78|0x0000000706200000, 0x0000000706200000, 0x0000000706300000|  0%| F|  |TAMS 0x0000000706200000, 0x0000000706200000| Untracked 
|  79|0x0000000706300000, 0x0000000706300000, 0x0000000706400000|  0%| F|  |TAMS 0x0000000706300000, 0x0000000706300000| Untracked 
|  80|0x0000000706400000, 0x0000000706400000, 0x0000000706500000|  0%| F|  |TAMS 0x0000000706400000, 0x0000000706400000| Untracked 
|  81|0x0000000706500000, 0x0000000706500000, 0x0000000706600000|  0%| F|  |TAMS 0x0000000706500000, 0x0000000706500000| Untracked 
|  82|0x0000000706600000, 0x0000000706600000, 0x0000000706700000|  0%| F|  |TAMS 0x0000000706600000, 0x0000000706600000| Untracked 
|  83|0x0000000706700000, 0x0000000706700000, 0x0000000706800000|  0%| F|  |TAMS 0x0000000706700000, 0x0000000706700000| Untracked 
|  84|0x0000000706800000, 0x0000000706800000, 0x0000000706900000|  0%| F|  |TAMS 0x0000000706800000, 0x0000000706800000| Untracked 
|  85|0x0000000706900000, 0x0000000706900000, 0x0000000706a00000|  0%| F|  |TAMS 0x0000000706900000, 0x0000000706900000| Untracked 
|  86|0x0000000706a00000, 0x0000000706a00000, 0x0000000706b00000|  0%| F|  |TAMS 0x0000000706a00000, 0x0000000706a00000| Untracked 
|  87|0x0000000706b00000, 0x0000000706b00000, 0x0000000706c00000|  0%| F|  |TAMS 0x0000000706b00000, 0x0000000706b00000| Untracked 
|  88|0x0000000706c00000, 0x0000000706c00000, 0x0000000706d00000|  0%| F|  |TAMS 0x0000000706c00000, 0x0000000706c00000| Untracked 
|  89|0x0000000706d00000, 0x0000000706d00000, 0x0000000706e00000|  0%| F|  |TAMS 0x0000000706d00000, 0x0000000706d00000| Untracked 
|  90|0x0000000706e00000, 0x0000000706e00000, 0x0000000706f00000|  0%| F|  |TAMS 0x0000000706e00000, 0x0000000706e00000| Untracked 
|  91|0x0000000706f00000, 0x0000000706f00000, 0x0000000707000000|  0%| F|  |TAMS 0x0000000706f00000, 0x0000000706f00000| Untracked 
|  92|0x0000000707000000, 0x0000000707000000, 0x0000000707100000|  0%| F|  |TAMS 0x0000000707000000, 0x0000000707000000| Untracked 
|  93|0x0000000707100000, 0x0000000707100000, 0x0000000707200000|  0%| F|  |TAMS 0x0000000707100000, 0x0000000707100000| Untracked 
|  94|0x0000000707200000, 0x0000000707200000, 0x0000000707300000|  0%| F|  |TAMS 0x0000000707200000, 0x0000000707200000| Untracked 
|  95|0x0000000707300000, 0x0000000707300000, 0x0000000707400000|  0%| F|  |TAMS 0x0000000707300000, 0x0000000707300000| Untracked 
|  96|0x0000000707400000, 0x0000000707400000, 0x0000000707500000|  0%| F|  |TAMS 0x0000000707400000, 0x0000000707400000| Untracked 
|  97|0x0000000707500000, 0x0000000707500000, 0x0000000707600000|  0%| F|  |TAMS 0x0000000707500000, 0x0000000707500000| Untracked 
|  98|0x0000000707600000, 0x0000000707600000, 0x0000000707700000|  0%| F|  |TAMS 0x0000000707600000, 0x0000000707600000| Untracked 
|  99|0x0000000707700000, 0x0000000707700000, 0x0000000707800000|  0%| F|  |TAMS 0x0000000707700000, 0x0000000707700000| Untracked 
| 100|0x0000000707800000, 0x0000000707800000, 0x0000000707900000|  0%| F|  |TAMS 0x0000000707800000, 0x0000000707800000| Untracked 
| 101|0x0000000707900000, 0x0000000707900000, 0x0000000707a00000|  0%| F|  |TAMS 0x0000000707900000, 0x0000000707900000| Untracked 
| 102|0x0000000707a00000, 0x0000000707a00000, 0x0000000707b00000|  0%| F|  |TAMS 0x0000000707a00000, 0x0000000707a00000| Untracked 
| 103|0x0000000707b00000, 0x0000000707b00000, 0x0000000707c00000|  0%| F|  |TAMS 0x0000000707b00000, 0x0000000707b00000| Untracked 
| 104|0x0000000707c00000, 0x0000000707c00000, 0x0000000707d00000|  0%| F|  |TAMS 0x0000000707c00000, 0x0000000707c00000| Untracked 
| 105|0x0000000707d00000, 0x0000000707d00000, 0x0000000707e00000|  0%| F|  |TAMS 0x0000000707d00000, 0x0000000707d00000| Untracked 
| 106|0x0000000707e00000, 0x0000000707e00000, 0x0000000707f00000|  0%| F|  |TAMS 0x0000000707e00000, 0x0000000707e00000| Untracked 
| 107|0x0000000707f00000, 0x0000000707f00000, 0x0000000708000000|  0%| F|  |TAMS 0x0000000707f00000, 0x0000000707f00000| Untracked 
| 108|0x0000000708000000, 0x0000000708000000, 0x0000000708100000|  0%| F|  |TAMS 0x0000000708000000, 0x0000000708000000| Untracked 
| 109|0x0000000708100000, 0x0000000708100000, 0x0000000708200000|  0%| F|  |TAMS 0x0000000708100000, 0x0000000708100000| Untracked 
| 110|0x0000000708200000, 0x0000000708200000, 0x0000000708300000|  0%| F|  |TAMS 0x0000000708200000, 0x0000000708200000| Untracked 
| 111|0x0000000708300000, 0x0000000708300000, 0x0000000708400000|  0%| F|  |TAMS 0x0000000708300000, 0x0000000708300000| Untracked 
| 112|0x0000000708400000, 0x0000000708400000, 0x0000000708500000|  0%| F|  |TAMS 0x0000000708400000, 0x0000000708400000| Untracked 
| 113|0x0000000708500000, 0x0000000708500000, 0x0000000708600000|  0%| F|  |TAMS 0x0000000708500000, 0x0000000708500000| Untracked 
| 114|0x0000000708600000, 0x0000000708600000, 0x0000000708700000|  0%| F|  |TAMS 0x0000000708600000, 0x0000000708600000| Untracked 
| 115|0x0000000708700000, 0x0000000708700000, 0x0000000708800000|  0%| F|  |TAMS 0x0000000708700000, 0x0000000708700000| Untracked 
| 116|0x0000000708800000, 0x0000000708800000, 0x0000000708900000|  0%| F|  |TAMS 0x0000000708800000, 0x0000000708800000| Untracked 
| 117|0x0000000708900000, 0x0000000708900000, 0x0000000708a00000|  0%| F|  |TAMS 0x0000000708900000, 0x0000000708900000| Untracked 
| 118|0x0000000708a00000, 0x0000000708a00000, 0x0000000708b00000|  0%| F|  |TAMS 0x0000000708a00000, 0x0000000708a00000| Untracked 
| 119|0x0000000708b00000, 0x0000000708b00000, 0x0000000708c00000|  0%| F|  |TAMS 0x0000000708b00000, 0x0000000708b00000| Untracked 
| 120|0x0000000708c00000, 0x0000000708c00000, 0x0000000708d00000|  0%| F|  |TAMS 0x0000000708c00000, 0x0000000708c00000| Untracked 
| 121|0x0000000708d00000, 0x0000000708d00000, 0x0000000708e00000|  0%| F|  |TAMS 0x0000000708d00000, 0x0000000708d00000| Untracked 
| 122|0x0000000708e00000, 0x0000000708e00000, 0x0000000708f00000|  0%| F|  |TAMS 0x0000000708e00000, 0x0000000708e00000| Untracked 
| 123|0x0000000708f00000, 0x0000000708f00000, 0x0000000709000000|  0%| F|  |TAMS 0x0000000708f00000, 0x0000000708f00000| Untracked 
| 124|0x0000000709000000, 0x000000070905f6d0, 0x0000000709100000| 37%| S|CS|TAMS 0x0000000709000000, 0x0000000709000000| Complete 
| 125|0x0000000709100000, 0x0000000709200000, 0x0000000709200000|100%| S|CS|TAMS 0x0000000709100000, 0x0000000709100000| Complete 
| 126|0x0000000709200000, 0x0000000709200000, 0x0000000709300000|  0%| F|  |TAMS 0x0000000709200000, 0x0000000709200000| Untracked 
| 127|0x0000000709300000, 0x0000000709300000, 0x0000000709400000|  0%| F|  |TAMS 0x0000000709300000, 0x0000000709300000| Untracked 
| 128|0x0000000709400000, 0x0000000709400000, 0x0000000709500000|  0%| F|  |TAMS 0x0000000709400000, 0x0000000709400000| Untracked 
| 129|0x0000000709500000, 0x0000000709500000, 0x0000000709600000|  0%| F|  |TAMS 0x0000000709500000, 0x0000000709500000| Untracked 
| 130|0x0000000709600000, 0x0000000709600000, 0x0000000709700000|  0%| F|  |TAMS 0x0000000709600000, 0x0000000709600000| Untracked 
| 131|0x0000000709700000, 0x0000000709700000, 0x0000000709800000|  0%| F|  |TAMS 0x0000000709700000, 0x0000000709700000| Untracked 
| 132|0x0000000709800000, 0x0000000709800000, 0x0000000709900000|  0%| F|  |TAMS 0x0000000709800000, 0x0000000709800000| Untracked 
| 133|0x0000000709900000, 0x0000000709948600, 0x0000000709a00000| 28%| E|  |TAMS 0x0000000709900000, 0x0000000709900000| Complete 
| 134|0x0000000709a00000, 0x0000000709b00000, 0x0000000709b00000|100%| E|CS|TAMS 0x0000000709a00000, 0x0000000709a00000| Complete 
| 135|0x0000000709b00000, 0x0000000709c00000, 0x0000000709c00000|100%| E|CS|TAMS 0x0000000709b00000, 0x0000000709b00000| Complete 
| 136|0x0000000709c00000, 0x0000000709d00000, 0x0000000709d00000|100%| E|CS|TAMS 0x0000000709c00000, 0x0000000709c00000| Complete 
| 137|0x0000000709d00000, 0x0000000709e00000, 0x0000000709e00000|100%| E|CS|TAMS 0x0000000709d00000, 0x0000000709d00000| Complete 
| 138|0x0000000709e00000, 0x0000000709f00000, 0x0000000709f00000|100%| E|CS|TAMS 0x0000000709e00000, 0x0000000709e00000| Complete 
| 139|0x0000000709f00000, 0x000000070a000000, 0x000000070a000000|100%| E|CS|TAMS 0x0000000709f00000, 0x0000000709f00000| Complete 
| 140|0x000000070a000000, 0x000000070a100000, 0x000000070a100000|100%| E|CS|TAMS 0x000000070a000000, 0x000000070a000000| Complete 
| 141|0x000000070a100000, 0x000000070a200000, 0x000000070a200000|100%| E|CS|TAMS 0x000000070a100000, 0x000000070a100000| Complete 
| 142|0x000000070a200000, 0x000000070a300000, 0x000000070a300000|100%| E|CS|TAMS 0x000000070a200000, 0x000000070a200000| Complete 
| 143|0x000000070a300000, 0x000000070a400000, 0x000000070a400000|100%| E|CS|TAMS 0x000000070a300000, 0x000000070a300000| Complete 
| 144|0x000000070a400000, 0x000000070a500000, 0x000000070a500000|100%| E|CS|TAMS 0x000000070a400000, 0x000000070a400000| Complete 
| 145|0x000000070a500000, 0x000000070a600000, 0x000000070a600000|100%| E|CS|TAMS 0x000000070a500000, 0x000000070a500000| Complete 
| 146|0x000000070a600000, 0x000000070a700000, 0x000000070a700000|100%| E|CS|TAMS 0x000000070a600000, 0x000000070a600000| Complete 
| 147|0x000000070a700000, 0x000000070a800000, 0x000000070a800000|100%| E|CS|TAMS 0x000000070a700000, 0x000000070a700000| Complete 
| 148|0x000000070a800000, 0x000000070a900000, 0x000000070a900000|100%| E|CS|TAMS 0x000000070a800000, 0x000000070a800000| Complete 
| 149|0x000000070a900000, 0x000000070aa00000, 0x000000070aa00000|100%| E|CS|TAMS 0x000000070a900000, 0x000000070a900000| Complete 
| 150|0x000000070aa00000, 0x000000070ab00000, 0x000000070ab00000|100%| E|CS|TAMS 0x000000070aa00000, 0x000000070aa00000| Complete 
| 151|0x000000070ab00000, 0x000000070ac00000, 0x000000070ac00000|100%| E|CS|TAMS 0x000000070ab00000, 0x000000070ab00000| Complete 
| 152|0x000000070ac00000, 0x000000070ad00000, 0x000000070ad00000|100%| E|CS|TAMS 0x000000070ac00000, 0x000000070ac00000| Complete 
| 153|0x000000070ad00000, 0x000000070ae00000, 0x000000070ae00000|100%| E|CS|TAMS 0x000000070ad00000, 0x000000070ad00000| Complete 
| 154|0x000000070ae00000, 0x000000070af00000, 0x000000070af00000|100%| E|CS|TAMS 0x000000070ae00000, 0x000000070ae00000| Complete 
| 155|0x000000070af00000, 0x000000070b000000, 0x000000070b000000|100%| E|CS|TAMS 0x000000070af00000, 0x000000070af00000| Complete 
| 156|0x000000070b000000, 0x000000070b100000, 0x000000070b100000|100%| E|CS|TAMS 0x000000070b000000, 0x000000070b000000| Complete 
| 157|0x000000070b100000, 0x000000070b200000, 0x000000070b200000|100%| E|CS|TAMS 0x000000070b100000, 0x000000070b100000| Complete 
| 158|0x000000070b200000, 0x000000070b300000, 0x000000070b300000|100%| E|CS|TAMS 0x000000070b200000, 0x000000070b200000| Complete 
| 159|0x000000070b300000, 0x000000070b400000, 0x000000070b400000|100%| E|CS|TAMS 0x000000070b300000, 0x000000070b300000| Complete 
| 160|0x000000070b400000, 0x000000070b500000, 0x000000070b500000|100%| E|CS|TAMS 0x000000070b400000, 0x000000070b400000| Complete 
| 161|0x000000070b500000, 0x000000070b600000, 0x000000070b600000|100%| E|CS|TAMS 0x000000070b500000, 0x000000070b500000| Complete 
| 162|0x000000070b600000, 0x000000070b700000, 0x000000070b700000|100%| E|CS|TAMS 0x000000070b600000, 0x000000070b600000| Complete 
| 163|0x000000070b700000, 0x000000070b800000, 0x000000070b800000|100%| E|CS|TAMS 0x000000070b700000, 0x000000070b700000| Complete 
| 164|0x000000070b800000, 0x000000070b900000, 0x000000070b900000|100%| E|CS|TAMS 0x000000070b800000, 0x000000070b800000| Complete 
| 165|0x000000070b900000, 0x000000070ba00000, 0x000000070ba00000|100%| E|CS|TAMS 0x000000070b900000, 0x000000070b900000| Complete 
| 166|0x000000070ba00000, 0x000000070bb00000, 0x000000070bb00000|100%| E|CS|TAMS 0x000000070ba00000, 0x000000070ba00000| Complete 
| 167|0x000000070bb00000, 0x000000070bc00000, 0x000000070bc00000|100%| E|CS|TAMS 0x000000070bb00000, 0x000000070bb00000| Complete 
| 168|0x000000070bc00000, 0x000000070bd00000, 0x000000070bd00000|100%| E|CS|TAMS 0x000000070bc00000, 0x000000070bc00000| Complete 
| 169|0x000000070bd00000, 0x000000070be00000, 0x000000070be00000|100%| E|CS|TAMS 0x000000070bd00000, 0x000000070bd00000| Complete 
| 170|0x000000070be00000, 0x000000070bf00000, 0x000000070bf00000|100%| E|CS|TAMS 0x000000070be00000, 0x000000070be00000| Complete 
| 171|0x000000070bf00000, 0x000000070c000000, 0x000000070c000000|100%| E|CS|TAMS 0x000000070bf00000, 0x000000070bf00000| Complete 
| 172|0x000000070c000000, 0x000000070c100000, 0x000000070c100000|100%| E|CS|TAMS 0x000000070c000000, 0x000000070c000000| Complete 
| 173|0x000000070c100000, 0x000000070c200000, 0x000000070c200000|100%| E|CS|TAMS 0x000000070c100000, 0x000000070c100000| Complete 
| 174|0x000000070c200000, 0x000000070c300000, 0x000000070c300000|100%| E|CS|TAMS 0x000000070c200000, 0x000000070c200000| Complete 
| 175|0x000000070c300000, 0x000000070c400000, 0x000000070c400000|100%| E|CS|TAMS 0x000000070c300000, 0x000000070c300000| Complete 
| 176|0x000000070c400000, 0x000000070c500000, 0x000000070c500000|100%| E|CS|TAMS 0x000000070c400000, 0x000000070c400000| Complete 
| 177|0x000000070c500000, 0x000000070c600000, 0x000000070c600000|100%| E|CS|TAMS 0x000000070c500000, 0x000000070c500000| Complete 
| 178|0x000000070c600000, 0x000000070c700000, 0x000000070c700000|100%| E|CS|TAMS 0x000000070c600000, 0x000000070c600000| Complete 
| 179|0x000000070c700000, 0x000000070c800000, 0x000000070c800000|100%| E|CS|TAMS 0x000000070c700000, 0x000000070c700000| Complete 
| 180|0x000000070c800000, 0x000000070c900000, 0x000000070c900000|100%| E|CS|TAMS 0x000000070c800000, 0x000000070c800000| Complete 
| 181|0x000000070c900000, 0x000000070ca00000, 0x000000070ca00000|100%| E|CS|TAMS 0x000000070c900000, 0x000000070c900000| Complete 
| 182|0x000000070ca00000, 0x000000070cb00000, 0x000000070cb00000|100%| E|CS|TAMS 0x000000070ca00000, 0x000000070ca00000| Complete 
| 183|0x000000070cb00000, 0x000000070cc00000, 0x000000070cc00000|100%| E|CS|TAMS 0x000000070cb00000, 0x000000070cb00000| Complete 
| 184|0x000000070cc00000, 0x000000070cd00000, 0x000000070cd00000|100%| E|CS|TAMS 0x000000070cc00000, 0x000000070cc00000| Complete 
| 185|0x000000070cd00000, 0x000000070ce00000, 0x000000070ce00000|100%| E|CS|TAMS 0x000000070cd00000, 0x000000070cd00000| Complete 
| 186|0x000000070ce00000, 0x000000070cf00000, 0x000000070cf00000|100%| E|CS|TAMS 0x000000070ce00000, 0x000000070ce00000| Complete 
| 187|0x000000070cf00000, 0x000000070d000000, 0x000000070d000000|100%| E|CS|TAMS 0x000000070cf00000, 0x000000070cf00000| Complete 
| 188|0x000000070d000000, 0x000000070d100000, 0x000000070d100000|100%| E|CS|TAMS 0x000000070d000000, 0x000000070d000000| Complete 
| 189|0x000000070d100000, 0x000000070d200000, 0x000000070d200000|100%| E|CS|TAMS 0x000000070d100000, 0x000000070d100000| Complete 
| 190|0x000000070d200000, 0x000000070d300000, 0x000000070d300000|100%| E|CS|TAMS 0x000000070d200000, 0x000000070d200000| Complete 
| 191|0x000000070d300000, 0x000000070d400000, 0x000000070d400000|100%| E|CS|TAMS 0x000000070d300000, 0x000000070d300000| Complete 
| 192|0x000000070d400000, 0x000000070d500000, 0x000000070d500000|100%| E|CS|TAMS 0x000000070d400000, 0x000000070d400000| Complete 
| 193|0x000000070d500000, 0x000000070d600000, 0x000000070d600000|100%| E|CS|TAMS 0x000000070d500000, 0x000000070d500000| Complete 
| 194|0x000000070d600000, 0x000000070d700000, 0x000000070d700000|100%| E|CS|TAMS 0x000000070d600000, 0x000000070d600000| Complete 
| 195|0x000000070d700000, 0x000000070d800000, 0x000000070d800000|100%| E|CS|TAMS 0x000000070d700000, 0x000000070d700000| Complete 
| 196|0x000000070d800000, 0x000000070d900000, 0x000000070d900000|100%| E|CS|TAMS 0x000000070d800000, 0x000000070d800000| Complete 
| 197|0x000000070d900000, 0x000000070da00000, 0x000000070da00000|100%| E|CS|TAMS 0x000000070d900000, 0x000000070d900000| Complete 
| 198|0x000000070da00000, 0x000000070db00000, 0x000000070db00000|100%| E|CS|TAMS 0x000000070da00000, 0x000000070da00000| Complete 
| 199|0x000000070db00000, 0x000000070dc00000, 0x000000070dc00000|100%| E|CS|TAMS 0x000000070db00000, 0x000000070db00000| Complete 
| 200|0x000000070dc00000, 0x000000070dd00000, 0x000000070dd00000|100%| E|CS|TAMS 0x000000070dc00000, 0x000000070dc00000| Complete 
| 201|0x000000070dd00000, 0x000000070de00000, 0x000000070de00000|100%| E|CS|TAMS 0x000000070dd00000, 0x000000070dd00000| Complete 
| 202|0x000000070de00000, 0x000000070df00000, 0x000000070df00000|100%| E|CS|TAMS 0x000000070de00000, 0x000000070de00000| Complete 
| 203|0x000000070df00000, 0x000000070e000000, 0x000000070e000000|100%| E|CS|TAMS 0x000000070df00000, 0x000000070df00000| Complete 
| 204|0x000000070e000000, 0x000000070e100000, 0x000000070e100000|100%| E|CS|TAMS 0x000000070e000000, 0x000000070e000000| Complete 
| 205|0x000000070e100000, 0x000000070e200000, 0x000000070e200000|100%| E|CS|TAMS 0x000000070e100000, 0x000000070e100000| Complete 
| 206|0x000000070e200000, 0x000000070e300000, 0x000000070e300000|100%| E|CS|TAMS 0x000000070e200000, 0x000000070e200000| Complete 
| 207|0x000000070e300000, 0x000000070e400000, 0x000000070e400000|100%| E|CS|TAMS 0x000000070e300000, 0x000000070e300000| Complete 
| 208|0x000000070e400000, 0x000000070e500000, 0x000000070e500000|100%| E|CS|TAMS 0x000000070e400000, 0x000000070e400000| Complete 
| 209|0x000000070e500000, 0x000000070e600000, 0x000000070e600000|100%| E|CS|TAMS 0x000000070e500000, 0x000000070e500000| Complete 
| 210|0x000000070e600000, 0x000000070e700000, 0x000000070e700000|100%| E|CS|TAMS 0x000000070e600000, 0x000000070e600000| Complete 
| 211|0x000000070e700000, 0x000000070e800000, 0x000000070e800000|100%| E|CS|TAMS 0x000000070e700000, 0x000000070e700000| Complete 
| 212|0x000000070e800000, 0x000000070e900000, 0x000000070e900000|100%| E|CS|TAMS 0x000000070e800000, 0x000000070e800000| Complete 
| 213|0x000000070e900000, 0x000000070ea00000, 0x000000070ea00000|100%| E|CS|TAMS 0x000000070e900000, 0x000000070e900000| Complete 
| 214|0x000000070ea00000, 0x000000070eb00000, 0x000000070eb00000|100%| E|CS|TAMS 0x000000070ea00000, 0x000000070ea00000| Complete 
| 215|0x000000070eb00000, 0x000000070ec00000, 0x000000070ec00000|100%| E|CS|TAMS 0x000000070eb00000, 0x000000070eb00000| Complete 
| 216|0x000000070ec00000, 0x000000070ed00000, 0x000000070ed00000|100%| E|CS|TAMS 0x000000070ec00000, 0x000000070ec00000| Complete 
| 217|0x000000070ed00000, 0x000000070ee00000, 0x000000070ee00000|100%| E|CS|TAMS 0x000000070ed00000, 0x000000070ed00000| Complete 
| 218|0x000000070ee00000, 0x000000070ef00000, 0x000000070ef00000|100%| E|CS|TAMS 0x000000070ee00000, 0x000000070ee00000| Complete 
| 219|0x000000070ef00000, 0x000000070f000000, 0x000000070f000000|100%| E|CS|TAMS 0x000000070ef00000, 0x000000070ef00000| Complete 
| 220|0x000000070f000000, 0x000000070f100000, 0x000000070f100000|100%| E|CS|TAMS 0x000000070f000000, 0x000000070f000000| Complete 
| 221|0x000000070f100000, 0x000000070f200000, 0x000000070f200000|100%| E|CS|TAMS 0x000000070f100000, 0x000000070f100000| Complete 
| 222|0x000000070f200000, 0x000000070f300000, 0x000000070f300000|100%| E|CS|TAMS 0x000000070f200000, 0x000000070f200000| Complete 
| 223|0x000000070f300000, 0x000000070f400000, 0x000000070f400000|100%| E|CS|TAMS 0x000000070f300000, 0x000000070f300000| Complete 
| 224|0x000000070f400000, 0x000000070f500000, 0x000000070f500000|100%| E|CS|TAMS 0x000000070f400000, 0x000000070f400000| Complete 
| 225|0x000000070f500000, 0x000000070f600000, 0x000000070f600000|100%| E|CS|TAMS 0x000000070f500000, 0x000000070f500000| Complete 
| 226|0x000000070f600000, 0x000000070f700000, 0x000000070f700000|100%| E|CS|TAMS 0x000000070f600000, 0x000000070f600000| Complete 
| 227|0x000000070f700000, 0x000000070f800000, 0x000000070f800000|100%| E|CS|TAMS 0x000000070f700000, 0x000000070f700000| Complete 
| 228|0x000000070f800000, 0x000000070f900000, 0x000000070f900000|100%| E|CS|TAMS 0x000000070f800000, 0x000000070f800000| Complete 
| 229|0x000000070f900000, 0x000000070fa00000, 0x000000070fa00000|100%| E|CS|TAMS 0x000000070f900000, 0x000000070f900000| Complete 
| 230|0x000000070fa00000, 0x000000070fb00000, 0x000000070fb00000|100%| E|CS|TAMS 0x000000070fa00000, 0x000000070fa00000| Complete 
| 231|0x000000070fb00000, 0x000000070fc00000, 0x000000070fc00000|100%| E|CS|TAMS 0x000000070fb00000, 0x000000070fb00000| Complete 
| 232|0x000000070fc00000, 0x000000070fd00000, 0x000000070fd00000|100%| E|CS|TAMS 0x000000070fc00000, 0x000000070fc00000| Complete 
| 233|0x000000070fd00000, 0x000000070fe00000, 0x000000070fe00000|100%| E|CS|TAMS 0x000000070fd00000, 0x000000070fd00000| Complete 
| 234|0x000000070fe00000, 0x000000070ff00000, 0x000000070ff00000|100%| E|CS|TAMS 0x000000070fe00000, 0x000000070fe00000| Complete 
| 235|0x000000070ff00000, 0x0000000710000000, 0x0000000710000000|100%| E|CS|TAMS 0x000000070ff00000, 0x000000070ff00000| Complete 
| 236|0x0000000710000000, 0x0000000710100000, 0x0000000710100000|100%| E|CS|TAMS 0x0000000710000000, 0x0000000710000000| Complete 
| 237|0x0000000710100000, 0x0000000710200000, 0x0000000710200000|100%| E|CS|TAMS 0x0000000710100000, 0x0000000710100000| Complete 
| 238|0x0000000710200000, 0x0000000710300000, 0x0000000710300000|100%| E|CS|TAMS 0x0000000710200000, 0x0000000710200000| Complete 
| 239|0x0000000710300000, 0x0000000710400000, 0x0000000710400000|100%| E|CS|TAMS 0x0000000710300000, 0x0000000710300000| Complete 
| 240|0x0000000710400000, 0x0000000710500000, 0x0000000710500000|100%| E|CS|TAMS 0x0000000710400000, 0x0000000710400000| Complete 
| 241|0x0000000710500000, 0x0000000710600000, 0x0000000710600000|100%| E|CS|TAMS 0x0000000710500000, 0x0000000710500000| Complete 
| 242|0x0000000710600000, 0x0000000710700000, 0x0000000710700000|100%| E|CS|TAMS 0x0000000710600000, 0x0000000710600000| Complete 
| 243|0x0000000710700000, 0x0000000710800000, 0x0000000710800000|100%| E|CS|TAMS 0x0000000710700000, 0x0000000710700000| Complete 
| 244|0x0000000710800000, 0x0000000710900000, 0x0000000710900000|100%| E|CS|TAMS 0x0000000710800000, 0x0000000710800000| Complete 
| 245|0x0000000710900000, 0x0000000710a00000, 0x0000000710a00000|100%| E|CS|TAMS 0x0000000710900000, 0x0000000710900000| Complete 
| 246|0x0000000710a00000, 0x0000000710b00000, 0x0000000710b00000|100%| E|CS|TAMS 0x0000000710a00000, 0x0000000710a00000| Complete 
| 247|0x0000000710b00000, 0x0000000710c00000, 0x0000000710c00000|100%| E|CS|TAMS 0x0000000710b00000, 0x0000000710b00000| Complete 
| 248|0x0000000710c00000, 0x0000000710d00000, 0x0000000710d00000|100%| E|CS|TAMS 0x0000000710c00000, 0x0000000710c00000| Complete 
| 249|0x0000000710d00000, 0x0000000710e00000, 0x0000000710e00000|100%| E|CS|TAMS 0x0000000710d00000, 0x0000000710d00000| Complete 
| 250|0x0000000710e00000, 0x0000000710f00000, 0x0000000710f00000|100%| E|CS|TAMS 0x0000000710e00000, 0x0000000710e00000| Complete 
| 251|0x0000000710f00000, 0x0000000711000000, 0x0000000711000000|100%| E|CS|TAMS 0x0000000710f00000, 0x0000000710f00000| Complete 
| 252|0x0000000711000000, 0x0000000711100000, 0x0000000711100000|100%| E|CS|TAMS 0x0000000711000000, 0x0000000711000000| Complete 
| 253|0x0000000711100000, 0x0000000711200000, 0x0000000711200000|100%| E|CS|TAMS 0x0000000711100000, 0x0000000711100000| Complete 
| 254|0x0000000711200000, 0x0000000711300000, 0x0000000711300000|100%| E|CS|TAMS 0x0000000711200000, 0x0000000711200000| Complete 
| 255|0x0000000711300000, 0x0000000711400000, 0x0000000711400000|100%| E|CS|TAMS 0x0000000711300000, 0x0000000711300000| Complete 
| 256|0x0000000711400000, 0x0000000711500000, 0x0000000711500000|100%| E|CS|TAMS 0x0000000711400000, 0x0000000711400000| Complete 
| 257|0x0000000711500000, 0x0000000711600000, 0x0000000711600000|100%| E|CS|TAMS 0x0000000711500000, 0x0000000711500000| Complete 
| 258|0x0000000711600000, 0x0000000711700000, 0x0000000711700000|100%| E|CS|TAMS 0x0000000711600000, 0x0000000711600000| Complete 
| 259|0x0000000711700000, 0x0000000711800000, 0x0000000711800000|100%| E|CS|TAMS 0x0000000711700000, 0x0000000711700000| Complete 
| 260|0x0000000711800000, 0x0000000711900000, 0x0000000711900000|100%| E|CS|TAMS 0x0000000711800000, 0x0000000711800000| Complete 
| 261|0x0000000711900000, 0x0000000711a00000, 0x0000000711a00000|100%| E|CS|TAMS 0x0000000711900000, 0x0000000711900000| Complete 
| 262|0x0000000711a00000, 0x0000000711b00000, 0x0000000711b00000|100%| E|CS|TAMS 0x0000000711a00000, 0x0000000711a00000| Complete 
| 263|0x0000000711b00000, 0x0000000711c00000, 0x0000000711c00000|100%| E|CS|TAMS 0x0000000711b00000, 0x0000000711b00000| Complete 
| 264|0x0000000711c00000, 0x0000000711d00000, 0x0000000711d00000|100%| E|CS|TAMS 0x0000000711c00000, 0x0000000711c00000| Complete 
| 265|0x0000000711d00000, 0x0000000711e00000, 0x0000000711e00000|100%| E|CS|TAMS 0x0000000711d00000, 0x0000000711d00000| Complete 
| 266|0x0000000711e00000, 0x0000000711f00000, 0x0000000711f00000|100%| E|CS|TAMS 0x0000000711e00000, 0x0000000711e00000| Complete 
| 267|0x0000000711f00000, 0x0000000712000000, 0x0000000712000000|100%| E|CS|TAMS 0x0000000711f00000, 0x0000000711f00000| Complete 
| 268|0x0000000712000000, 0x0000000712100000, 0x0000000712100000|100%| E|CS|TAMS 0x0000000712000000, 0x0000000712000000| Complete 
| 269|0x0000000712100000, 0x0000000712200000, 0x0000000712200000|100%| E|CS|TAMS 0x0000000712100000, 0x0000000712100000| Complete 
| 270|0x0000000712200000, 0x0000000712300000, 0x0000000712300000|100%| E|CS|TAMS 0x0000000712200000, 0x0000000712200000| Complete 
| 271|0x0000000712300000, 0x0000000712400000, 0x0000000712400000|100%| E|CS|TAMS 0x0000000712300000, 0x0000000712300000| Complete 
| 272|0x0000000712400000, 0x0000000712500000, 0x0000000712500000|100%| E|CS|TAMS 0x0000000712400000, 0x0000000712400000| Complete 
| 273|0x0000000712500000, 0x0000000712600000, 0x0000000712600000|100%| E|CS|TAMS 0x0000000712500000, 0x0000000712500000| Complete 
| 274|0x0000000712600000, 0x0000000712700000, 0x0000000712700000|100%| E|CS|TAMS 0x0000000712600000, 0x0000000712600000| Complete 
| 275|0x0000000712700000, 0x0000000712800000, 0x0000000712800000|100%| E|CS|TAMS 0x0000000712700000, 0x0000000712700000| Complete 
| 276|0x0000000712800000, 0x0000000712900000, 0x0000000712900000|100%| E|CS|TAMS 0x0000000712800000, 0x0000000712800000| Complete 
| 277|0x0000000712900000, 0x0000000712a00000, 0x0000000712a00000|100%| E|CS|TAMS 0x0000000712900000, 0x0000000712900000| Complete 
| 278|0x0000000712a00000, 0x0000000712b00000, 0x0000000712b00000|100%| E|CS|TAMS 0x0000000712a00000, 0x0000000712a00000| Complete 
| 279|0x0000000712b00000, 0x0000000712c00000, 0x0000000712c00000|100%| E|CS|TAMS 0x0000000712b00000, 0x0000000712b00000| Complete 
| 280|0x0000000712c00000, 0x0000000712d00000, 0x0000000712d00000|100%| E|CS|TAMS 0x0000000712c00000, 0x0000000712c00000| Complete 
| 281|0x0000000712d00000, 0x0000000712e00000, 0x0000000712e00000|100%| E|CS|TAMS 0x0000000712d00000, 0x0000000712d00000| Complete 
| 282|0x0000000712e00000, 0x0000000712f00000, 0x0000000712f00000|100%| E|CS|TAMS 0x0000000712e00000, 0x0000000712e00000| Complete 
| 283|0x0000000712f00000, 0x0000000713000000, 0x0000000713000000|100%| E|CS|TAMS 0x0000000712f00000, 0x0000000712f00000| Complete 
| 284|0x0000000713000000, 0x0000000713100000, 0x0000000713100000|100%| E|CS|TAMS 0x0000000713000000, 0x0000000713000000| Complete 
| 285|0x0000000713100000, 0x0000000713200000, 0x0000000713200000|100%| E|CS|TAMS 0x0000000713100000, 0x0000000713100000| Complete 
| 286|0x0000000713200000, 0x0000000713300000, 0x0000000713300000|100%| E|CS|TAMS 0x0000000713200000, 0x0000000713200000| Complete 
| 287|0x0000000713300000, 0x0000000713400000, 0x0000000713400000|100%| E|CS|TAMS 0x0000000713300000, 0x0000000713300000| Complete 
| 288|0x0000000713400000, 0x0000000713500000, 0x0000000713500000|100%| E|CS|TAMS 0x0000000713400000, 0x0000000713400000| Complete 
| 289|0x0000000713500000, 0x0000000713600000, 0x0000000713600000|100%| E|CS|TAMS 0x0000000713500000, 0x0000000713500000| Complete 
| 290|0x0000000713600000, 0x0000000713700000, 0x0000000713700000|100%| E|CS|TAMS 0x0000000713600000, 0x0000000713600000| Complete 
| 291|0x0000000713700000, 0x0000000713800000, 0x0000000713800000|100%| E|CS|TAMS 0x0000000713700000, 0x0000000713700000| Complete 
| 292|0x0000000713800000, 0x0000000713900000, 0x0000000713900000|100%| E|CS|TAMS 0x0000000713800000, 0x0000000713800000| Complete 
| 293|0x0000000713900000, 0x0000000713a00000, 0x0000000713a00000|100%| E|CS|TAMS 0x0000000713900000, 0x0000000713900000| Complete 
| 294|0x0000000713a00000, 0x0000000713b00000, 0x0000000713b00000|100%| E|CS|TAMS 0x0000000713a00000, 0x0000000713a00000| Complete 
| 295|0x0000000713b00000, 0x0000000713c00000, 0x0000000713c00000|100%| E|CS|TAMS 0x0000000713b00000, 0x0000000713b00000| Complete 
| 296|0x0000000713c00000, 0x0000000713d00000, 0x0000000713d00000|100%| E|CS|TAMS 0x0000000713c00000, 0x0000000713c00000| Complete 
| 297|0x0000000713d00000, 0x0000000713e00000, 0x0000000713e00000|100%| E|CS|TAMS 0x0000000713d00000, 0x0000000713d00000| Complete 
| 298|0x0000000713e00000, 0x0000000713f00000, 0x0000000713f00000|100%| E|CS|TAMS 0x0000000713e00000, 0x0000000713e00000| Complete 
| 299|0x0000000713f00000, 0x0000000714000000, 0x0000000714000000|100%| E|CS|TAMS 0x0000000713f00000, 0x0000000713f00000| Complete 
| 300|0x0000000714000000, 0x0000000714100000, 0x0000000714100000|100%| E|CS|TAMS 0x0000000714000000, 0x0000000714000000| Complete 
| 301|0x0000000714100000, 0x0000000714200000, 0x0000000714200000|100%| E|CS|TAMS 0x0000000714100000, 0x0000000714100000| Complete 
| 302|0x0000000714200000, 0x0000000714300000, 0x0000000714300000|100%| E|CS|TAMS 0x0000000714200000, 0x0000000714200000| Complete 
| 303|0x0000000714300000, 0x0000000714400000, 0x0000000714400000|100%| E|CS|TAMS 0x0000000714300000, 0x0000000714300000| Complete 
| 304|0x0000000714400000, 0x0000000714500000, 0x0000000714500000|100%| E|CS|TAMS 0x0000000714400000, 0x0000000714400000| Complete 
| 305|0x0000000714500000, 0x0000000714600000, 0x0000000714600000|100%| E|CS|TAMS 0x0000000714500000, 0x0000000714500000| Complete 
| 306|0x0000000714600000, 0x0000000714700000, 0x0000000714700000|100%| E|CS|TAMS 0x0000000714600000, 0x0000000714600000| Complete 
| 307|0x0000000714700000, 0x0000000714800000, 0x0000000714800000|100%| E|CS|TAMS 0x0000000714700000, 0x0000000714700000| Complete 

Card table byte_map: [0x00000266f9c90000,0x00000266fa490000] _byte_map_base: 0x00000266f6486000

Marking Bits (Prev, Next): (CMBitMap*) 0x00000266e202c4d8, (CMBitMap*) 0x00000266e202c510
 Prev Bits: [0x00000266fac90000, 0x00000266fec40000)
 Next Bits: [0x0000026680000000, 0x0000026683fb0000)

Polling page: 0x00000266dffb0000

Metaspace:

Usage:
  Non-class:     47.03 MB capacity,    46.05 MB ( 98%) used,   829.34 KB (  2%) free+waste,   175.69 KB ( <1%) overhead. 
      Class:      6.89 MB capacity,     6.23 MB ( 90%) used,   588.12 KB (  8%) free+waste,    85.75 KB (  1%) overhead. 
       Both:     53.92 MB capacity,    52.28 MB ( 97%) used,     1.38 MB (  3%) free+waste,   261.44 KB ( <1%) overhead. 

Virtual space:
  Non-class space:       48.00 MB reserved,      47.17 MB ( 98%) committed 
      Class space:        1.00 GB reserved,       7.00 MB ( <1%) committed 
             Both:        1.05 GB reserved,      54.17 MB (  5%) committed 

Chunk freelists:
   Non-Class:  1.25 KB
       Class:  2.13 KB
        Both:  3.38 KB

CodeHeap 'non-profiled nmethods': size=120064Kb used=8705Kb max_used=8705Kb free=111358Kb
 bounds [0x00000266f1f50000, 0x00000266f27e0000, 0x00000266f9490000]
CodeHeap 'profiled nmethods': size=120000Kb used=21395Kb max_used=23591Kb free=98604Kb
 bounds [0x00000266eaa20000, 0x00000266ec130000, 0x00000266f1f50000]
CodeHeap 'non-nmethods': size=5696Kb used=1519Kb max_used=1591Kb free=4176Kb
 bounds [0x00000266ea490000, 0x00000266ea700000, 0x00000266eaa20000]
 total_blobs=11055 nmethods=10021 adapters=945
 compilation: enabled
              stopped_count=0, restarted_count=0
 full_count=0

Compilation events (10 events):
Event: 2274.249 Thread 0x00000266ffa5b000 10773       3       com.sun.javafx.geom.transform.Translate2D::equals (51 bytes)
Event: 2274.249 Thread 0x00000266ffa5b000 nmethod 10773 0x00000266eaa60190 code [0x00000266eaa60380, 0x00000266eaa60a68]
Event: 2300.248 Thread 0x00000266ffa5a000 10774       4       javafx.scene.Parent::updateCachedBounds (502 bytes)
Event: 2300.306 Thread 0x00000266ffa5a000 nmethod 10774 0x00000266f27c4110 code [0x00000266f27c4380, 0x00000266f27c6f10]
Event: 2312.249 Thread 0x00000266ffa5b000 10775       3       com.sun.javafx.geom.transform.Translate2D::deriveWithNewTransform (30 bytes)
Event: 2312.249 Thread 0x00000266ffa5b000 nmethod 10775 0x00000266eaa5fa90 code [0x00000266eaa5fc60, 0x00000266eaa60058]
Event: 2384.248 Thread 0x00000266ffa5a000 10776   !   4       com.sun.javafx.tk.quantum.PaintCollector::renderAll (381 bytes)
Event: 2384.275 Thread 0x00000266ffa5a000 nmethod 10776 0x00000266f27c7c10 code [0x00000266f27c7e60, 0x00000266f27c94d8]
Event: 2384.275 Thread 0x00000266ffa5a000 10777   !   4       javafx.scene.Scene$ScenePulseListener::pulse (503 bytes)
Event: 2384.380 Thread 0x00000266ffa5a000 nmethod 10777 0x00000266f27ca110 code [0x00000266f27ca660, 0x00000266f27ce5b8]

GC Heap History (10 events):
Event: 2261.218 GC heap before
{Heap before GC invocations=75 (full 0):
 garbage-first heap   total 315392K, used 245319K [0x0000000701400000, 0x0000000800000000)
  region size 1024K, 184 young (188416K), 2 survivors (2048K)
 Metaspace       used 53535K, capacity 55217K, committed 55468K, reserved 1097728K
  class space    used 6381K, capacity 7055K, committed 7168K, reserved 1048576K
}
Event: 2261.220 GC heap after
{Heap after GC invocations=76 (full 0):
 garbage-first heap   total 315392K, used 59218K [0x0000000701400000, 0x0000000800000000)
  region size 1024K, 2 young (2048K), 2 survivors (2048K)
 Metaspace       used 53535K, capacity 55217K, committed 55468K, reserved 1097728K
  class space    used 6381K, capacity 7055K, committed 7168K, reserved 1048576K
}
Event: 2288.217 GC heap before
{Heap before GC invocations=76 (full 0):
 garbage-first heap   total 315392K, used 245586K [0x0000000701400000, 0x0000000800000000)
  region size 1024K, 184 young (188416K), 2 survivors (2048K)
 Metaspace       used 53537K, capacity 55217K, committed 55468K, reserved 1097728K
  class space    used 6381K, capacity 7055K, committed 7168K, reserved 1048576K
}
Event: 2288.219 GC heap after
{Heap after GC invocations=77 (full 0):
 garbage-first heap   total 315392K, used 59264K [0x0000000701400000, 0x0000000800000000)
  region size 1024K, 2 young (2048K), 2 survivors (2048K)
 Metaspace       used 53537K, capacity 55217K, committed 55468K, reserved 1097728K
  class space    used 6381K, capacity 7055K, committed 7168K, reserved 1048576K
}
Event: 2315.214 GC heap before
{Heap before GC invocations=77 (full 0):
 garbage-first heap   total 315392K, used 245632K [0x0000000701400000, 0x0000000800000000)
  region size 1024K, 184 young (188416K), 2 survivors (2048K)
 Metaspace       used 53538K, capacity 55217K, committed 55468K, reserved 1097728K
  class space    used 6381K, capacity 7055K, committed 7168K, reserved 1048576K
}
Event: 2315.216 GC heap after
{Heap after GC invocations=78 (full 0):
 garbage-first heap   total 315392K, used 58866K [0x0000000701400000, 0x0000000800000000)
  region size 1024K, 2 young (2048K), 2 survivors (2048K)
 Metaspace       used 53538K, capacity 55217K, committed 55468K, reserved 1097728K
  class space    used 6381K, capacity 7055K, committed 7168K, reserved 1048576K
}
Event: 2341.233 GC heap before
{Heap before GC invocations=78 (full 0):
 garbage-first heap   total 315392K, used 245234K [0x0000000701400000, 0x0000000800000000)
  region size 1024K, 184 young (188416K), 2 survivors (2048K)
 Metaspace       used 53538K, capacity 55217K, committed 55468K, reserved 1097728K
  class space    used 6381K, capacity 7055K, committed 7168K, reserved 1048576K
}
Event: 2341.235 GC heap after
{Heap after GC invocations=79 (full 0):
 garbage-first heap   total 315392K, used 58837K [0x0000000701400000, 0x0000000800000000)
  region size 1024K, 2 young (2048K), 2 survivors (2048K)
 Metaspace       used 53538K, capacity 55217K, committed 55468K, reserved 1097728K
  class space    used 6381K, capacity 7055K, committed 7168K, reserved 1048576K
}
Event: 2368.226 GC heap before
{Heap before GC invocations=79 (full 0):
 garbage-first heap   total 315392K, used 245205K [0x0000000701400000, 0x0000000800000000)
  region size 1024K, 184 young (188416K), 2 survivors (2048K)
 Metaspace       used 53538K, capacity 55217K, committed 55468K, reserved 1097728K
  class space    used 6381K, capacity 7055K, committed 7168K, reserved 1048576K
}
Event: 2368.228 GC heap after
{Heap after GC invocations=80 (full 0):
 garbage-first heap   total 315392K, used 58978K [0x0000000701400000, 0x0000000800000000)
  region size 1024K, 2 young (2048K), 2 survivors (2048K)
 Metaspace       used 53538K, capacity 55217K, committed 55468K, reserved 1097728K
  class space    used 6381K, capacity 7055K, committed 7168K, reserved 1048576K
}

Deoptimization events (10 events):
Event: 624.234 Thread 0x0000026689994800 Uncommon trap: reason=class_check action=maybe_recompile pc=0x00000266f1f8b148 method=java.util.concurrent.ConcurrentHashMap.putVal(Ljava/lang/Object;Ljava/lang/Object;Z)Ljava/lang/Object; @ 242 c2
Event: 702.225 Thread 0x0000026689994800 Uncommon trap: reason=class_check action=maybe_recompile pc=0x00000266f1f8b148 method=java.util.concurrent.ConcurrentHashMap.putVal(Ljava/lang/Object;Ljava/lang/Object;Z)Ljava/lang/Object; @ 242 c2
Event: 741.219 Thread 0x0000026689994800 Uncommon trap: reason=class_check action=maybe_recompile pc=0x00000266f1f8b148 method=java.util.concurrent.ConcurrentHashMap.putVal(Ljava/lang/Object;Ljava/lang/Object;Z)Ljava/lang/Object; @ 242 c2
Event: 822.223 Thread 0x0000026689994800 Uncommon trap: reason=class_check action=maybe_recompile pc=0x00000266f1f8b148 method=java.util.concurrent.ConcurrentHashMap.putVal(Ljava/lang/Object;Ljava/lang/Object;Z)Ljava/lang/Object; @ 242 c2
Event: 822.346 Thread 0x00000266ffa4e800 Uncommon trap: reason=unstable_if action=reinterpret pc=0x00000266f26eef54 method=com.sun.scenario.effect.impl.ImagePool.checkOut(Lcom/sun/scenario/effect/impl/Renderer;II)Lcom/sun/scenario/effect/impl/PoolFilterable; @ 260 c2
Event: 822.371 Thread 0x00000266ffa50000 Uncommon trap: reason=unstable_if action=reinterpret pc=0x00000266f1ffdcb0 method=javafx.scene.Node$MiscProperties.isDisable()Z @ 4 c2
Event: 822.387 Thread 0x00000266ffa50000 Uncommon trap: reason=unstable_if action=reinterpret pc=0x00000266f26c4414 method=javafx.scene.Node$MiscProperties.isDisable()Z @ 4 c2
Event: 823.366 Thread 0x00000266ffa50000 Uncommon trap: reason=unstable_if action=reinterpret pc=0x00000266f2738880 method=com.sun.javafx.geom.RectBounds.equals(Ljava/lang/Object;)Z @ 75 c2
Event: 1844.250 Thread 0x00000266ffa4e800 Uncommon trap: reason=unstable_if action=reinterpret pc=0x00000266f26e40f0 method=com.sun.prism.impl.ManagedResource.bumpAge(I)V @ 7 c2
Event: 1860.234 Thread 0x00000266ffa4e800 Uncommon trap: reason=unstable_if action=reinterpret pc=0x00000266f2678ad0 method=com.sun.prism.impl.ManagedResource.bumpAge(I)V @ 7 c2

Classes redefined (0 events):
No events

Internal exceptions (10 events):
Event: 49.242 Thread 0x0000026689994800 Implicit null exception at 0x00000266f227672e to 0x00000266f227730c
Event: 583.440 Thread 0x00000266ffa4e800 Implicit null exception at 0x00000266f2530159 to 0x00000266f2530ac4
Event: 588.388 Thread 0x00000266ffa50000 Exception <a 'java/lang/NoSuchMethodError'{0x0000000713e672b0}: java.lang.invoke.DirectMethodHandle$Holder.invokeSpecial(Ljava/lang/Object;Ljava/lang/Object;IIIIILjava/lang/Object;)Ljava/lang/Object;> (0x0000000713e672b0) thrown at [./open/src/hotspot/sha
Event: 588.389 Thread 0x00000266ffa50000 Exception <a 'java/lang/NoSuchMethodError'{0x0000000713e6ed88}: java.lang.invoke.DirectMethodHandle$Holder.invokeStatic(Ljava/lang/Object;Ljava/lang/Object;IIIIILjava/lang/Object;)Ljava/lang/Object;> (0x0000000713e6ed88) thrown at [./open/src/hotspot/shar
Event: 588.389 Thread 0x00000266ffa50000 Exception <a 'java/lang/NoSuchMethodError'{0x0000000713e796b8}: java.lang.invoke.DirectMethodHandle$Holder.invokeSpecial(Ljava/lang/Object;Ljava/lang/Object;Ljava/lang/Object;IIIII)Ljava/lang/Object;> (0x0000000713e796b8) thrown at [./open/src/hotspot/sha
Event: 588.500 Thread 0x00000266ffa50000 Exception <a 'java/lang/reflect/InvocationTargetException'{0x0000000713e83cc0}> (0x0000000713e83cc0) thrown at [./open/src/hotspot/share/runtime/reflection.cpp, line 1242]
Event: 588.500 Thread 0x00000266ffa50000 Exception <a 'java/lang/reflect/InvocationTargetException'{0x0000000713e84478}> (0x0000000713e84478) thrown at [./open/src/hotspot/share/runtime/reflection.cpp, line 1242]
Event: 588.500 Thread 0x00000266ffa50000 Exception <a 'java/lang/RuntimeException'{0x0000000713e849f0}> (0x0000000713e849f0) thrown at [./open/src/hotspot/share/prims/jvm.cpp, line 1309]
Event: 624.234 Thread 0x0000026689994800 Implicit null exception at 0x00000266f22ca2b7 to 0x00000266f22cb228
Event: 2393.498 Thread 0x0000026689992000 Exception <a 'java/io/IOException'{0x0000000709903df0}: Result too large in nativeavailable> (0x0000000709903df0) thrown at [./open/src/hotspot/share/prims/jni.cpp, line 632]

Events (10 events):
Event: 2288.219 Executing VM operation: G1CollectForAllocation done
Event: 2315.214 Executing VM operation: G1CollectForAllocation
Event: 2315.216 Executing VM operation: G1CollectForAllocation done
Event: 2341.233 Executing VM operation: G1CollectForAllocation
Event: 2341.235 Executing VM operation: G1CollectForAllocation done
Event: 2368.226 Executing VM operation: G1CollectForAllocation
Event: 2368.229 Executing VM operation: G1CollectForAllocation done
Event: 2393.503 Executing VM operation: RevokeBias
Event: 2393.503 Executing VM operation: RevokeBias done
Event: 2393.504 Thread 0x0000026689992000 Thread exited: 0x0000026689992000


Dynamic libraries:
0x00007ff7d40c0000 - 0x00007ff7d40cf000 	C:\Program Files\Java\jdk-11.0.12\bin\java.exe
0x00007fffc4030000 - 0x00007fffc4225000 	C:\WINDOWS\SYSTEM32\ntdll.dll
0x00007fffc35a0000 - 0x00007fffc365e000 	C:\WINDOWS\System32\KERNEL32.DLL
0x00007fffc1740000 - 0x00007fffc1a08000 	C:\WINDOWS\System32\KERNELBASE.dll
0x00007fffc1f40000 - 0x00007fffc2040000 	C:\WINDOWS\System32\ucrtbase.dll
0x00007fffa2880000 - 0x00007fffa2898000 	C:\Program Files\Java\jdk-11.0.12\bin\jli.dll
0x00007fffc3750000 - 0x00007fffc37fe000 	C:\WINDOWS\System32\ADVAPI32.dll
0x00007fffc24f0000 - 0x00007fffc258e000 	C:\WINDOWS\System32\msvcrt.dll
0x00007fffc2950000 - 0x00007fffc29ec000 	C:\WINDOWS\System32\sechost.dll
0x00007fffc3870000 - 0x00007fffc3995000 	C:\WINDOWS\System32\RPCRT4.dll
0x00007fff9e6e0000 - 0x00007fff9e6f5000 	C:\Program Files\Java\jdk-11.0.12\bin\VCRUNTIME140.dll
0x00007fffc2a80000 - 0x00007fffc2c21000 	C:\WINDOWS\System32\USER32.dll
0x00007fffc1a70000 - 0x00007fffc1a92000 	C:\WINDOWS\System32\win32u.dll
0x00007fffc3390000 - 0x00007fffc33bb000 	C:\WINDOWS\System32\GDI32.dll
0x00007fffc1c30000 - 0x00007fffc1d3d000 	C:\WINDOWS\System32\gdi32full.dll
0x00007fffc1ea0000 - 0x00007fffc1f3d000 	C:\WINDOWS\System32\msvcp_win.dll
0x00007fffc0ae0000 - 0x00007fffc0d7a000 	C:\WINDOWS\WinSxS\amd64_microsoft.windows.common-controls_6595b64144ccf1df_6.0.19041.1110_none_60b5254171f9507e\COMCTL32.dll
0x00007fffb5400000 - 0x00007fffb540a000 	C:\WINDOWS\SYSTEM32\VERSION.dll
0x00007fffc29f0000 - 0x00007fffc2a20000 	C:\WINDOWS\System32\IMM32.DLL
0x00007fff8aa00000 - 0x00007fff8aa9b000 	C:\Program Files\Java\jdk-11.0.12\bin\msvcp140.dll
0x00007fff58a70000 - 0x00007fff5956f000 	C:\Program Files\Java\jdk-11.0.12\bin\server\jvm.dll
0x00007fffc3fe0000 - 0x00007fffc3fe8000 	C:\WINDOWS\System32\PSAPI.DLL
0x00007fff9e620000 - 0x00007fff9e647000 	C:\WINDOWS\SYSTEM32\WINMM.dll
0x00007fffa3d00000 - 0x00007fffa3d09000 	C:\WINDOWS\SYSTEM32\WSOCK32.dll
0x00007fffc3800000 - 0x00007fffc386b000 	C:\WINDOWS\System32\WS2_32.dll
0x00007fffbf970000 - 0x00007fffbf982000 	C:\WINDOWS\SYSTEM32\kernel.appcore.dll
0x00007fff9dd60000 - 0x00007fff9dd70000 	C:\Program Files\Java\jdk-11.0.12\bin\verify.dll
0x00007fffc0ec0000 - 0x00007fffc10a4000 	C:\WINDOWS\SYSTEM32\DBGHELP.DLL
0x00007fffc0e90000 - 0x00007fffc0ebc000 	C:\WINDOWS\SYSTEM32\dbgcore.DLL
0x00007fffc1ba0000 - 0x00007fffc1c22000 	C:\WINDOWS\System32\bcryptPrimitives.dll
0x00007fff93750000 - 0x00007fff93778000 	C:\Program Files\Java\jdk-11.0.12\bin\java.dll
0x00007fff962e0000 - 0x00007fff962ea000 	C:\Program Files\Java\jdk-11.0.12\bin\jimage.dll
0x00007fff95690000 - 0x00007fff956a6000 	C:\Program Files\Java\jdk-11.0.12\bin\zip.dll
0x00007fffc2c40000 - 0x00007fffc3384000 	C:\WINDOWS\System32\SHELL32.dll
0x00007fffbea50000 - 0x00007fffbf1e5000 	C:\WINDOWS\SYSTEM32\windows.storage.dll
0x00007fffc3b50000 - 0x00007fffc3ea5000 	C:\WINDOWS\System32\combase.dll
0x00007fffc0a40000 - 0x00007fffc0a6e000 	C:\WINDOWS\SYSTEM32\Wldp.dll
0x00007fffc33c0000 - 0x00007fffc346d000 	C:\WINDOWS\System32\SHCORE.dll
0x00007fffc2720000 - 0x00007fffc2775000 	C:\WINDOWS\System32\shlwapi.dll
0x00007fffc1680000 - 0x00007fffc169f000 	C:\WINDOWS\SYSTEM32\profapi.dll
0x00007fff93bf0000 - 0x00007fff93c09000 	C:\Program Files\Java\jdk-11.0.12\bin\net.dll
0x00007fffb5e10000 - 0x00007fffb5f1c000 	C:\WINDOWS\SYSTEM32\WINHTTP.dll
0x00007fffc0910000 - 0x00007fffc097a000 	C:\WINDOWS\system32\mswsock.dll
0x00007fff93920000 - 0x00007fff93932000 	C:\Program Files\Java\jdk-11.0.12\bin\nio.dll
0x00007fff938c0000 - 0x00007fff938ca000 	C:\Program Files\NetBeans-12.5\netbeans\java\maven\lib\jansi-native\windows64\jansi.dll
0x0000026688180000 - 0x0000026688183000 	C:\Users\Admin\.openjfx\cache\15\api-ms-win-core-console-l1-1-0.dll
0x0000026688190000 - 0x0000026688193000 	C:\Users\Admin\.openjfx\cache\15\api-ms-win-core-console-l1-2-0.dll
0x00000266881a0000 - 0x00000266881a3000 	C:\Users\Admin\.openjfx\cache\15\api-ms-win-core-datetime-l1-1-0.dll
0x000002668a550000 - 0x000002668a553000 	C:\Users\Admin\.openjfx\cache\15\api-ms-win-core-debug-l1-1-0.dll
0x000002668a560000 - 0x000002668a563000 	C:\Users\Admin\.openjfx\cache\15\api-ms-win-core-errorhandling-l1-1-0.dll
0x000002668a570000 - 0x000002668a574000 	C:\Users\Admin\.openjfx\cache\15\api-ms-win-core-file-l1-1-0.dll
0x000002668a580000 - 0x000002668a583000 	C:\Users\Admin\.openjfx\cache\15\api-ms-win-core-file-l1-2-0.dll
0x000002668a590000 - 0x000002668a593000 	C:\Users\Admin\.openjfx\cache\15\api-ms-win-core-file-l2-1-0.dll
0x000002668a5a0000 - 0x000002668a5a3000 	C:\Users\Admin\.openjfx\cache\15\api-ms-win-core-handle-l1-1-0.dll
0x000002668a5b0000 - 0x000002668a5b3000 	C:\Users\Admin\.openjfx\cache\15\api-ms-win-core-heap-l1-1-0.dll
0x000002668a5c0000 - 0x000002668a5c3000 	C:\Users\Admin\.openjfx\cache\15\api-ms-win-core-interlocked-l1-1-0.dll
0x000002668a5d0000 - 0x000002668a5d3000 	C:\Users\Admin\.openjfx\cache\15\api-ms-win-core-libraryloader-l1-1-0.dll
0x000002668a5e0000 - 0x000002668a5e3000 	C:\Users\Admin\.openjfx\cache\15\api-ms-win-core-localization-l1-2-0.dll
0x000002668a5f0000 - 0x000002668a5f3000 	C:\Users\Admin\.openjfx\cache\15\api-ms-win-core-memory-l1-1-0.dll
0x000002668a600000 - 0x000002668a603000 	C:\Users\Admin\.openjfx\cache\15\api-ms-win-core-namedpipe-l1-1-0.dll
0x000002668a610000 - 0x000002668a613000 	C:\Users\Admin\.openjfx\cache\15\api-ms-win-core-processenvironment-l1-1-0.dll
0x000002668a620000 - 0x000002668a623000 	C:\Users\Admin\.openjfx\cache\15\api-ms-win-core-processthreads-l1-1-0.dll
0x000002668a630000 - 0x000002668a633000 	C:\Users\Admin\.openjfx\cache\15\api-ms-win-core-processthreads-l1-1-1.dll
0x000002668a640000 - 0x000002668a643000 	C:\Users\Admin\.openjfx\cache\15\api-ms-win-core-profile-l1-1-0.dll
0x000002668a650000 - 0x000002668a653000 	C:\Users\Admin\.openjfx\cache\15\api-ms-win-core-rtlsupport-l1-1-0.dll
0x000002668a660000 - 0x000002668a663000 	C:\Users\Admin\.openjfx\cache\15\api-ms-win-core-string-l1-1-0.dll
0x000002668a670000 - 0x000002668a673000 	C:\Users\Admin\.openjfx\cache\15\api-ms-win-core-synch-l1-1-0.dll
0x000002668a680000 - 0x000002668a683000 	C:\Users\Admin\.openjfx\cache\15\api-ms-win-core-synch-l1-2-0.dll
0x000002668a690000 - 0x000002668a693000 	C:\Users\Admin\.openjfx\cache\15\api-ms-win-core-sysinfo-l1-1-0.dll
0x000002668a6a0000 - 0x000002668a6a3000 	C:\Users\Admin\.openjfx\cache\15\api-ms-win-core-timezone-l1-1-0.dll
0x000002668a6b0000 - 0x000002668a6b3000 	C:\Users\Admin\.openjfx\cache\15\api-ms-win-core-util-l1-1-0.dll
0x000002668a6c0000 - 0x000002668a6c3000 	C:\Users\Admin\.openjfx\cache\15\api-ms-win-crt-conio-l1-1-0.dll
0x000002668a6d0000 - 0x000002668a6d4000 	C:\Users\Admin\.openjfx\cache\15\api-ms-win-crt-convert-l1-1-0.dll
0x000002668a6e0000 - 0x000002668a6e3000 	C:\Users\Admin\.openjfx\cache\15\api-ms-win-crt-environment-l1-1-0.dll
0x000002668a6f0000 - 0x000002668a6f3000 	C:\Users\Admin\.openjfx\cache\15\api-ms-win-crt-filesystem-l1-1-0.dll
0x000002668a700000 - 0x000002668a703000 	C:\Users\Admin\.openjfx\cache\15\api-ms-win-crt-heap-l1-1-0.dll
0x000002668a710000 - 0x000002668a713000 	C:\Users\Admin\.openjfx\cache\15\api-ms-win-crt-locale-l1-1-0.dll
0x000002668a720000 - 0x000002668a725000 	C:\Users\Admin\.openjfx\cache\15\api-ms-win-crt-math-l1-1-0.dll
0x000002668a730000 - 0x000002668a735000 	C:\Users\Admin\.openjfx\cache\15\api-ms-win-crt-multibyte-l1-1-0.dll
0x000002668a740000 - 0x000002668a750000 	C:\Users\Admin\.openjfx\cache\15\api-ms-win-crt-private-l1-1-0.dll
0x000002668a750000 - 0x000002668a753000 	C:\Users\Admin\.openjfx\cache\15\api-ms-win-crt-process-l1-1-0.dll
0x000002668a760000 - 0x000002668a764000 	C:\Users\Admin\.openjfx\cache\15\api-ms-win-crt-runtime-l1-1-0.dll
0x000002668a770000 - 0x000002668a774000 	C:\Users\Admin\.openjfx\cache\15\api-ms-win-crt-stdio-l1-1-0.dll
0x000002668a780000 - 0x000002668a784000 	C:\Users\Admin\.openjfx\cache\15\api-ms-win-crt-string-l1-1-0.dll
0x000002668a790000 - 0x000002668a793000 	C:\Users\Admin\.openjfx\cache\15\api-ms-win-crt-time-l1-1-0.dll
0x000002668a7a0000 - 0x000002668a7a3000 	C:\Users\Admin\.openjfx\cache\15\api-ms-win-crt-utility-l1-1-0.dll
0x00007fff7c290000 - 0x00007fff7c38c000 	C:\Users\Admin\.openjfx\cache\15\ucrtbase.dll
0x00007fff932b0000 - 0x00007fff932c5000 	C:\Users\Admin\.openjfx\cache\15\vcruntime140.dll
0x00007fffad630000 - 0x00007fffad63c000 	C:\Windows\System32\vcruntime140_1.dll
0x00007fff8a960000 - 0x00007fff8a9fb000 	C:\Users\Admin\.openjfx\cache\15\msvcp140.dll
0x00007fff93280000 - 0x00007fff932a3000 	C:\Users\Admin\.openjfx\cache\15\prism_d3d.dll
0x00007fff72bb0000 - 0x00007fff72d80000 	C:\WINDOWS\system32\d3d9.dll
0x00007fffbe590000 - 0x00007fffbe5bf000 	C:\WINDOWS\SYSTEM32\dwmapi.dll
0x00007fffbe370000 - 0x00007fffbe40e000 	C:\WINDOWS\system32\uxtheme.dll
0x00007fff70670000 - 0x00007fff72bae000 	C:\WINDOWS\SYSTEM32\igdumdim64.dll
0x00007fffc2590000 - 0x00007fffc265d000 	C:\WINDOWS\System32\OLEAUT32.dll
0x00007fffc3470000 - 0x00007fffc359a000 	C:\WINDOWS\System32\ole32.dll
0x00007fffc2070000 - 0x00007fffc24e2000 	C:\WINDOWS\System32\SETUPAPI.dll
0x00007fffc1aa0000 - 0x00007fffc1aee000 	C:\WINDOWS\System32\cfgmgr32.dll
0x00007fffc2040000 - 0x00007fffc2067000 	C:\WINDOWS\System32\bcrypt.dll
0x00007fff8afa0000 - 0x00007fff8afe5000 	C:\Users\Admin\.openjfx\cache\15\glass.dll
0x00007fffc3670000 - 0x00007fffc374a000 	C:\WINDOWS\System32\COMDLG32.dll
0x00007fffc2830000 - 0x00007fffc2945000 	C:\WINDOWS\System32\MSCTF.dll
0x00007fffb0980000 - 0x00007fffb13c0000 	C:\WINDOWS\SYSTEM32\igdusc64.dll
0x00007fffb9a60000 - 0x00007fffb9a9b000 	C:\WINDOWS\SYSTEM32\dxcore.dll
0x00007fff77840000 - 0x00007fff779da000 	C:\Program Files\Java\jdk-11.0.12\bin\awt.dll
0x00007fffbe2a0000 - 0x00007fffbe330000 	C:\WINDOWS\SYSTEM32\apphelp.dll
0x00007fff92e90000 - 0x00007fff92ea4000 	C:\Users\Admin\.openjfx\cache\15\javafx_font.dll
0x00007fffb06f0000 - 0x00007fffb0973000 	C:\WINDOWS\SYSTEM32\dwrite.dll
0x00007fffc2780000 - 0x00007fffc2829000 	C:\WINDOWS\System32\clbcatq.dll
0x00007fffb6910000 - 0x00007fffb6ac4000 	C:\WINDOWS\SYSTEM32\WindowsCodecs.dll
0x00007fff96a70000 - 0x00007fff96aae000 	C:\WINDOWS\system32\dataexchange.dll
0x00007fffbd740000 - 0x00007fffbd925000 	C:\WINDOWS\system32\dcomp.dll
0x00007fffbcde0000 - 0x00007fffbd044000 	C:\WINDOWS\system32\d3d11.dll
0x00007fffbf9e0000 - 0x00007fffbfad4000 	C:\WINDOWS\system32\dxgi.dll
0x00007fffb6e10000 - 0x00007fffb7011000 	C:\WINDOWS\system32\twinapi.appcore.dll
0x00007fff8a920000 - 0x00007fff8a954000 	C:\Program Files\Common Files\Microsoft Shared\Ink\rtscom.dll
0x00007fffb6810000 - 0x00007fffb6909000 	C:\WINDOWS\SYSTEM32\textinputframework.dll
0x00007fffbd930000 - 0x00007fffbdc8e000 	C:\WINDOWS\System32\CoreUIComponents.dll
0x00007fffbe010000 - 0x00007fffbe102000 	C:\WINDOWS\System32\CoreMessaging.dll
0x00007fffc12d0000 - 0x00007fffc1303000 	C:\WINDOWS\SYSTEM32\ntmarta.dll
0x00007fffbc7d0000 - 0x00007fffbc924000 	C:\WINDOWS\SYSTEM32\wintypes.dll
0x00007fff88140000 - 0x00007fff881c6000 	C:\Program Files\Java\jdk-11.0.12\bin\freetype.dll
0x00007fff825e0000 - 0x00007fff82682000 	C:\Program Files\Java\jdk-11.0.12\bin\fontmanager.dll
0x00007fffbd0a0000 - 0x00007fffbd660000 	C:\WINDOWS\SYSTEM32\d2d1.dll
0x00007fffb3840000 - 0x00007fffb3f36000 	C:\WINDOWS\SYSTEM32\D3D10Warp.dll
0x00007fff95b90000 - 0x00007fff95cb5000 	C:\WINDOWS\system32\opengl32.dll
0x00007fff95e50000 - 0x00007fff95e7c000 	C:\WINDOWS\SYSTEM32\GLU32.dll

dbghelp: loaded successfully - version: 4.0.5 - missing functions: none
symbol engine: initialized successfully - sym options: 0x614 - pdb path: .;C:\Program Files\Java\jdk-11.0.12\bin;C:\WINDOWS\SYSTEM32;C:\WINDOWS\WinSxS\amd64_microsoft.windows.common-controls_6595b64144ccf1df_6.0.19041.1110_none_60b5254171f9507e;C:\Program Files\Java\jdk-11.0.12\bin\server;C:\Program Files\NetBeans-12.5\netbeans\java\maven\lib\jansi-native\windows64;C:\Users\Admin\.openjfx\cache\15;C:\Program Files\Common Files\Microsoft Shared\Ink

VM Arguments:
jvm_args: -Dclassworlds.conf=C:\Program Files\NetBeans-12.5\netbeans\java\maven\bin\..\bin\m2.conf -Dmaven.home=C:\Program Files\NetBeans-12.5\netbeans\java\maven\bin\.. -Dlibrary.jansi.path=C:\Program Files\NetBeans-12.5\netbeans\java\maven\bin\..\lib\jansi-native -Dmaven.multiModuleProjectDirectory=C:\Users\Admin\Documents\NetBeansProjects\gui4 
java_command: org.codehaus.plexus.classworlds.launcher.Launcher -Dexec.vmArgs= -Dexec.args=${exec.vmArgs} -classpath %classpath ${exec.mainClass} ${exec.appArgs} -Dexec.appArgs= -Dexec.mainClass=gui4.Ginterface -Dexec.executable=C:\Program Files\Java\jdk-11.0.12\bin\java.exe -DskipTests=true -Dmaven.ext.class.path=C:\Program Files\NetBeans-12.5\netbeans\java\maven-nblib\netbeans-eventspy.jar -Dfile.encoding=UTF-8 -X exec:java
java_class_path (initial): C:\Program Files\NetBeans-12.5\netbeans\java\maven\bin\..\boot\plexus-classworlds-2.6.0.jar
Launcher Type: SUN_STANDARD

[Global flags]
     intx CICompilerCount                          = 3                                         {product} {ergonomic}
     uint ConcGCThreads                            = 1                                         {product} {ergonomic}
     uint G1ConcRefinementThreads                  = 4                                         {product} {ergonomic}
   size_t G1HeapRegionSize                         = 1048576                                   {product} {ergonomic}
    uintx GCDrainStackTargetSize                   = 64                                        {product} {ergonomic}
   size_t InitialHeapSize                          = 268435456                                 {product} {ergonomic}
   size_t MarkStackSize                            = 4194304                                   {product} {ergonomic}
   size_t MaxHeapSize                              = 4273995776                                {product} {ergonomic}
   size_t MaxNewSize                               = 2563768320                                {product} {ergonomic}
   size_t MinHeapDeltaBytes                        = 1048576                                   {product} {ergonomic}
    uintx NonNMethodCodeHeapSize                   = 5830732                                {pd product} {ergonomic}
    uintx NonProfiledCodeHeapSize                  = 122913754                              {pd product} {ergonomic}
    uintx ProfiledCodeHeapSize                     = 122913754                              {pd product} {ergonomic}
    uintx ReservedCodeCacheSize                    = 251658240                              {pd product} {ergonomic}
     bool SegmentedCodeCache                       = true                                      {product} {ergonomic}
     bool UseCompressedClassPointers               = true                                 {lp64_product} {ergonomic}
     bool UseCompressedOops                        = true                                 {lp64_product} {ergonomic}
     bool UseG1GC                                  = true                                      {product} {ergonomic}
     bool UseLargePagesIndividualAllocation        = false                                  {pd product} {ergonomic}

Logging:
Log output configuration:
 #0: stdout all=warning uptime,level,tags
 #1: stderr all=off uptime,level,tags

Environment Variables:
JAVA_HOME=C:\Program Files\Java\jdk-11.0.12
PATH=C:\Program Files (x86)\BellSoft\LibericaJRE-11\bin\;C:\Program Files\Common Files\Oracle\Java\javapath;C:\Program Files (x86)\Common Files\Oracle\Java\javapath;C:\WINDOWS\system32;C:\WINDOWS;C:\WINDOWS\System32\Wbem;C:\WINDOWS\System32\WindowsPowerShell\v1.0\;C:\WINDOWS\System32\OpenSSH\;C:\Program Files (x86)\IVI Foundation\VISA\WinNT\Bin\;C:\Program Files\IVI Foundation\VISA\Win64\Bin\;C:\Program Files (x86)\IVI Foundation\VISA\WinNT\Bin;C:\Program Files (x86)\IVI Foundation\IVI\bin;C:\Program Files\IVI Foundation\IVI\bin;C:\Program Files\dotnet\;C:\Program Files (x86)\dotnet\;C:\Program Files\MATLAB\R2021b\bin;C:\Users\Admin\AppData\Local\Microsoft\WindowsApps;C:\Users\Admin\.dotnet\tools;C:\mvn\apache-maven-3.8.3\bin;
USERNAME=Admin
OS=Windows_NT
PROCESSOR_IDENTIFIER=Intel64 Family 6 Model 61 Stepping 4, GenuineIntel



---------------  S Y S T E M  ---------------

OS: Windows 10 , 64 bit Build 19041 (10.0.19041.1466)

CPU:total 4 (initial active 4) (2 cores per cpu, 2 threads per core) family 6 model 61 stepping 4 microcode 0x2d, cmov, cx8, fxsr, mmx, sse, sse2, sse3, ssse3, sse4.1, sse4.2, popcnt, avx, avx2, aes, clmul, erms, 3dnowpref, lzcnt, ht, tsc, tscinvbit, bmi1, bmi2, adx, fma

Memory: 4k page, system-wide physical 16302M (6972M free)
TotalPageFile size 18734M (AvailPageFile size 6248M)
current process WorkingSet (physical memory assigned to process): 448M, peak: 516M
current process commit charge ("private bytes"): 626M, peak: 647M

vm_info: Java HotSpot(TM) 64-Bit Server VM (11.0.12+8-LTS-237) for windows-amd64 JRE (11.0.12+8-LTS-237), built on Jun  8 2021 11:25:59 by "mach5one" with MS VC++ 15.9 (VS2017)

END.
